[1.574s] Invoking command in '/home/student/sjowmm_ws/src/green_turtle': PYTHONPATH=/home/student/sjowmm_ws/install/green_turtle/lib/python3.8/site-packages:${PYTHONPATH} /usr/bin/python3 setup.py egg_info --egg-base ../../build/green_turtle build --build-base /home/student/sjowmm_ws/build/green_turtle/build install --prefix /home/student/sjowmm_ws/install/green_turtle --record /home/student/sjowmm_ws/build/green_turtle/install.log --single-version-externally-managed
[1.903s] running egg_info
[1.903s] writing ../../build/green_turtle/green_turtle.egg-info/PKG-INFO
[1.904s] writing dependency_links to ../../build/green_turtle/green_turtle.egg-info/dependency_links.txt
[1.904s] writing entry points to ../../build/green_turtle/green_turtle.egg-info/entry_points.txt
[1.904s] writing requirements to ../../build/green_turtle/green_turtle.egg-info/requires.txt
[1.904s] writing top-level names to ../../build/green_turtle/green_turtle.egg-info/top_level.txt
[1.938s] reading manifest file '../../build/green_turtle/green_turtle.egg-info/SOURCES.txt'
[1.939s] writing manifest file '../../build/green_turtle/green_turtle.egg-info/SOURCES.txt'
[1.940s] running build
[1.940s] running build_py
[1.940s] running install
[1.941s] running install_lib
[1.944s] running install_data
[1.945s] copying launch/simulation_world.launch.py -> /home/student/sjowmm_ws/install/green_turtle/share/green_turtle/launch
[1.945s] running install_egg_info
[1.948s] removing '/home/student/sjowmm_ws/install/green_turtle/lib/python3.8/site-packages/green_turtle-0.0.0-py3.8.egg-info' (and everything under it)
[1.948s] Copying ../../build/green_turtle/green_turtle.egg-info to /home/student/sjowmm_ws/install/green_turtle/lib/python3.8/site-packages/green_turtle-0.0.0-py3.8.egg-info
[1.949s] running install_scripts
[1.977s] Installing node script to /home/student/sjowmm_ws/install/green_turtle/lib/green_turtle
[1.977s] writing list of installed files to '/home/student/sjowmm_ws/build/green_turtle/install.log'
[2.230s] Invoked command in '/home/student/sjowmm_ws/src/green_turtle' returned '0': PYTHONPATH=/home/student/sjowmm_ws/install/green_turtle/lib/python3.8/site-packages:${PYTHONPATH} /usr/bin/python3 setup.py egg_info --egg-base ../../build/green_turtle build --build-base /home/student/sjowmm_ws/build/green_turtle/build install --prefix /home/student/sjowmm_ws/install/green_turtle --record /home/student/sjowmm_ws/build/green_turtle/install.log --single-version-externally-managed
