[0.230s] Invoking command in '/home/student/sjowmm_ws/src/simulation': PYTHONPATH=/home/student/sjowmm_ws/install/simulation/lib/python3.8/site-packages:${PYTHONPATH} /usr/bin/python3 setup.py egg_info --egg-base ../../build/simulation build --build-base /home/student/sjowmm_ws/build/simulation/build install --prefix /home/student/sjowmm_ws/install/simulation --record /home/student/sjowmm_ws/build/simulation/install.log --single-version-externally-managed
[0.436s] running egg_info
[0.436s] writing ../../build/simulation/simulation.egg-info/PKG-INFO
[0.437s] writing dependency_links to ../../build/simulation/simulation.egg-info/dependency_links.txt
[0.437s] writing entry points to ../../build/simulation/simulation.egg-info/entry_points.txt
[0.437s] writing requirements to ../../build/simulation/simulation.egg-info/requires.txt
[0.437s] writing top-level names to ../../build/simulation/simulation.egg-info/top_level.txt
[0.467s] reading manifest file '../../build/simulation/simulation.egg-info/SOURCES.txt'
[0.468s] writing manifest file '../../build/simulation/simulation.egg-info/SOURCES.txt'
[0.468s] running build
[0.468s] running build_py
[0.468s] running install
[0.469s] running install_lib
[0.470s] running install_data
[0.470s] copying launch/sim_launch.py -> /home/student/sjowmm_ws/install/simulation/share/simulation/launch
[0.471s] running install_egg_info
[0.472s] removing '/home/student/sjowmm_ws/install/simulation/lib/python3.8/site-packages/simulation-0.0.0-py3.8.egg-info' (and everything under it)
[0.472s] Copying ../../build/simulation/simulation.egg-info to /home/student/sjowmm_ws/install/simulation/lib/python3.8/site-packages/simulation-0.0.0-py3.8.egg-info
[0.473s] running install_scripts
[0.487s] writing list of installed files to '/home/student/sjowmm_ws/build/simulation/install.log'
[0.503s] Invoked command in '/home/student/sjowmm_ws/src/simulation' returned '0': PYTHONPATH=/home/student/sjowmm_ws/install/simulation/lib/python3.8/site-packages:${PYTHONPATH} /usr/bin/python3 setup.py egg_info --egg-base ../../build/simulation build --build-base /home/student/sjowmm_ws/build/simulation/build install --prefix /home/student/sjowmm_ws/install/simulation --record /home/student/sjowmm_ws/build/simulation/install.log --single-version-externally-managed
