[0.561s] Invoking command in '/home/student/sjowmm_ws/src/simulation': PYTHONPATH=/home/student/sjowmm_ws/install/simulation/lib/python3.8/site-packages:${PYTHONPATH} /usr/bin/python3 setup.py egg_info --egg-base ../../build/simulation build --build-base /home/student/sjowmm_ws/build/simulation/build install --prefix /home/student/sjowmm_ws/install/simulation --record /home/student/sjowmm_ws/build/simulation/install.log --single-version-externally-managed
[1.043s] running egg_info
[1.045s] writing ../../build/simulation/simulation.egg-info/PKG-INFO
[1.046s] writing dependency_links to ../../build/simulation/simulation.egg-info/dependency_links.txt
[1.046s] writing entry points to ../../build/simulation/simulation.egg-info/entry_points.txt
[1.046s] writing requirements to ../../build/simulation/simulation.egg-info/requires.txt
[1.046s] writing top-level names to ../../build/simulation/simulation.egg-info/top_level.txt
[1.114s] reading manifest file '../../build/simulation/simulation.egg-info/SOURCES.txt'
[1.117s] writing manifest file '../../build/simulation/simulation.egg-info/SOURCES.txt'
[1.117s] running build
[1.117s] running build_py
[1.118s] copying simulation/readMapData.py -> /home/student/sjowmm_ws/build/simulation/build/lib/simulation
[1.118s] running install
[1.120s] running install_lib
[1.122s] copying /home/student/sjowmm_ws/build/simulation/build/lib/simulation/readMapData.py -> /home/student/sjowmm_ws/install/simulation/lib/python3.8/site-packages/simulation
[1.123s] byte-compiling /home/student/sjowmm_ws/install/simulation/lib/python3.8/site-packages/simulation/readMapData.py to readMapData.cpython-38.pyc
[1.124s] running install_data
[1.125s] running install_egg_info
[1.127s] removing '/home/student/sjowmm_ws/install/simulation/lib/python3.8/site-packages/simulation-0.0.0-py3.8.egg-info' (and everything under it)
[1.127s] Copying ../../build/simulation/simulation.egg-info to /home/student/sjowmm_ws/install/simulation/lib/python3.8/site-packages/simulation-0.0.0-py3.8.egg-info
[1.128s] running install_scripts
[1.169s] Installing readMapData script to /home/student/sjowmm_ws/install/simulation/lib/simulation
[1.169s] Installing spawn_robot_srv script to /home/student/sjowmm_ws/install/simulation/lib/simulation
[1.170s] writing list of installed files to '/home/student/sjowmm_ws/build/simulation/install.log'
[1.232s] Invoked command in '/home/student/sjowmm_ws/src/simulation' returned '0': PYTHONPATH=/home/student/sjowmm_ws/install/simulation/lib/python3.8/site-packages:${PYTHONPATH} /usr/bin/python3 setup.py egg_info --egg-base ../../build/simulation build --build-base /home/student/sjowmm_ws/build/simulation/build install --prefix /home/student/sjowmm_ws/install/simulation --record /home/student/sjowmm_ws/build/simulation/install.log --single-version-externally-managed
