[0.553s] Invoking command in '/home/student/sjowmm_ws/src/simulation': PYTHONPATH=/home/student/sjowmm_ws/install/simulation/lib/python3.8/site-packages:${PYTHONPATH} /usr/bin/python3 setup.py egg_info --egg-base ../../build/simulation build --build-base /home/student/sjowmm_ws/build/simulation/build install --prefix /home/student/sjowmm_ws/install/simulation --record /home/student/sjowmm_ws/build/simulation/install.log --single-version-externally-managed
[0.983s] running egg_info
[0.984s] writing ../../build/simulation/simulation.egg-info/PKG-INFO
[0.985s] writing dependency_links to ../../build/simulation/simulation.egg-info/dependency_links.txt
[0.985s] writing entry points to ../../build/simulation/simulation.egg-info/entry_points.txt
[0.985s] writing requirements to ../../build/simulation/simulation.egg-info/requires.txt
[0.985s] writing top-level names to ../../build/simulation/simulation.egg-info/top_level.txt
[1.044s] reading manifest file '../../build/simulation/simulation.egg-info/SOURCES.txt'
[1.047s] writing manifest file '../../build/simulation/simulation.egg-info/SOURCES.txt'
[1.048s] running build
[1.048s] running build_py
[1.048s] copying simulation/readMapData.py -> /home/student/sjowmm_ws/build/simulation/build/lib/simulation
[1.049s] running install
[1.051s] running install_lib
[1.054s] copying /home/student/sjowmm_ws/build/simulation/build/lib/simulation/readMapData.py -> /home/student/sjowmm_ws/install/simulation/lib/python3.8/site-packages/simulation
[1.056s] byte-compiling /home/student/sjowmm_ws/install/simulation/lib/python3.8/site-packages/simulation/readMapData.py to readMapData.cpython-38.pyc
[1.057s] running install_data
[1.058s] running install_egg_info
[1.064s] removing '/home/student/sjowmm_ws/install/simulation/lib/python3.8/site-packages/simulation-0.0.0-py3.8.egg-info' (and everything under it)
[1.065s] Copying ../../build/simulation/simulation.egg-info to /home/student/sjowmm_ws/install/simulation/lib/python3.8/site-packages/simulation-0.0.0-py3.8.egg-info
[1.066s] running install_scripts
[1.099s] Installing readMapData script to /home/student/sjowmm_ws/install/simulation/lib/simulation
[1.099s] Installing spawn_robot_srv script to /home/student/sjowmm_ws/install/simulation/lib/simulation
[1.100s] writing list of installed files to '/home/student/sjowmm_ws/build/simulation/install.log'
[1.160s] Invoked command in '/home/student/sjowmm_ws/src/simulation' returned '0': PYTHONPATH=/home/student/sjowmm_ws/install/simulation/lib/python3.8/site-packages:${PYTHONPATH} /usr/bin/python3 setup.py egg_info --egg-base ../../build/simulation build --build-base /home/student/sjowmm_ws/build/simulation/build install --prefix /home/student/sjowmm_ws/install/simulation --record /home/student/sjowmm_ws/build/simulation/install.log --single-version-externally-managed
