[1.675s] Invoking command in '/home/student/sjowmm_ws/src/dede': PYTHONPATH=/home/student/sjowmm_ws/install/dede/lib/python3.8/site-packages:${PYTHONPATH} /usr/bin/python3 setup.py egg_info --egg-base ../../build/dede build --build-base /home/student/sjowmm_ws/build/dede/build install --prefix /home/student/sjowmm_ws/install/dede --record /home/student/sjowmm_ws/build/dede/install.log --single-version-externally-managed
[2.132s] running egg_info
[2.132s] writing ../../build/dede/dede.egg-info/PKG-INFO
[2.133s] writing dependency_links to ../../build/dede/dede.egg-info/dependency_links.txt
[2.133s] writing entry points to ../../build/dede/dede.egg-info/entry_points.txt
[2.133s] writing requirements to ../../build/dede/dede.egg-info/requires.txt
[2.133s] writing top-level names to ../../build/dede/dede.egg-info/top_level.txt
[2.189s] reading manifest file '../../build/dede/dede.egg-info/SOURCES.txt'
[2.190s] writing manifest file '../../build/dede/dede.egg-info/SOURCES.txt'
[2.190s] running build
[2.191s] running build_py
[2.191s] running install
[2.192s] running install_lib
[2.194s] running install_data
[2.195s] running install_egg_info
[2.198s] removing '/home/student/sjowmm_ws/install/dede/lib/python3.8/site-packages/dede-0.0.0-py3.8.egg-info' (and everything under it)
[2.198s] Copying ../../build/dede/dede.egg-info to /home/student/sjowmm_ws/install/dede/lib/python3.8/site-packages/dede-0.0.0-py3.8.egg-info
[2.199s] running install_scripts
[2.224s] writing list of installed files to '/home/student/sjowmm_ws/build/dede/install.log'
[2.479s] Invoked command in '/home/student/sjowmm_ws/src/dede' returned '0': PYTHONPATH=/home/student/sjowmm_ws/install/dede/lib/python3.8/site-packages:${PYTHONPATH} /usr/bin/python3 setup.py egg_info --egg-base ../../build/dede build --build-base /home/student/sjowmm_ws/build/dede/build install --prefix /home/student/sjowmm_ws/install/dede --record /home/student/sjowmm_ws/build/dede/install.log --single-version-externally-managed
