[1.550s] Invoking command in '/home/student/sjowmm_ws/src/path_projection': PYTHONPATH=/home/student/sjowmm_ws/install/path_projection/lib/python3.8/site-packages:${PYTHONPATH} /usr/bin/python3 setup.py egg_info --egg-base ../../build/path_projection build --build-base /home/student/sjowmm_ws/build/path_projection/build install --prefix /home/student/sjowmm_ws/install/path_projection --record /home/student/sjowmm_ws/build/path_projection/install.log --single-version-externally-managed
[1.900s] running egg_info
[1.900s] writing ../../build/path_projection/path_projection.egg-info/PKG-INFO
[1.901s] writing dependency_links to ../../build/path_projection/path_projection.egg-info/dependency_links.txt
[1.901s] writing entry points to ../../build/path_projection/path_projection.egg-info/entry_points.txt
[1.917s] writing requirements to ../../build/path_projection/path_projection.egg-info/requires.txt
[1.917s] writing top-level names to ../../build/path_projection/path_projection.egg-info/top_level.txt
[1.962s] reading manifest file '../../build/path_projection/path_projection.egg-info/SOURCES.txt'
[1.963s] writing manifest file '../../build/path_projection/path_projection.egg-info/SOURCES.txt'
[1.964s] running build
[1.964s] running build_py
[1.964s] running install
[1.965s] running install_lib
[1.967s] running install_data
[1.968s] running install_egg_info
[1.970s] removing '/home/student/sjowmm_ws/install/path_projection/lib/python3.8/site-packages/path_projection-0.0.0-py3.8.egg-info' (and everything under it)
[1.970s] Copying ../../build/path_projection/path_projection.egg-info to /home/student/sjowmm_ws/install/path_projection/lib/python3.8/site-packages/path_projection-0.0.0-py3.8.egg-info
[1.971s] running install_scripts
[1.988s] Installing PathProjection script to /home/student/sjowmm_ws/install/path_projection/lib/path_projection
[1.988s] writing list of installed files to '/home/student/sjowmm_ws/build/path_projection/install.log'
[2.191s] Invoked command in '/home/student/sjowmm_ws/src/path_projection' returned '0': PYTHONPATH=/home/student/sjowmm_ws/install/path_projection/lib/python3.8/site-packages:${PYTHONPATH} /usr/bin/python3 setup.py egg_info --egg-base ../../build/path_projection build --build-base /home/student/sjowmm_ws/build/path_projection/build install --prefix /home/student/sjowmm_ws/install/path_projection --record /home/student/sjowmm_ws/build/path_projection/install.log --single-version-externally-managed
