[1.561s] Invoking command in '/home/student/sjowmm_ws/src/dede': PYTHONPATH=/home/student/sjowmm_ws/install/dede/lib/python3.8/site-packages:${PYTHONPATH} /usr/bin/python3 setup.py egg_info --egg-base ../../build/dede build --build-base /home/student/sjowmm_ws/build/dede/build install --prefix /home/student/sjowmm_ws/install/dede --record /home/student/sjowmm_ws/build/dede/install.log --single-version-externally-managed
[1.943s] running egg_info
[1.944s] writing ../../build/dede/dede.egg-info/PKG-INFO
[1.944s] writing dependency_links to ../../build/dede/dede.egg-info/dependency_links.txt
[1.944s] writing entry points to ../../build/dede/dede.egg-info/entry_points.txt
[1.944s] writing requirements to ../../build/dede/dede.egg-info/requires.txt
[1.944s] writing top-level names to ../../build/dede/dede.egg-info/top_level.txt
[1.999s] reading manifest file '../../build/dede/dede.egg-info/SOURCES.txt'
[2.001s] writing manifest file '../../build/dede/dede.egg-info/SOURCES.txt'
[2.001s] running build
[2.001s] running build_py
[2.001s] running install
[2.002s] running install_lib
[2.005s] running install_data
[2.006s] running install_egg_info
[2.009s] removing '/home/student/sjowmm_ws/install/dede/lib/python3.8/site-packages/dede-0.0.0-py3.8.egg-info' (and everything under it)
[2.009s] Copying ../../build/dede/dede.egg-info to /home/student/sjowmm_ws/install/dede/lib/python3.8/site-packages/dede-0.0.0-py3.8.egg-info
[2.010s] running install_scripts
[2.035s] writing list of installed files to '/home/student/sjowmm_ws/build/dede/install.log'
[2.237s] Invoked command in '/home/student/sjowmm_ws/src/dede' returned '0': PYTHONPATH=/home/student/sjowmm_ws/install/dede/lib/python3.8/site-packages:${PYTHONPATH} /usr/bin/python3 setup.py egg_info --egg-base ../../build/dede build --build-base /home/student/sjowmm_ws/build/dede/build install --prefix /home/student/sjowmm_ws/install/dede --record /home/student/sjowmm_ws/build/dede/install.log --single-version-externally-managed
