[0.952s] Invoking command in '/home/student/sjowmm_ws/src/simulation': PYTHONPATH=/home/student/sjowmm_ws/install/simulation/lib/python3.8/site-packages:${PYTHONPATH} /usr/bin/python3 setup.py egg_info --egg-base ../../build/simulation build --build-base /home/student/sjowmm_ws/build/simulation/build install --prefix /home/student/sjowmm_ws/install/simulation --record /home/student/sjowmm_ws/build/simulation/install.log --single-version-externally-managed
[1.700s] running egg_info
[1.703s] writing ../../build/simulation/simulation.egg-info/PKG-INFO
[1.705s] writing dependency_links to ../../build/simulation/simulation.egg-info/dependency_links.txt
[1.705s] writing entry points to ../../build/simulation/simulation.egg-info/entry_points.txt
[1.705s] writing requirements to ../../build/simulation/simulation.egg-info/requires.txt
[1.705s] writing top-level names to ../../build/simulation/simulation.egg-info/top_level.txt
[1.809s] reading manifest file '../../build/simulation/simulation.egg-info/SOURCES.txt'
[1.811s] writing manifest file '../../build/simulation/simulation.egg-info/SOURCES.txt'
[1.812s] running build
[1.812s] running build_py
[1.812s] running install
[1.818s] running install_lib
[1.825s] running install_data
[1.826s] running install_egg_info
[1.831s] removing '/home/student/sjowmm_ws/install/simulation/lib/python3.8/site-packages/simulation-0.0.0-py3.8.egg-info' (and everything under it)
[1.831s] Copying ../../build/simulation/simulation.egg-info to /home/student/sjowmm_ws/install/simulation/lib/python3.8/site-packages/simulation-0.0.0-py3.8.egg-info
[1.832s] running install_scripts
[1.916s] writing list of installed files to '/home/student/sjowmm_ws/build/simulation/install.log'
[2.056s] Invoked command in '/home/student/sjowmm_ws/src/simulation' returned '0': PYTHONPATH=/home/student/sjowmm_ws/install/simulation/lib/python3.8/site-packages:${PYTHONPATH} /usr/bin/python3 setup.py egg_info --egg-base ../../build/simulation build --build-base /home/student/sjowmm_ws/build/simulation/build install --prefix /home/student/sjowmm_ws/install/simulation --record /home/student/sjowmm_ws/build/simulation/install.log --single-version-externally-managed
