[0.084s] Invoking command in '/home/student/sjowmm_ws/build/dwb_core': AMENT_PREFIX_PATH=/home/student/sjowmm_ws/install/nav2_core:/home/student/sjowmm_ws/install/nav2_costmap_2d:/home/student/sjowmm_ws/install/nav_2d_utils:/home/student/sjowmm_ws/install/nav2_util:/home/student/sjowmm_ws/install/nav2_voxel_grid:/home/student/sjowmm_ws/install/nav2_msgs:/home/student/sjowmm_ws/install/dwb_msgs:/home/student/sjowmm_ws/install/nav_2d_msgs:/home/student/sjowmm_ws/install/nav2_common:${AMENT_PREFIX_PATH} CMAKE_PREFIX_PATH=/home/student/sjowmm_ws/install/nav2_core:/home/student/sjowmm_ws/install/nav2_costmap_2d:/home/student/sjowmm_ws/install/nav_2d_utils:/home/student/sjowmm_ws/install/nav2_util:/home/student/sjowmm_ws/install/nav2_voxel_grid:/home/student/sjowmm_ws/install/nav2_msgs:/home/student/sjowmm_ws/install/dwb_msgs:/home/student/sjowmm_ws/install/nav_2d_msgs:/home/student/sjowmm_ws/install/nav2_common:/opt/ros/foxy LD_LIBRARY_PATH=/home/student/sjowmm_ws/install/nav2_costmap_2d/lib:/home/student/sjowmm_ws/install/nav_2d_utils/lib:/home/student/sjowmm_ws/install/nav2_util/lib:/home/student/sjowmm_ws/install/nav2_voxel_grid/lib:/home/student/sjowmm_ws/install/nav2_msgs/lib:/home/student/sjowmm_ws/install/dwb_msgs/lib:/home/student/sjowmm_ws/install/nav_2d_msgs/lib:${LD_LIBRARY_PATH} PYTHONPATH=/home/student/sjowmm_ws/install/nav2_msgs/lib/python3.8/site-packages:/home/student/sjowmm_ws/install/dwb_msgs/lib/python3.8/site-packages:/home/student/sjowmm_ws/install/nav_2d_msgs/lib/python3.8/site-packages:/home/student/sjowmm_ws/install/nav2_common/lib/python3.8/site-packages:${PYTHONPATH} /usr/bin/cmake --build /home/student/sjowmm_ws/build/dwb_core -- -j12 -l12
[0.197s] [ 18%] Built target gtest
[0.238s] [ 36%] Built target gtest_main
[0.273s] [ 81%] Built target dwb_core
[0.400s] [100%] Built target utils_test
[0.416s] Invoked command in '/home/student/sjowmm_ws/build/dwb_core' returned '0': AMENT_PREFIX_PATH=/home/student/sjowmm_ws/install/nav2_core:/home/student/sjowmm_ws/install/nav2_costmap_2d:/home/student/sjowmm_ws/install/nav_2d_utils:/home/student/sjowmm_ws/install/nav2_util:/home/student/sjowmm_ws/install/nav2_voxel_grid:/home/student/sjowmm_ws/install/nav2_msgs:/home/student/sjowmm_ws/install/dwb_msgs:/home/student/sjowmm_ws/install/nav_2d_msgs:/home/student/sjowmm_ws/install/nav2_common:${AMENT_PREFIX_PATH} CMAKE_PREFIX_PATH=/home/student/sjowmm_ws/install/nav2_core:/home/student/sjowmm_ws/install/nav2_costmap_2d:/home/student/sjowmm_ws/install/nav_2d_utils:/home/student/sjowmm_ws/install/nav2_util:/home/student/sjowmm_ws/install/nav2_voxel_grid:/home/student/sjowmm_ws/install/nav2_msgs:/home/student/sjowmm_ws/install/dwb_msgs:/home/student/sjowmm_ws/install/nav_2d_msgs:/home/student/sjowmm_ws/install/nav2_common:/opt/ros/foxy LD_LIBRARY_PATH=/home/student/sjowmm_ws/install/nav2_costmap_2d/lib:/home/student/sjowmm_ws/install/nav_2d_utils/lib:/home/student/sjowmm_ws/install/nav2_util/lib:/home/student/sjowmm_ws/install/nav2_voxel_grid/lib:/home/student/sjowmm_ws/install/nav2_msgs/lib:/home/student/sjowmm_ws/install/dwb_msgs/lib:/home/student/sjowmm_ws/install/nav_2d_msgs/lib:${LD_LIBRARY_PATH} PYTHONPATH=/home/student/sjowmm_ws/install/nav2_msgs/lib/python3.8/site-packages:/home/student/sjowmm_ws/install/dwb_msgs/lib/python3.8/site-packages:/home/student/sjowmm_ws/install/nav_2d_msgs/lib/python3.8/site-packages:/home/student/sjowmm_ws/install/nav2_common/lib/python3.8/site-packages:${PYTHONPATH} /usr/bin/cmake --build /home/student/sjowmm_ws/build/dwb_core -- -j12 -l12
[0.600s] Invoking command in '/home/student/sjowmm_ws/build/dwb_core': AMENT_PREFIX_PATH=/home/student/sjowmm_ws/install/nav2_core:/home/student/sjowmm_ws/install/nav2_costmap_2d:/home/student/sjowmm_ws/install/nav_2d_utils:/home/student/sjowmm_ws/install/nav2_util:/home/student/sjowmm_ws/install/nav2_voxel_grid:/home/student/sjowmm_ws/install/nav2_msgs:/home/student/sjowmm_ws/install/dwb_msgs:/home/student/sjowmm_ws/install/nav_2d_msgs:/home/student/sjowmm_ws/install/nav2_common:${AMENT_PREFIX_PATH} CMAKE_PREFIX_PATH=/home/student/sjowmm_ws/install/nav2_core:/home/student/sjowmm_ws/install/nav2_costmap_2d:/home/student/sjowmm_ws/install/nav_2d_utils:/home/student/sjowmm_ws/install/nav2_util:/home/student/sjowmm_ws/install/nav2_voxel_grid:/home/student/sjowmm_ws/install/nav2_msgs:/home/student/sjowmm_ws/install/dwb_msgs:/home/student/sjowmm_ws/install/nav_2d_msgs:/home/student/sjowmm_ws/install/nav2_common:/opt/ros/foxy LD_LIBRARY_PATH=/home/student/sjowmm_ws/install/nav2_costmap_2d/lib:/home/student/sjowmm_ws/install/nav_2d_utils/lib:/home/student/sjowmm_ws/install/nav2_util/lib:/home/student/sjowmm_ws/install/nav2_voxel_grid/lib:/home/student/sjowmm_ws/install/nav2_msgs/lib:/home/student/sjowmm_ws/install/dwb_msgs/lib:/home/student/sjowmm_ws/install/nav_2d_msgs/lib:${LD_LIBRARY_PATH} PYTHONPATH=/home/student/sjowmm_ws/install/nav2_msgs/lib/python3.8/site-packages:/home/student/sjowmm_ws/install/dwb_msgs/lib/python3.8/site-packages:/home/student/sjowmm_ws/install/nav_2d_msgs/lib/python3.8/site-packages:/home/student/sjowmm_ws/install/nav2_common/lib/python3.8/site-packages:${PYTHONPATH} /usr/bin/cmake --install /home/student/sjowmm_ws/build/dwb_core
[0.629s] -- Install configuration: "Release"
[0.629s] -- Up-to-date: /home/student/sjowmm_ws/install/dwb_core/lib/libdwb_core.so
[0.629s] -- Up-to-date: /home/student/sjowmm_ws/install/dwb_core/include/
[0.629s] -- Up-to-date: /home/student/sjowmm_ws/install/dwb_core/include//dwb_core
[0.629s] -- Up-to-date: /home/student/sjowmm_ws/install/dwb_core/include//dwb_core/trajectory_generator.hpp
[0.629s] -- Up-to-date: /home/student/sjowmm_ws/install/dwb_core/include//dwb_core/trajectory_critic.hpp
[0.629s] -- Up-to-date: /home/student/sjowmm_ws/install/dwb_core/include//dwb_core/dwb_local_planner.hpp
[0.630s] -- Up-to-date: /home/student/sjowmm_ws/install/dwb_core/include//dwb_core/publisher.hpp
[0.630s] -- Up-to-date: /home/student/sjowmm_ws/install/dwb_core/include//dwb_core/trajectory_utils.hpp
[0.630s] -- Up-to-date: /home/student/sjowmm_ws/install/dwb_core/include//dwb_core/exceptions.hpp
[0.631s] -- Up-to-date: /home/student/sjowmm_ws/install/dwb_core/include//dwb_core/illegal_trajectory_tracker.hpp
[0.631s] -- Up-to-date: /home/student/sjowmm_ws/install/dwb_core/share/dwb_core/environment/library_path.sh
[0.631s] -- Up-to-date: /home/student/sjowmm_ws/install/dwb_core/share/dwb_core/environment/library_path.dsv
[0.631s] -- Up-to-date: /home/student/sjowmm_ws/install/dwb_core/share/dwb_core/local_planner_plugin.xml
[0.631s] -- Up-to-date: /home/student/sjowmm_ws/install/dwb_core/share/ament_index/resource_index/package_run_dependencies/dwb_core
[0.631s] -- Up-to-date: /home/student/sjowmm_ws/install/dwb_core/share/ament_index/resource_index/parent_prefix_path/dwb_core
[0.631s] -- Up-to-date: /home/student/sjowmm_ws/install/dwb_core/share/dwb_core/environment/ament_prefix_path.sh
[0.631s] -- Up-to-date: /home/student/sjowmm_ws/install/dwb_core/share/dwb_core/environment/ament_prefix_path.dsv
[0.631s] -- Up-to-date: /home/student/sjowmm_ws/install/dwb_core/share/dwb_core/environment/path.sh
[0.632s] -- Up-to-date: /home/student/sjowmm_ws/install/dwb_core/share/dwb_core/environment/path.dsv
[0.632s] -- Up-to-date: /home/student/sjowmm_ws/install/dwb_core/share/dwb_core/local_setup.bash
[0.632s] -- Up-to-date: /home/student/sjowmm_ws/install/dwb_core/share/dwb_core/local_setup.sh
[0.632s] -- Up-to-date: /home/student/sjowmm_ws/install/dwb_core/share/dwb_core/local_setup.zsh
[0.632s] -- Up-to-date: /home/student/sjowmm_ws/install/dwb_core/share/dwb_core/local_setup.dsv
[0.632s] -- Installing: /home/student/sjowmm_ws/install/dwb_core/share/dwb_core/package.dsv
[0.632s] -- Up-to-date: /home/student/sjowmm_ws/install/dwb_core/share/ament_index/resource_index/packages/dwb_core
[0.632s] -- Up-to-date: /home/student/sjowmm_ws/install/dwb_core/share/ament_index/resource_index/nav2_core__pluginlib__plugin/dwb_core
[0.632s] -- Up-to-date: /home/student/sjowmm_ws/install/dwb_core/share/dwb_core/cmake/ament_cmake_export_include_directories-extras.cmake
[0.633s] -- Up-to-date: /home/student/sjowmm_ws/install/dwb_core/share/dwb_core/cmake/ament_cmake_export_libraries-extras.cmake
[0.633s] -- Up-to-date: /home/student/sjowmm_ws/install/dwb_core/share/dwb_core/cmake/ament_cmake_export_dependencies-extras.cmake
[0.633s] -- Up-to-date: /home/student/sjowmm_ws/install/dwb_core/share/dwb_core/cmake/ament_cmake_export_definitions-extras.cmake
[0.633s] -- Up-to-date: /home/student/sjowmm_ws/install/dwb_core/share/dwb_core/cmake/dwb_coreConfig.cmake
[0.634s] -- Up-to-date: /home/student/sjowmm_ws/install/dwb_core/share/dwb_core/cmake/dwb_coreConfig-version.cmake
[0.634s] -- Up-to-date: /home/student/sjowmm_ws/install/dwb_core/share/dwb_core/package.xml
[0.650s] Invoked command in '/home/student/sjowmm_ws/build/dwb_core' returned '0': AMENT_PREFIX_PATH=/home/student/sjowmm_ws/install/nav2_core:/home/student/sjowmm_ws/install/nav2_costmap_2d:/home/student/sjowmm_ws/install/nav_2d_utils:/home/student/sjowmm_ws/install/nav2_util:/home/student/sjowmm_ws/install/nav2_voxel_grid:/home/student/sjowmm_ws/install/nav2_msgs:/home/student/sjowmm_ws/install/dwb_msgs:/home/student/sjowmm_ws/install/nav_2d_msgs:/home/student/sjowmm_ws/install/nav2_common:${AMENT_PREFIX_PATH} CMAKE_PREFIX_PATH=/home/student/sjowmm_ws/install/nav2_core:/home/student/sjowmm_ws/install/nav2_costmap_2d:/home/student/sjowmm_ws/install/nav_2d_utils:/home/student/sjowmm_ws/install/nav2_util:/home/student/sjowmm_ws/install/nav2_voxel_grid:/home/student/sjowmm_ws/install/nav2_msgs:/home/student/sjowmm_ws/install/dwb_msgs:/home/student/sjowmm_ws/install/nav_2d_msgs:/home/student/sjowmm_ws/install/nav2_common:/opt/ros/foxy LD_LIBRARY_PATH=/home/student/sjowmm_ws/install/nav2_costmap_2d/lib:/home/student/sjowmm_ws/install/nav_2d_utils/lib:/home/student/sjowmm_ws/install/nav2_util/lib:/home/student/sjowmm_ws/install/nav2_voxel_grid/lib:/home/student/sjowmm_ws/install/nav2_msgs/lib:/home/student/sjowmm_ws/install/dwb_msgs/lib:/home/student/sjowmm_ws/install/nav_2d_msgs/lib:${LD_LIBRARY_PATH} PYTHONPATH=/home/student/sjowmm_ws/install/nav2_msgs/lib/python3.8/site-packages:/home/student/sjowmm_ws/install/dwb_msgs/lib/python3.8/site-packages:/home/student/sjowmm_ws/install/nav_2d_msgs/lib/python3.8/site-packages:/home/student/sjowmm_ws/install/nav2_common/lib/python3.8/site-packages:${PYTHONPATH} /usr/bin/cmake --install /home/student/sjowmm_ws/build/dwb_core
