[1.685s] Invoking command in '/home/student/sjowmm_ws/src/path_projection': PYTHONPATH=/home/student/sjowmm_ws/install/path_projection/lib/python3.8/site-packages:${PYTHONPATH} /usr/bin/python3 setup.py egg_info --egg-base ../../build/path_projection build --build-base /home/student/sjowmm_ws/build/path_projection/build install --prefix /home/student/sjowmm_ws/install/path_projection --record /home/student/sjowmm_ws/build/path_projection/install.log --single-version-externally-managed
[2.107s] running egg_info
[2.108s] writing ../../build/path_projection/path_projection.egg-info/PKG-INFO
[2.108s] writing dependency_links to ../../build/path_projection/path_projection.egg-info/dependency_links.txt
[2.108s] writing entry points to ../../build/path_projection/path_projection.egg-info/entry_points.txt
[2.108s] writing requirements to ../../build/path_projection/path_projection.egg-info/requires.txt
[2.108s] writing top-level names to ../../build/path_projection/path_projection.egg-info/top_level.txt
[2.164s] reading manifest file '../../build/path_projection/path_projection.egg-info/SOURCES.txt'
[2.165s] writing manifest file '../../build/path_projection/path_projection.egg-info/SOURCES.txt'
[2.165s] running build
[2.165s] running build_py
[2.166s] running install
[2.167s] running install_lib
[2.169s] running install_data
[2.170s] running install_egg_info
[2.172s] removing '/home/student/sjowmm_ws/install/path_projection/lib/python3.8/site-packages/path_projection-0.0.0-py3.8.egg-info' (and everything under it)
[2.172s] Copying ../../build/path_projection/path_projection.egg-info to /home/student/sjowmm_ws/install/path_projection/lib/python3.8/site-packages/path_projection-0.0.0-py3.8.egg-info
[2.173s] running install_scripts
[2.199s] Installing PathProjection script to /home/student/sjowmm_ws/install/path_projection/lib/path_projection
[2.199s] writing list of installed files to '/home/student/sjowmm_ws/build/path_projection/install.log'
[2.428s] Invoked command in '/home/student/sjowmm_ws/src/path_projection' returned '0': PYTHONPATH=/home/student/sjowmm_ws/install/path_projection/lib/python3.8/site-packages:${PYTHONPATH} /usr/bin/python3 setup.py egg_info --egg-base ../../build/path_projection build --build-base /home/student/sjowmm_ws/build/path_projection/build install --prefix /home/student/sjowmm_ws/install/path_projection --record /home/student/sjowmm_ws/build/path_projection/install.log --single-version-externally-managed
