[0.060s] Invoking command in '/home/student/sjowmm_ws/build/turtlebot3_cartographer': CMAKE_PREFIX_PATH=/opt/ros/foxy /usr/bin/cmake /home/student/sjowmm_ws/src/turtlebot3/turtlebot3_cartographer -DCMAKE_INSTALL_PREFIX=/home/student/sjowmm_ws/install/turtlebot3_cartographer
[1.448s] -- The C compiler identification is GNU 9.4.0
[1.450s] -- The CXX compiler identification is GNU 9.4.0
[1.450s] -- Check for working C compiler: /usr/bin/cc
[1.450s] -- Check for working C compiler: /usr/bin/cc -- works
[1.450s] -- Detecting C compiler ABI info
[1.450s] -- Detecting C compiler ABI info - done
[1.451s] -- Detecting C compile features
[1.451s] -- Detecting C compile features - done
[1.452s] -- Check for working CXX compiler: /usr/bin/c++
[1.452s] -- Check for working CXX compiler: /usr/bin/c++ -- works
[1.454s] -- Detecting CXX compiler ABI info
[1.455s] -- Detecting CXX compiler ABI info - done
[1.455s] -- Detecting CXX compile features
[1.455s] -- Detecting CXX compile features - done
[1.455s] -- Found ament_cmake: 0.9.8 (/opt/ros/foxy/share/ament_cmake/cmake)
[1.456s] -- Found PythonInterp: /usr/bin/python3 (found suitable version "3.8.10", minimum required is "3") 
[1.457s] -- Using PYTHON_EXECUTABLE: /usr/bin/python3
[1.457s] -- Configuring done
[1.457s] -- Generating done
[1.457s] -- Build files have been written to: /home/student/sjowmm_ws/build/turtlebot3_cartographer
[1.470s] Invoked command in '/home/student/sjowmm_ws/build/turtlebot3_cartographer' returned '0': CMAKE_PREFIX_PATH=/opt/ros/foxy /usr/bin/cmake /home/student/sjowmm_ws/src/turtlebot3/turtlebot3_cartographer -DCMAKE_INSTALL_PREFIX=/home/student/sjowmm_ws/install/turtlebot3_cartographer
[1.471s] Invoking command in '/home/student/sjowmm_ws/build/turtlebot3_cartographer': CMAKE_PREFIX_PATH=/opt/ros/foxy /usr/bin/cmake --build /home/student/sjowmm_ws/build/turtlebot3_cartographer -- -j12 -l12
[1.547s] Invoked command in '/home/student/sjowmm_ws/build/turtlebot3_cartographer' returned '0': CMAKE_PREFIX_PATH=/opt/ros/foxy /usr/bin/cmake --build /home/student/sjowmm_ws/build/turtlebot3_cartographer -- -j12 -l12
[1.596s] Invoking command in '/home/student/sjowmm_ws/build/turtlebot3_cartographer': CMAKE_PREFIX_PATH=/opt/ros/foxy /usr/bin/cmake --install /home/student/sjowmm_ws/build/turtlebot3_cartographer
[1.845s] -- Install configuration: ""
[1.845s] -- Installing: /home/student/sjowmm_ws/install/turtlebot3_cartographer/share/turtlebot3_cartographer/config
[1.845s] -- Installing: /home/student/sjowmm_ws/install/turtlebot3_cartographer/share/turtlebot3_cartographer/config/turtlebot3_lds_2d.lua
[1.845s] -- Installing: /home/student/sjowmm_ws/install/turtlebot3_cartographer/share/turtlebot3_cartographer/launch
[1.846s] -- Installing: /home/student/sjowmm_ws/install/turtlebot3_cartographer/share/turtlebot3_cartographer/launch/cartographer.launch.py
[1.846s] -- Installing: /home/student/sjowmm_ws/install/turtlebot3_cartographer/share/turtlebot3_cartographer/launch/occupancy_grid.launch.py
[1.846s] -- Installing: /home/student/sjowmm_ws/install/turtlebot3_cartographer/share/turtlebot3_cartographer/rviz
[1.846s] -- Installing: /home/student/sjowmm_ws/install/turtlebot3_cartographer/share/turtlebot3_cartographer/rviz/tb3_cartographer.rviz
[1.846s] -- Installing: /home/student/sjowmm_ws/install/turtlebot3_cartographer/share/ament_index/resource_index/package_run_dependencies/turtlebot3_cartographer
[1.846s] -- Installing: /home/student/sjowmm_ws/install/turtlebot3_cartographer/share/ament_index/resource_index/parent_prefix_path/turtlebot3_cartographer
[1.846s] -- Installing: /home/student/sjowmm_ws/install/turtlebot3_cartographer/share/turtlebot3_cartographer/environment/ament_prefix_path.sh
[1.846s] -- Installing: /home/student/sjowmm_ws/install/turtlebot3_cartographer/share/turtlebot3_cartographer/environment/ament_prefix_path.dsv
[1.846s] -- Installing: /home/student/sjowmm_ws/install/turtlebot3_cartographer/share/turtlebot3_cartographer/environment/path.sh
[1.846s] -- Installing: /home/student/sjowmm_ws/install/turtlebot3_cartographer/share/turtlebot3_cartographer/environment/path.dsv
[1.846s] -- Installing: /home/student/sjowmm_ws/install/turtlebot3_cartographer/share/turtlebot3_cartographer/local_setup.bash
[1.847s] -- Installing: /home/student/sjowmm_ws/install/turtlebot3_cartographer/share/turtlebot3_cartographer/local_setup.sh
[1.847s] -- Installing: /home/student/sjowmm_ws/install/turtlebot3_cartographer/share/turtlebot3_cartographer/local_setup.zsh
[1.847s] -- Installing: /home/student/sjowmm_ws/install/turtlebot3_cartographer/share/turtlebot3_cartographer/local_setup.dsv
[1.847s] -- Installing: /home/student/sjowmm_ws/install/turtlebot3_cartographer/share/turtlebot3_cartographer/package.dsv
[1.847s] -- Installing: /home/student/sjowmm_ws/install/turtlebot3_cartographer/share/ament_index/resource_index/packages/turtlebot3_cartographer
[1.847s] -- Installing: /home/student/sjowmm_ws/install/turtlebot3_cartographer/share/turtlebot3_cartographer/cmake/turtlebot3_cartographerConfig.cmake
[1.847s] -- Installing: /home/student/sjowmm_ws/install/turtlebot3_cartographer/share/turtlebot3_cartographer/cmake/turtlebot3_cartographerConfig-version.cmake
[1.847s] -- Installing: /home/student/sjowmm_ws/install/turtlebot3_cartographer/share/turtlebot3_cartographer/package.xml
[1.917s] Invoked command in '/home/student/sjowmm_ws/build/turtlebot3_cartographer' returned '0': CMAKE_PREFIX_PATH=/opt/ros/foxy /usr/bin/cmake --install /home/student/sjowmm_ws/build/turtlebot3_cartographer
