[0.059s] Invoking command in '/home/student/sjowmm_ws/build/turtlebot3_node': CMAKE_PREFIX_PATH=/opt/ros/foxy /usr/bin/cmake /home/student/sjowmm_ws/src/turtlebot3/turtlebot3_node -DCMAKE_INSTALL_PREFIX=/home/student/sjowmm_ws/install/turtlebot3_node
[1.449s] -- The C compiler identification is GNU 9.4.0
[1.449s] -- The CXX compiler identification is GNU 9.4.0
[1.449s] -- Check for working C compiler: /usr/bin/cc
[1.450s] -- Check for working C compiler: /usr/bin/cc -- works
[1.450s] -- Detecting C compiler ABI info
[1.450s] -- Detecting C compiler ABI info - done
[1.450s] -- Detecting C compile features
[1.450s] -- Detecting C compile features - done
[1.450s] -- Check for working CXX compiler: /usr/bin/c++
[1.450s] -- Check for working CXX compiler: /usr/bin/c++ -- works
[1.450s] -- Detecting CXX compiler ABI info
[1.450s] -- Detecting CXX compiler ABI info - done
[1.450s] -- Detecting CXX compile features
[1.450s] -- Detecting CXX compile features - done
[1.450s] -- Found ament_cmake: 0.9.8 (/opt/ros/foxy/share/ament_cmake/cmake)
[1.450s] -- Found PythonInterp: /usr/bin/python3 (found suitable version "3.8.10", minimum required is "3") 
[1.451s] -- Using PYTHON_EXECUTABLE: /usr/bin/python3
[1.451s] -- Found dynamixel_sdk: 3.7.30 (/opt/ros/foxy/share/dynamixel_sdk/cmake)
[1.451s] -- Found geometry_msgs: 2.0.3 (/opt/ros/foxy/share/geometry_msgs/cmake)
[1.451s] -- Using all available rosidl_typesupport_c: rosidl_typesupport_fastrtps_c;rosidl_typesupport_introspection_c
[1.451s] -- Found rosidl_adapter: 1.2.0 (/opt/ros/foxy/share/rosidl_adapter/cmake)
[1.451s] -- Found OpenSSL: /usr/lib/x86_64-linux-gnu/libcrypto.so (found version "1.1.1f")  
[1.451s] -- Found FastRTPS: /opt/ros/foxy/include  
[1.451s] -- Using all available rosidl_typesupport_cpp: rosidl_typesupport_fastrtps_cpp;rosidl_typesupport_introspection_cpp
[1.451s] -- Found message_filters: 3.2.5 (/opt/ros/foxy/share/message_filters/cmake)
[1.451s] -- Found nav_msgs: 2.0.3 (/opt/ros/foxy/share/nav_msgs/cmake)
[1.451s] -- Found rclcpp: 2.3.0 (/opt/ros/foxy/share/rclcpp/cmake)
[1.451s] -- Found rmw_implementation_cmake: 1.0.2 (/opt/ros/foxy/share/rmw_implementation_cmake/cmake)
[1.451s] -- Using RMW implementation 'rmw_fastrtps_cpp' as default
[1.451s] -- Looking for pthread.h
[1.451s] -- Looking for pthread.h - found
[1.452s] -- Performing Test CMAKE_HAVE_LIBC_PTHREAD
[1.452s] -- Performing Test CMAKE_HAVE_LIBC_PTHREAD - Failed
[1.452s] -- Looking for pthread_create in pthreads
[1.452s] -- Looking for pthread_create in pthreads - not found
[1.452s] -- Looking for pthread_create in pthread
[1.476s] -- Looking for pthread_create in pthread - found
[1.477s] -- Found Threads: TRUE  
[1.716s] -- Found sensor_msgs: 2.0.3 (/opt/ros/foxy/share/sensor_msgs/cmake)
[1.853s] -- Found std_srvs: 2.0.3 (/opt/ros/foxy/share/std_srvs/cmake)
[1.871s] -- Found tf2: 0.13.9 (/opt/ros/foxy/share/tf2/cmake)
[1.889s] -- Found tf2_ros: 0.13.9 (/opt/ros/foxy/share/tf2_ros/cmake)
[2.232s] -- Found turtlebot3_msgs: 2.2.1 (/opt/ros/foxy/share/turtlebot3_msgs/cmake)
[2.424s] -- Configuring done
[2.452s] -- Generating done
[2.453s] -- Build files have been written to: /home/student/sjowmm_ws/build/turtlebot3_node
[2.464s] Invoked command in '/home/student/sjowmm_ws/build/turtlebot3_node' returned '0': CMAKE_PREFIX_PATH=/opt/ros/foxy /usr/bin/cmake /home/student/sjowmm_ws/src/turtlebot3/turtlebot3_node -DCMAKE_INSTALL_PREFIX=/home/student/sjowmm_ws/install/turtlebot3_node
[2.467s] Invoking command in '/home/student/sjowmm_ws/build/turtlebot3_node': CMAKE_PREFIX_PATH=/opt/ros/foxy /usr/bin/cmake --build /home/student/sjowmm_ws/build/turtlebot3_node -- -j12 -l12
[2.510s] [35m[1mScanning dependencies of target turtlebot3_node_lib[0m
[2.604s] [ 14%] [32mBuilding CXX object CMakeFiles/turtlebot3_node_lib.dir/src/devices/sound.cpp.o[0m
[2.604s] [ 14%] [32mBuilding CXX object CMakeFiles/turtlebot3_node_lib.dir/src/devices/motor_power.cpp.o[0m
[2.605s] [ 21%] [32mBuilding CXX object CMakeFiles/turtlebot3_node_lib.dir/src/devices/reset.cpp.o[0m
[2.610s] [ 35%] [32mBuilding CXX object CMakeFiles/turtlebot3_node_lib.dir/src/dynamixel_sdk_wrapper.cpp.o[0m
[2.610s] [ 35%] [32mBuilding CXX object CMakeFiles/turtlebot3_node_lib.dir/src/diff_drive_controller.cpp.o[0m
[2.610s] [ 42%] [32mBuilding CXX object CMakeFiles/turtlebot3_node_lib.dir/src/odometry.cpp.o[0m
[2.613s] [ 50%] [32mBuilding CXX object CMakeFiles/turtlebot3_node_lib.dir/src/turtlebot3.cpp.o[0m
[2.615s] [ 57%] [32mBuilding CXX object CMakeFiles/turtlebot3_node_lib.dir/src/sensors/battery_state.cpp.o[0m
[2.624s] [ 64%] [32mBuilding CXX object CMakeFiles/turtlebot3_node_lib.dir/src/sensors/imu.cpp.o[0m
[2.633s] [ 71%] [32mBuilding CXX object CMakeFiles/turtlebot3_node_lib.dir/src/sensors/sensor_state.cpp.o[0m
[2.647s] [ 78%] [32mBuilding CXX object CMakeFiles/turtlebot3_node_lib.dir/src/sensors/joint_state.cpp.o[0m
[16.277s] [ 85%] [32m[1mLinking CXX static library libturtlebot3_node_lib.a[0m
[16.645s] [ 85%] Built target turtlebot3_node_lib
[16.654s] [35m[1mScanning dependencies of target turtlebot3_ros[0m
[16.694s] [ 92%] [32mBuilding CXX object CMakeFiles/turtlebot3_ros.dir/src/node_main.cpp.o[0m
[18.893s] [100%] [32m[1mLinking CXX executable turtlebot3_ros[0m
[20.059s] [100%] Built target turtlebot3_ros
[20.070s] Invoked command in '/home/student/sjowmm_ws/build/turtlebot3_node' returned '0': CMAKE_PREFIX_PATH=/opt/ros/foxy /usr/bin/cmake --build /home/student/sjowmm_ws/build/turtlebot3_node -- -j12 -l12
[20.108s] Invoking command in '/home/student/sjowmm_ws/build/turtlebot3_node': CMAKE_PREFIX_PATH=/opt/ros/foxy /usr/bin/cmake --install /home/student/sjowmm_ws/build/turtlebot3_node
[20.116s] -- Install configuration: ""
[20.116s] -- Installing: /home/student/sjowmm_ws/install/turtlebot3_node/share/turtlebot3_node/param
[20.116s] -- Installing: /home/student/sjowmm_ws/install/turtlebot3_node/share/turtlebot3_node/param/waffle.yaml
[20.116s] -- Installing: /home/student/sjowmm_ws/install/turtlebot3_node/share/turtlebot3_node/param/waffle_pi.yaml
[20.117s] -- Installing: /home/student/sjowmm_ws/install/turtlebot3_node/share/turtlebot3_node/param/burger.yaml
[20.117s] -- Installing: /home/student/sjowmm_ws/install/turtlebot3_node/lib/turtlebot3_node/turtlebot3_ros
[20.122s] -- Set runtime path of "/home/student/sjowmm_ws/install/turtlebot3_node/lib/turtlebot3_node/turtlebot3_ros" to ""
[20.123s] -- Installing: /home/student/sjowmm_ws/install/turtlebot3_node/share/ament_index/resource_index/package_run_dependencies/turtlebot3_node
[20.123s] -- Installing: /home/student/sjowmm_ws/install/turtlebot3_node/share/ament_index/resource_index/parent_prefix_path/turtlebot3_node
[20.123s] -- Installing: /home/student/sjowmm_ws/install/turtlebot3_node/share/turtlebot3_node/environment/ament_prefix_path.sh
[20.123s] -- Installing: /home/student/sjowmm_ws/install/turtlebot3_node/share/turtlebot3_node/environment/ament_prefix_path.dsv
[20.123s] -- Installing: /home/student/sjowmm_ws/install/turtlebot3_node/share/turtlebot3_node/environment/path.sh
[20.123s] -- Installing: /home/student/sjowmm_ws/install/turtlebot3_node/share/turtlebot3_node/environment/path.dsv
[20.123s] -- Installing: /home/student/sjowmm_ws/install/turtlebot3_node/share/turtlebot3_node/local_setup.bash
[20.123s] -- Installing: /home/student/sjowmm_ws/install/turtlebot3_node/share/turtlebot3_node/local_setup.sh
[20.123s] -- Installing: /home/student/sjowmm_ws/install/turtlebot3_node/share/turtlebot3_node/local_setup.zsh
[20.123s] -- Installing: /home/student/sjowmm_ws/install/turtlebot3_node/share/turtlebot3_node/local_setup.dsv
[20.123s] -- Installing: /home/student/sjowmm_ws/install/turtlebot3_node/share/turtlebot3_node/package.dsv
[20.124s] -- Installing: /home/student/sjowmm_ws/install/turtlebot3_node/share/ament_index/resource_index/packages/turtlebot3_node
[20.124s] -- Installing: /home/student/sjowmm_ws/install/turtlebot3_node/share/turtlebot3_node/cmake/ament_cmake_export_include_directories-extras.cmake
[20.124s] -- Installing: /home/student/sjowmm_ws/install/turtlebot3_node/share/turtlebot3_node/cmake/turtlebot3_nodeConfig.cmake
[20.124s] -- Installing: /home/student/sjowmm_ws/install/turtlebot3_node/share/turtlebot3_node/cmake/turtlebot3_nodeConfig-version.cmake
[20.124s] -- Installing: /home/student/sjowmm_ws/install/turtlebot3_node/share/turtlebot3_node/package.xml
[20.127s] Invoked command in '/home/student/sjowmm_ws/build/turtlebot3_node' returned '0': CMAKE_PREFIX_PATH=/opt/ros/foxy /usr/bin/cmake --install /home/student/sjowmm_ws/build/turtlebot3_node
