[0.059s] Invoking command in '/home/student/sjowmm_ws/build/nav_2d_utils': AMENT_PREFIX_PATH=/home/student/sjowmm_ws/install/nav2_util:/home/student/sjowmm_ws/install/nav2_msgs:/home/student/sjowmm_ws/install/nav_2d_msgs:/home/student/sjowmm_ws/install/nav2_common:${AMENT_PREFIX_PATH} CMAKE_PREFIX_PATH=/home/student/sjowmm_ws/install/nav2_util:/home/student/sjowmm_ws/install/nav2_msgs:/home/student/sjowmm_ws/install/nav_2d_msgs:/home/student/sjowmm_ws/install/nav2_common:/home/student/sjowmm_ws/install/simulation:/home/student/sjowmm_ws/install/dede:/opt/ros/foxy LD_LIBRARY_PATH=/home/student/sjowmm_ws/install/nav2_util/lib:/home/student/sjowmm_ws/install/nav2_msgs/lib:/home/student/sjowmm_ws/install/nav_2d_msgs/lib:${LD_LIBRARY_PATH} PYTHONPATH=/home/student/sjowmm_ws/install/nav2_msgs/lib/python3.8/site-packages:/home/student/sjowmm_ws/install/nav_2d_msgs/lib/python3.8/site-packages:/home/student/sjowmm_ws/install/nav2_common/lib/python3.8/site-packages:${PYTHONPATH} /usr/bin/cmake /home/student/sjowmm_ws/src/navigation2/nav2_dwb_controller/nav_2d_utils -DCMAKE_INSTALL_PREFIX=/home/student/sjowmm_ws/install/nav_2d_utils
[0.158s] -- The C compiler identification is GNU 9.4.0
[0.265s] -- The CXX compiler identification is GNU 9.4.0
[0.275s] -- Check for working C compiler: /usr/bin/cc
[0.418s] -- Check for working C compiler: /usr/bin/cc -- works
[0.423s] -- Detecting C compiler ABI info
[0.566s] -- Detecting C compiler ABI info - done
[0.587s] -- Detecting C compile features
[0.588s] -- Detecting C compile features - done
[0.592s] -- Check for working CXX compiler: /usr/bin/c++
[0.734s] -- Check for working CXX compiler: /usr/bin/c++ -- works
[0.737s] -- Detecting CXX compiler ABI info
[0.890s] -- Detecting CXX compiler ABI info - done
[0.911s] -- Detecting CXX compile features
[0.911s] -- Detecting CXX compile features - done
[0.915s] -- Found ament_cmake: 0.9.8 (/opt/ros/foxy/share/ament_cmake/cmake)
[0.962s] -- Found PythonInterp: /usr/bin/python3 (found suitable version "3.8.10", minimum required is "3") 
[0.962s] -- Using PYTHON_EXECUTABLE: /usr/bin/python3
[1.318s] -- Found nav2_common: 0.4.7 (/home/student/sjowmm_ws/install/nav2_common/share/nav2_common/cmake)
[1.320s] -- Found geometry_msgs: 2.0.3 (/opt/ros/foxy/share/geometry_msgs/cmake)
[1.364s] -- Using all available rosidl_typesupport_c: rosidl_typesupport_fastrtps_c;rosidl_typesupport_introspection_c
[1.374s] -- Found rosidl_adapter: 1.2.0 (/opt/ros/foxy/share/rosidl_adapter/cmake)
[1.497s] -- Found OpenSSL: /usr/lib/x86_64-linux-gnu/libcrypto.so (found version "1.1.1f")  
[1.550s] -- Found FastRTPS: /opt/ros/foxy/include  
[1.655s] -- Using all available rosidl_typesupport_cpp: rosidl_typesupport_fastrtps_cpp;rosidl_typesupport_introspection_cpp
[1.764s] -- Found nav_2d_msgs: 0.4.7 (/home/student/sjowmm_ws/install/nav_2d_msgs/share/nav_2d_msgs/cmake)
[1.852s] -- Found nav_msgs: 2.0.3 (/opt/ros/foxy/share/nav_msgs/cmake)
[1.952s] -- Found rclcpp: 2.3.0 (/opt/ros/foxy/share/rclcpp/cmake)
[2.024s] -- Found rmw_implementation_cmake: 1.0.2 (/opt/ros/foxy/share/rmw_implementation_cmake/cmake)
[2.027s] -- Using RMW implementation 'rmw_fastrtps_cpp' as default
[2.028s] -- Looking for pthread.h
[2.147s] -- Looking for pthread.h - found
[2.147s] -- Performing Test CMAKE_HAVE_LIBC_PTHREAD
[2.250s] -- Performing Test CMAKE_HAVE_LIBC_PTHREAD - Failed
[2.250s] -- Looking for pthread_create in pthreads
[2.356s] -- Looking for pthread_create in pthreads - not found
[2.356s] -- Looking for pthread_create in pthread
[2.457s] -- Looking for pthread_create in pthread - found
[2.458s] -- Found Threads: TRUE  
[2.691s] -- Found tf2: 0.13.9 (/opt/ros/foxy/share/tf2/cmake)
[2.712s] -- Found tf2_geometry_msgs: 0.13.9 (/opt/ros/foxy/share/tf2_geometry_msgs/cmake)
[2.726s] -- Found eigen3_cmake_module: 0.1.1 (/opt/ros/foxy/share/eigen3_cmake_module/cmake)
[2.730s] -- Found Eigen3: TRUE (found version "3.3.7") 
[3.244s] -- Found nav2_msgs: 0.4.7 (/home/student/sjowmm_ws/install/nav2_msgs/share/nav2_msgs/cmake)
[3.513s] -- Found nav2_util: 0.4.7 (/home/student/sjowmm_ws/install/nav2_util/share/nav2_util/cmake)
[3.743s] -- Setting build type to Release as none was specified.
[4.132s] -- Found ament_lint_auto: 0.9.6 (/opt/ros/foxy/share/ament_lint_auto/cmake)
[4.240s] -- Added test 'cppcheck' to perform static code analysis on C / C++ code
[4.241s] -- Configured cppcheck include dirs: /home/student/sjowmm_ws/src/navigation2/nav2_dwb_controller/nav_2d_utils/include
[4.241s] -- Configured cppcheck exclude dirs and/or files: 
[4.242s] -- Added test 'cpplint' to check C / C++ code against the Google style
[4.243s] -- Configured cpplint exclude dirs and/or files: 
[4.243s] -- Added test 'lint_cmake' to check CMake code style
[4.245s] -- Added test 'uncrustify' to check C / C++ code style
[4.245s] -- Configured uncrustify additional arguments: 
[4.245s] -- Added test 'xmllint' to check XML markup files
[4.252s] -- Configuring done
[4.346s] -- Generating done
[4.349s] -- Build files have been written to: /home/student/sjowmm_ws/build/nav_2d_utils
[4.380s] Invoked command in '/home/student/sjowmm_ws/build/nav_2d_utils' returned '0': AMENT_PREFIX_PATH=/home/student/sjowmm_ws/install/nav2_util:/home/student/sjowmm_ws/install/nav2_msgs:/home/student/sjowmm_ws/install/nav_2d_msgs:/home/student/sjowmm_ws/install/nav2_common:${AMENT_PREFIX_PATH} CMAKE_PREFIX_PATH=/home/student/sjowmm_ws/install/nav2_util:/home/student/sjowmm_ws/install/nav2_msgs:/home/student/sjowmm_ws/install/nav_2d_msgs:/home/student/sjowmm_ws/install/nav2_common:/home/student/sjowmm_ws/install/simulation:/home/student/sjowmm_ws/install/dede:/opt/ros/foxy LD_LIBRARY_PATH=/home/student/sjowmm_ws/install/nav2_util/lib:/home/student/sjowmm_ws/install/nav2_msgs/lib:/home/student/sjowmm_ws/install/nav_2d_msgs/lib:${LD_LIBRARY_PATH} PYTHONPATH=/home/student/sjowmm_ws/install/nav2_msgs/lib/python3.8/site-packages:/home/student/sjowmm_ws/install/nav_2d_msgs/lib/python3.8/site-packages:/home/student/sjowmm_ws/install/nav2_common/lib/python3.8/site-packages:${PYTHONPATH} /usr/bin/cmake /home/student/sjowmm_ws/src/navigation2/nav2_dwb_controller/nav_2d_utils -DCMAKE_INSTALL_PREFIX=/home/student/sjowmm_ws/install/nav_2d_utils
[4.384s] Invoking command in '/home/student/sjowmm_ws/build/nav_2d_utils': AMENT_PREFIX_PATH=/home/student/sjowmm_ws/install/nav2_util:/home/student/sjowmm_ws/install/nav2_msgs:/home/student/sjowmm_ws/install/nav_2d_msgs:/home/student/sjowmm_ws/install/nav2_common:${AMENT_PREFIX_PATH} CMAKE_PREFIX_PATH=/home/student/sjowmm_ws/install/nav2_util:/home/student/sjowmm_ws/install/nav2_msgs:/home/student/sjowmm_ws/install/nav_2d_msgs:/home/student/sjowmm_ws/install/nav2_common:/home/student/sjowmm_ws/install/simulation:/home/student/sjowmm_ws/install/dede:/opt/ros/foxy LD_LIBRARY_PATH=/home/student/sjowmm_ws/install/nav2_util/lib:/home/student/sjowmm_ws/install/nav2_msgs/lib:/home/student/sjowmm_ws/install/nav_2d_msgs/lib:${LD_LIBRARY_PATH} PYTHONPATH=/home/student/sjowmm_ws/install/nav2_msgs/lib/python3.8/site-packages:/home/student/sjowmm_ws/install/nav_2d_msgs/lib/python3.8/site-packages:/home/student/sjowmm_ws/install/nav2_common/lib/python3.8/site-packages:${PYTHONPATH} /usr/bin/cmake --build /home/student/sjowmm_ws/build/nav_2d_utils -- -j12 -l12
[4.442s] [35m[1mScanning dependencies of target path_ops[0m
[4.443s] [35m[1mScanning dependencies of target conversions[0m
[4.462s] [ 16%] [32mBuilding CXX object CMakeFiles/path_ops.dir/src/path_ops.cpp.o[0m
[4.502s] [ 33%] [32mBuilding CXX object CMakeFiles/conversions.dir/src/conversions.cpp.o[0m
[5.118s] [ 50%] [32m[1mLinking CXX shared library libpath_ops.so[0m
[5.954s] [ 50%] Built target path_ops
[9.275s] [ 66%] [32m[1mLinking CXX shared library libconversions.so[0m
[9.692s] [ 66%] Built target conversions
[9.723s] [35m[1mScanning dependencies of target tf_help[0m
[9.832s] [ 83%] [32mBuilding CXX object CMakeFiles/tf_help.dir/src/tf_help.cpp.o[0m
[14.824s] [100%] [32m[1mLinking CXX shared library libtf_help.so[0m
[15.351s] [100%] Built target tf_help
[15.378s] Invoked command in '/home/student/sjowmm_ws/build/nav_2d_utils' returned '0': AMENT_PREFIX_PATH=/home/student/sjowmm_ws/install/nav2_util:/home/student/sjowmm_ws/install/nav2_msgs:/home/student/sjowmm_ws/install/nav_2d_msgs:/home/student/sjowmm_ws/install/nav2_common:${AMENT_PREFIX_PATH} CMAKE_PREFIX_PATH=/home/student/sjowmm_ws/install/nav2_util:/home/student/sjowmm_ws/install/nav2_msgs:/home/student/sjowmm_ws/install/nav_2d_msgs:/home/student/sjowmm_ws/install/nav2_common:/home/student/sjowmm_ws/install/simulation:/home/student/sjowmm_ws/install/dede:/opt/ros/foxy LD_LIBRARY_PATH=/home/student/sjowmm_ws/install/nav2_util/lib:/home/student/sjowmm_ws/install/nav2_msgs/lib:/home/student/sjowmm_ws/install/nav_2d_msgs/lib:${LD_LIBRARY_PATH} PYTHONPATH=/home/student/sjowmm_ws/install/nav2_msgs/lib/python3.8/site-packages:/home/student/sjowmm_ws/install/nav_2d_msgs/lib/python3.8/site-packages:/home/student/sjowmm_ws/install/nav2_common/lib/python3.8/site-packages:${PYTHONPATH} /usr/bin/cmake --build /home/student/sjowmm_ws/build/nav_2d_utils -- -j12 -l12
[15.468s] Invoking command in '/home/student/sjowmm_ws/build/nav_2d_utils': AMENT_PREFIX_PATH=/home/student/sjowmm_ws/install/nav2_util:/home/student/sjowmm_ws/install/nav2_msgs:/home/student/sjowmm_ws/install/nav_2d_msgs:/home/student/sjowmm_ws/install/nav2_common:${AMENT_PREFIX_PATH} CMAKE_PREFIX_PATH=/home/student/sjowmm_ws/install/nav2_util:/home/student/sjowmm_ws/install/nav2_msgs:/home/student/sjowmm_ws/install/nav_2d_msgs:/home/student/sjowmm_ws/install/nav2_common:/home/student/sjowmm_ws/install/simulation:/home/student/sjowmm_ws/install/dede:/opt/ros/foxy LD_LIBRARY_PATH=/home/student/sjowmm_ws/install/nav2_util/lib:/home/student/sjowmm_ws/install/nav2_msgs/lib:/home/student/sjowmm_ws/install/nav_2d_msgs/lib:${LD_LIBRARY_PATH} PYTHONPATH=/home/student/sjowmm_ws/install/nav2_msgs/lib/python3.8/site-packages:/home/student/sjowmm_ws/install/nav_2d_msgs/lib/python3.8/site-packages:/home/student/sjowmm_ws/install/nav2_common/lib/python3.8/site-packages:${PYTHONPATH} /usr/bin/cmake --install /home/student/sjowmm_ws/build/nav_2d_utils
[15.489s] -- Install configuration: "Release"
[15.489s] -- Installing: /home/student/sjowmm_ws/install/nav_2d_utils/lib/libconversions.so
[15.489s] -- Set runtime path of "/home/student/sjowmm_ws/install/nav_2d_utils/lib/libconversions.so" to ""
[15.490s] -- Installing: /home/student/sjowmm_ws/install/nav_2d_utils/lib/libpath_ops.so
[15.490s] -- Set runtime path of "/home/student/sjowmm_ws/install/nav_2d_utils/lib/libpath_ops.so" to ""
[15.490s] -- Installing: /home/student/sjowmm_ws/install/nav_2d_utils/lib/libtf_help.so
[15.490s] -- Set runtime path of "/home/student/sjowmm_ws/install/nav_2d_utils/lib/libtf_help.so" to ""
[15.491s] -- Installing: /home/student/sjowmm_ws/install/nav_2d_utils/include/
[15.491s] -- Installing: /home/student/sjowmm_ws/install/nav_2d_utils/include//nav_2d_utils
[15.491s] -- Installing: /home/student/sjowmm_ws/install/nav_2d_utils/include//nav_2d_utils/conversions.hpp
[15.491s] -- Installing: /home/student/sjowmm_ws/install/nav_2d_utils/include//nav_2d_utils/odom_subscriber.hpp
[15.491s] -- Installing: /home/student/sjowmm_ws/install/nav_2d_utils/include//nav_2d_utils/parameters.hpp
[15.492s] -- Installing: /home/student/sjowmm_ws/install/nav_2d_utils/include//nav_2d_utils/path_ops.hpp
[15.492s] -- Installing: /home/student/sjowmm_ws/install/nav_2d_utils/include//nav_2d_utils/tf_help.hpp
[15.492s] -- Installing: /home/student/sjowmm_ws/install/nav_2d_utils/share/nav_2d_utils/environment/library_path.sh
[15.493s] -- Installing: /home/student/sjowmm_ws/install/nav_2d_utils/share/nav_2d_utils/environment/library_path.dsv
[15.494s] -- Installing: /home/student/sjowmm_ws/install/nav_2d_utils/share/ament_index/resource_index/package_run_dependencies/nav_2d_utils
[15.498s] -- Installing: /home/student/sjowmm_ws/install/nav_2d_utils/share/ament_index/resource_index/parent_prefix_path/nav_2d_utils
[15.499s] -- Installing: /home/student/sjowmm_ws/install/nav_2d_utils/share/nav_2d_utils/environment/ament_prefix_path.sh
[15.500s] -- Installing: /home/student/sjowmm_ws/install/nav_2d_utils/share/nav_2d_utils/environment/ament_prefix_path.dsv
[15.500s] -- Installing: /home/student/sjowmm_ws/install/nav_2d_utils/share/nav_2d_utils/environment/path.sh
[15.500s] -- Installing: /home/student/sjowmm_ws/install/nav_2d_utils/share/nav_2d_utils/environment/path.dsv
[15.501s] -- Installing: /home/student/sjowmm_ws/install/nav_2d_utils/share/nav_2d_utils/local_setup.bash
[15.501s] -- Installing: /home/student/sjowmm_ws/install/nav_2d_utils/share/nav_2d_utils/local_setup.sh
[15.501s] -- Installing: /home/student/sjowmm_ws/install/nav_2d_utils/share/nav_2d_utils/local_setup.zsh
[15.501s] -- Installing: /home/student/sjowmm_ws/install/nav_2d_utils/share/nav_2d_utils/local_setup.dsv
[15.502s] -- Installing: /home/student/sjowmm_ws/install/nav_2d_utils/share/nav_2d_utils/package.dsv
[15.502s] -- Installing: /home/student/sjowmm_ws/install/nav_2d_utils/share/ament_index/resource_index/packages/nav_2d_utils
[15.502s] -- Installing: /home/student/sjowmm_ws/install/nav_2d_utils/share/nav_2d_utils/cmake/ament_cmake_export_include_directories-extras.cmake
[15.503s] -- Installing: /home/student/sjowmm_ws/install/nav_2d_utils/share/nav_2d_utils/cmake/ament_cmake_export_libraries-extras.cmake
[15.503s] -- Installing: /home/student/sjowmm_ws/install/nav_2d_utils/share/nav_2d_utils/cmake/ament_cmake_export_dependencies-extras.cmake
[15.503s] -- Installing: /home/student/sjowmm_ws/install/nav_2d_utils/share/nav_2d_utils/cmake/nav_2d_utilsConfig.cmake
[15.503s] -- Installing: /home/student/sjowmm_ws/install/nav_2d_utils/share/nav_2d_utils/cmake/nav_2d_utilsConfig-version.cmake
[15.503s] -- Installing: /home/student/sjowmm_ws/install/nav_2d_utils/share/nav_2d_utils/package.xml
[15.515s] Invoked command in '/home/student/sjowmm_ws/build/nav_2d_utils' returned '0': AMENT_PREFIX_PATH=/home/student/sjowmm_ws/install/nav2_util:/home/student/sjowmm_ws/install/nav2_msgs:/home/student/sjowmm_ws/install/nav_2d_msgs:/home/student/sjowmm_ws/install/nav2_common:${AMENT_PREFIX_PATH} CMAKE_PREFIX_PATH=/home/student/sjowmm_ws/install/nav2_util:/home/student/sjowmm_ws/install/nav2_msgs:/home/student/sjowmm_ws/install/nav_2d_msgs:/home/student/sjowmm_ws/install/nav2_common:/home/student/sjowmm_ws/install/simulation:/home/student/sjowmm_ws/install/dede:/opt/ros/foxy LD_LIBRARY_PATH=/home/student/sjowmm_ws/install/nav2_util/lib:/home/student/sjowmm_ws/install/nav2_msgs/lib:/home/student/sjowmm_ws/install/nav_2d_msgs/lib:${LD_LIBRARY_PATH} PYTHONPATH=/home/student/sjowmm_ws/install/nav2_msgs/lib/python3.8/site-packages:/home/student/sjowmm_ws/install/nav_2d_msgs/lib/python3.8/site-packages:/home/student/sjowmm_ws/install/nav2_common/lib/python3.8/site-packages:${PYTHONPATH} /usr/bin/cmake --install /home/student/sjowmm_ws/build/nav_2d_utils
