[0.705s] Invoking command in '/home/student/sjowmm_ws/src/navigation2/nav2_bringup/nav2_gazebo_spawner': PYTHONPATH=/home/student/sjowmm_ws/install/nav2_gazebo_spawner/lib/python3.8/site-packages:${PYTHONPATH} /usr/bin/python3 setup.py egg_info --egg-base ../../../../build/nav2_gazebo_spawner build --build-base /home/student/sjowmm_ws/build/nav2_gazebo_spawner/build install --prefix /home/student/sjowmm_ws/install/nav2_gazebo_spawner --record /home/student/sjowmm_ws/build/nav2_gazebo_spawner/install.log --single-version-externally-managed
[0.936s] running egg_info
[0.938s] writing ../../../../build/nav2_gazebo_spawner/nav2_gazebo_spawner.egg-info/PKG-INFO
[0.938s] writing dependency_links to ../../../../build/nav2_gazebo_spawner/nav2_gazebo_spawner.egg-info/dependency_links.txt
[0.939s] writing entry points to ../../../../build/nav2_gazebo_spawner/nav2_gazebo_spawner.egg-info/entry_points.txt
[0.939s] writing requirements to ../../../../build/nav2_gazebo_spawner/nav2_gazebo_spawner.egg-info/requires.txt
[0.939s] writing top-level names to ../../../../build/nav2_gazebo_spawner/nav2_gazebo_spawner.egg-info/top_level.txt
[0.994s] reading manifest file '../../../../build/nav2_gazebo_spawner/nav2_gazebo_spawner.egg-info/SOURCES.txt'
[0.995s] writing manifest file '../../../../build/nav2_gazebo_spawner/nav2_gazebo_spawner.egg-info/SOURCES.txt'
[0.995s] running build
[0.995s] running build_py
[0.996s] running install
[0.996s] running install_lib
[0.997s] running install_data
[1.002s] running install_egg_info
[1.003s] removing '/home/student/sjowmm_ws/install/nav2_gazebo_spawner/lib/python3.8/site-packages/nav2_gazebo_spawner-0.3.0-py3.8.egg-info' (and everything under it)
[1.003s] Copying ../../../../build/nav2_gazebo_spawner/nav2_gazebo_spawner.egg-info to /home/student/sjowmm_ws/install/nav2_gazebo_spawner/lib/python3.8/site-packages/nav2_gazebo_spawner-0.3.0-py3.8.egg-info
[1.003s] running install_scripts
[1.024s] Installing nav2_gazebo_spawner script to /home/student/sjowmm_ws/install/nav2_gazebo_spawner/lib/nav2_gazebo_spawner
[1.024s] writing list of installed files to '/home/student/sjowmm_ws/build/nav2_gazebo_spawner/install.log'
[1.049s] Invoked command in '/home/student/sjowmm_ws/src/navigation2/nav2_bringup/nav2_gazebo_spawner' returned '0': PYTHONPATH=/home/student/sjowmm_ws/install/nav2_gazebo_spawner/lib/python3.8/site-packages:${PYTHONPATH} /usr/bin/python3 setup.py egg_info --egg-base ../../../../build/nav2_gazebo_spawner build --build-base /home/student/sjowmm_ws/build/nav2_gazebo_spawner/build install --prefix /home/student/sjowmm_ws/install/nav2_gazebo_spawner --record /home/student/sjowmm_ws/build/nav2_gazebo_spawner/install.log --single-version-externally-managed
