[0.023s] Invoking command in '/home/student/sjowmm_ws/build/costmap_queue': AMENT_PREFIX_PATH=/home/student/sjowmm_ws/install/nav2_costmap_2d:/home/student/sjowmm_ws/install/nav2_util:/home/student/sjowmm_ws/install/nav2_voxel_grid:/home/student/sjowmm_ws/install/nav2_msgs:/home/student/sjowmm_ws/install/nav2_common:${AMENT_PREFIX_PATH} CMAKE_PREFIX_PATH=/home/student/sjowmm_ws/install/nav2_costmap_2d:/home/student/sjowmm_ws/install/nav2_util:/home/student/sjowmm_ws/install/nav2_voxel_grid:/home/student/sjowmm_ws/install/nav2_msgs:/home/student/sjowmm_ws/install/nav2_common:/opt/ros/foxy LD_LIBRARY_PATH=/home/student/sjowmm_ws/install/nav2_costmap_2d/lib:/home/student/sjowmm_ws/install/nav2_util/lib:/home/student/sjowmm_ws/install/nav2_voxel_grid/lib:/home/student/sjowmm_ws/install/nav2_msgs/lib:${LD_LIBRARY_PATH} PYTHONPATH=/home/student/sjowmm_ws/install/nav2_msgs/lib/python3.8/site-packages:/home/student/sjowmm_ws/install/nav2_common/lib/python3.8/site-packages:${PYTHONPATH} /usr/bin/cmake --build /home/student/sjowmm_ws/build/costmap_queue -- -j12 -l12
[0.076s] [ 36%] Built target gtest_main
[0.077s] [ 45%] Built target costmap_queue
[0.079s] [ 63%] Built target gtest
[0.102s] [ 81%] Built target mbq_test
[0.106s] [100%] Built target utest
[0.160s] Invoked command in '/home/student/sjowmm_ws/build/costmap_queue' returned '0': AMENT_PREFIX_PATH=/home/student/sjowmm_ws/install/nav2_costmap_2d:/home/student/sjowmm_ws/install/nav2_util:/home/student/sjowmm_ws/install/nav2_voxel_grid:/home/student/sjowmm_ws/install/nav2_msgs:/home/student/sjowmm_ws/install/nav2_common:${AMENT_PREFIX_PATH} CMAKE_PREFIX_PATH=/home/student/sjowmm_ws/install/nav2_costmap_2d:/home/student/sjowmm_ws/install/nav2_util:/home/student/sjowmm_ws/install/nav2_voxel_grid:/home/student/sjowmm_ws/install/nav2_msgs:/home/student/sjowmm_ws/install/nav2_common:/opt/ros/foxy LD_LIBRARY_PATH=/home/student/sjowmm_ws/install/nav2_costmap_2d/lib:/home/student/sjowmm_ws/install/nav2_util/lib:/home/student/sjowmm_ws/install/nav2_voxel_grid/lib:/home/student/sjowmm_ws/install/nav2_msgs/lib:${LD_LIBRARY_PATH} PYTHONPATH=/home/student/sjowmm_ws/install/nav2_msgs/lib/python3.8/site-packages:/home/student/sjowmm_ws/install/nav2_common/lib/python3.8/site-packages:${PYTHONPATH} /usr/bin/cmake --build /home/student/sjowmm_ws/build/costmap_queue -- -j12 -l12
[0.206s] Invoking command in '/home/student/sjowmm_ws/build/costmap_queue': AMENT_PREFIX_PATH=/home/student/sjowmm_ws/install/nav2_costmap_2d:/home/student/sjowmm_ws/install/nav2_util:/home/student/sjowmm_ws/install/nav2_voxel_grid:/home/student/sjowmm_ws/install/nav2_msgs:/home/student/sjowmm_ws/install/nav2_common:${AMENT_PREFIX_PATH} CMAKE_PREFIX_PATH=/home/student/sjowmm_ws/install/nav2_costmap_2d:/home/student/sjowmm_ws/install/nav2_util:/home/student/sjowmm_ws/install/nav2_voxel_grid:/home/student/sjowmm_ws/install/nav2_msgs:/home/student/sjowmm_ws/install/nav2_common:/opt/ros/foxy LD_LIBRARY_PATH=/home/student/sjowmm_ws/install/nav2_costmap_2d/lib:/home/student/sjowmm_ws/install/nav2_util/lib:/home/student/sjowmm_ws/install/nav2_voxel_grid/lib:/home/student/sjowmm_ws/install/nav2_msgs/lib:${LD_LIBRARY_PATH} PYTHONPATH=/home/student/sjowmm_ws/install/nav2_msgs/lib/python3.8/site-packages:/home/student/sjowmm_ws/install/nav2_common/lib/python3.8/site-packages:${PYTHONPATH} /usr/bin/cmake --install /home/student/sjowmm_ws/build/costmap_queue
[0.216s] -- Install configuration: "Release"
[0.217s] -- Up-to-date: /home/student/sjowmm_ws/install/costmap_queue/lib/libcostmap_queue.a
[0.217s] -- Up-to-date: /home/student/sjowmm_ws/install/costmap_queue/include/
[0.217s] -- Up-to-date: /home/student/sjowmm_ws/install/costmap_queue/include//costmap_queue
[0.218s] -- Up-to-date: /home/student/sjowmm_ws/install/costmap_queue/include//costmap_queue/limited_costmap_queue.hpp
[0.218s] -- Up-to-date: /home/student/sjowmm_ws/install/costmap_queue/include//costmap_queue/costmap_queue.hpp
[0.218s] -- Up-to-date: /home/student/sjowmm_ws/install/costmap_queue/include//costmap_queue/map_based_queue.hpp
[0.219s] -- Up-to-date: /home/student/sjowmm_ws/install/costmap_queue/share/costmap_queue/environment/library_path.sh
[0.220s] -- Up-to-date: /home/student/sjowmm_ws/install/costmap_queue/share/costmap_queue/environment/library_path.dsv
[0.221s] -- Up-to-date: /home/student/sjowmm_ws/install/costmap_queue/share/ament_index/resource_index/package_run_dependencies/costmap_queue
[0.221s] -- Up-to-date: /home/student/sjowmm_ws/install/costmap_queue/share/ament_index/resource_index/parent_prefix_path/costmap_queue
[0.221s] -- Up-to-date: /home/student/sjowmm_ws/install/costmap_queue/share/costmap_queue/environment/ament_prefix_path.sh
[0.221s] -- Up-to-date: /home/student/sjowmm_ws/install/costmap_queue/share/costmap_queue/environment/ament_prefix_path.dsv
[0.222s] -- Up-to-date: /home/student/sjowmm_ws/install/costmap_queue/share/costmap_queue/environment/path.sh
[0.222s] -- Up-to-date: /home/student/sjowmm_ws/install/costmap_queue/share/costmap_queue/environment/path.dsv
[0.222s] -- Up-to-date: /home/student/sjowmm_ws/install/costmap_queue/share/costmap_queue/local_setup.bash
[0.222s] -- Up-to-date: /home/student/sjowmm_ws/install/costmap_queue/share/costmap_queue/local_setup.sh
[0.222s] -- Up-to-date: /home/student/sjowmm_ws/install/costmap_queue/share/costmap_queue/local_setup.zsh
[0.222s] -- Up-to-date: /home/student/sjowmm_ws/install/costmap_queue/share/costmap_queue/local_setup.dsv
[0.222s] -- Installing: /home/student/sjowmm_ws/install/costmap_queue/share/costmap_queue/package.dsv
[0.222s] -- Up-to-date: /home/student/sjowmm_ws/install/costmap_queue/share/ament_index/resource_index/packages/costmap_queue
[0.223s] -- Up-to-date: /home/student/sjowmm_ws/install/costmap_queue/share/costmap_queue/cmake/ament_cmake_export_include_directories-extras.cmake
[0.223s] -- Up-to-date: /home/student/sjowmm_ws/install/costmap_queue/share/costmap_queue/cmake/ament_cmake_export_libraries-extras.cmake
[0.223s] -- Up-to-date: /home/student/sjowmm_ws/install/costmap_queue/share/costmap_queue/cmake/costmap_queueConfig.cmake
[0.223s] -- Up-to-date: /home/student/sjowmm_ws/install/costmap_queue/share/costmap_queue/cmake/costmap_queueConfig-version.cmake
[0.223s] -- Up-to-date: /home/student/sjowmm_ws/install/costmap_queue/share/costmap_queue/package.xml
[0.227s] Invoked command in '/home/student/sjowmm_ws/build/costmap_queue' returned '0': AMENT_PREFIX_PATH=/home/student/sjowmm_ws/install/nav2_costmap_2d:/home/student/sjowmm_ws/install/nav2_util:/home/student/sjowmm_ws/install/nav2_voxel_grid:/home/student/sjowmm_ws/install/nav2_msgs:/home/student/sjowmm_ws/install/nav2_common:${AMENT_PREFIX_PATH} CMAKE_PREFIX_PATH=/home/student/sjowmm_ws/install/nav2_costmap_2d:/home/student/sjowmm_ws/install/nav2_util:/home/student/sjowmm_ws/install/nav2_voxel_grid:/home/student/sjowmm_ws/install/nav2_msgs:/home/student/sjowmm_ws/install/nav2_common:/opt/ros/foxy LD_LIBRARY_PATH=/home/student/sjowmm_ws/install/nav2_costmap_2d/lib:/home/student/sjowmm_ws/install/nav2_util/lib:/home/student/sjowmm_ws/install/nav2_voxel_grid/lib:/home/student/sjowmm_ws/install/nav2_msgs/lib:${LD_LIBRARY_PATH} PYTHONPATH=/home/student/sjowmm_ws/install/nav2_msgs/lib/python3.8/site-packages:/home/student/sjowmm_ws/install/nav2_common/lib/python3.8/site-packages:${PYTHONPATH} /usr/bin/cmake --install /home/student/sjowmm_ws/build/costmap_queue
