[0.080s] Invoking command in '/home/student/sjowmm_ws/build/nav2_common': CMAKE_PREFIX_PATH=/home/student/sjowmm_ws/install/simulation:/home/student/sjowmm_ws/install/dede:/opt/ros/foxy /usr/bin/cmake /home/student/sjowmm_ws/src/navigation2/nav2_common -DCMAKE_INSTALL_PREFIX=/home/student/sjowmm_ws/install/nav2_common
[1.070s] -- Found ament_cmake_core: 0.9.8 (/opt/ros/foxy/share/ament_cmake_core/cmake)
[1.071s] -- Found PythonInterp: /usr/bin/python3 (found suitable version "3.8.10", minimum required is "3") 
[1.071s] -- Using PYTHON_EXECUTABLE: /usr/bin/python3
[1.071s] -- Found ament_cmake_python: 0.9.8 (/opt/ros/foxy/share/ament_cmake_python/cmake)
[1.071s] -- Configuring done
[1.072s] -- Generating done
[1.072s] -- Build files have been written to: /home/student/sjowmm_ws/build/nav2_common
[1.083s] Invoked command in '/home/student/sjowmm_ws/build/nav2_common' returned '0': CMAKE_PREFIX_PATH=/home/student/sjowmm_ws/install/simulation:/home/student/sjowmm_ws/install/dede:/opt/ros/foxy /usr/bin/cmake /home/student/sjowmm_ws/src/navigation2/nav2_common -DCMAKE_INSTALL_PREFIX=/home/student/sjowmm_ws/install/nav2_common
[1.085s] Invoking command in '/home/student/sjowmm_ws/build/nav2_common': CMAKE_PREFIX_PATH=/home/student/sjowmm_ws/install/simulation:/home/student/sjowmm_ws/install/dede:/opt/ros/foxy /usr/bin/cmake --build /home/student/sjowmm_ws/build/nav2_common -- -j12 -l12
[1.138s] Invoked command in '/home/student/sjowmm_ws/build/nav2_common' returned '0': CMAKE_PREFIX_PATH=/home/student/sjowmm_ws/install/simulation:/home/student/sjowmm_ws/install/dede:/opt/ros/foxy /usr/bin/cmake --build /home/student/sjowmm_ws/build/nav2_common -- -j12 -l12
[1.191s] Invoking command in '/home/student/sjowmm_ws/build/nav2_common': CMAKE_PREFIX_PATH=/home/student/sjowmm_ws/install/simulation:/home/student/sjowmm_ws/install/dede:/opt/ros/foxy /usr/bin/cmake --install /home/student/sjowmm_ws/build/nav2_common
[1.209s] -- Install configuration: ""
[1.209s] -- Installing: /home/student/sjowmm_ws/install/nav2_common/share/nav2_common/environment/pythonpath.sh
[1.209s] -- Installing: /home/student/sjowmm_ws/install/nav2_common/share/nav2_common/environment/pythonpath.dsv
[1.210s] -- Installing: /home/student/sjowmm_ws/install/nav2_common/lib/python3.8/site-packages/nav2_common
[1.210s] -- Installing: /home/student/sjowmm_ws/install/nav2_common/lib/python3.8/site-packages/nav2_common/launch
[1.210s] -- Installing: /home/student/sjowmm_ws/install/nav2_common/lib/python3.8/site-packages/nav2_common/launch/has_node_params.py
[1.210s] -- Installing: /home/student/sjowmm_ws/install/nav2_common/lib/python3.8/site-packages/nav2_common/launch/rewritten_yaml.py
[1.210s] -- Installing: /home/student/sjowmm_ws/install/nav2_common/lib/python3.8/site-packages/nav2_common/launch/replace_string.py
[1.210s] -- Installing: /home/student/sjowmm_ws/install/nav2_common/lib/python3.8/site-packages/nav2_common/launch/__init__.py
[1.210s] -- Installing: /home/student/sjowmm_ws/install/nav2_common/lib/python3.8/site-packages/nav2_common/__init__.py
[1.277s] Listing '/home/student/sjowmm_ws/install/nav2_common/lib/python3.8/site-packages/nav2_common'...
[1.277s] Compiling '/home/student/sjowmm_ws/install/nav2_common/lib/python3.8/site-packages/nav2_common/__init__.py'...
[1.277s] Listing '/home/student/sjowmm_ws/install/nav2_common/lib/python3.8/site-packages/nav2_common/launch'...
[1.277s] Compiling '/home/student/sjowmm_ws/install/nav2_common/lib/python3.8/site-packages/nav2_common/launch/__init__.py'...
[1.277s] Compiling '/home/student/sjowmm_ws/install/nav2_common/lib/python3.8/site-packages/nav2_common/launch/has_node_params.py'...
[1.277s] Compiling '/home/student/sjowmm_ws/install/nav2_common/lib/python3.8/site-packages/nav2_common/launch/replace_string.py'...
[1.277s] Compiling '/home/student/sjowmm_ws/install/nav2_common/lib/python3.8/site-packages/nav2_common/launch/rewritten_yaml.py'...
[1.286s] -- Installing: /home/student/sjowmm_ws/install/nav2_common/share/ament_index/resource_index/package_run_dependencies/nav2_common
[1.287s] -- Installing: /home/student/sjowmm_ws/install/nav2_common/share/ament_index/resource_index/parent_prefix_path/nav2_common
[1.287s] -- Installing: /home/student/sjowmm_ws/install/nav2_common/share/nav2_common/environment/ament_prefix_path.sh
[1.287s] -- Installing: /home/student/sjowmm_ws/install/nav2_common/share/nav2_common/environment/ament_prefix_path.dsv
[1.288s] -- Installing: /home/student/sjowmm_ws/install/nav2_common/share/nav2_common/environment/path.sh
[1.288s] -- Installing: /home/student/sjowmm_ws/install/nav2_common/share/nav2_common/environment/path.dsv
[1.288s] -- Installing: /home/student/sjowmm_ws/install/nav2_common/share/nav2_common/local_setup.bash
[1.288s] -- Installing: /home/student/sjowmm_ws/install/nav2_common/share/nav2_common/local_setup.sh
[1.288s] -- Installing: /home/student/sjowmm_ws/install/nav2_common/share/nav2_common/local_setup.zsh
[1.288s] -- Installing: /home/student/sjowmm_ws/install/nav2_common/share/nav2_common/local_setup.dsv
[1.289s] -- Installing: /home/student/sjowmm_ws/install/nav2_common/share/nav2_common/package.dsv
[1.289s] -- Installing: /home/student/sjowmm_ws/install/nav2_common/share/ament_index/resource_index/packages/nav2_common
[1.289s] -- Installing: /home/student/sjowmm_ws/install/nav2_common/share/nav2_common/cmake/nav2_common-extras.cmake
[1.289s] -- Installing: /home/student/sjowmm_ws/install/nav2_common/share/nav2_common/cmake/nav2_commonConfig.cmake
[1.289s] -- Installing: /home/student/sjowmm_ws/install/nav2_common/share/nav2_common/cmake/nav2_commonConfig-version.cmake
[1.289s] -- Installing: /home/student/sjowmm_ws/install/nav2_common/share/nav2_common/package.xml
[1.289s] -- Up-to-date: /home/student/sjowmm_ws/install/nav2_common/share/nav2_common/cmake
[1.290s] -- Installing: /home/student/sjowmm_ws/install/nav2_common/share/nav2_common/cmake/nav2_package.cmake
[1.293s] Invoked command in '/home/student/sjowmm_ws/build/nav2_common' returned '0': CMAKE_PREFIX_PATH=/home/student/sjowmm_ws/install/simulation:/home/student/sjowmm_ws/install/dede:/opt/ros/foxy /usr/bin/cmake --install /home/student/sjowmm_ws/build/nav2_common
