[0.986s] Invoking command in '/home/student/sjowmm_ws/src/simulation': PYTHONPATH=/home/student/sjowmm_ws/install/simulation/lib/python3.8/site-packages:${PYTHONPATH} /usr/bin/python3 setup.py egg_info --egg-base ../../build/simulation build --build-base /home/student/sjowmm_ws/build/simulation/build install --prefix /home/student/sjowmm_ws/install/simulation --record /home/student/sjowmm_ws/build/simulation/install.log --single-version-externally-managed
[1.885s] running egg_info
[1.888s] writing ../../build/simulation/simulation.egg-info/PKG-INFO
[1.888s] writing dependency_links to ../../build/simulation/simulation.egg-info/dependency_links.txt
[1.889s] writing entry points to ../../build/simulation/simulation.egg-info/entry_points.txt
[1.889s] writing requirements to ../../build/simulation/simulation.egg-info/requires.txt
[1.890s] writing top-level names to ../../build/simulation/simulation.egg-info/top_level.txt
[2.023s] reading manifest file '../../build/simulation/simulation.egg-info/SOURCES.txt'
[2.027s] writing manifest file '../../build/simulation/simulation.egg-info/SOURCES.txt'
[2.028s] running build
[2.029s] running build_py
[2.029s] copying simulation/readMapData.py -> /home/student/sjowmm_ws/build/simulation/build/lib/simulation
[2.029s] running install
[2.031s] running install_lib
[2.033s] copying /home/student/sjowmm_ws/build/simulation/build/lib/simulation/readMapData.py -> /home/student/sjowmm_ws/install/simulation/lib/python3.8/site-packages/simulation
[2.034s] byte-compiling /home/student/sjowmm_ws/install/simulation/lib/python3.8/site-packages/simulation/readMapData.py to readMapData.cpython-38.pyc
[2.039s] running install_data
[2.043s] running install_egg_info
[2.051s] removing '/home/student/sjowmm_ws/install/simulation/lib/python3.8/site-packages/simulation-0.0.0-py3.8.egg-info' (and everything under it)
[2.053s] Copying ../../build/simulation/simulation.egg-info to /home/student/sjowmm_ws/install/simulation/lib/python3.8/site-packages/simulation-0.0.0-py3.8.egg-info
[2.056s] running install_scripts
[2.134s] Installing readMapData script to /home/student/sjowmm_ws/install/simulation/lib/simulation
[2.135s] Installing spawn_robot_srv script to /home/student/sjowmm_ws/install/simulation/lib/simulation
[2.135s] writing list of installed files to '/home/student/sjowmm_ws/build/simulation/install.log'
[2.275s] Invoked command in '/home/student/sjowmm_ws/src/simulation' returned '0': PYTHONPATH=/home/student/sjowmm_ws/install/simulation/lib/python3.8/site-packages:${PYTHONPATH} /usr/bin/python3 setup.py egg_info --egg-base ../../build/simulation build --build-base /home/student/sjowmm_ws/build/simulation/build install --prefix /home/student/sjowmm_ws/install/simulation --record /home/student/sjowmm_ws/build/simulation/install.log --single-version-externally-managed
