[1.700s] Invoking command in '/home/student/sjowmm_ws/src/navigation2/nav2_bringup/nav2_gazebo_spawner': PYTHONPATH=/home/student/sjowmm_ws/install/nav2_gazebo_spawner/lib/python3.8/site-packages:${PYTHONPATH} /usr/bin/python3 setup.py egg_info --egg-base ../../../../build/nav2_gazebo_spawner build --build-base /home/student/sjowmm_ws/build/nav2_gazebo_spawner/build install --prefix /home/student/sjowmm_ws/install/nav2_gazebo_spawner --record /home/student/sjowmm_ws/build/nav2_gazebo_spawner/install.log --single-version-externally-managed
[2.036s] running egg_info
[2.037s] writing ../../../../build/nav2_gazebo_spawner/nav2_gazebo_spawner.egg-info/PKG-INFO
[2.062s] writing dependency_links to ../../../../build/nav2_gazebo_spawner/nav2_gazebo_spawner.egg-info/dependency_links.txt
[2.064s] writing entry points to ../../../../build/nav2_gazebo_spawner/nav2_gazebo_spawner.egg-info/entry_points.txt
[2.065s] writing requirements to ../../../../build/nav2_gazebo_spawner/nav2_gazebo_spawner.egg-info/requires.txt
[2.070s] writing top-level names to ../../../../build/nav2_gazebo_spawner/nav2_gazebo_spawner.egg-info/top_level.txt
[2.098s] reading manifest file '../../../../build/nav2_gazebo_spawner/nav2_gazebo_spawner.egg-info/SOURCES.txt'
[2.099s] writing manifest file '../../../../build/nav2_gazebo_spawner/nav2_gazebo_spawner.egg-info/SOURCES.txt'
[2.121s] running build
[2.121s] running build_py
[2.121s] running install
[2.122s] running install_lib
[2.125s] running install_data
[2.127s] running install_egg_info
[2.134s] removing '/home/student/sjowmm_ws/install/nav2_gazebo_spawner/lib/python3.8/site-packages/nav2_gazebo_spawner-0.3.0-py3.8.egg-info' (and everything under it)
[2.134s] Copying ../../../../build/nav2_gazebo_spawner/nav2_gazebo_spawner.egg-info to /home/student/sjowmm_ws/install/nav2_gazebo_spawner/lib/python3.8/site-packages/nav2_gazebo_spawner-0.3.0-py3.8.egg-info
[2.135s] running install_scripts
[2.152s] Installing nav2_gazebo_spawner script to /home/student/sjowmm_ws/install/nav2_gazebo_spawner/lib/nav2_gazebo_spawner
[2.165s] writing list of installed files to '/home/student/sjowmm_ws/build/nav2_gazebo_spawner/install.log'
[2.836s] Invoked command in '/home/student/sjowmm_ws/src/navigation2/nav2_bringup/nav2_gazebo_spawner' returned '0': PYTHONPATH=/home/student/sjowmm_ws/install/nav2_gazebo_spawner/lib/python3.8/site-packages:${PYTHONPATH} /usr/bin/python3 setup.py egg_info --egg-base ../../../../build/nav2_gazebo_spawner build --build-base /home/student/sjowmm_ws/build/nav2_gazebo_spawner/build install --prefix /home/student/sjowmm_ws/install/nav2_gazebo_spawner --record /home/student/sjowmm_ws/build/nav2_gazebo_spawner/install.log --single-version-externally-managed
