[0.015s] Invoking command in '/home/student/sjowmm_ws/build/nav2_core': AMENT_PREFIX_PATH=/home/student/sjowmm_ws/install/nav2_costmap_2d:/home/student/sjowmm_ws/install/nav2_util:/home/student/sjowmm_ws/install/nav2_voxel_grid:/home/student/sjowmm_ws/install/nav2_msgs:/home/student/sjowmm_ws/install/nav2_common:${AMENT_PREFIX_PATH} CMAKE_PREFIX_PATH=/home/student/sjowmm_ws/install/nav2_costmap_2d:/home/student/sjowmm_ws/install/nav2_util:/home/student/sjowmm_ws/install/nav2_voxel_grid:/home/student/sjowmm_ws/install/nav2_msgs:/home/student/sjowmm_ws/install/nav2_common:/opt/ros/foxy LD_LIBRARY_PATH=/home/student/sjowmm_ws/install/nav2_costmap_2d/lib:/home/student/sjowmm_ws/install/nav2_util/lib:/home/student/sjowmm_ws/install/nav2_voxel_grid/lib:/home/student/sjowmm_ws/install/nav2_msgs/lib:${LD_LIBRARY_PATH} PYTHONPATH=/home/student/sjowmm_ws/install/nav2_msgs/lib/python3.8/site-packages:/home/student/sjowmm_ws/install/nav2_common/lib/python3.8/site-packages:${PYTHONPATH} /usr/bin/cmake --build /home/student/sjowmm_ws/build/nav2_core -- -j12 -l12
[0.056s] Invoked command in '/home/student/sjowmm_ws/build/nav2_core' returned '0': AMENT_PREFIX_PATH=/home/student/sjowmm_ws/install/nav2_costmap_2d:/home/student/sjowmm_ws/install/nav2_util:/home/student/sjowmm_ws/install/nav2_voxel_grid:/home/student/sjowmm_ws/install/nav2_msgs:/home/student/sjowmm_ws/install/nav2_common:${AMENT_PREFIX_PATH} CMAKE_PREFIX_PATH=/home/student/sjowmm_ws/install/nav2_costmap_2d:/home/student/sjowmm_ws/install/nav2_util:/home/student/sjowmm_ws/install/nav2_voxel_grid:/home/student/sjowmm_ws/install/nav2_msgs:/home/student/sjowmm_ws/install/nav2_common:/opt/ros/foxy LD_LIBRARY_PATH=/home/student/sjowmm_ws/install/nav2_costmap_2d/lib:/home/student/sjowmm_ws/install/nav2_util/lib:/home/student/sjowmm_ws/install/nav2_voxel_grid/lib:/home/student/sjowmm_ws/install/nav2_msgs/lib:${LD_LIBRARY_PATH} PYTHONPATH=/home/student/sjowmm_ws/install/nav2_msgs/lib/python3.8/site-packages:/home/student/sjowmm_ws/install/nav2_common/lib/python3.8/site-packages:${PYTHONPATH} /usr/bin/cmake --build /home/student/sjowmm_ws/build/nav2_core -- -j12 -l12
[0.074s] Invoking command in '/home/student/sjowmm_ws/build/nav2_core': AMENT_PREFIX_PATH=/home/student/sjowmm_ws/install/nav2_costmap_2d:/home/student/sjowmm_ws/install/nav2_util:/home/student/sjowmm_ws/install/nav2_voxel_grid:/home/student/sjowmm_ws/install/nav2_msgs:/home/student/sjowmm_ws/install/nav2_common:${AMENT_PREFIX_PATH} CMAKE_PREFIX_PATH=/home/student/sjowmm_ws/install/nav2_costmap_2d:/home/student/sjowmm_ws/install/nav2_util:/home/student/sjowmm_ws/install/nav2_voxel_grid:/home/student/sjowmm_ws/install/nav2_msgs:/home/student/sjowmm_ws/install/nav2_common:/opt/ros/foxy LD_LIBRARY_PATH=/home/student/sjowmm_ws/install/nav2_costmap_2d/lib:/home/student/sjowmm_ws/install/nav2_util/lib:/home/student/sjowmm_ws/install/nav2_voxel_grid/lib:/home/student/sjowmm_ws/install/nav2_msgs/lib:${LD_LIBRARY_PATH} PYTHONPATH=/home/student/sjowmm_ws/install/nav2_msgs/lib/python3.8/site-packages:/home/student/sjowmm_ws/install/nav2_common/lib/python3.8/site-packages:${PYTHONPATH} /usr/bin/cmake --install /home/student/sjowmm_ws/build/nav2_core
[0.083s] -- Install configuration: "Release"
[0.083s] -- Up-to-date: /home/student/sjowmm_ws/install/nav2_core/include/
[0.084s] -- Up-to-date: /home/student/sjowmm_ws/install/nav2_core/include//nav2_core
[0.085s] -- Up-to-date: /home/student/sjowmm_ws/install/nav2_core/include//nav2_core/controller.hpp
[0.085s] -- Up-to-date: /home/student/sjowmm_ws/install/nav2_core/include//nav2_core/goal_checker.hpp
[0.085s] -- Up-to-date: /home/student/sjowmm_ws/install/nav2_core/include//nav2_core/progress_checker.hpp
[0.085s] -- Up-to-date: /home/student/sjowmm_ws/install/nav2_core/include//nav2_core/exceptions.hpp
[0.085s] -- Up-to-date: /home/student/sjowmm_ws/install/nav2_core/include//nav2_core/global_planner.hpp
[0.085s] -- Up-to-date: /home/student/sjowmm_ws/install/nav2_core/include//nav2_core/recovery.hpp
[0.086s] -- Up-to-date: /home/student/sjowmm_ws/install/nav2_core/share/ament_index/resource_index/package_run_dependencies/nav2_core
[0.086s] -- Up-to-date: /home/student/sjowmm_ws/install/nav2_core/share/ament_index/resource_index/parent_prefix_path/nav2_core
[0.087s] -- Up-to-date: /home/student/sjowmm_ws/install/nav2_core/share/nav2_core/environment/ament_prefix_path.sh
[0.087s] -- Up-to-date: /home/student/sjowmm_ws/install/nav2_core/share/nav2_core/environment/ament_prefix_path.dsv
[0.087s] -- Up-to-date: /home/student/sjowmm_ws/install/nav2_core/share/nav2_core/environment/path.sh
[0.087s] -- Up-to-date: /home/student/sjowmm_ws/install/nav2_core/share/nav2_core/environment/path.dsv
[0.087s] -- Up-to-date: /home/student/sjowmm_ws/install/nav2_core/share/nav2_core/local_setup.bash
[0.087s] -- Up-to-date: /home/student/sjowmm_ws/install/nav2_core/share/nav2_core/local_setup.sh
[0.087s] -- Up-to-date: /home/student/sjowmm_ws/install/nav2_core/share/nav2_core/local_setup.zsh
[0.087s] -- Up-to-date: /home/student/sjowmm_ws/install/nav2_core/share/nav2_core/local_setup.dsv
[0.087s] -- Installing: /home/student/sjowmm_ws/install/nav2_core/share/nav2_core/package.dsv
[0.087s] -- Up-to-date: /home/student/sjowmm_ws/install/nav2_core/share/ament_index/resource_index/packages/nav2_core
[0.088s] -- Up-to-date: /home/student/sjowmm_ws/install/nav2_core/share/nav2_core/cmake/ament_cmake_export_include_directories-extras.cmake
[0.088s] -- Up-to-date: /home/student/sjowmm_ws/install/nav2_core/share/nav2_core/cmake/ament_cmake_export_dependencies-extras.cmake
[0.088s] -- Up-to-date: /home/student/sjowmm_ws/install/nav2_core/share/nav2_core/cmake/nav2_coreConfig.cmake
[0.088s] -- Up-to-date: /home/student/sjowmm_ws/install/nav2_core/share/nav2_core/cmake/nav2_coreConfig-version.cmake
[0.088s] -- Up-to-date: /home/student/sjowmm_ws/install/nav2_core/share/nav2_core/package.xml
[0.091s] Invoked command in '/home/student/sjowmm_ws/build/nav2_core' returned '0': AMENT_PREFIX_PATH=/home/student/sjowmm_ws/install/nav2_costmap_2d:/home/student/sjowmm_ws/install/nav2_util:/home/student/sjowmm_ws/install/nav2_voxel_grid:/home/student/sjowmm_ws/install/nav2_msgs:/home/student/sjowmm_ws/install/nav2_common:${AMENT_PREFIX_PATH} CMAKE_PREFIX_PATH=/home/student/sjowmm_ws/install/nav2_costmap_2d:/home/student/sjowmm_ws/install/nav2_util:/home/student/sjowmm_ws/install/nav2_voxel_grid:/home/student/sjowmm_ws/install/nav2_msgs:/home/student/sjowmm_ws/install/nav2_common:/opt/ros/foxy LD_LIBRARY_PATH=/home/student/sjowmm_ws/install/nav2_costmap_2d/lib:/home/student/sjowmm_ws/install/nav2_util/lib:/home/student/sjowmm_ws/install/nav2_voxel_grid/lib:/home/student/sjowmm_ws/install/nav2_msgs/lib:${LD_LIBRARY_PATH} PYTHONPATH=/home/student/sjowmm_ws/install/nav2_msgs/lib/python3.8/site-packages:/home/student/sjowmm_ws/install/nav2_common/lib/python3.8/site-packages:${PYTHONPATH} /usr/bin/cmake --install /home/student/sjowmm_ws/build/nav2_core
