[0.069s] Invoking command in '/home/student/sjowmm_ws/build/nav2_voxel_grid': AMENT_PREFIX_PATH=/home/student/sjowmm_ws/install/nav2_common:${AMENT_PREFIX_PATH} CMAKE_PREFIX_PATH=/home/student/sjowmm_ws/install/nav2_common:/opt/ros/foxy PYTHONPATH=/home/student/sjowmm_ws/install/nav2_common/lib/python3.8/site-packages:${PYTHONPATH} /usr/bin/cmake --build /home/student/sjowmm_ws/build/nav2_voxel_grid -- -j12 -l12
[0.374s] [ 25%] Built target gtest
[0.375s] [ 50%] Built target gtest_main
[0.376s] [ 75%] Built target voxel_grid
[0.376s] [100%] Built target voxel_grid_tests
[0.423s] Invoked command in '/home/student/sjowmm_ws/build/nav2_voxel_grid' returned '0': AMENT_PREFIX_PATH=/home/student/sjowmm_ws/install/nav2_common:${AMENT_PREFIX_PATH} CMAKE_PREFIX_PATH=/home/student/sjowmm_ws/install/nav2_common:/opt/ros/foxy PYTHONPATH=/home/student/sjowmm_ws/install/nav2_common/lib/python3.8/site-packages:${PYTHONPATH} /usr/bin/cmake --build /home/student/sjowmm_ws/build/nav2_voxel_grid -- -j12 -l12
[0.466s] Invoking command in '/home/student/sjowmm_ws/build/nav2_voxel_grid': AMENT_PREFIX_PATH=/home/student/sjowmm_ws/install/nav2_common:${AMENT_PREFIX_PATH} CMAKE_PREFIX_PATH=/home/student/sjowmm_ws/install/nav2_common:/opt/ros/foxy PYTHONPATH=/home/student/sjowmm_ws/install/nav2_common/lib/python3.8/site-packages:${PYTHONPATH} /usr/bin/cmake --install /home/student/sjowmm_ws/build/nav2_voxel_grid
[0.482s] -- Install configuration: "Release"
[0.484s] -- Up-to-date: /home/student/sjowmm_ws/install/nav2_voxel_grid/lib/libvoxel_grid.so
[0.484s] -- Up-to-date: /home/student/sjowmm_ws/install/nav2_voxel_grid/include
[0.487s] -- Up-to-date: /home/student/sjowmm_ws/install/nav2_voxel_grid/include/nav2_voxel_grid
[0.488s] -- Up-to-date: /home/student/sjowmm_ws/install/nav2_voxel_grid/include/nav2_voxel_grid/voxel_grid.hpp
[0.490s] -- Up-to-date: /home/student/sjowmm_ws/install/nav2_voxel_grid/share/nav2_voxel_grid/environment/library_path.sh
[0.490s] -- Up-to-date: /home/student/sjowmm_ws/install/nav2_voxel_grid/share/nav2_voxel_grid/environment/library_path.dsv
[0.491s] -- Up-to-date: /home/student/sjowmm_ws/install/nav2_voxel_grid/share/ament_index/resource_index/package_run_dependencies/nav2_voxel_grid
[0.491s] -- Up-to-date: /home/student/sjowmm_ws/install/nav2_voxel_grid/share/ament_index/resource_index/parent_prefix_path/nav2_voxel_grid
[0.491s] -- Up-to-date: /home/student/sjowmm_ws/install/nav2_voxel_grid/share/nav2_voxel_grid/environment/ament_prefix_path.sh
[0.491s] -- Up-to-date: /home/student/sjowmm_ws/install/nav2_voxel_grid/share/nav2_voxel_grid/environment/ament_prefix_path.dsv
[0.492s] -- Up-to-date: /home/student/sjowmm_ws/install/nav2_voxel_grid/share/nav2_voxel_grid/environment/path.sh
[0.492s] -- Up-to-date: /home/student/sjowmm_ws/install/nav2_voxel_grid/share/nav2_voxel_grid/environment/path.dsv
[0.492s] -- Up-to-date: /home/student/sjowmm_ws/install/nav2_voxel_grid/share/nav2_voxel_grid/local_setup.bash
[0.492s] -- Up-to-date: /home/student/sjowmm_ws/install/nav2_voxel_grid/share/nav2_voxel_grid/local_setup.sh
[0.492s] -- Up-to-date: /home/student/sjowmm_ws/install/nav2_voxel_grid/share/nav2_voxel_grid/local_setup.zsh
[0.492s] -- Up-to-date: /home/student/sjowmm_ws/install/nav2_voxel_grid/share/nav2_voxel_grid/local_setup.dsv
[0.492s] -- Installing: /home/student/sjowmm_ws/install/nav2_voxel_grid/share/nav2_voxel_grid/package.dsv
[0.493s] -- Up-to-date: /home/student/sjowmm_ws/install/nav2_voxel_grid/share/ament_index/resource_index/packages/nav2_voxel_grid
[0.493s] -- Up-to-date: /home/student/sjowmm_ws/install/nav2_voxel_grid/share/nav2_voxel_grid/cmake/ament_cmake_export_dependencies-extras.cmake
[0.493s] -- Up-to-date: /home/student/sjowmm_ws/install/nav2_voxel_grid/share/nav2_voxel_grid/cmake/ament_cmake_export_include_directories-extras.cmake
[0.493s] -- Up-to-date: /home/student/sjowmm_ws/install/nav2_voxel_grid/share/nav2_voxel_grid/cmake/ament_cmake_export_libraries-extras.cmake
[0.493s] -- Up-to-date: /home/student/sjowmm_ws/install/nav2_voxel_grid/share/nav2_voxel_grid/cmake/nav2_voxel_gridConfig.cmake
[0.493s] -- Up-to-date: /home/student/sjowmm_ws/install/nav2_voxel_grid/share/nav2_voxel_grid/cmake/nav2_voxel_gridConfig-version.cmake
[0.493s] -- Up-to-date: /home/student/sjowmm_ws/install/nav2_voxel_grid/share/nav2_voxel_grid/package.xml
[0.507s] Invoked command in '/home/student/sjowmm_ws/build/nav2_voxel_grid' returned '0': AMENT_PREFIX_PATH=/home/student/sjowmm_ws/install/nav2_common:${AMENT_PREFIX_PATH} CMAKE_PREFIX_PATH=/home/student/sjowmm_ws/install/nav2_common:/opt/ros/foxy PYTHONPATH=/home/student/sjowmm_ws/install/nav2_common/lib/python3.8/site-packages:${PYTHONPATH} /usr/bin/cmake --install /home/student/sjowmm_ws/build/nav2_voxel_grid
