[0.305s] Invoking command in '/home/student/sjowmm_ws/build/turtlebot3_fake_node': CMAKE_PREFIX_PATH=/opt/ros/foxy /usr/bin/cmake /home/student/sjowmm_ws/src/turtlebot3_simulations/turtlebot3_fake_node -DCMAKE_INSTALL_PREFIX=/home/student/sjowmm_ws/install/turtlebot3_fake_node
[1.448s] -- The C compiler identification is GNU 9.4.0
[1.450s] -- The CXX compiler identification is GNU 9.4.0
[1.450s] -- Check for working C compiler: /usr/bin/cc
[1.450s] -- Check for working C compiler: /usr/bin/cc -- works
[1.450s] -- Detecting C compiler ABI info
[1.450s] -- Detecting C compiler ABI info - done
[1.450s] -- Detecting C compile features
[1.450s] -- Detecting C compile features - done
[1.450s] -- Check for working CXX compiler: /usr/bin/c++
[1.450s] -- Check for working CXX compiler: /usr/bin/c++ -- works
[1.451s] -- Detecting CXX compiler ABI info
[1.451s] -- Detecting CXX compiler ABI info - done
[1.451s] -- Detecting CXX compile features
[1.451s] -- Detecting CXX compile features - done
[1.452s] -- Found ament_cmake: 0.9.8 (/opt/ros/foxy/share/ament_cmake/cmake)
[1.452s] -- Found PythonInterp: /usr/bin/python3 (found suitable version "3.8.10", minimum required is "3") 
[1.453s] -- Using PYTHON_EXECUTABLE: /usr/bin/python3
[1.453s] -- Found geometry_msgs: 2.0.3 (/opt/ros/foxy/share/geometry_msgs/cmake)
[1.455s] -- Using all available rosidl_typesupport_c: rosidl_typesupport_fastrtps_c;rosidl_typesupport_introspection_c
[1.455s] -- Found rosidl_adapter: 1.2.0 (/opt/ros/foxy/share/rosidl_adapter/cmake)
[1.455s] -- Found OpenSSL: /usr/lib/x86_64-linux-gnu/libcrypto.so (found version "1.1.1f")  
[1.456s] -- Found FastRTPS: /opt/ros/foxy/include  
[1.456s] -- Using all available rosidl_typesupport_cpp: rosidl_typesupport_fastrtps_cpp;rosidl_typesupport_introspection_cpp
[1.456s] -- Found nav_msgs: 2.0.3 (/opt/ros/foxy/share/nav_msgs/cmake)
[1.456s] -- Found rclcpp: 2.3.0 (/opt/ros/foxy/share/rclcpp/cmake)
[1.456s] -- Found rmw_implementation_cmake: 1.0.2 (/opt/ros/foxy/share/rmw_implementation_cmake/cmake)
[1.456s] -- Using RMW implementation 'rmw_fastrtps_cpp' as default
[1.457s] -- Looking for pthread.h
[1.457s] -- Looking for pthread.h - found
[1.457s] -- Performing Test CMAKE_HAVE_LIBC_PTHREAD
[1.457s] -- Performing Test CMAKE_HAVE_LIBC_PTHREAD - Failed
[1.457s] -- Looking for pthread_create in pthreads
[1.461s] -- Looking for pthread_create in pthreads - not found
[1.461s] -- Looking for pthread_create in pthread
[1.514s] -- Looking for pthread_create in pthread - found
[1.515s] -- Found Threads: TRUE  
[1.688s] -- Found sensor_msgs: 2.0.3 (/opt/ros/foxy/share/sensor_msgs/cmake)
[1.765s] -- Found tf2: 0.13.9 (/opt/ros/foxy/share/tf2/cmake)
[1.784s] -- Found tf2_msgs: 0.13.9 (/opt/ros/foxy/share/tf2_msgs/cmake)
[2.044s] -- Found turtlebot3_msgs: 2.2.1 (/opt/ros/foxy/share/turtlebot3_msgs/cmake)
[2.194s] -- Configuring done
[2.206s] -- Generating done
[2.207s] -- Build files have been written to: /home/student/sjowmm_ws/build/turtlebot3_fake_node
[2.249s] Invoked command in '/home/student/sjowmm_ws/build/turtlebot3_fake_node' returned '0': CMAKE_PREFIX_PATH=/opt/ros/foxy /usr/bin/cmake /home/student/sjowmm_ws/src/turtlebot3_simulations/turtlebot3_fake_node -DCMAKE_INSTALL_PREFIX=/home/student/sjowmm_ws/install/turtlebot3_fake_node
[2.251s] Invoking command in '/home/student/sjowmm_ws/build/turtlebot3_fake_node': CMAKE_PREFIX_PATH=/opt/ros/foxy /usr/bin/cmake --build /home/student/sjowmm_ws/build/turtlebot3_fake_node -- -j12 -l12
[2.285s] [35m[1mScanning dependencies of target turtlebot3_fake_node[0m
[2.419s] [ 50%] [32mBuilding CXX object CMakeFiles/turtlebot3_fake_node.dir/src/turtlebot3_fake_node.cpp.o[0m
[13.006s] [100%] [32m[1mLinking CXX executable turtlebot3_fake_node[0m
[13.611s] [100%] Built target turtlebot3_fake_node
[13.625s] Invoked command in '/home/student/sjowmm_ws/build/turtlebot3_fake_node' returned '0': CMAKE_PREFIX_PATH=/opt/ros/foxy /usr/bin/cmake --build /home/student/sjowmm_ws/build/turtlebot3_fake_node -- -j12 -l12
[13.654s] Invoking command in '/home/student/sjowmm_ws/build/turtlebot3_fake_node': CMAKE_PREFIX_PATH=/opt/ros/foxy /usr/bin/cmake --install /home/student/sjowmm_ws/build/turtlebot3_fake_node
[13.666s] -- Install configuration: ""
[13.667s] -- Installing: /home/student/sjowmm_ws/install/turtlebot3_fake_node/lib/turtlebot3_fake_node/turtlebot3_fake_node
[13.669s] -- Set runtime path of "/home/student/sjowmm_ws/install/turtlebot3_fake_node/lib/turtlebot3_fake_node/turtlebot3_fake_node" to ""
[13.669s] -- Installing: /home/student/sjowmm_ws/install/turtlebot3_fake_node/share/turtlebot3_fake_node/launch
[13.669s] -- Installing: /home/student/sjowmm_ws/install/turtlebot3_fake_node/share/turtlebot3_fake_node/launch/rviz2.launch.py
[13.669s] -- Installing: /home/student/sjowmm_ws/install/turtlebot3_fake_node/share/turtlebot3_fake_node/launch/turtlebot3_fake_node.launch.py
[13.669s] -- Installing: /home/student/sjowmm_ws/install/turtlebot3_fake_node/share/turtlebot3_fake_node/param
[13.669s] -- Installing: /home/student/sjowmm_ws/install/turtlebot3_fake_node/share/turtlebot3_fake_node/param/waffle.yaml
[13.670s] -- Installing: /home/student/sjowmm_ws/install/turtlebot3_fake_node/share/turtlebot3_fake_node/param/waffle_pi.yaml
[13.670s] -- Installing: /home/student/sjowmm_ws/install/turtlebot3_fake_node/share/turtlebot3_fake_node/param/burger.yaml
[13.670s] -- Installing: /home/student/sjowmm_ws/install/turtlebot3_fake_node/share/turtlebot3_fake_node/rviz
[13.670s] -- Installing: /home/student/sjowmm_ws/install/turtlebot3_fake_node/share/turtlebot3_fake_node/rviz/model.rviz
[13.670s] -- Installing: /home/student/sjowmm_ws/install/turtlebot3_fake_node/include/
[13.670s] -- Installing: /home/student/sjowmm_ws/install/turtlebot3_fake_node/include//turtlebot3_fake_node
[13.670s] -- Installing: /home/student/sjowmm_ws/install/turtlebot3_fake_node/include//turtlebot3_fake_node/turtlebot3_fake_node.hpp
[13.670s] -- Installing: /home/student/sjowmm_ws/install/turtlebot3_fake_node/share/ament_index/resource_index/package_run_dependencies/turtlebot3_fake_node
[13.671s] -- Installing: /home/student/sjowmm_ws/install/turtlebot3_fake_node/share/ament_index/resource_index/parent_prefix_path/turtlebot3_fake_node
[13.671s] -- Installing: /home/student/sjowmm_ws/install/turtlebot3_fake_node/share/turtlebot3_fake_node/environment/ament_prefix_path.sh
[13.671s] -- Installing: /home/student/sjowmm_ws/install/turtlebot3_fake_node/share/turtlebot3_fake_node/environment/ament_prefix_path.dsv
[13.671s] -- Installing: /home/student/sjowmm_ws/install/turtlebot3_fake_node/share/turtlebot3_fake_node/environment/path.sh
[13.671s] -- Installing: /home/student/sjowmm_ws/install/turtlebot3_fake_node/share/turtlebot3_fake_node/environment/path.dsv
[13.671s] -- Installing: /home/student/sjowmm_ws/install/turtlebot3_fake_node/share/turtlebot3_fake_node/local_setup.bash
[13.671s] -- Installing: /home/student/sjowmm_ws/install/turtlebot3_fake_node/share/turtlebot3_fake_node/local_setup.sh
[13.672s] -- Installing: /home/student/sjowmm_ws/install/turtlebot3_fake_node/share/turtlebot3_fake_node/local_setup.zsh
[13.672s] -- Installing: /home/student/sjowmm_ws/install/turtlebot3_fake_node/share/turtlebot3_fake_node/local_setup.dsv
[13.672s] -- Installing: /home/student/sjowmm_ws/install/turtlebot3_fake_node/share/turtlebot3_fake_node/package.dsv
[13.672s] -- Installing: /home/student/sjowmm_ws/install/turtlebot3_fake_node/share/ament_index/resource_index/packages/turtlebot3_fake_node
[13.672s] -- Installing: /home/student/sjowmm_ws/install/turtlebot3_fake_node/share/turtlebot3_fake_node/cmake/ament_cmake_export_include_directories-extras.cmake
[13.672s] -- Installing: /home/student/sjowmm_ws/install/turtlebot3_fake_node/share/turtlebot3_fake_node/cmake/ament_cmake_export_dependencies-extras.cmake
[13.672s] -- Installing: /home/student/sjowmm_ws/install/turtlebot3_fake_node/share/turtlebot3_fake_node/cmake/turtlebot3_fake_nodeConfig.cmake
[13.672s] -- Installing: /home/student/sjowmm_ws/install/turtlebot3_fake_node/share/turtlebot3_fake_node/cmake/turtlebot3_fake_nodeConfig-version.cmake
[13.672s] -- Installing: /home/student/sjowmm_ws/install/turtlebot3_fake_node/share/turtlebot3_fake_node/package.xml
[13.676s] Invoked command in '/home/student/sjowmm_ws/build/turtlebot3_fake_node' returned '0': CMAKE_PREFIX_PATH=/opt/ros/foxy /usr/bin/cmake --install /home/student/sjowmm_ws/build/turtlebot3_fake_node
