[0.054s] Invoking command in '/home/student/sjowmm_ws/build/nav_2d_msgs': CMAKE_PREFIX_PATH=/home/student/sjowmm_ws/install/simulation:/home/student/sjowmm_ws/install/dede:/opt/ros/foxy /usr/bin/cmake /home/student/sjowmm_ws/src/navigation2/nav2_dwb_controller/nav_2d_msgs -DCMAKE_INSTALL_PREFIX=/home/student/sjowmm_ws/install/nav_2d_msgs
[1.042s] -- The C compiler identification is GNU 9.4.0
[1.044s] -- The CXX compiler identification is GNU 9.4.0
[1.045s] -- Check for working C compiler: /usr/bin/cc
[1.045s] -- Check for working C compiler: /usr/bin/cc -- works
[1.045s] -- Detecting C compiler ABI info
[1.045s] -- Detecting C compiler ABI info - done
[1.046s] -- Detecting C compile features
[1.047s] -- Detecting C compile features - done
[1.048s] -- Check for working CXX compiler: /usr/bin/c++
[1.049s] -- Check for working CXX compiler: /usr/bin/c++ -- works
[1.049s] -- Detecting CXX compiler ABI info
[1.049s] -- Detecting CXX compiler ABI info - done
[1.052s] -- Detecting CXX compile features
[1.052s] -- Detecting CXX compile features - done
[1.052s] -- Found geometry_msgs: 2.0.3 (/opt/ros/foxy/share/geometry_msgs/cmake)
[1.052s] -- Found PythonInterp: /usr/bin/python3 (found suitable version "3.8.10", minimum required is "3") 
[1.052s] -- Using PYTHON_EXECUTABLE: /usr/bin/python3
[1.239s] -- Using all available rosidl_typesupport_c: rosidl_typesupport_fastrtps_c;rosidl_typesupport_introspection_c
[1.256s] -- Found rosidl_adapter: 1.2.0 (/opt/ros/foxy/share/rosidl_adapter/cmake)
[1.433s] -- Found OpenSSL: /usr/lib/x86_64-linux-gnu/libcrypto.so (found version "1.1.1f")  
[1.497s] -- Found FastRTPS: /opt/ros/foxy/include  
[1.705s] -- Using all available rosidl_typesupport_cpp: rosidl_typesupport_fastrtps_cpp;rosidl_typesupport_introspection_cpp
[1.850s] -- Found rosidl_default_generators: 1.0.0 (/opt/ros/foxy/share/rosidl_default_generators/cmake)
[1.899s] -- Found PythonInterp: /usr/bin/python3 (found version "3.8.10") 
[2.207s] -- Found ament_cmake_ros: 0.9.1 (/opt/ros/foxy/share/ament_cmake_ros/cmake)
[2.494s] -- Using all available rosidl_typesupport_c: rosidl_typesupport_fastrtps_c;rosidl_typesupport_introspection_c
[2.623s] -- Using all available rosidl_typesupport_cpp: rosidl_typesupport_fastrtps_cpp;rosidl_typesupport_introspection_cpp
[2.658s] -- Found PythonInterp: /usr/bin/python3 (found suitable version "3.8.10", minimum required is "3.5") 
[2.660s] -- Found python_cmake_module: 0.8.0 (/opt/ros/foxy/share/python_cmake_module/cmake)
[2.697s] -- Found PythonLibs: /usr/lib/x86_64-linux-gnu/libpython3.8.so (found suitable version "3.8.10", minimum required is "3.5") 
[2.697s] -- Using PYTHON_EXECUTABLE: /usr/bin/python3
[2.697s] -- Using PYTHON_INCLUDE_DIRS: /usr/include/python3.8
[2.697s] -- Using PYTHON_LIBRARIES: /usr/lib/x86_64-linux-gnu/libpython3.8.so
[2.728s] -- Found PythonExtra: .so  
[2.859s] -- Configuring done
[2.948s] -- Generating done
[2.951s] -- Build files have been written to: /home/student/sjowmm_ws/build/nav_2d_msgs
[2.967s] Invoked command in '/home/student/sjowmm_ws/build/nav_2d_msgs' returned '0': CMAKE_PREFIX_PATH=/home/student/sjowmm_ws/install/simulation:/home/student/sjowmm_ws/install/dede:/opt/ros/foxy /usr/bin/cmake /home/student/sjowmm_ws/src/navigation2/nav2_dwb_controller/nav_2d_msgs -DCMAKE_INSTALL_PREFIX=/home/student/sjowmm_ws/install/nav_2d_msgs
[2.971s] Invoking command in '/home/student/sjowmm_ws/build/nav_2d_msgs': CMAKE_PREFIX_PATH=/home/student/sjowmm_ws/install/simulation:/home/student/sjowmm_ws/install/dede:/opt/ros/foxy /usr/bin/cmake --build /home/student/sjowmm_ws/build/nav_2d_msgs -- -j12 -l12
[3.030s] [  1%] [34m[1mGenerating C code for ROS interfaces[0m
[3.030s] [35m[1mScanning dependencies of target nav_2d_msgs__cpp[0m
[3.046s] [  2%] [34m[1mGenerating C++ code for ROS interfaces[0m
[3.649s] [  2%] Built target nav_2d_msgs__cpp
[3.673s] [  4%] [34m[1mGenerating C++ type support for eProsima Fast-RTPS[0m
[3.678s] [  5%] [34m[1mGenerating C++ type support dispatch for ROS interfaces[0m
[3.681s] [  7%] [34m[1mGenerating C++ introspection for ROS interfaces[0m
[3.718s] [35m[1mScanning dependencies of target nav_2d_msgs__rosidl_generator_c[0m
[3.758s] [  8%] [32mBuilding C object CMakeFiles/nav_2d_msgs__rosidl_generator_c.dir/rosidl_generator_c/nav_2d_msgs/msg/detail/twist2_d__functions.c.o[0m
[3.765s] [ 11%] [32mBuilding C object CMakeFiles/nav_2d_msgs__rosidl_generator_c.dir/rosidl_generator_c/nav_2d_msgs/msg/detail/pose2_d32__functions.c.o[0m
[3.766s] [ 11%] [32mBuilding C object CMakeFiles/nav_2d_msgs__rosidl_generator_c.dir/rosidl_generator_c/nav_2d_msgs/msg/detail/twist2_d32__functions.c.o[0m
[3.778s] [ 12%] [32mBuilding C object CMakeFiles/nav_2d_msgs__rosidl_generator_c.dir/rosidl_generator_c/nav_2d_msgs/msg/detail/path2_d__functions.c.o[0m
[3.784s] [ 15%] [32mBuilding C object CMakeFiles/nav_2d_msgs__rosidl_generator_c.dir/rosidl_generator_c/nav_2d_msgs/msg/detail/twist2_d_stamped__functions.c.o[0m
[3.784s] [ 15%] [32mBuilding C object CMakeFiles/nav_2d_msgs__rosidl_generator_c.dir/rosidl_generator_c/nav_2d_msgs/msg/detail/pose2_d_stamped__functions.c.o[0m
[3.899s] [ 16%] [32m[1mLinking C shared library libnav_2d_msgs__rosidl_generator_c.so[0m
[3.993s] [ 16%] Built target nav_2d_msgs__rosidl_generator_c
[4.011s] [ 18%] [34m[1mGenerating C type support dispatch for ROS interfaces[0m
[4.018s] [ 19%] [34m[1mGenerating C introspection for ROS interfaces[0m
[4.267s] [35m[1mScanning dependencies of target nav_2d_msgs__rosidl_typesupport_cpp[0m
[4.297s] [ 21%] [32mBuilding CXX object CMakeFiles/nav_2d_msgs__rosidl_typesupport_cpp.dir/rosidl_typesupport_cpp/nav_2d_msgs/msg/pose2_d_stamped__type_support.cpp.o[0m
[4.299s] [ 22%] [32mBuilding CXX object CMakeFiles/nav_2d_msgs__rosidl_typesupport_cpp.dir/rosidl_typesupport_cpp/nav_2d_msgs/msg/pose2_d32__type_support.cpp.o[0m
[4.313s] [ 23%] [32mBuilding CXX object CMakeFiles/nav_2d_msgs__rosidl_typesupport_cpp.dir/rosidl_typesupport_cpp/nav_2d_msgs/msg/path2_d__type_support.cpp.o[0m
[4.313s] [ 25%] [32mBuilding CXX object CMakeFiles/nav_2d_msgs__rosidl_typesupport_cpp.dir/rosidl_typesupport_cpp/nav_2d_msgs/msg/twist2_d_stamped__type_support.cpp.o[0m
[4.314s] [ 26%] [32mBuilding CXX object CMakeFiles/nav_2d_msgs__rosidl_typesupport_cpp.dir/rosidl_typesupport_cpp/nav_2d_msgs/msg/twist2_d__type_support.cpp.o[0m
[4.334s] [ 28%] [32mBuilding CXX object CMakeFiles/nav_2d_msgs__rosidl_typesupport_cpp.dir/rosidl_typesupport_cpp/nav_2d_msgs/msg/twist2_d32__type_support.cpp.o[0m
[4.649s] [35m[1mScanning dependencies of target nav_2d_msgs__rosidl_typesupport_introspection_cpp[0m
[4.723s] [ 29%] [32mBuilding CXX object CMakeFiles/nav_2d_msgs__rosidl_typesupport_introspection_cpp.dir/rosidl_typesupport_introspection_cpp/nav_2d_msgs/msg/detail/path2_d__type_support.cpp.o[0m
[4.810s] [ 30%] [32mBuilding CXX object CMakeFiles/nav_2d_msgs__rosidl_typesupport_introspection_cpp.dir/rosidl_typesupport_introspection_cpp/nav_2d_msgs/msg/detail/pose2_d_stamped__type_support.cpp.o[0m
[4.811s] [ 32%] [32mBuilding CXX object CMakeFiles/nav_2d_msgs__rosidl_typesupport_introspection_cpp.dir/rosidl_typesupport_introspection_cpp/nav_2d_msgs/msg/detail/pose2_d32__type_support.cpp.o[0m
[4.832s] [35m[1mScanning dependencies of target nav_2d_msgs__rosidl_typesupport_fastrtps_cpp[0m
[4.934s] [ 33%] [32mBuilding CXX object CMakeFiles/nav_2d_msgs__rosidl_typesupport_fastrtps_cpp.dir/rosidl_typesupport_fastrtps_cpp/nav_2d_msgs/msg/detail/dds_fastrtps/path2_d__type_support.cpp.o[0m
[5.087s] [35m[1mScanning dependencies of target nav_2d_msgs__rosidl_typesupport_c[0m
[5.151s] [ 35%] [32mBuilding CXX object CMakeFiles/nav_2d_msgs__rosidl_typesupport_c.dir/rosidl_typesupport_c/nav_2d_msgs/msg/path2_d__type_support.cpp.o[0m
[5.168s] [ 36%] [32mBuilding CXX object CMakeFiles/nav_2d_msgs__rosidl_typesupport_fastrtps_cpp.dir/rosidl_typesupport_fastrtps_cpp/nav_2d_msgs/msg/detail/dds_fastrtps/pose2_d32__type_support.cpp.o[0m
[5.246s] [ 38%] [32mBuilding CXX object CMakeFiles/nav_2d_msgs__rosidl_typesupport_c.dir/rosidl_typesupport_c/nav_2d_msgs/msg/pose2_d32__type_support.cpp.o[0m
[5.260s] [ 39%] [32mBuilding CXX object CMakeFiles/nav_2d_msgs__rosidl_typesupport_fastrtps_cpp.dir/rosidl_typesupport_fastrtps_cpp/nav_2d_msgs/msg/detail/dds_fastrtps/pose2_d_stamped__type_support.cpp.o[0m
[5.299s] [ 40%] [32mBuilding CXX object CMakeFiles/nav_2d_msgs__rosidl_typesupport_c.dir/rosidl_typesupport_c/nav_2d_msgs/msg/pose2_d_stamped__type_support.cpp.o[0m
[5.331s] [ 42%] [32mBuilding CXX object CMakeFiles/nav_2d_msgs__rosidl_typesupport_fastrtps_cpp.dir/rosidl_typesupport_fastrtps_cpp/nav_2d_msgs/msg/detail/dds_fastrtps/twist2_d__type_support.cpp.o[0m
[5.377s] [ 43%] [32mBuilding CXX object CMakeFiles/nav_2d_msgs__rosidl_typesupport_introspection_cpp.dir/rosidl_typesupport_introspection_cpp/nav_2d_msgs/msg/detail/twist2_d__type_support.cpp.o[0m
[5.381s] [ 45%] [32mBuilding CXX object CMakeFiles/nav_2d_msgs__rosidl_typesupport_fastrtps_cpp.dir/rosidl_typesupport_fastrtps_cpp/nav_2d_msgs/msg/detail/dds_fastrtps/twist2_d32__type_support.cpp.o[0m
[5.398s] [ 46%] [32mBuilding CXX object CMakeFiles/nav_2d_msgs__rosidl_typesupport_c.dir/rosidl_typesupport_c/nav_2d_msgs/msg/twist2_d__type_support.cpp.o[0m
[5.484s] [ 47%] [32m[1mLinking CXX shared library libnav_2d_msgs__rosidl_typesupport_cpp.so[0m
[5.572s] [35m[1mScanning dependencies of target nav_2d_msgs__rosidl_typesupport_introspection_c[0m
[5.651s] [ 49%] [32mBuilding CXX object CMakeFiles/nav_2d_msgs__rosidl_typesupport_c.dir/rosidl_typesupport_c/nav_2d_msgs/msg/twist2_d32__type_support.cpp.o[0m
[5.705s] [ 50%] [32mBuilding C object CMakeFiles/nav_2d_msgs__rosidl_typesupport_introspection_c.dir/rosidl_typesupport_introspection_c/nav_2d_msgs/msg/detail/path2_d__type_support.c.o[0m
[5.716s] [ 50%] Built target nav_2d_msgs__rosidl_typesupport_cpp
[5.734s] [ 52%] [32mBuilding C object CMakeFiles/nav_2d_msgs__rosidl_typesupport_introspection_c.dir/rosidl_typesupport_introspection_c/nav_2d_msgs/msg/detail/pose2_d32__type_support.c.o[0m
[5.803s] [ 53%] [32mBuilding CXX object CMakeFiles/nav_2d_msgs__rosidl_typesupport_introspection_cpp.dir/rosidl_typesupport_introspection_cpp/nav_2d_msgs/msg/detail/twist2_d32__type_support.cpp.o[0m
[5.814s] [ 54%] [32mBuilding CXX object CMakeFiles/nav_2d_msgs__rosidl_typesupport_c.dir/rosidl_typesupport_c/nav_2d_msgs/msg/twist2_d_stamped__type_support.cpp.o[0m
[5.854s] [ 56%] [32mBuilding C object CMakeFiles/nav_2d_msgs__rosidl_typesupport_introspection_c.dir/rosidl_typesupport_introspection_c/nav_2d_msgs/msg/detail/twist2_d__type_support.c.o[0m
[5.856s] [ 57%] [32mBuilding C object CMakeFiles/nav_2d_msgs__rosidl_typesupport_introspection_c.dir/rosidl_typesupport_introspection_c/nav_2d_msgs/msg/detail/pose2_d_stamped__type_support.c.o[0m
[5.931s] [ 59%] [32m[1mLinking CXX shared library libnav_2d_msgs__rosidl_typesupport_c.so[0m
[5.953s] [ 60%] [32mBuilding CXX object CMakeFiles/nav_2d_msgs__rosidl_typesupport_fastrtps_cpp.dir/rosidl_typesupport_fastrtps_cpp/nav_2d_msgs/msg/detail/dds_fastrtps/twist2_d_stamped__type_support.cpp.o[0m
[5.966s] [ 61%] [32mBuilding C object CMakeFiles/nav_2d_msgs__rosidl_typesupport_introspection_c.dir/rosidl_typesupport_introspection_c/nav_2d_msgs/msg/detail/twist2_d32__type_support.c.o[0m
[6.049s] [ 63%] [32mBuilding C object CMakeFiles/nav_2d_msgs__rosidl_typesupport_introspection_c.dir/rosidl_typesupport_introspection_c/nav_2d_msgs/msg/detail/twist2_d_stamped__type_support.c.o[0m
[6.066s] [ 64%] [32mBuilding CXX object CMakeFiles/nav_2d_msgs__rosidl_typesupport_introspection_cpp.dir/rosidl_typesupport_introspection_cpp/nav_2d_msgs/msg/detail/twist2_d_stamped__type_support.cpp.o[0m
[6.100s] [ 64%] Built target nav_2d_msgs__rosidl_typesupport_c
[6.200s] [ 66%] [32m[1mLinking C shared library libnav_2d_msgs__rosidl_typesupport_introspection_c.so[0m
[6.411s] [ 66%] Built target nav_2d_msgs__rosidl_typesupport_introspection_c
[6.879s] [ 67%] [32m[1mLinking CXX shared library libnav_2d_msgs__rosidl_typesupport_introspection_cpp.so[0m
[6.985s] [ 69%] [32m[1mLinking CXX shared library libnav_2d_msgs__rosidl_typesupport_fastrtps_cpp.so[0m
[7.041s] [ 69%] Built target nav_2d_msgs__rosidl_typesupport_introspection_cpp
[7.206s] [ 69%] Built target nav_2d_msgs__rosidl_typesupport_fastrtps_cpp
[7.220s] [ 70%] [34m[1mGenerating C type support for eProsima Fast-RTPS[0m
[7.777s] [35m[1mScanning dependencies of target nav_2d_msgs__rosidl_typesupport_fastrtps_c[0m
[7.808s] [ 71%] [32mBuilding CXX object CMakeFiles/nav_2d_msgs__rosidl_typesupport_fastrtps_c.dir/rosidl_typesupport_fastrtps_c/nav_2d_msgs/msg/detail/pose2_d_stamped__type_support_c.cpp.o[0m
[7.808s] [ 73%] [32mBuilding CXX object CMakeFiles/nav_2d_msgs__rosidl_typesupport_fastrtps_c.dir/rosidl_typesupport_fastrtps_c/nav_2d_msgs/msg/detail/pose2_d32__type_support_c.cpp.o[0m
[7.809s] [ 74%] [32mBuilding CXX object CMakeFiles/nav_2d_msgs__rosidl_typesupport_fastrtps_c.dir/rosidl_typesupport_fastrtps_c/nav_2d_msgs/msg/detail/twist2_d__type_support_c.cpp.o[0m
[7.810s] [ 76%] [32mBuilding CXX object CMakeFiles/nav_2d_msgs__rosidl_typesupport_fastrtps_c.dir/rosidl_typesupport_fastrtps_c/nav_2d_msgs/msg/detail/twist2_d32__type_support_c.cpp.o[0m
[7.810s] [ 77%] [32mBuilding CXX object CMakeFiles/nav_2d_msgs__rosidl_typesupport_fastrtps_c.dir/rosidl_typesupport_fastrtps_c/nav_2d_msgs/msg/detail/path2_d__type_support_c.cpp.o[0m
[7.824s] [ 78%] [32mBuilding CXX object CMakeFiles/nav_2d_msgs__rosidl_typesupport_fastrtps_c.dir/rosidl_typesupport_fastrtps_c/nav_2d_msgs/msg/detail/twist2_d_stamped__type_support_c.cpp.o[0m
[8.666s] [ 80%] [32m[1mLinking CXX shared library libnav_2d_msgs__rosidl_typesupport_fastrtps_c.so[0m
[8.855s] [ 80%] Built target nav_2d_msgs__rosidl_typesupport_fastrtps_c
[8.873s] [35m[1mScanning dependencies of target nav_2d_msgs[0m
[8.887s] [ 80%] Built target nav_2d_msgs
[8.900s] [35m[1mScanning dependencies of target nav_2d_msgs__py[0m
[8.917s] [ 81%] [34m[1mGenerating Python code for ROS interfaces[0m
[10.119s] [ 81%] Built target nav_2d_msgs__py
[10.132s] [35m[1mScanning dependencies of target nav_2d_msgs__python[0m
[10.193s] [ 83%] [32mBuilding C object CMakeFiles/nav_2d_msgs__python.dir/rosidl_generator_py/nav_2d_msgs/msg/_pose2_d32_s.c.o[0m
[10.193s] [ 85%] [32mBuilding C object CMakeFiles/nav_2d_msgs__python.dir/rosidl_generator_py/nav_2d_msgs/msg/_path2_d_s.c.o[0m
[10.193s] [ 85%] [32mBuilding C object CMakeFiles/nav_2d_msgs__python.dir/rosidl_generator_py/nav_2d_msgs/msg/_pose2_d_stamped_s.c.o[0m
[10.194s] [ 87%] [32mBuilding C object CMakeFiles/nav_2d_msgs__python.dir/rosidl_generator_py/nav_2d_msgs/msg/_twist2_d_s.c.o[0m
[10.194s] [ 88%] [32mBuilding C object CMakeFiles/nav_2d_msgs__python.dir/rosidl_generator_py/nav_2d_msgs/msg/_twist2_d_stamped_s.c.o[0m
[10.196s] [ 90%] [32mBuilding C object CMakeFiles/nav_2d_msgs__python.dir/rosidl_generator_py/nav_2d_msgs/msg/_twist2_d32_s.c.o[0m
[10.398s] [ 91%] [32m[1mLinking C shared library rosidl_generator_py/nav_2d_msgs/libnav_2d_msgs__python.so[0m
[10.469s] [ 91%] Built target nav_2d_msgs__python
[10.483s] [35m[1mScanning dependencies of target nav_2d_msgs__rosidl_typesupport_fastrtps_c__pyext[0m
[10.483s] [35m[1mScanning dependencies of target nav_2d_msgs__rosidl_typesupport_introspection_c__pyext[0m
[10.484s] [35m[1mScanning dependencies of target nav_2d_msgs__rosidl_typesupport_c__pyext[0m
[10.508s] [ 92%] [32mBuilding C object CMakeFiles/nav_2d_msgs__rosidl_typesupport_introspection_c__pyext.dir/rosidl_generator_py/nav_2d_msgs/_nav_2d_msgs_s.ep.rosidl_typesupport_introspection_c.c.o[0m
[10.509s] [ 94%] [32mBuilding C object CMakeFiles/nav_2d_msgs__rosidl_typesupport_fastrtps_c__pyext.dir/rosidl_generator_py/nav_2d_msgs/_nav_2d_msgs_s.ep.rosidl_typesupport_fastrtps_c.c.o[0m
[10.515s] [ 95%] [32mBuilding C object CMakeFiles/nav_2d_msgs__rosidl_typesupport_c__pyext.dir/rosidl_generator_py/nav_2d_msgs/_nav_2d_msgs_s.ep.rosidl_typesupport_c.c.o[0m
[10.644s] [ 97%] [32m[1mLinking C shared library rosidl_generator_py/nav_2d_msgs/nav_2d_msgs_s__rosidl_typesupport_introspection_c.cpython-38-x86_64-linux-gnu.so[0m
[10.649s] [ 98%] [32m[1mLinking C shared library rosidl_generator_py/nav_2d_msgs/nav_2d_msgs_s__rosidl_typesupport_c.cpython-38-x86_64-linux-gnu.so[0m
[10.682s] [100%] [32m[1mLinking CXX shared library rosidl_generator_py/nav_2d_msgs/nav_2d_msgs_s__rosidl_typesupport_fastrtps_c.cpython-38-x86_64-linux-gnu.so[0m
[10.716s] [100%] Built target nav_2d_msgs__rosidl_typesupport_c__pyext
[10.722s] [100%] Built target nav_2d_msgs__rosidl_typesupport_introspection_c__pyext
[10.788s] [100%] Built target nav_2d_msgs__rosidl_typesupport_fastrtps_c__pyext
[10.804s] Invoked command in '/home/student/sjowmm_ws/build/nav_2d_msgs' returned '0': CMAKE_PREFIX_PATH=/home/student/sjowmm_ws/install/simulation:/home/student/sjowmm_ws/install/dede:/opt/ros/foxy /usr/bin/cmake --build /home/student/sjowmm_ws/build/nav_2d_msgs -- -j12 -l12
[11.112s] Invoking command in '/home/student/sjowmm_ws/build/nav_2d_msgs': CMAKE_PREFIX_PATH=/home/student/sjowmm_ws/install/simulation:/home/student/sjowmm_ws/install/dede:/opt/ros/foxy /usr/bin/cmake --install /home/student/sjowmm_ws/build/nav_2d_msgs
[11.125s] -- Install configuration: ""
[11.125s] -- Installing: /home/student/sjowmm_ws/install/nav_2d_msgs/share/ament_index/resource_index/rosidl_interfaces/nav_2d_msgs
[11.125s] -- Installing: /home/student/sjowmm_ws/install/nav_2d_msgs/include/nav_2d_msgs
[11.126s] -- Installing: /home/student/sjowmm_ws/install/nav_2d_msgs/include/nav_2d_msgs/msg
[11.126s] -- Installing: /home/student/sjowmm_ws/install/nav_2d_msgs/include/nav_2d_msgs/msg/detail
[11.126s] -- Installing: /home/student/sjowmm_ws/install/nav_2d_msgs/include/nav_2d_msgs/msg/detail/path2_d__functions.c
[11.126s] -- Installing: /home/student/sjowmm_ws/install/nav_2d_msgs/include/nav_2d_msgs/msg/detail/twist2_d32__struct.h
[11.126s] -- Installing: /home/student/sjowmm_ws/install/nav_2d_msgs/include/nav_2d_msgs/msg/detail/twist2_d_stamped__type_support.h
[11.126s] -- Installing: /home/student/sjowmm_ws/install/nav_2d_msgs/include/nav_2d_msgs/msg/detail/pose2_d_stamped__functions.h
[11.127s] -- Installing: /home/student/sjowmm_ws/install/nav_2d_msgs/include/nav_2d_msgs/msg/detail/twist2_d_stamped__struct.h
[11.127s] -- Installing: /home/student/sjowmm_ws/install/nav_2d_msgs/include/nav_2d_msgs/msg/detail/twist2_d__functions.h
[11.127s] -- Installing: /home/student/sjowmm_ws/install/nav_2d_msgs/include/nav_2d_msgs/msg/detail/twist2_d__struct.h
[11.127s] -- Installing: /home/student/sjowmm_ws/install/nav_2d_msgs/include/nav_2d_msgs/msg/detail/twist2_d32__functions.c
[11.127s] -- Installing: /home/student/sjowmm_ws/install/nav_2d_msgs/include/nav_2d_msgs/msg/detail/pose2_d32__functions.h
[11.127s] -- Installing: /home/student/sjowmm_ws/install/nav_2d_msgs/include/nav_2d_msgs/msg/detail/pose2_d32__struct.h
[11.127s] -- Installing: /home/student/sjowmm_ws/install/nav_2d_msgs/include/nav_2d_msgs/msg/detail/twist2_d32__functions.h
[11.128s] -- Installing: /home/student/sjowmm_ws/install/nav_2d_msgs/include/nav_2d_msgs/msg/detail/path2_d__struct.h
[11.128s] -- Installing: /home/student/sjowmm_ws/install/nav_2d_msgs/include/nav_2d_msgs/msg/detail/path2_d__type_support.h
[11.128s] -- Installing: /home/student/sjowmm_ws/install/nav_2d_msgs/include/nav_2d_msgs/msg/detail/twist2_d_stamped__functions.c
[11.128s] -- Installing: /home/student/sjowmm_ws/install/nav_2d_msgs/include/nav_2d_msgs/msg/detail/twist2_d__type_support.h
[11.128s] -- Installing: /home/student/sjowmm_ws/install/nav_2d_msgs/include/nav_2d_msgs/msg/detail/pose2_d32__type_support.h
[11.128s] -- Installing: /home/student/sjowmm_ws/install/nav_2d_msgs/include/nav_2d_msgs/msg/detail/pose2_d32__functions.c
[11.128s] -- Installing: /home/student/sjowmm_ws/install/nav_2d_msgs/include/nav_2d_msgs/msg/detail/pose2_d_stamped__struct.h
[11.128s] -- Installing: /home/student/sjowmm_ws/install/nav_2d_msgs/include/nav_2d_msgs/msg/detail/path2_d__functions.h
[11.128s] -- Installing: /home/student/sjowmm_ws/install/nav_2d_msgs/include/nav_2d_msgs/msg/detail/twist2_d_stamped__functions.h
[11.128s] -- Installing: /home/student/sjowmm_ws/install/nav_2d_msgs/include/nav_2d_msgs/msg/detail/twist2_d__functions.c
[11.128s] -- Installing: /home/student/sjowmm_ws/install/nav_2d_msgs/include/nav_2d_msgs/msg/detail/twist2_d32__type_support.h
[11.128s] -- Installing: /home/student/sjowmm_ws/install/nav_2d_msgs/include/nav_2d_msgs/msg/detail/pose2_d_stamped__type_support.h
[11.129s] -- Installing: /home/student/sjowmm_ws/install/nav_2d_msgs/include/nav_2d_msgs/msg/detail/pose2_d_stamped__functions.c
[11.129s] -- Installing: /home/student/sjowmm_ws/install/nav_2d_msgs/include/nav_2d_msgs/msg/twist2_d.h
[11.129s] -- Installing: /home/student/sjowmm_ws/install/nav_2d_msgs/include/nav_2d_msgs/msg/path2_d.h
[11.129s] -- Installing: /home/student/sjowmm_ws/install/nav_2d_msgs/include/nav_2d_msgs/msg/pose2_d_stamped.h
[11.129s] -- Installing: /home/student/sjowmm_ws/install/nav_2d_msgs/include/nav_2d_msgs/msg/pose2_d32.h
[11.129s] -- Installing: /home/student/sjowmm_ws/install/nav_2d_msgs/include/nav_2d_msgs/msg/rosidl_generator_c__visibility_control.h
[11.129s] -- Installing: /home/student/sjowmm_ws/install/nav_2d_msgs/include/nav_2d_msgs/msg/twist2_d32.h
[11.129s] -- Installing: /home/student/sjowmm_ws/install/nav_2d_msgs/include/nav_2d_msgs/msg/twist2_d_stamped.h
[11.129s] -- Installing: /home/student/sjowmm_ws/install/nav_2d_msgs/share/nav_2d_msgs/environment/library_path.sh
[11.129s] -- Installing: /home/student/sjowmm_ws/install/nav_2d_msgs/share/nav_2d_msgs/environment/library_path.dsv
[11.129s] -- Installing: /home/student/sjowmm_ws/install/nav_2d_msgs/lib/libnav_2d_msgs__rosidl_generator_c.so
[11.129s] -- Set runtime path of "/home/student/sjowmm_ws/install/nav_2d_msgs/lib/libnav_2d_msgs__rosidl_generator_c.so" to ""
[11.130s] -- Up-to-date: /home/student/sjowmm_ws/install/nav_2d_msgs/include/nav_2d_msgs
[11.130s] -- Up-to-date: /home/student/sjowmm_ws/install/nav_2d_msgs/include/nav_2d_msgs/msg
[11.130s] -- Up-to-date: /home/student/sjowmm_ws/install/nav_2d_msgs/include/nav_2d_msgs/msg/detail
[11.130s] -- Installing: /home/student/sjowmm_ws/install/nav_2d_msgs/include/nav_2d_msgs/msg/detail/twist2_d__rosidl_typesupport_fastrtps_c.h
[11.130s] -- Installing: /home/student/sjowmm_ws/install/nav_2d_msgs/include/nav_2d_msgs/msg/detail/twist2_d_stamped__rosidl_typesupport_fastrtps_c.h
[11.130s] -- Installing: /home/student/sjowmm_ws/install/nav_2d_msgs/include/nav_2d_msgs/msg/detail/twist2_d32__rosidl_typesupport_fastrtps_c.h
[11.130s] -- Installing: /home/student/sjowmm_ws/install/nav_2d_msgs/include/nav_2d_msgs/msg/detail/path2_d__rosidl_typesupport_fastrtps_c.h
[11.130s] -- Installing: /home/student/sjowmm_ws/install/nav_2d_msgs/include/nav_2d_msgs/msg/detail/pose2_d_stamped__rosidl_typesupport_fastrtps_c.h
[11.130s] -- Installing: /home/student/sjowmm_ws/install/nav_2d_msgs/include/nav_2d_msgs/msg/detail/pose2_d32__rosidl_typesupport_fastrtps_c.h
[11.130s] -- Installing: /home/student/sjowmm_ws/install/nav_2d_msgs/include/nav_2d_msgs/msg/rosidl_typesupport_fastrtps_c__visibility_control.h
[11.130s] -- Installing: /home/student/sjowmm_ws/install/nav_2d_msgs/lib/libnav_2d_msgs__rosidl_typesupport_fastrtps_c.so
[11.130s] -- Set runtime path of "/home/student/sjowmm_ws/install/nav_2d_msgs/lib/libnav_2d_msgs__rosidl_typesupport_fastrtps_c.so" to ""
[11.131s] -- Up-to-date: /home/student/sjowmm_ws/install/nav_2d_msgs/include/nav_2d_msgs
[11.131s] -- Up-to-date: /home/student/sjowmm_ws/install/nav_2d_msgs/include/nav_2d_msgs/msg
[11.131s] -- Installing: /home/student/sjowmm_ws/install/nav_2d_msgs/include/nav_2d_msgs/msg/rosidl_typesupport_fastrtps_cpp__visibility_control.h
[11.131s] -- Up-to-date: /home/student/sjowmm_ws/install/nav_2d_msgs/include/nav_2d_msgs/msg/detail
[11.131s] -- Installing: /home/student/sjowmm_ws/install/nav_2d_msgs/include/nav_2d_msgs/msg/detail/dds_fastrtps
[11.131s] -- Installing: /home/student/sjowmm_ws/install/nav_2d_msgs/include/nav_2d_msgs/msg/detail/twist2_d32__rosidl_typesupport_fastrtps_cpp.hpp
[11.131s] -- Installing: /home/student/sjowmm_ws/install/nav_2d_msgs/include/nav_2d_msgs/msg/detail/pose2_d32__rosidl_typesupport_fastrtps_cpp.hpp
[11.131s] -- Installing: /home/student/sjowmm_ws/install/nav_2d_msgs/include/nav_2d_msgs/msg/detail/twist2_d__rosidl_typesupport_fastrtps_cpp.hpp
[11.131s] -- Installing: /home/student/sjowmm_ws/install/nav_2d_msgs/include/nav_2d_msgs/msg/detail/path2_d__rosidl_typesupport_fastrtps_cpp.hpp
[11.131s] -- Installing: /home/student/sjowmm_ws/install/nav_2d_msgs/include/nav_2d_msgs/msg/detail/twist2_d_stamped__rosidl_typesupport_fastrtps_cpp.hpp
[11.131s] -- Installing: /home/student/sjowmm_ws/install/nav_2d_msgs/include/nav_2d_msgs/msg/detail/pose2_d_stamped__rosidl_typesupport_fastrtps_cpp.hpp
[11.132s] -- Installing: /home/student/sjowmm_ws/install/nav_2d_msgs/lib/libnav_2d_msgs__rosidl_typesupport_fastrtps_cpp.so
[11.132s] -- Set runtime path of "/home/student/sjowmm_ws/install/nav_2d_msgs/lib/libnav_2d_msgs__rosidl_typesupport_fastrtps_cpp.so" to ""
[11.132s] -- Up-to-date: /home/student/sjowmm_ws/install/nav_2d_msgs/include/nav_2d_msgs
[11.132s] -- Up-to-date: /home/student/sjowmm_ws/install/nav_2d_msgs/include/nav_2d_msgs/msg
[11.132s] -- Up-to-date: /home/student/sjowmm_ws/install/nav_2d_msgs/include/nav_2d_msgs/msg/detail
[11.132s] -- Installing: /home/student/sjowmm_ws/install/nav_2d_msgs/include/nav_2d_msgs/msg/detail/twist2_d__type_support.c
[11.133s] -- Installing: /home/student/sjowmm_ws/install/nav_2d_msgs/include/nav_2d_msgs/msg/detail/pose2_d32__type_support.c
[11.133s] -- Installing: /home/student/sjowmm_ws/install/nav_2d_msgs/include/nav_2d_msgs/msg/detail/pose2_d32__rosidl_typesupport_introspection_c.h
[11.133s] -- Installing: /home/student/sjowmm_ws/install/nav_2d_msgs/include/nav_2d_msgs/msg/detail/path2_d__type_support.c
[11.133s] -- Installing: /home/student/sjowmm_ws/install/nav_2d_msgs/include/nav_2d_msgs/msg/detail/twist2_d32__type_support.c
[11.134s] -- Installing: /home/student/sjowmm_ws/install/nav_2d_msgs/include/nav_2d_msgs/msg/detail/twist2_d_stamped__rosidl_typesupport_introspection_c.h
[11.134s] -- Installing: /home/student/sjowmm_ws/install/nav_2d_msgs/include/nav_2d_msgs/msg/detail/twist2_d__rosidl_typesupport_introspection_c.h
[11.134s] -- Installing: /home/student/sjowmm_ws/install/nav_2d_msgs/include/nav_2d_msgs/msg/detail/pose2_d_stamped__rosidl_typesupport_introspection_c.h
[11.134s] -- Installing: /home/student/sjowmm_ws/install/nav_2d_msgs/include/nav_2d_msgs/msg/detail/pose2_d_stamped__type_support.c
[11.134s] -- Installing: /home/student/sjowmm_ws/install/nav_2d_msgs/include/nav_2d_msgs/msg/detail/twist2_d32__rosidl_typesupport_introspection_c.h
[11.134s] -- Installing: /home/student/sjowmm_ws/install/nav_2d_msgs/include/nav_2d_msgs/msg/detail/twist2_d_stamped__type_support.c
[11.134s] -- Installing: /home/student/sjowmm_ws/install/nav_2d_msgs/include/nav_2d_msgs/msg/detail/path2_d__rosidl_typesupport_introspection_c.h
[11.135s] -- Installing: /home/student/sjowmm_ws/install/nav_2d_msgs/include/nav_2d_msgs/msg/rosidl_typesupport_introspection_c__visibility_control.h
[11.135s] -- Installing: /home/student/sjowmm_ws/install/nav_2d_msgs/lib/libnav_2d_msgs__rosidl_typesupport_introspection_c.so
[11.135s] -- Set runtime path of "/home/student/sjowmm_ws/install/nav_2d_msgs/lib/libnav_2d_msgs__rosidl_typesupport_introspection_c.so" to ""
[11.135s] -- Installing: /home/student/sjowmm_ws/install/nav_2d_msgs/lib/libnav_2d_msgs__rosidl_typesupport_c.so
[11.135s] -- Set runtime path of "/home/student/sjowmm_ws/install/nav_2d_msgs/lib/libnav_2d_msgs__rosidl_typesupport_c.so" to ""
[11.135s] -- Up-to-date: /home/student/sjowmm_ws/install/nav_2d_msgs/include/nav_2d_msgs
[11.135s] -- Up-to-date: /home/student/sjowmm_ws/install/nav_2d_msgs/include/nav_2d_msgs/msg
[11.135s] -- Installing: /home/student/sjowmm_ws/install/nav_2d_msgs/include/nav_2d_msgs/msg/twist2_d_stamped.hpp
[11.136s] -- Up-to-date: /home/student/sjowmm_ws/install/nav_2d_msgs/include/nav_2d_msgs/msg/detail
[11.136s] -- Installing: /home/student/sjowmm_ws/install/nav_2d_msgs/include/nav_2d_msgs/msg/detail/path2_d__builder.hpp
[11.136s] -- Installing: /home/student/sjowmm_ws/install/nav_2d_msgs/include/nav_2d_msgs/msg/detail/path2_d__struct.hpp
[11.136s] -- Installing: /home/student/sjowmm_ws/install/nav_2d_msgs/include/nav_2d_msgs/msg/detail/twist2_d__traits.hpp
[11.136s] -- Installing: /home/student/sjowmm_ws/install/nav_2d_msgs/include/nav_2d_msgs/msg/detail/twist2_d32__builder.hpp
[11.136s] -- Installing: /home/student/sjowmm_ws/install/nav_2d_msgs/include/nav_2d_msgs/msg/detail/pose2_d_stamped__struct.hpp
[11.136s] -- Installing: /home/student/sjowmm_ws/install/nav_2d_msgs/include/nav_2d_msgs/msg/detail/twist2_d_stamped__struct.hpp
[11.136s] -- Installing: /home/student/sjowmm_ws/install/nav_2d_msgs/include/nav_2d_msgs/msg/detail/pose2_d_stamped__traits.hpp
[11.136s] -- Installing: /home/student/sjowmm_ws/install/nav_2d_msgs/include/nav_2d_msgs/msg/detail/twist2_d__builder.hpp
[11.137s] -- Installing: /home/student/sjowmm_ws/install/nav_2d_msgs/include/nav_2d_msgs/msg/detail/twist2_d32__struct.hpp
[11.137s] -- Installing: /home/student/sjowmm_ws/install/nav_2d_msgs/include/nav_2d_msgs/msg/detail/path2_d__traits.hpp
[11.137s] -- Installing: /home/student/sjowmm_ws/install/nav_2d_msgs/include/nav_2d_msgs/msg/detail/twist2_d_stamped__builder.hpp
[11.137s] -- Installing: /home/student/sjowmm_ws/install/nav_2d_msgs/include/nav_2d_msgs/msg/detail/twist2_d32__traits.hpp
[11.137s] -- Installing: /home/student/sjowmm_ws/install/nav_2d_msgs/include/nav_2d_msgs/msg/detail/twist2_d__struct.hpp
[11.137s] -- Installing: /home/student/sjowmm_ws/install/nav_2d_msgs/include/nav_2d_msgs/msg/detail/twist2_d_stamped__traits.hpp
[11.137s] -- Installing: /home/student/sjowmm_ws/install/nav_2d_msgs/include/nav_2d_msgs/msg/detail/pose2_d32__builder.hpp
[11.137s] -- Installing: /home/student/sjowmm_ws/install/nav_2d_msgs/include/nav_2d_msgs/msg/detail/pose2_d32__traits.hpp
[11.138s] -- Installing: /home/student/sjowmm_ws/install/nav_2d_msgs/include/nav_2d_msgs/msg/detail/pose2_d_stamped__builder.hpp
[11.138s] -- Installing: /home/student/sjowmm_ws/install/nav_2d_msgs/include/nav_2d_msgs/msg/detail/pose2_d32__struct.hpp
[11.138s] -- Installing: /home/student/sjowmm_ws/install/nav_2d_msgs/include/nav_2d_msgs/msg/pose2_d32.hpp
[11.138s] -- Installing: /home/student/sjowmm_ws/install/nav_2d_msgs/include/nav_2d_msgs/msg/path2_d.hpp
[11.138s] -- Installing: /home/student/sjowmm_ws/install/nav_2d_msgs/include/nav_2d_msgs/msg/twist2_d32.hpp
[11.138s] -- Installing: /home/student/sjowmm_ws/install/nav_2d_msgs/include/nav_2d_msgs/msg/pose2_d_stamped.hpp
[11.138s] -- Installing: /home/student/sjowmm_ws/install/nav_2d_msgs/include/nav_2d_msgs/msg/twist2_d.hpp
[11.138s] -- Up-to-date: /home/student/sjowmm_ws/install/nav_2d_msgs/include/nav_2d_msgs
[11.139s] -- Up-to-date: /home/student/sjowmm_ws/install/nav_2d_msgs/include/nav_2d_msgs/msg
[11.139s] -- Up-to-date: /home/student/sjowmm_ws/install/nav_2d_msgs/include/nav_2d_msgs/msg/detail
[11.139s] -- Installing: /home/student/sjowmm_ws/install/nav_2d_msgs/include/nav_2d_msgs/msg/detail/path2_d__type_support.cpp
[11.139s] -- Installing: /home/student/sjowmm_ws/install/nav_2d_msgs/include/nav_2d_msgs/msg/detail/pose2_d_stamped__type_support.cpp
[11.141s] -- Installing: /home/student/sjowmm_ws/install/nav_2d_msgs/include/nav_2d_msgs/msg/detail/twist2_d32__type_support.cpp
[11.142s] -- Installing: /home/student/sjowmm_ws/install/nav_2d_msgs/include/nav_2d_msgs/msg/detail/twist2_d__type_support.cpp
[11.142s] -- Installing: /home/student/sjowmm_ws/install/nav_2d_msgs/include/nav_2d_msgs/msg/detail/twist2_d32__rosidl_typesupport_introspection_cpp.hpp
[11.142s] -- Installing: /home/student/sjowmm_ws/install/nav_2d_msgs/include/nav_2d_msgs/msg/detail/pose2_d32__type_support.cpp
[11.142s] -- Installing: /home/student/sjowmm_ws/install/nav_2d_msgs/include/nav_2d_msgs/msg/detail/pose2_d_stamped__rosidl_typesupport_introspection_cpp.hpp
[11.142s] -- Installing: /home/student/sjowmm_ws/install/nav_2d_msgs/include/nav_2d_msgs/msg/detail/path2_d__rosidl_typesupport_introspection_cpp.hpp
[11.142s] -- Installing: /home/student/sjowmm_ws/install/nav_2d_msgs/include/nav_2d_msgs/msg/detail/twist2_d__rosidl_typesupport_introspection_cpp.hpp
[11.143s] -- Installing: /home/student/sjowmm_ws/install/nav_2d_msgs/include/nav_2d_msgs/msg/detail/pose2_d32__rosidl_typesupport_introspection_cpp.hpp
[11.143s] -- Installing: /home/student/sjowmm_ws/install/nav_2d_msgs/include/nav_2d_msgs/msg/detail/twist2_d_stamped__type_support.cpp
[11.143s] -- Installing: /home/student/sjowmm_ws/install/nav_2d_msgs/include/nav_2d_msgs/msg/detail/twist2_d_stamped__rosidl_typesupport_introspection_cpp.hpp
[11.143s] -- Installing: /home/student/sjowmm_ws/install/nav_2d_msgs/lib/libnav_2d_msgs__rosidl_typesupport_introspection_cpp.so
[11.143s] -- Set runtime path of "/home/student/sjowmm_ws/install/nav_2d_msgs/lib/libnav_2d_msgs__rosidl_typesupport_introspection_cpp.so" to ""
[11.143s] -- Installing: /home/student/sjowmm_ws/install/nav_2d_msgs/lib/libnav_2d_msgs__rosidl_typesupport_cpp.so
[11.144s] -- Set runtime path of "/home/student/sjowmm_ws/install/nav_2d_msgs/lib/libnav_2d_msgs__rosidl_typesupport_cpp.so" to ""
[11.144s] -- Installing: /home/student/sjowmm_ws/install/nav_2d_msgs/share/nav_2d_msgs/environment/pythonpath.sh
[11.144s] -- Installing: /home/student/sjowmm_ws/install/nav_2d_msgs/share/nav_2d_msgs/environment/pythonpath.dsv
[11.145s] -- Installing: /home/student/sjowmm_ws/install/nav_2d_msgs/lib/python3.8/site-packages/nav_2d_msgs/__init__.py
[11.239s] Compiling '/home/student/sjowmm_ws/install/nav_2d_msgs/lib/python3.8/site-packages/nav_2d_msgs/__init__.py'...
[11.263s] -- Installing: /home/student/sjowmm_ws/install/nav_2d_msgs/lib/python3.8/site-packages/nav_2d_msgs/msg
[11.264s] -- Installing: /home/student/sjowmm_ws/install/nav_2d_msgs/lib/python3.8/site-packages/nav_2d_msgs/msg/_twist2_d_stamped.py
[11.264s] -- Installing: /home/student/sjowmm_ws/install/nav_2d_msgs/lib/python3.8/site-packages/nav_2d_msgs/msg/_twist2_d_s.c
[11.265s] -- Installing: /home/student/sjowmm_ws/install/nav_2d_msgs/lib/python3.8/site-packages/nav_2d_msgs/msg/_pose2_d_stamped.py
[11.267s] -- Installing: /home/student/sjowmm_ws/install/nav_2d_msgs/lib/python3.8/site-packages/nav_2d_msgs/msg/_pose2_d32_s.c
[11.268s] -- Installing: /home/student/sjowmm_ws/install/nav_2d_msgs/lib/python3.8/site-packages/nav_2d_msgs/msg/_twist2_d32.py
[11.269s] -- Installing: /home/student/sjowmm_ws/install/nav_2d_msgs/lib/python3.8/site-packages/nav_2d_msgs/msg/_path2_d.py
[11.274s] -- Installing: /home/student/sjowmm_ws/install/nav_2d_msgs/lib/python3.8/site-packages/nav_2d_msgs/msg/_twist2_d_stamped_s.c
[11.274s] -- Installing: /home/student/sjowmm_ws/install/nav_2d_msgs/lib/python3.8/site-packages/nav_2d_msgs/msg/_path2_d_s.c
[11.274s] -- Installing: /home/student/sjowmm_ws/install/nav_2d_msgs/lib/python3.8/site-packages/nav_2d_msgs/msg/_twist2_d32_s.c
[11.275s] -- Installing: /home/student/sjowmm_ws/install/nav_2d_msgs/lib/python3.8/site-packages/nav_2d_msgs/msg/_twist2_d.py
[11.275s] -- Installing: /home/student/sjowmm_ws/install/nav_2d_msgs/lib/python3.8/site-packages/nav_2d_msgs/msg/_pose2_d_stamped_s.c
[11.275s] -- Installing: /home/student/sjowmm_ws/install/nav_2d_msgs/lib/python3.8/site-packages/nav_2d_msgs/msg/_pose2_d32.py
[11.277s] -- Installing: /home/student/sjowmm_ws/install/nav_2d_msgs/lib/python3.8/site-packages/nav_2d_msgs/msg/__init__.py
[11.288s] -- Installing: /home/student/sjowmm_ws/install/nav_2d_msgs/lib/python3.8/site-packages/nav_2d_msgs/nav_2d_msgs_s__rosidl_typesupport_fastrtps_c.cpython-38-x86_64-linux-gnu.so
[11.288s] -- Set runtime path of "/home/student/sjowmm_ws/install/nav_2d_msgs/lib/python3.8/site-packages/nav_2d_msgs/nav_2d_msgs_s__rosidl_typesupport_fastrtps_c.cpython-38-x86_64-linux-gnu.so" to ""
[11.288s] -- Installing: /home/student/sjowmm_ws/install/nav_2d_msgs/lib/python3.8/site-packages/nav_2d_msgs/nav_2d_msgs_s__rosidl_typesupport_introspection_c.cpython-38-x86_64-linux-gnu.so
[11.288s] -- Set runtime path of "/home/student/sjowmm_ws/install/nav_2d_msgs/lib/python3.8/site-packages/nav_2d_msgs/nav_2d_msgs_s__rosidl_typesupport_introspection_c.cpython-38-x86_64-linux-gnu.so" to ""
[11.289s] -- Installing: /home/student/sjowmm_ws/install/nav_2d_msgs/lib/python3.8/site-packages/nav_2d_msgs/nav_2d_msgs_s__rosidl_typesupport_c.cpython-38-x86_64-linux-gnu.so
[11.289s] -- Set runtime path of "/home/student/sjowmm_ws/install/nav_2d_msgs/lib/python3.8/site-packages/nav_2d_msgs/nav_2d_msgs_s__rosidl_typesupport_c.cpython-38-x86_64-linux-gnu.so" to ""
[11.289s] -- Installing: /home/student/sjowmm_ws/install/nav_2d_msgs/lib/libnav_2d_msgs__python.so
[11.289s] -- Set runtime path of "/home/student/sjowmm_ws/install/nav_2d_msgs/lib/libnav_2d_msgs__python.so" to ""
[11.289s] -- Installing: /home/student/sjowmm_ws/install/nav_2d_msgs/share/nav_2d_msgs/msg/Path2D.idl
[11.289s] -- Installing: /home/student/sjowmm_ws/install/nav_2d_msgs/share/nav_2d_msgs/msg/Pose2D32.idl
[11.290s] -- Installing: /home/student/sjowmm_ws/install/nav_2d_msgs/share/nav_2d_msgs/msg/Pose2DStamped.idl
[11.291s] -- Installing: /home/student/sjowmm_ws/install/nav_2d_msgs/share/nav_2d_msgs/msg/Twist2D.idl
[11.291s] -- Installing: /home/student/sjowmm_ws/install/nav_2d_msgs/share/nav_2d_msgs/msg/Twist2D32.idl
[11.291s] -- Installing: /home/student/sjowmm_ws/install/nav_2d_msgs/share/nav_2d_msgs/msg/Twist2DStamped.idl
[11.292s] -- Installing: /home/student/sjowmm_ws/install/nav_2d_msgs/share/nav_2d_msgs/msg/Path2D.msg
[11.294s] -- Installing: /home/student/sjowmm_ws/install/nav_2d_msgs/share/nav_2d_msgs/msg/Pose2D32.msg
[11.296s] -- Installing: /home/student/sjowmm_ws/install/nav_2d_msgs/share/nav_2d_msgs/msg/Pose2DStamped.msg
[11.310s] -- Installing: /home/student/sjowmm_ws/install/nav_2d_msgs/share/nav_2d_msgs/msg/Twist2D.msg
[11.310s] -- Installing: /home/student/sjowmm_ws/install/nav_2d_msgs/share/nav_2d_msgs/msg/Twist2D32.msg
[11.311s] -- Installing: /home/student/sjowmm_ws/install/nav_2d_msgs/share/nav_2d_msgs/msg/Twist2DStamped.msg
[11.311s] -- Installing: /home/student/sjowmm_ws/install/nav_2d_msgs/share/ament_index/resource_index/package_run_dependencies/nav_2d_msgs
[11.311s] -- Installing: /home/student/sjowmm_ws/install/nav_2d_msgs/share/ament_index/resource_index/parent_prefix_path/nav_2d_msgs
[11.311s] -- Installing: /home/student/sjowmm_ws/install/nav_2d_msgs/share/nav_2d_msgs/environment/ament_prefix_path.sh
[11.311s] -- Installing: /home/student/sjowmm_ws/install/nav_2d_msgs/share/nav_2d_msgs/environment/ament_prefix_path.dsv
[11.311s] -- Installing: /home/student/sjowmm_ws/install/nav_2d_msgs/share/nav_2d_msgs/environment/path.sh
[11.312s] -- Installing: /home/student/sjowmm_ws/install/nav_2d_msgs/share/nav_2d_msgs/environment/path.dsv
[11.312s] -- Installing: /home/student/sjowmm_ws/install/nav_2d_msgs/share/nav_2d_msgs/local_setup.bash
[11.312s] -- Installing: /home/student/sjowmm_ws/install/nav_2d_msgs/share/nav_2d_msgs/local_setup.sh
[11.312s] -- Installing: /home/student/sjowmm_ws/install/nav_2d_msgs/share/nav_2d_msgs/local_setup.zsh
[11.312s] -- Installing: /home/student/sjowmm_ws/install/nav_2d_msgs/share/nav_2d_msgs/local_setup.dsv
[11.313s] -- Installing: /home/student/sjowmm_ws/install/nav_2d_msgs/share/nav_2d_msgs/package.dsv
[11.315s] -- Installing: /home/student/sjowmm_ws/install/nav_2d_msgs/share/ament_index/resource_index/packages/nav_2d_msgs
[11.318s] -- Installing: /home/student/sjowmm_ws/install/nav_2d_msgs/share/nav_2d_msgs/cmake/nav_2d_msgs__rosidl_generator_cExport.cmake
[11.319s] -- Installing: /home/student/sjowmm_ws/install/nav_2d_msgs/share/nav_2d_msgs/cmake/nav_2d_msgs__rosidl_generator_cExport-noconfig.cmake
[11.319s] -- Installing: /home/student/sjowmm_ws/install/nav_2d_msgs/share/nav_2d_msgs/cmake/nav_2d_msgs__rosidl_typesupport_introspection_cExport.cmake
[11.320s] -- Installing: /home/student/sjowmm_ws/install/nav_2d_msgs/share/nav_2d_msgs/cmake/nav_2d_msgs__rosidl_typesupport_introspection_cExport-noconfig.cmake
[11.320s] -- Installing: /home/student/sjowmm_ws/install/nav_2d_msgs/share/nav_2d_msgs/cmake/nav_2d_msgs__rosidl_typesupport_cExport.cmake
[11.320s] -- Installing: /home/student/sjowmm_ws/install/nav_2d_msgs/share/nav_2d_msgs/cmake/nav_2d_msgs__rosidl_typesupport_cExport-noconfig.cmake
[11.320s] -- Installing: /home/student/sjowmm_ws/install/nav_2d_msgs/share/nav_2d_msgs/cmake/nav_2d_msgs__rosidl_generator_cppExport.cmake
[11.320s] -- Installing: /home/student/sjowmm_ws/install/nav_2d_msgs/share/nav_2d_msgs/cmake/nav_2d_msgs__rosidl_typesupport_introspection_cppExport.cmake
[11.320s] -- Installing: /home/student/sjowmm_ws/install/nav_2d_msgs/share/nav_2d_msgs/cmake/nav_2d_msgs__rosidl_typesupport_introspection_cppExport-noconfig.cmake
[11.320s] -- Installing: /home/student/sjowmm_ws/install/nav_2d_msgs/share/nav_2d_msgs/cmake/nav_2d_msgs__rosidl_typesupport_cppExport.cmake
[11.335s] -- Installing: /home/student/sjowmm_ws/install/nav_2d_msgs/share/nav_2d_msgs/cmake/nav_2d_msgs__rosidl_typesupport_cppExport-noconfig.cmake
[11.336s] -- Installing: /home/student/sjowmm_ws/install/nav_2d_msgs/share/nav_2d_msgs/cmake/rosidl_cmake-extras.cmake
[11.336s] -- Installing: /home/student/sjowmm_ws/install/nav_2d_msgs/share/nav_2d_msgs/cmake/ament_cmake_export_dependencies-extras.cmake
[11.344s] -- Installing: /home/student/sjowmm_ws/install/nav_2d_msgs/share/nav_2d_msgs/cmake/ament_cmake_export_libraries-extras.cmake
[11.344s] -- Installing: /home/student/sjowmm_ws/install/nav_2d_msgs/share/nav_2d_msgs/cmake/ament_cmake_export_targets-extras.cmake
[11.345s] -- Installing: /home/student/sjowmm_ws/install/nav_2d_msgs/share/nav_2d_msgs/cmake/ament_cmake_export_include_directories-extras.cmake
[11.345s] -- Installing: /home/student/sjowmm_ws/install/nav_2d_msgs/share/nav_2d_msgs/cmake/rosidl_cmake_export_typesupport_libraries-extras.cmake
[11.345s] -- Installing: /home/student/sjowmm_ws/install/nav_2d_msgs/share/nav_2d_msgs/cmake/rosidl_cmake_export_typesupport_targets-extras.cmake
[11.345s] -- Installing: /home/student/sjowmm_ws/install/nav_2d_msgs/share/nav_2d_msgs/cmake/nav_2d_msgsConfig.cmake
[11.345s] -- Installing: /home/student/sjowmm_ws/install/nav_2d_msgs/share/nav_2d_msgs/cmake/nav_2d_msgsConfig-version.cmake
[11.345s] -- Installing: /home/student/sjowmm_ws/install/nav_2d_msgs/share/nav_2d_msgs/package.xml
[11.349s] Invoked command in '/home/student/sjowmm_ws/build/nav_2d_msgs' returned '0': CMAKE_PREFIX_PATH=/home/student/sjowmm_ws/install/simulation:/home/student/sjowmm_ws/install/dede:/opt/ros/foxy /usr/bin/cmake --install /home/student/sjowmm_ws/build/nav_2d_msgs
