[0.045s] Invoking command in '/home/student/sjowmm_ws/build/nav2_behavior_tree': CMAKE_PREFIX_PATH=/home/student/sjowmm_ws/install/nav2_util:/home/student/sjowmm_ws/install/nav2_msgs:/home/student/sjowmm_ws/install/nav2_common:/home/student/sjowmm_ws/install/turtlebot3:/home/student/sjowmm_ws/install/turtlebot3_simulations:/home/student/sjowmm_ws/install/turtlebot3_bringup:/home/student/sjowmm_ws/install/turtlebot3_node:/home/student/sjowmm_ws/install/turtlebot3_navigation2:/home/student/sjowmm_ws/install/turtlebot3_gazebo:/home/student/sjowmm_ws/install/turtlebot3_fake_node:/home/student/sjowmm_ws/install/turtlebot3_description:/home/student/sjowmm_ws/install/turtlebot3_cartographer:/home/student/sjowmm_ws/install/nav2_system_tests:/home/student/sjowmm_ws/install/nav2_bringup:/home/student/sjowmm_ws/install/navigation2:/home/student/sjowmm_ws/install/smac_planner:/home/student/sjowmm_ws/install/nav2_dwb_controller:/home/student/sjowmm_ws/install/nav2_controller:/home/student/sjowmm_ws/install/dwb_plugins:/home/student/sjowmm_ws/install/dwb_critics:/home/student/sjowmm_ws/install/dwb_core:/home/student/sjowmm_ws/install/nav_2d_utils:/home/student/sjowmm_ws/install/dwb_msgs:/home/student/sjowmm_ws/install/nav_2d_msgs:/home/student/sjowmm_ws/install/nav2_waypoint_follower:/home/student/sjowmm_ws/install/nav2_regulated_pure_pursuit_controller:/home/student/sjowmm_ws/install/nav2_recoveries:/home/student/sjowmm_ws/install/nav2_planner:/home/student/sjowmm_ws/install/nav2_navfn_planner:/home/student/sjowmm_ws/install/nav2_core:/home/student/sjowmm_ws/install/costmap_queue:/home/student/sjowmm_ws/install/nav2_costmap_2d:/home/student/sjowmm_ws/install/nav2_voxel_grid:/home/student/sjowmm_ws/install/nav2_rviz_plugins:/home/student/sjowmm_ws/install/nav2_map_server:/home/student/sjowmm_ws/install/nav2_lifecycle_manager:/home/student/sjowmm_ws/install/nav2_bt_navigator:/home/student/sjowmm_ws/install/nav2_behavior_tree:/home/student/sjowmm_ws/install/nav2_amcl:/home/student/sjowmm_ws/install/turtlebot3_teleop:/home/student/sjowmm_ws/install/turtlebot3_example:/home/student/sjowmm_ws/install/simulation:/home/student/sjowmm_ws/install/path_projection:/home/student/sjowmm_ws/install/nav2_gazebo_spawner:/home/student/sjowmm_ws/install/green_turtle:/home/student/sjowmm_ws/install/dede:/opt/ros/foxy LD_LIBRARY_PATH=/home/student/sjowmm_ws/install/nav2_util/lib:/home/student/sjowmm_ws/install/nav2_msgs/lib:/home/student/sjowmm_ws/install/smac_planner/lib:/home/student/sjowmm_ws/install/nav2_controller/lib:/home/student/sjowmm_ws/install/dwb_plugins/lib:/home/student/sjowmm_ws/install/dwb_critics/lib:/home/student/sjowmm_ws/install/dwb_core/lib:/home/student/sjowmm_ws/install/nav_2d_utils/lib:/home/student/sjowmm_ws/install/dwb_msgs/lib:/home/student/sjowmm_ws/install/nav_2d_msgs/lib:/home/student/sjowmm_ws/install/nav2_waypoint_follower/lib:/home/student/sjowmm_ws/install/nav2_regulated_pure_pursuit_controller/lib:/home/student/sjowmm_ws/install/nav2_recoveries/lib:/home/student/sjowmm_ws/install/nav2_planner/lib:/home/student/sjowmm_ws/install/nav2_navfn_planner/lib:/home/student/sjowmm_ws/install/costmap_queue/lib:/home/student/sjowmm_ws/install/nav2_costmap_2d/lib:/home/student/sjowmm_ws/install/nav2_voxel_grid/lib:/home/student/sjowmm_ws/install/nav2_rviz_plugins/lib:/home/student/sjowmm_ws/install/nav2_map_server/lib:/home/student/sjowmm_ws/install/nav2_lifecycle_manager/lib:/home/student/sjowmm_ws/install/nav2_bt_navigator/lib:/home/student/sjowmm_ws/install/nav2_behavior_tree/lib:/home/student/sjowmm_ws/install/nav2_amcl/lib:/usr/lib/x86_64-linux-gnu/gazebo-11/plugins:/opt/ros/foxy/opt/yaml_cpp_vendor/lib:/opt/ros/foxy/opt/rviz_ogre_vendor/lib:/opt/ros/foxy/lib/x86_64-linux-gnu:/opt/ros/foxy/lib PYTHONPATH=/home/student/sjowmm_ws/install/nav2_msgs/lib/python3.8/site-packages:/home/student/sjowmm_ws/install/nav2_common/lib/python3.8/site-packages:/home/student/sjowmm_ws/install/turtlebot3_teleop/lib/python3.8/site-packages:/home/student/sjowmm_ws/install/turtlebot3_example/lib/python3.8/site-packages:/home/student/sjowmm_ws/install/simulation/lib/python3.8/site-packages:/home/student/sjowmm_ws/install/path_projection/lib/python3.8/site-packages:/home/student/sjowmm_ws/install/dwb_msgs/lib/python3.8/site-packages:/home/student/sjowmm_ws/install/nav_2d_msgs/lib/python3.8/site-packages:/home/student/sjowmm_ws/install/nav2_gazebo_spawner/lib/python3.8/site-packages:/home/student/sjowmm_ws/install/green_turtle/lib/python3.8/site-packages:/home/student/sjowmm_ws/install/dede/lib/python3.8/site-packages:/opt/ros/foxy/lib/python3.8/site-packages /usr/bin/cmake --build /home/student/sjowmm_ws/build/nav2_behavior_tree -- -j12 -l12
[0.172s] [  2%] Built target nav2_pipeline_sequence_bt_node
[0.174s] [  4%] Built target nav2_transform_available_condition_bt_node
[0.177s] [  6%] Built target nav2_goal_updated_condition_bt_node
[0.182s] [  8%] Built target nav2_wait_action_bt_node
[0.182s] [ 10%] Built target nav2_is_stuck_condition_bt_node
[0.182s] [ 12%] Built target nav2_compute_path_to_pose_action_bt_node
[0.183s] [ 14%] Built target nav2_initial_pose_received_condition_bt_node
[0.185s] [ 16%] Built target nav2_spin_action_bt_node
[0.191s] [ 18%] Built target nav2_goal_updater_node_bt_node
[0.193s] [ 20%] Built target nav2_goal_reached_condition_bt_node
[0.196s] [ 22%] Built target nav2_behavior_tree
[0.203s] [ 24%] Built target nav2_follow_path_action_bt_node
[0.239s] [ 26%] Built target nav2_time_expired_condition_bt_node
[0.271s] [ 28%] Built target nav2_distance_traveled_condition_bt_node
[0.278s] [ 30%] Built target nav2_rate_controller_bt_node
[0.285s] [ 32%] Built target nav2_reinitialize_global_localization_service_bt_node
[0.285s] [ 34%] Built target nav2_distance_controller_bt_node
[0.285s] [ 36%] Built target nav2_clear_costmap_service_bt_node
[0.288s] [ 38%] Built target nav2_round_robin_node_bt_node
[0.289s] [ 40%] Built target nav2_is_battery_low_condition_bt_node
[0.339s] [ 42%] Built target nav2_truncate_path_action_bt_node
[0.339s] [ 44%] Built target gtest
[0.339s] [ 46%] Built target gtest_main
[0.341s] [ 48%] Built target nav2_speed_controller_bt_node
[0.341s] [ 51%] Built target nav2_navigate_to_pose_action_bt_node
[0.342s] [ 53%] Built target nav2_recovery_node_bt_node
[0.351s] [ 55%] Built target nav2_back_up_action_bt_node
[0.415s] [ 61%] Built target test_condition_goal_updated
[0.416s] [ 61%] Built target test_condition_distance_traveled
[0.416s] [ 63%] Built target test_condition_initial_pose_received
[0.416s] [ 64%] Built target test_condition_time_expired
[0.416s] [ 65%] Built target test_bt_conversions
[0.417s] [ 67%] Built target test_condition_is_stuck
[0.417s] [ 69%] Built target test_condition_is_battery_low
[0.423s] [ 71%] Built target test_condition_goal_reached
[0.433s] [ 73%] Built target test_condition_transform_available
[0.433s] [ 75%] Built target test_goal_updater_node
[0.434s] [ 77%] Built target test_decorator_rate_controller
[0.438s] [ 79%] Built target test_decorator_speed_controller
[0.477s] [ 82%] Built target test_control_round_robin_node
[0.477s] [ 83%] Built target test_decorator_distance_controller
[0.477s] [ 85%] Built target test_control_recovery_node
[0.483s] [ 87%] Built target test_truncate_path_action
[0.491s] [ 91%] Built target test_action_navigate_to_pose_action
[0.491s] [ 91%] Built target test_control_pipeline_sequence
[0.492s] [ 93%] Built target test_action_compute_path_to_pose_action
[0.493s] [ 95%] Built target test_action_reinitialize_global_localization_service
[0.494s] [100%] Built target test_action_clear_costmap_service
[0.494s] [100%] Built target test_action_follow_path_action
[0.530s] Invoked command in '/home/student/sjowmm_ws/build/nav2_behavior_tree' returned '0': CMAKE_PREFIX_PATH=/home/student/sjowmm_ws/install/nav2_util:/home/student/sjowmm_ws/install/nav2_msgs:/home/student/sjowmm_ws/install/nav2_common:/home/student/sjowmm_ws/install/turtlebot3:/home/student/sjowmm_ws/install/turtlebot3_simulations:/home/student/sjowmm_ws/install/turtlebot3_bringup:/home/student/sjowmm_ws/install/turtlebot3_node:/home/student/sjowmm_ws/install/turtlebot3_navigation2:/home/student/sjowmm_ws/install/turtlebot3_gazebo:/home/student/sjowmm_ws/install/turtlebot3_fake_node:/home/student/sjowmm_ws/install/turtlebot3_description:/home/student/sjowmm_ws/install/turtlebot3_cartographer:/home/student/sjowmm_ws/install/nav2_system_tests:/home/student/sjowmm_ws/install/nav2_bringup:/home/student/sjowmm_ws/install/navigation2:/home/student/sjowmm_ws/install/smac_planner:/home/student/sjowmm_ws/install/nav2_dwb_controller:/home/student/sjowmm_ws/install/nav2_controller:/home/student/sjowmm_ws/install/dwb_plugins:/home/student/sjowmm_ws/install/dwb_critics:/home/student/sjowmm_ws/install/dwb_core:/home/student/sjowmm_ws/install/nav_2d_utils:/home/student/sjowmm_ws/install/dwb_msgs:/home/student/sjowmm_ws/install/nav_2d_msgs:/home/student/sjowmm_ws/install/nav2_waypoint_follower:/home/student/sjowmm_ws/install/nav2_regulated_pure_pursuit_controller:/home/student/sjowmm_ws/install/nav2_recoveries:/home/student/sjowmm_ws/install/nav2_planner:/home/student/sjowmm_ws/install/nav2_navfn_planner:/home/student/sjowmm_ws/install/nav2_core:/home/student/sjowmm_ws/install/costmap_queue:/home/student/sjowmm_ws/install/nav2_costmap_2d:/home/student/sjowmm_ws/install/nav2_voxel_grid:/home/student/sjowmm_ws/install/nav2_rviz_plugins:/home/student/sjowmm_ws/install/nav2_map_server:/home/student/sjowmm_ws/install/nav2_lifecycle_manager:/home/student/sjowmm_ws/install/nav2_bt_navigator:/home/student/sjowmm_ws/install/nav2_behavior_tree:/home/student/sjowmm_ws/install/nav2_amcl:/home/student/sjowmm_ws/install/turtlebot3_teleop:/home/student/sjowmm_ws/install/turtlebot3_example:/home/student/sjowmm_ws/install/simulation:/home/student/sjowmm_ws/install/path_projection:/home/student/sjowmm_ws/install/nav2_gazebo_spawner:/home/student/sjowmm_ws/install/green_turtle:/home/student/sjowmm_ws/install/dede:/opt/ros/foxy LD_LIBRARY_PATH=/home/student/sjowmm_ws/install/nav2_util/lib:/home/student/sjowmm_ws/install/nav2_msgs/lib:/home/student/sjowmm_ws/install/smac_planner/lib:/home/student/sjowmm_ws/install/nav2_controller/lib:/home/student/sjowmm_ws/install/dwb_plugins/lib:/home/student/sjowmm_ws/install/dwb_critics/lib:/home/student/sjowmm_ws/install/dwb_core/lib:/home/student/sjowmm_ws/install/nav_2d_utils/lib:/home/student/sjowmm_ws/install/dwb_msgs/lib:/home/student/sjowmm_ws/install/nav_2d_msgs/lib:/home/student/sjowmm_ws/install/nav2_waypoint_follower/lib:/home/student/sjowmm_ws/install/nav2_regulated_pure_pursuit_controller/lib:/home/student/sjowmm_ws/install/nav2_recoveries/lib:/home/student/sjowmm_ws/install/nav2_planner/lib:/home/student/sjowmm_ws/install/nav2_navfn_planner/lib:/home/student/sjowmm_ws/install/costmap_queue/lib:/home/student/sjowmm_ws/install/nav2_costmap_2d/lib:/home/student/sjowmm_ws/install/nav2_voxel_grid/lib:/home/student/sjowmm_ws/install/nav2_rviz_plugins/lib:/home/student/sjowmm_ws/install/nav2_map_server/lib:/home/student/sjowmm_ws/install/nav2_lifecycle_manager/lib:/home/student/sjowmm_ws/install/nav2_bt_navigator/lib:/home/student/sjowmm_ws/install/nav2_behavior_tree/lib:/home/student/sjowmm_ws/install/nav2_amcl/lib:/usr/lib/x86_64-linux-gnu/gazebo-11/plugins:/opt/ros/foxy/opt/yaml_cpp_vendor/lib:/opt/ros/foxy/opt/rviz_ogre_vendor/lib:/opt/ros/foxy/lib/x86_64-linux-gnu:/opt/ros/foxy/lib PYTHONPATH=/home/student/sjowmm_ws/install/nav2_msgs/lib/python3.8/site-packages:/home/student/sjowmm_ws/install/nav2_common/lib/python3.8/site-packages:/home/student/sjowmm_ws/install/turtlebot3_teleop/lib/python3.8/site-packages:/home/student/sjowmm_ws/install/turtlebot3_example/lib/python3.8/site-packages:/home/student/sjowmm_ws/install/simulation/lib/python3.8/site-packages:/home/student/sjowmm_ws/install/path_projection/lib/python3.8/site-packages:/home/student/sjowmm_ws/install/dwb_msgs/lib/python3.8/site-packages:/home/student/sjowmm_ws/install/nav_2d_msgs/lib/python3.8/site-packages:/home/student/sjowmm_ws/install/nav2_gazebo_spawner/lib/python3.8/site-packages:/home/student/sjowmm_ws/install/green_turtle/lib/python3.8/site-packages:/home/student/sjowmm_ws/install/dede/lib/python3.8/site-packages:/opt/ros/foxy/lib/python3.8/site-packages /usr/bin/cmake --build /home/student/sjowmm_ws/build/nav2_behavior_tree -- -j12 -l12
[0.639s] Invoking command in '/home/student/sjowmm_ws/build/nav2_behavior_tree': CMAKE_PREFIX_PATH=/home/student/sjowmm_ws/install/nav2_util:/home/student/sjowmm_ws/install/nav2_msgs:/home/student/sjowmm_ws/install/nav2_common:/home/student/sjowmm_ws/install/turtlebot3:/home/student/sjowmm_ws/install/turtlebot3_simulations:/home/student/sjowmm_ws/install/turtlebot3_bringup:/home/student/sjowmm_ws/install/turtlebot3_node:/home/student/sjowmm_ws/install/turtlebot3_navigation2:/home/student/sjowmm_ws/install/turtlebot3_gazebo:/home/student/sjowmm_ws/install/turtlebot3_fake_node:/home/student/sjowmm_ws/install/turtlebot3_description:/home/student/sjowmm_ws/install/turtlebot3_cartographer:/home/student/sjowmm_ws/install/nav2_system_tests:/home/student/sjowmm_ws/install/nav2_bringup:/home/student/sjowmm_ws/install/navigation2:/home/student/sjowmm_ws/install/smac_planner:/home/student/sjowmm_ws/install/nav2_dwb_controller:/home/student/sjowmm_ws/install/nav2_controller:/home/student/sjowmm_ws/install/dwb_plugins:/home/student/sjowmm_ws/install/dwb_critics:/home/student/sjowmm_ws/install/dwb_core:/home/student/sjowmm_ws/install/nav_2d_utils:/home/student/sjowmm_ws/install/dwb_msgs:/home/student/sjowmm_ws/install/nav_2d_msgs:/home/student/sjowmm_ws/install/nav2_waypoint_follower:/home/student/sjowmm_ws/install/nav2_regulated_pure_pursuit_controller:/home/student/sjowmm_ws/install/nav2_recoveries:/home/student/sjowmm_ws/install/nav2_planner:/home/student/sjowmm_ws/install/nav2_navfn_planner:/home/student/sjowmm_ws/install/nav2_core:/home/student/sjowmm_ws/install/costmap_queue:/home/student/sjowmm_ws/install/nav2_costmap_2d:/home/student/sjowmm_ws/install/nav2_voxel_grid:/home/student/sjowmm_ws/install/nav2_rviz_plugins:/home/student/sjowmm_ws/install/nav2_map_server:/home/student/sjowmm_ws/install/nav2_lifecycle_manager:/home/student/sjowmm_ws/install/nav2_bt_navigator:/home/student/sjowmm_ws/install/nav2_behavior_tree:/home/student/sjowmm_ws/install/nav2_amcl:/home/student/sjowmm_ws/install/turtlebot3_teleop:/home/student/sjowmm_ws/install/turtlebot3_example:/home/student/sjowmm_ws/install/simulation:/home/student/sjowmm_ws/install/path_projection:/home/student/sjowmm_ws/install/nav2_gazebo_spawner:/home/student/sjowmm_ws/install/green_turtle:/home/student/sjowmm_ws/install/dede:/opt/ros/foxy LD_LIBRARY_PATH=/home/student/sjowmm_ws/install/nav2_util/lib:/home/student/sjowmm_ws/install/nav2_msgs/lib:/home/student/sjowmm_ws/install/smac_planner/lib:/home/student/sjowmm_ws/install/nav2_controller/lib:/home/student/sjowmm_ws/install/dwb_plugins/lib:/home/student/sjowmm_ws/install/dwb_critics/lib:/home/student/sjowmm_ws/install/dwb_core/lib:/home/student/sjowmm_ws/install/nav_2d_utils/lib:/home/student/sjowmm_ws/install/dwb_msgs/lib:/home/student/sjowmm_ws/install/nav_2d_msgs/lib:/home/student/sjowmm_ws/install/nav2_waypoint_follower/lib:/home/student/sjowmm_ws/install/nav2_regulated_pure_pursuit_controller/lib:/home/student/sjowmm_ws/install/nav2_recoveries/lib:/home/student/sjowmm_ws/install/nav2_planner/lib:/home/student/sjowmm_ws/install/nav2_navfn_planner/lib:/home/student/sjowmm_ws/install/costmap_queue/lib:/home/student/sjowmm_ws/install/nav2_costmap_2d/lib:/home/student/sjowmm_ws/install/nav2_voxel_grid/lib:/home/student/sjowmm_ws/install/nav2_rviz_plugins/lib:/home/student/sjowmm_ws/install/nav2_map_server/lib:/home/student/sjowmm_ws/install/nav2_lifecycle_manager/lib:/home/student/sjowmm_ws/install/nav2_bt_navigator/lib:/home/student/sjowmm_ws/install/nav2_behavior_tree/lib:/home/student/sjowmm_ws/install/nav2_amcl/lib:/usr/lib/x86_64-linux-gnu/gazebo-11/plugins:/opt/ros/foxy/opt/yaml_cpp_vendor/lib:/opt/ros/foxy/opt/rviz_ogre_vendor/lib:/opt/ros/foxy/lib/x86_64-linux-gnu:/opt/ros/foxy/lib PYTHONPATH=/home/student/sjowmm_ws/install/nav2_msgs/lib/python3.8/site-packages:/home/student/sjowmm_ws/install/nav2_common/lib/python3.8/site-packages:/home/student/sjowmm_ws/install/turtlebot3_teleop/lib/python3.8/site-packages:/home/student/sjowmm_ws/install/turtlebot3_example/lib/python3.8/site-packages:/home/student/sjowmm_ws/install/simulation/lib/python3.8/site-packages:/home/student/sjowmm_ws/install/path_projection/lib/python3.8/site-packages:/home/student/sjowmm_ws/install/dwb_msgs/lib/python3.8/site-packages:/home/student/sjowmm_ws/install/nav_2d_msgs/lib/python3.8/site-packages:/home/student/sjowmm_ws/install/nav2_gazebo_spawner/lib/python3.8/site-packages:/home/student/sjowmm_ws/install/green_turtle/lib/python3.8/site-packages:/home/student/sjowmm_ws/install/dede/lib/python3.8/site-packages:/opt/ros/foxy/lib/python3.8/site-packages /usr/bin/cmake --install /home/student/sjowmm_ws/build/nav2_behavior_tree
[0.647s] -- Install configuration: "Release"
[0.648s] -- Up-to-date: /home/student/sjowmm_ws/install/nav2_behavior_tree/lib/libnav2_behavior_tree.so
[0.648s] -- Up-to-date: /home/student/sjowmm_ws/install/nav2_behavior_tree/lib/libnav2_compute_path_to_pose_action_bt_node.so
[0.648s] -- Up-to-date: /home/student/sjowmm_ws/install/nav2_behavior_tree/lib/libnav2_follow_path_action_bt_node.so
[0.648s] -- Up-to-date: /home/student/sjowmm_ws/install/nav2_behavior_tree/lib/libnav2_back_up_action_bt_node.so
[0.649s] -- Up-to-date: /home/student/sjowmm_ws/install/nav2_behavior_tree/lib/libnav2_spin_action_bt_node.so
[0.649s] -- Up-to-date: /home/student/sjowmm_ws/install/nav2_behavior_tree/lib/libnav2_wait_action_bt_node.so
[0.649s] -- Up-to-date: /home/student/sjowmm_ws/install/nav2_behavior_tree/lib/libnav2_clear_costmap_service_bt_node.so
[0.650s] -- Up-to-date: /home/student/sjowmm_ws/install/nav2_behavior_tree/lib/libnav2_is_stuck_condition_bt_node.so
[0.650s] -- Up-to-date: /home/student/sjowmm_ws/install/nav2_behavior_tree/lib/libnav2_transform_available_condition_bt_node.so
[0.650s] -- Up-to-date: /home/student/sjowmm_ws/install/nav2_behavior_tree/lib/libnav2_goal_reached_condition_bt_node.so
[0.650s] -- Up-to-date: /home/student/sjowmm_ws/install/nav2_behavior_tree/lib/libnav2_goal_updated_condition_bt_node.so
[0.651s] -- Up-to-date: /home/student/sjowmm_ws/install/nav2_behavior_tree/lib/libnav2_time_expired_condition_bt_node.so
[0.651s] -- Up-to-date: /home/student/sjowmm_ws/install/nav2_behavior_tree/lib/libnav2_distance_traveled_condition_bt_node.so
[0.651s] -- Up-to-date: /home/student/sjowmm_ws/install/nav2_behavior_tree/lib/libnav2_initial_pose_received_condition_bt_node.so
[0.651s] -- Up-to-date: /home/student/sjowmm_ws/install/nav2_behavior_tree/lib/libnav2_is_battery_low_condition_bt_node.so
[0.652s] -- Up-to-date: /home/student/sjowmm_ws/install/nav2_behavior_tree/lib/libnav2_reinitialize_global_localization_service_bt_node.so
[0.652s] -- Up-to-date: /home/student/sjowmm_ws/install/nav2_behavior_tree/lib/libnav2_rate_controller_bt_node.so
[0.652s] -- Up-to-date: /home/student/sjowmm_ws/install/nav2_behavior_tree/lib/libnav2_distance_controller_bt_node.so
[0.653s] -- Up-to-date: /home/student/sjowmm_ws/install/nav2_behavior_tree/lib/libnav2_speed_controller_bt_node.so
[0.653s] -- Up-to-date: /home/student/sjowmm_ws/install/nav2_behavior_tree/lib/libnav2_truncate_path_action_bt_node.so
[0.653s] -- Up-to-date: /home/student/sjowmm_ws/install/nav2_behavior_tree/lib/libnav2_goal_updater_node_bt_node.so
[0.653s] -- Up-to-date: /home/student/sjowmm_ws/install/nav2_behavior_tree/lib/libnav2_recovery_node_bt_node.so
[0.654s] -- Up-to-date: /home/student/sjowmm_ws/install/nav2_behavior_tree/lib/libnav2_navigate_to_pose_action_bt_node.so
[0.654s] -- Up-to-date: /home/student/sjowmm_ws/install/nav2_behavior_tree/lib/libnav2_pipeline_sequence_bt_node.so
[0.654s] -- Up-to-date: /home/student/sjowmm_ws/install/nav2_behavior_tree/lib/libnav2_round_robin_node_bt_node.so
[0.654s] -- Up-to-date: /home/student/sjowmm_ws/install/nav2_behavior_tree/include/
[0.655s] -- Up-to-date: /home/student/sjowmm_ws/install/nav2_behavior_tree/include//nav2_behavior_tree
[0.655s] -- Up-to-date: /home/student/sjowmm_ws/install/nav2_behavior_tree/include//nav2_behavior_tree/behavior_tree_engine.hpp
[0.655s] -- Up-to-date: /home/student/sjowmm_ws/install/nav2_behavior_tree/include//nav2_behavior_tree/bt_conversions.hpp
[0.655s] -- Up-to-date: /home/student/sjowmm_ws/install/nav2_behavior_tree/include//nav2_behavior_tree/bt_service_node.hpp
[0.655s] -- Up-to-date: /home/student/sjowmm_ws/install/nav2_behavior_tree/include//nav2_behavior_tree/bt_action_node.hpp
[0.655s] -- Up-to-date: /home/student/sjowmm_ws/install/nav2_behavior_tree/include//nav2_behavior_tree/plugins
[0.656s] -- Up-to-date: /home/student/sjowmm_ws/install/nav2_behavior_tree/include//nav2_behavior_tree/plugins/control
[0.656s] -- Up-to-date: /home/student/sjowmm_ws/install/nav2_behavior_tree/include//nav2_behavior_tree/plugins/control/round_robin_node.hpp
[0.656s] -- Up-to-date: /home/student/sjowmm_ws/install/nav2_behavior_tree/include//nav2_behavior_tree/plugins/control/recovery_node.hpp
[0.656s] -- Up-to-date: /home/student/sjowmm_ws/install/nav2_behavior_tree/include//nav2_behavior_tree/plugins/control/pipeline_sequence.hpp
[0.656s] -- Up-to-date: /home/student/sjowmm_ws/install/nav2_behavior_tree/include//nav2_behavior_tree/plugins/condition
[0.656s] -- Up-to-date: /home/student/sjowmm_ws/install/nav2_behavior_tree/include//nav2_behavior_tree/plugins/condition/goal_reached_condition.hpp
[0.656s] -- Up-to-date: /home/student/sjowmm_ws/install/nav2_behavior_tree/include//nav2_behavior_tree/plugins/condition/is_stuck_condition.hpp
[0.656s] -- Up-to-date: /home/student/sjowmm_ws/install/nav2_behavior_tree/include//nav2_behavior_tree/plugins/condition/initial_pose_received_condition.hpp
[0.657s] -- Up-to-date: /home/student/sjowmm_ws/install/nav2_behavior_tree/include//nav2_behavior_tree/plugins/condition/transform_available_condition.hpp
[0.657s] -- Up-to-date: /home/student/sjowmm_ws/install/nav2_behavior_tree/include//nav2_behavior_tree/plugins/condition/distance_traveled_condition.hpp
[0.657s] -- Up-to-date: /home/student/sjowmm_ws/install/nav2_behavior_tree/include//nav2_behavior_tree/plugins/condition/goal_updated_condition.hpp
[0.657s] -- Up-to-date: /home/student/sjowmm_ws/install/nav2_behavior_tree/include//nav2_behavior_tree/plugins/condition/time_expired_condition.hpp
[0.657s] -- Up-to-date: /home/student/sjowmm_ws/install/nav2_behavior_tree/include//nav2_behavior_tree/plugins/condition/is_battery_low_condition.hpp
[0.658s] -- Up-to-date: /home/student/sjowmm_ws/install/nav2_behavior_tree/include//nav2_behavior_tree/plugins/decorator
[0.658s] -- Up-to-date: /home/student/sjowmm_ws/install/nav2_behavior_tree/include//nav2_behavior_tree/plugins/decorator/rate_controller.hpp
[0.659s] -- Up-to-date: /home/student/sjowmm_ws/install/nav2_behavior_tree/include//nav2_behavior_tree/plugins/decorator/distance_controller.hpp
[0.660s] -- Up-to-date: /home/student/sjowmm_ws/install/nav2_behavior_tree/include//nav2_behavior_tree/plugins/decorator/speed_controller.hpp
[0.660s] -- Up-to-date: /home/student/sjowmm_ws/install/nav2_behavior_tree/include//nav2_behavior_tree/plugins/decorator/goal_updater_node.hpp
[0.660s] -- Up-to-date: /home/student/sjowmm_ws/install/nav2_behavior_tree/include//nav2_behavior_tree/plugins/action
[0.661s] -- Up-to-date: /home/student/sjowmm_ws/install/nav2_behavior_tree/include//nav2_behavior_tree/plugins/action/wait_action.hpp
[0.661s] -- Up-to-date: /home/student/sjowmm_ws/install/nav2_behavior_tree/include//nav2_behavior_tree/plugins/action/follow_path_action.hpp
[0.661s] -- Up-to-date: /home/student/sjowmm_ws/install/nav2_behavior_tree/include//nav2_behavior_tree/plugins/action/truncate_path_action.hpp
[0.661s] -- Up-to-date: /home/student/sjowmm_ws/install/nav2_behavior_tree/include//nav2_behavior_tree/plugins/action/navigate_to_pose_action.hpp
[0.661s] -- Up-to-date: /home/student/sjowmm_ws/install/nav2_behavior_tree/include//nav2_behavior_tree/plugins/action/back_up_action.hpp
[0.661s] -- Up-to-date: /home/student/sjowmm_ws/install/nav2_behavior_tree/include//nav2_behavior_tree/plugins/action/reinitialize_global_localization_service.hpp
[0.662s] -- Up-to-date: /home/student/sjowmm_ws/install/nav2_behavior_tree/include//nav2_behavior_tree/plugins/action/compute_path_to_pose_action.hpp
[0.663s] -- Up-to-date: /home/student/sjowmm_ws/install/nav2_behavior_tree/include//nav2_behavior_tree/plugins/action/spin_action.hpp
[0.663s] -- Up-to-date: /home/student/sjowmm_ws/install/nav2_behavior_tree/include//nav2_behavior_tree/plugins/action/clear_costmap_service.hpp
[0.663s] -- Up-to-date: /home/student/sjowmm_ws/install/nav2_behavior_tree/share/nav2_behavior_tree/nav2_tree_nodes.xml
[0.663s] -- Up-to-date: /home/student/sjowmm_ws/install/nav2_behavior_tree/share/nav2_behavior_tree/environment/library_path.sh
[0.664s] -- Up-to-date: /home/student/sjowmm_ws/install/nav2_behavior_tree/share/nav2_behavior_tree/environment/library_path.dsv
[0.664s] -- Up-to-date: /home/student/sjowmm_ws/install/nav2_behavior_tree/share/ament_index/resource_index/package_run_dependencies/nav2_behavior_tree
[0.664s] -- Up-to-date: /home/student/sjowmm_ws/install/nav2_behavior_tree/share/ament_index/resource_index/parent_prefix_path/nav2_behavior_tree
[0.665s] -- Up-to-date: /home/student/sjowmm_ws/install/nav2_behavior_tree/share/nav2_behavior_tree/environment/ament_prefix_path.sh
[0.665s] -- Up-to-date: /home/student/sjowmm_ws/install/nav2_behavior_tree/share/nav2_behavior_tree/environment/ament_prefix_path.dsv
[0.666s] -- Up-to-date: /home/student/sjowmm_ws/install/nav2_behavior_tree/share/nav2_behavior_tree/environment/path.sh
[0.666s] -- Up-to-date: /home/student/sjowmm_ws/install/nav2_behavior_tree/share/nav2_behavior_tree/environment/path.dsv
[0.666s] -- Up-to-date: /home/student/sjowmm_ws/install/nav2_behavior_tree/share/nav2_behavior_tree/local_setup.bash
[0.666s] -- Up-to-date: /home/student/sjowmm_ws/install/nav2_behavior_tree/share/nav2_behavior_tree/local_setup.sh
[0.667s] -- Up-to-date: /home/student/sjowmm_ws/install/nav2_behavior_tree/share/nav2_behavior_tree/local_setup.zsh
[0.668s] -- Up-to-date: /home/student/sjowmm_ws/install/nav2_behavior_tree/share/nav2_behavior_tree/local_setup.dsv
[0.668s] -- Installing: /home/student/sjowmm_ws/install/nav2_behavior_tree/share/nav2_behavior_tree/package.dsv
[0.668s] -- Up-to-date: /home/student/sjowmm_ws/install/nav2_behavior_tree/share/ament_index/resource_index/packages/nav2_behavior_tree
[0.669s] -- Up-to-date: /home/student/sjowmm_ws/install/nav2_behavior_tree/share/nav2_behavior_tree/cmake/ament_cmake_export_include_directories-extras.cmake
[0.669s] -- Up-to-date: /home/student/sjowmm_ws/install/nav2_behavior_tree/share/nav2_behavior_tree/cmake/ament_cmake_export_libraries-extras.cmake
[0.670s] -- Up-to-date: /home/student/sjowmm_ws/install/nav2_behavior_tree/share/nav2_behavior_tree/cmake/ament_cmake_export_dependencies-extras.cmake
[0.670s] -- Up-to-date: /home/student/sjowmm_ws/install/nav2_behavior_tree/share/nav2_behavior_tree/cmake/nav2_behavior_treeConfig.cmake
[0.670s] -- Up-to-date: /home/student/sjowmm_ws/install/nav2_behavior_tree/share/nav2_behavior_tree/cmake/nav2_behavior_treeConfig-version.cmake
[0.670s] -- Up-to-date: /home/student/sjowmm_ws/install/nav2_behavior_tree/share/nav2_behavior_tree/package.xml
[0.671s] Invoked command in '/home/student/sjowmm_ws/build/nav2_behavior_tree' returned '0': CMAKE_PREFIX_PATH=/home/student/sjowmm_ws/install/nav2_util:/home/student/sjowmm_ws/install/nav2_msgs:/home/student/sjowmm_ws/install/nav2_common:/home/student/sjowmm_ws/install/turtlebot3:/home/student/sjowmm_ws/install/turtlebot3_simulations:/home/student/sjowmm_ws/install/turtlebot3_bringup:/home/student/sjowmm_ws/install/turtlebot3_node:/home/student/sjowmm_ws/install/turtlebot3_navigation2:/home/student/sjowmm_ws/install/turtlebot3_gazebo:/home/student/sjowmm_ws/install/turtlebot3_fake_node:/home/student/sjowmm_ws/install/turtlebot3_description:/home/student/sjowmm_ws/install/turtlebot3_cartographer:/home/student/sjowmm_ws/install/nav2_system_tests:/home/student/sjowmm_ws/install/nav2_bringup:/home/student/sjowmm_ws/install/navigation2:/home/student/sjowmm_ws/install/smac_planner:/home/student/sjowmm_ws/install/nav2_dwb_controller:/home/student/sjowmm_ws/install/nav2_controller:/home/student/sjowmm_ws/install/dwb_plugins:/home/student/sjowmm_ws/install/dwb_critics:/home/student/sjowmm_ws/install/dwb_core:/home/student/sjowmm_ws/install/nav_2d_utils:/home/student/sjowmm_ws/install/dwb_msgs:/home/student/sjowmm_ws/install/nav_2d_msgs:/home/student/sjowmm_ws/install/nav2_waypoint_follower:/home/student/sjowmm_ws/install/nav2_regulated_pure_pursuit_controller:/home/student/sjowmm_ws/install/nav2_recoveries:/home/student/sjowmm_ws/install/nav2_planner:/home/student/sjowmm_ws/install/nav2_navfn_planner:/home/student/sjowmm_ws/install/nav2_core:/home/student/sjowmm_ws/install/costmap_queue:/home/student/sjowmm_ws/install/nav2_costmap_2d:/home/student/sjowmm_ws/install/nav2_voxel_grid:/home/student/sjowmm_ws/install/nav2_rviz_plugins:/home/student/sjowmm_ws/install/nav2_map_server:/home/student/sjowmm_ws/install/nav2_lifecycle_manager:/home/student/sjowmm_ws/install/nav2_bt_navigator:/home/student/sjowmm_ws/install/nav2_behavior_tree:/home/student/sjowmm_ws/install/nav2_amcl:/home/student/sjowmm_ws/install/turtlebot3_teleop:/home/student/sjowmm_ws/install/turtlebot3_example:/home/student/sjowmm_ws/install/simulation:/home/student/sjowmm_ws/install/path_projection:/home/student/sjowmm_ws/install/nav2_gazebo_spawner:/home/student/sjowmm_ws/install/green_turtle:/home/student/sjowmm_ws/install/dede:/opt/ros/foxy LD_LIBRARY_PATH=/home/student/sjowmm_ws/install/nav2_util/lib:/home/student/sjowmm_ws/install/nav2_msgs/lib:/home/student/sjowmm_ws/install/smac_planner/lib:/home/student/sjowmm_ws/install/nav2_controller/lib:/home/student/sjowmm_ws/install/dwb_plugins/lib:/home/student/sjowmm_ws/install/dwb_critics/lib:/home/student/sjowmm_ws/install/dwb_core/lib:/home/student/sjowmm_ws/install/nav_2d_utils/lib:/home/student/sjowmm_ws/install/dwb_msgs/lib:/home/student/sjowmm_ws/install/nav_2d_msgs/lib:/home/student/sjowmm_ws/install/nav2_waypoint_follower/lib:/home/student/sjowmm_ws/install/nav2_regulated_pure_pursuit_controller/lib:/home/student/sjowmm_ws/install/nav2_recoveries/lib:/home/student/sjowmm_ws/install/nav2_planner/lib:/home/student/sjowmm_ws/install/nav2_navfn_planner/lib:/home/student/sjowmm_ws/install/costmap_queue/lib:/home/student/sjowmm_ws/install/nav2_costmap_2d/lib:/home/student/sjowmm_ws/install/nav2_voxel_grid/lib:/home/student/sjowmm_ws/install/nav2_rviz_plugins/lib:/home/student/sjowmm_ws/install/nav2_map_server/lib:/home/student/sjowmm_ws/install/nav2_lifecycle_manager/lib:/home/student/sjowmm_ws/install/nav2_bt_navigator/lib:/home/student/sjowmm_ws/install/nav2_behavior_tree/lib:/home/student/sjowmm_ws/install/nav2_amcl/lib:/usr/lib/x86_64-linux-gnu/gazebo-11/plugins:/opt/ros/foxy/opt/yaml_cpp_vendor/lib:/opt/ros/foxy/opt/rviz_ogre_vendor/lib:/opt/ros/foxy/lib/x86_64-linux-gnu:/opt/ros/foxy/lib PYTHONPATH=/home/student/sjowmm_ws/install/nav2_msgs/lib/python3.8/site-packages:/home/student/sjowmm_ws/install/nav2_common/lib/python3.8/site-packages:/home/student/sjowmm_ws/install/turtlebot3_teleop/lib/python3.8/site-packages:/home/student/sjowmm_ws/install/turtlebot3_example/lib/python3.8/site-packages:/home/student/sjowmm_ws/install/simulation/lib/python3.8/site-packages:/home/student/sjowmm_ws/install/path_projection/lib/python3.8/site-packages:/home/student/sjowmm_ws/install/dwb_msgs/lib/python3.8/site-packages:/home/student/sjowmm_ws/install/nav_2d_msgs/lib/python3.8/site-packages:/home/student/sjowmm_ws/install/nav2_gazebo_spawner/lib/python3.8/site-packages:/home/student/sjowmm_ws/install/green_turtle/lib/python3.8/site-packages:/home/student/sjowmm_ws/install/dede/lib/python3.8/site-packages:/opt/ros/foxy/lib/python3.8/site-packages /usr/bin/cmake --install /home/student/sjowmm_ws/build/nav2_behavior_tree
