[0.855s] Invoking command in '/home/student/sjowmm_ws/src/simulation': PYTHONPATH=/home/student/sjowmm_ws/install/simulation/lib/python3.8/site-packages:${PYTHONPATH} /usr/bin/python3 setup.py egg_info --egg-base ../../build/simulation build --build-base /home/student/sjowmm_ws/build/simulation/build install --prefix /home/student/sjowmm_ws/install/simulation --record /home/student/sjowmm_ws/build/simulation/install.log --single-version-externally-managed
[1.590s] running egg_info
[1.592s] writing ../../build/simulation/simulation.egg-info/PKG-INFO
[1.595s] writing dependency_links to ../../build/simulation/simulation.egg-info/dependency_links.txt
[1.596s] writing entry points to ../../build/simulation/simulation.egg-info/entry_points.txt
[1.597s] writing requirements to ../../build/simulation/simulation.egg-info/requires.txt
[1.597s] writing top-level names to ../../build/simulation/simulation.egg-info/top_level.txt
[1.693s] reading manifest file '../../build/simulation/simulation.egg-info/SOURCES.txt'
[1.695s] writing manifest file '../../build/simulation/simulation.egg-info/SOURCES.txt'
[1.695s] running build
[1.696s] running build_py
[1.697s] copying simulation/readMapData.py -> /home/student/sjowmm_ws/build/simulation/build/lib/simulation
[1.698s] running install
[1.701s] running install_lib
[1.703s] copying /home/student/sjowmm_ws/build/simulation/build/lib/simulation/readMapData.py -> /home/student/sjowmm_ws/install/simulation/lib/python3.8/site-packages/simulation
[1.705s] byte-compiling /home/student/sjowmm_ws/install/simulation/lib/python3.8/site-packages/simulation/readMapData.py to readMapData.cpython-38.pyc
[1.712s] running install_data
[1.715s] running install_egg_info
[1.722s] removing '/home/student/sjowmm_ws/install/simulation/lib/python3.8/site-packages/simulation-0.0.0-py3.8.egg-info' (and everything under it)
[1.722s] Copying ../../build/simulation/simulation.egg-info to /home/student/sjowmm_ws/install/simulation/lib/python3.8/site-packages/simulation-0.0.0-py3.8.egg-info
[1.724s] running install_scripts
[1.782s] Installing readMapData script to /home/student/sjowmm_ws/install/simulation/lib/simulation
[1.783s] Installing spawn_robot_srv script to /home/student/sjowmm_ws/install/simulation/lib/simulation
[1.783s] writing list of installed files to '/home/student/sjowmm_ws/build/simulation/install.log'
[1.900s] Invoked command in '/home/student/sjowmm_ws/src/simulation' returned '0': PYTHONPATH=/home/student/sjowmm_ws/install/simulation/lib/python3.8/site-packages:${PYTHONPATH} /usr/bin/python3 setup.py egg_info --egg-base ../../build/simulation build --build-base /home/student/sjowmm_ws/build/simulation/build install --prefix /home/student/sjowmm_ws/install/simulation --record /home/student/sjowmm_ws/build/simulation/install.log --single-version-externally-managed
