[0.045s] Invoking command in '/home/student/sjowmm_ws/build/nav2_planner': AMENT_PREFIX_PATH=/home/student/sjowmm_ws/install/nav2_core:/home/student/sjowmm_ws/install/nav2_costmap_2d:/home/student/sjowmm_ws/install/nav2_util:/home/student/sjowmm_ws/install/nav2_voxel_grid:/home/student/sjowmm_ws/install/nav2_msgs:/home/student/sjowmm_ws/install/nav2_common:${AMENT_PREFIX_PATH} CMAKE_PREFIX_PATH=/home/student/sjowmm_ws/install/nav2_core:/home/student/sjowmm_ws/install/nav2_costmap_2d:/home/student/sjowmm_ws/install/nav2_util:/home/student/sjowmm_ws/install/nav2_voxel_grid:/home/student/sjowmm_ws/install/nav2_msgs:/home/student/sjowmm_ws/install/nav2_common:/opt/ros/foxy LD_LIBRARY_PATH=/home/student/sjowmm_ws/install/nav2_costmap_2d/lib:/home/student/sjowmm_ws/install/nav2_util/lib:/home/student/sjowmm_ws/install/nav2_voxel_grid/lib:/home/student/sjowmm_ws/install/nav2_msgs/lib:${LD_LIBRARY_PATH} PYTHONPATH=/home/student/sjowmm_ws/install/nav2_msgs/lib/python3.8/site-packages:/home/student/sjowmm_ws/install/nav2_common/lib/python3.8/site-packages:${PYTHONPATH} /usr/bin/cmake --build /home/student/sjowmm_ws/build/nav2_planner -- -j12 -l12
[0.157s] [ 50%] Built target planner_server_core
[0.218s] [100%] Built target planner_server
[0.241s] Invoked command in '/home/student/sjowmm_ws/build/nav2_planner' returned '0': AMENT_PREFIX_PATH=/home/student/sjowmm_ws/install/nav2_core:/home/student/sjowmm_ws/install/nav2_costmap_2d:/home/student/sjowmm_ws/install/nav2_util:/home/student/sjowmm_ws/install/nav2_voxel_grid:/home/student/sjowmm_ws/install/nav2_msgs:/home/student/sjowmm_ws/install/nav2_common:${AMENT_PREFIX_PATH} CMAKE_PREFIX_PATH=/home/student/sjowmm_ws/install/nav2_core:/home/student/sjowmm_ws/install/nav2_costmap_2d:/home/student/sjowmm_ws/install/nav2_util:/home/student/sjowmm_ws/install/nav2_voxel_grid:/home/student/sjowmm_ws/install/nav2_msgs:/home/student/sjowmm_ws/install/nav2_common:/opt/ros/foxy LD_LIBRARY_PATH=/home/student/sjowmm_ws/install/nav2_costmap_2d/lib:/home/student/sjowmm_ws/install/nav2_util/lib:/home/student/sjowmm_ws/install/nav2_voxel_grid/lib:/home/student/sjowmm_ws/install/nav2_msgs/lib:${LD_LIBRARY_PATH} PYTHONPATH=/home/student/sjowmm_ws/install/nav2_msgs/lib/python3.8/site-packages:/home/student/sjowmm_ws/install/nav2_common/lib/python3.8/site-packages:${PYTHONPATH} /usr/bin/cmake --build /home/student/sjowmm_ws/build/nav2_planner -- -j12 -l12
[0.279s] Invoking command in '/home/student/sjowmm_ws/build/nav2_planner': AMENT_PREFIX_PATH=/home/student/sjowmm_ws/install/nav2_core:/home/student/sjowmm_ws/install/nav2_costmap_2d:/home/student/sjowmm_ws/install/nav2_util:/home/student/sjowmm_ws/install/nav2_voxel_grid:/home/student/sjowmm_ws/install/nav2_msgs:/home/student/sjowmm_ws/install/nav2_common:${AMENT_PREFIX_PATH} CMAKE_PREFIX_PATH=/home/student/sjowmm_ws/install/nav2_core:/home/student/sjowmm_ws/install/nav2_costmap_2d:/home/student/sjowmm_ws/install/nav2_util:/home/student/sjowmm_ws/install/nav2_voxel_grid:/home/student/sjowmm_ws/install/nav2_msgs:/home/student/sjowmm_ws/install/nav2_common:/opt/ros/foxy LD_LIBRARY_PATH=/home/student/sjowmm_ws/install/nav2_costmap_2d/lib:/home/student/sjowmm_ws/install/nav2_util/lib:/home/student/sjowmm_ws/install/nav2_voxel_grid/lib:/home/student/sjowmm_ws/install/nav2_msgs/lib:${LD_LIBRARY_PATH} PYTHONPATH=/home/student/sjowmm_ws/install/nav2_msgs/lib/python3.8/site-packages:/home/student/sjowmm_ws/install/nav2_common/lib/python3.8/site-packages:${PYTHONPATH} /usr/bin/cmake --install /home/student/sjowmm_ws/build/nav2_planner
[0.292s] -- Install configuration: "Release"
[0.292s] -- Up-to-date: /home/student/sjowmm_ws/install/nav2_planner/lib/libplanner_server_core.so
[0.294s] -- Up-to-date: /home/student/sjowmm_ws/install/nav2_planner/lib/nav2_planner/planner_server
[0.294s] -- Up-to-date: /home/student/sjowmm_ws/install/nav2_planner/include/
[0.295s] -- Up-to-date: /home/student/sjowmm_ws/install/nav2_planner/include//nav2_planner
[0.295s] -- Up-to-date: /home/student/sjowmm_ws/install/nav2_planner/include//nav2_planner/planner_server.hpp
[0.296s] -- Up-to-date: /home/student/sjowmm_ws/install/nav2_planner/share/nav2_planner/environment/library_path.sh
[0.296s] -- Up-to-date: /home/student/sjowmm_ws/install/nav2_planner/share/nav2_planner/environment/library_path.dsv
[0.298s] -- Up-to-date: /home/student/sjowmm_ws/install/nav2_planner/share/ament_index/resource_index/package_run_dependencies/nav2_planner
[0.299s] -- Up-to-date: /home/student/sjowmm_ws/install/nav2_planner/share/ament_index/resource_index/parent_prefix_path/nav2_planner
[0.300s] -- Up-to-date: /home/student/sjowmm_ws/install/nav2_planner/share/nav2_planner/environment/ament_prefix_path.sh
[0.300s] -- Up-to-date: /home/student/sjowmm_ws/install/nav2_planner/share/nav2_planner/environment/ament_prefix_path.dsv
[0.301s] -- Up-to-date: /home/student/sjowmm_ws/install/nav2_planner/share/nav2_planner/environment/path.sh
[0.301s] -- Up-to-date: /home/student/sjowmm_ws/install/nav2_planner/share/nav2_planner/environment/path.dsv
[0.301s] -- Up-to-date: /home/student/sjowmm_ws/install/nav2_planner/share/nav2_planner/local_setup.bash
[0.301s] -- Up-to-date: /home/student/sjowmm_ws/install/nav2_planner/share/nav2_planner/local_setup.sh
[0.302s] -- Up-to-date: /home/student/sjowmm_ws/install/nav2_planner/share/nav2_planner/local_setup.zsh
[0.303s] -- Up-to-date: /home/student/sjowmm_ws/install/nav2_planner/share/nav2_planner/local_setup.dsv
[0.303s] -- Installing: /home/student/sjowmm_ws/install/nav2_planner/share/nav2_planner/package.dsv
[0.304s] -- Up-to-date: /home/student/sjowmm_ws/install/nav2_planner/share/ament_index/resource_index/packages/nav2_planner
[0.304s] -- Up-to-date: /home/student/sjowmm_ws/install/nav2_planner/share/nav2_planner/cmake/ament_cmake_export_include_directories-extras.cmake
[0.304s] -- Up-to-date: /home/student/sjowmm_ws/install/nav2_planner/share/nav2_planner/cmake/ament_cmake_export_libraries-extras.cmake
[0.304s] -- Up-to-date: /home/student/sjowmm_ws/install/nav2_planner/share/nav2_planner/cmake/ament_cmake_export_dependencies-extras.cmake
[0.304s] -- Up-to-date: /home/student/sjowmm_ws/install/nav2_planner/share/nav2_planner/cmake/ament_cmake_export_definitions-extras.cmake
[0.305s] -- Up-to-date: /home/student/sjowmm_ws/install/nav2_planner/share/nav2_planner/cmake/nav2_plannerConfig.cmake
[0.305s] -- Up-to-date: /home/student/sjowmm_ws/install/nav2_planner/share/nav2_planner/cmake/nav2_plannerConfig-version.cmake
[0.305s] -- Up-to-date: /home/student/sjowmm_ws/install/nav2_planner/share/nav2_planner/package.xml
[0.311s] Invoked command in '/home/student/sjowmm_ws/build/nav2_planner' returned '0': AMENT_PREFIX_PATH=/home/student/sjowmm_ws/install/nav2_core:/home/student/sjowmm_ws/install/nav2_costmap_2d:/home/student/sjowmm_ws/install/nav2_util:/home/student/sjowmm_ws/install/nav2_voxel_grid:/home/student/sjowmm_ws/install/nav2_msgs:/home/student/sjowmm_ws/install/nav2_common:${AMENT_PREFIX_PATH} CMAKE_PREFIX_PATH=/home/student/sjowmm_ws/install/nav2_core:/home/student/sjowmm_ws/install/nav2_costmap_2d:/home/student/sjowmm_ws/install/nav2_util:/home/student/sjowmm_ws/install/nav2_voxel_grid:/home/student/sjowmm_ws/install/nav2_msgs:/home/student/sjowmm_ws/install/nav2_common:/opt/ros/foxy LD_LIBRARY_PATH=/home/student/sjowmm_ws/install/nav2_costmap_2d/lib:/home/student/sjowmm_ws/install/nav2_util/lib:/home/student/sjowmm_ws/install/nav2_voxel_grid/lib:/home/student/sjowmm_ws/install/nav2_msgs/lib:${LD_LIBRARY_PATH} PYTHONPATH=/home/student/sjowmm_ws/install/nav2_msgs/lib/python3.8/site-packages:/home/student/sjowmm_ws/install/nav2_common/lib/python3.8/site-packages:${PYTHONPATH} /usr/bin/cmake --install /home/student/sjowmm_ws/build/nav2_planner
