[0.056s] Invoking command in '/home/student/sjowmm_ws/build/dwb_core': AMENT_PREFIX_PATH=/home/student/sjowmm_ws/install/nav2_core:/home/student/sjowmm_ws/install/nav2_costmap_2d:/home/student/sjowmm_ws/install/nav_2d_utils:/home/student/sjowmm_ws/install/nav2_util:/home/student/sjowmm_ws/install/nav2_voxel_grid:/home/student/sjowmm_ws/install/nav2_msgs:/home/student/sjowmm_ws/install/dwb_msgs:/home/student/sjowmm_ws/install/nav_2d_msgs:/home/student/sjowmm_ws/install/nav2_common:${AMENT_PREFIX_PATH} CMAKE_PREFIX_PATH=/home/student/sjowmm_ws/install/nav2_core:/home/student/sjowmm_ws/install/nav2_costmap_2d:/home/student/sjowmm_ws/install/nav_2d_utils:/home/student/sjowmm_ws/install/nav2_util:/home/student/sjowmm_ws/install/nav2_voxel_grid:/home/student/sjowmm_ws/install/nav2_msgs:/home/student/sjowmm_ws/install/dwb_msgs:/home/student/sjowmm_ws/install/nav_2d_msgs:/home/student/sjowmm_ws/install/nav2_common:/home/student/sjowmm_ws/install/simulation:/home/student/sjowmm_ws/install/dede:/opt/ros/foxy LD_LIBRARY_PATH=/home/student/sjowmm_ws/install/nav2_costmap_2d/lib:/home/student/sjowmm_ws/install/nav_2d_utils/lib:/home/student/sjowmm_ws/install/nav2_util/lib:/home/student/sjowmm_ws/install/nav2_voxel_grid/lib:/home/student/sjowmm_ws/install/nav2_msgs/lib:/home/student/sjowmm_ws/install/dwb_msgs/lib:/home/student/sjowmm_ws/install/nav_2d_msgs/lib:${LD_LIBRARY_PATH} PYTHONPATH=/home/student/sjowmm_ws/install/nav2_msgs/lib/python3.8/site-packages:/home/student/sjowmm_ws/install/dwb_msgs/lib/python3.8/site-packages:/home/student/sjowmm_ws/install/nav_2d_msgs/lib/python3.8/site-packages:/home/student/sjowmm_ws/install/nav2_common/lib/python3.8/site-packages:${PYTHONPATH} /usr/bin/cmake /home/student/sjowmm_ws/src/navigation2/nav2_dwb_controller/dwb_core -DCMAKE_INSTALL_PREFIX=/home/student/sjowmm_ws/install/dwb_core
[0.131s] -- The C compiler identification is GNU 9.4.0
[0.220s] -- The CXX compiler identification is GNU 9.4.0
[0.227s] -- Check for working C compiler: /usr/bin/cc
[0.320s] -- Check for working C compiler: /usr/bin/cc -- works
[0.321s] -- Detecting C compiler ABI info
[0.425s] -- Detecting C compiler ABI info - done
[0.442s] -- Detecting C compile features
[0.442s] -- Detecting C compile features - done
[0.446s] -- Check for working CXX compiler: /usr/bin/c++
[0.577s] -- Check for working CXX compiler: /usr/bin/c++ -- works
[0.579s] -- Detecting CXX compiler ABI info
[0.702s] -- Detecting CXX compiler ABI info - done
[0.725s] -- Detecting CXX compile features
[0.726s] -- Detecting CXX compile features - done
[0.731s] -- Found ament_cmake: 0.9.8 (/opt/ros/foxy/share/ament_cmake/cmake)
[0.767s] -- Found PythonInterp: /usr/bin/python3 (found suitable version "3.8.10", minimum required is "3") 
[0.767s] -- Using PYTHON_EXECUTABLE: /usr/bin/python3
[1.073s] -- Found nav2_common: 0.4.7 (/home/student/sjowmm_ws/install/nav2_common/share/nav2_common/cmake)
[1.076s] -- Found rclcpp: 2.3.0 (/opt/ros/foxy/share/rclcpp/cmake)
[1.156s] -- Using all available rosidl_typesupport_c: rosidl_typesupport_fastrtps_c;rosidl_typesupport_introspection_c
[1.171s] -- Found rosidl_adapter: 1.2.0 (/opt/ros/foxy/share/rosidl_adapter/cmake)
[1.283s] -- Found OpenSSL: /usr/lib/x86_64-linux-gnu/libcrypto.so (found version "1.1.1f")  
[1.325s] -- Found FastRTPS: /opt/ros/foxy/include  
[1.464s] -- Using all available rosidl_typesupport_cpp: rosidl_typesupport_fastrtps_cpp;rosidl_typesupport_introspection_cpp
[1.569s] -- Found rmw_implementation_cmake: 1.0.2 (/opt/ros/foxy/share/rmw_implementation_cmake/cmake)
[1.572s] -- Using RMW implementation 'rmw_fastrtps_cpp' as default
[1.573s] -- Looking for pthread.h
[1.681s] -- Looking for pthread.h - found
[1.681s] -- Performing Test CMAKE_HAVE_LIBC_PTHREAD
[1.844s] -- Performing Test CMAKE_HAVE_LIBC_PTHREAD - Failed
[1.844s] -- Looking for pthread_create in pthreads
[1.982s] -- Looking for pthread_create in pthreads - not found
[1.982s] -- Looking for pthread_create in pthread
[2.161s] -- Looking for pthread_create in pthread - found
[2.166s] -- Found Threads: TRUE  
[2.511s] -- Found geometry_msgs: 2.0.3 (/opt/ros/foxy/share/geometry_msgs/cmake)
[2.576s] -- Found nav_2d_msgs: 0.4.7 (/home/student/sjowmm_ws/install/nav_2d_msgs/share/nav_2d_msgs/cmake)
[2.700s] -- Found dwb_msgs: 0.4.7 (/home/student/sjowmm_ws/install/dwb_msgs/share/dwb_msgs/cmake)
[3.114s] -- Found nav2_costmap_2d: 0.4.7 (/home/student/sjowmm_ws/install/nav2_costmap_2d/share/nav2_costmap_2d/cmake)
[4.259s] -- Found Eigen3: TRUE (found version "3.3.7") 
[4.834s] -- Found nav_2d_utils: 0.4.7 (/home/student/sjowmm_ws/install/nav_2d_utils/share/nav_2d_utils/cmake)
[5.067s] -- Found nav2_core: 0.4.7 (/home/student/sjowmm_ws/install/nav2_core/share/nav2_core/cmake)
[5.678s] -- Setting build type to Release as none was specified.
[9.945s] -- Found ament_lint_auto: 0.9.6 (/opt/ros/foxy/share/ament_lint_auto/cmake)
[10.117s] -- Found ament_cmake_gtest: 0.9.8 (/opt/ros/foxy/share/ament_cmake_gtest/cmake)
[10.128s] -- Found gtest sources under '/opt/ros/foxy/src/gtest_vendor': C++ tests using 'Google Test' will be built
[10.132s] -- Check if compiler accepts -pthread
[10.272s] -- Check if compiler accepts -pthread - yes
[10.284s] -- Added test 'cppcheck' to perform static code analysis on C / C++ code
[10.284s] -- Configured cppcheck include dirs: /home/student/sjowmm_ws/src/navigation2/nav2_dwb_controller/dwb_core/include
[10.284s] -- Configured cppcheck exclude dirs and/or files: 
[10.287s] -- Added test 'cpplint' to check C / C++ code against the Google style
[10.287s] -- Configured cpplint exclude dirs and/or files: 
[10.288s] -- Added test 'lint_cmake' to check CMake code style
[10.291s] -- Added test 'uncrustify' to check C / C++ code style
[10.291s] -- Configured uncrustify additional arguments: 
[10.293s] -- Added test 'xmllint' to check XML markup files
[10.305s] -- Configuring done
[10.437s] -- Generating done
[10.441s] -- Build files have been written to: /home/student/sjowmm_ws/build/dwb_core
[10.477s] Invoked command in '/home/student/sjowmm_ws/build/dwb_core' returned '0': AMENT_PREFIX_PATH=/home/student/sjowmm_ws/install/nav2_core:/home/student/sjowmm_ws/install/nav2_costmap_2d:/home/student/sjowmm_ws/install/nav_2d_utils:/home/student/sjowmm_ws/install/nav2_util:/home/student/sjowmm_ws/install/nav2_voxel_grid:/home/student/sjowmm_ws/install/nav2_msgs:/home/student/sjowmm_ws/install/dwb_msgs:/home/student/sjowmm_ws/install/nav_2d_msgs:/home/student/sjowmm_ws/install/nav2_common:${AMENT_PREFIX_PATH} CMAKE_PREFIX_PATH=/home/student/sjowmm_ws/install/nav2_core:/home/student/sjowmm_ws/install/nav2_costmap_2d:/home/student/sjowmm_ws/install/nav_2d_utils:/home/student/sjowmm_ws/install/nav2_util:/home/student/sjowmm_ws/install/nav2_voxel_grid:/home/student/sjowmm_ws/install/nav2_msgs:/home/student/sjowmm_ws/install/dwb_msgs:/home/student/sjowmm_ws/install/nav_2d_msgs:/home/student/sjowmm_ws/install/nav2_common:/home/student/sjowmm_ws/install/simulation:/home/student/sjowmm_ws/install/dede:/opt/ros/foxy LD_LIBRARY_PATH=/home/student/sjowmm_ws/install/nav2_costmap_2d/lib:/home/student/sjowmm_ws/install/nav_2d_utils/lib:/home/student/sjowmm_ws/install/nav2_util/lib:/home/student/sjowmm_ws/install/nav2_voxel_grid/lib:/home/student/sjowmm_ws/install/nav2_msgs/lib:/home/student/sjowmm_ws/install/dwb_msgs/lib:/home/student/sjowmm_ws/install/nav_2d_msgs/lib:${LD_LIBRARY_PATH} PYTHONPATH=/home/student/sjowmm_ws/install/nav2_msgs/lib/python3.8/site-packages:/home/student/sjowmm_ws/install/dwb_msgs/lib/python3.8/site-packages:/home/student/sjowmm_ws/install/nav_2d_msgs/lib/python3.8/site-packages:/home/student/sjowmm_ws/install/nav2_common/lib/python3.8/site-packages:${PYTHONPATH} /usr/bin/cmake /home/student/sjowmm_ws/src/navigation2/nav2_dwb_controller/dwb_core -DCMAKE_INSTALL_PREFIX=/home/student/sjowmm_ws/install/dwb_core
[10.479s] Invoking command in '/home/student/sjowmm_ws/build/dwb_core': AMENT_PREFIX_PATH=/home/student/sjowmm_ws/install/nav2_core:/home/student/sjowmm_ws/install/nav2_costmap_2d:/home/student/sjowmm_ws/install/nav_2d_utils:/home/student/sjowmm_ws/install/nav2_util:/home/student/sjowmm_ws/install/nav2_voxel_grid:/home/student/sjowmm_ws/install/nav2_msgs:/home/student/sjowmm_ws/install/dwb_msgs:/home/student/sjowmm_ws/install/nav_2d_msgs:/home/student/sjowmm_ws/install/nav2_common:${AMENT_PREFIX_PATH} CMAKE_PREFIX_PATH=/home/student/sjowmm_ws/install/nav2_core:/home/student/sjowmm_ws/install/nav2_costmap_2d:/home/student/sjowmm_ws/install/nav_2d_utils:/home/student/sjowmm_ws/install/nav2_util:/home/student/sjowmm_ws/install/nav2_voxel_grid:/home/student/sjowmm_ws/install/nav2_msgs:/home/student/sjowmm_ws/install/dwb_msgs:/home/student/sjowmm_ws/install/nav_2d_msgs:/home/student/sjowmm_ws/install/nav2_common:/home/student/sjowmm_ws/install/simulation:/home/student/sjowmm_ws/install/dede:/opt/ros/foxy LD_LIBRARY_PATH=/home/student/sjowmm_ws/install/nav2_costmap_2d/lib:/home/student/sjowmm_ws/install/nav_2d_utils/lib:/home/student/sjowmm_ws/install/nav2_util/lib:/home/student/sjowmm_ws/install/nav2_voxel_grid/lib:/home/student/sjowmm_ws/install/nav2_msgs/lib:/home/student/sjowmm_ws/install/dwb_msgs/lib:/home/student/sjowmm_ws/install/nav_2d_msgs/lib:${LD_LIBRARY_PATH} PYTHONPATH=/home/student/sjowmm_ws/install/nav2_msgs/lib/python3.8/site-packages:/home/student/sjowmm_ws/install/dwb_msgs/lib/python3.8/site-packages:/home/student/sjowmm_ws/install/nav_2d_msgs/lib/python3.8/site-packages:/home/student/sjowmm_ws/install/nav2_common/lib/python3.8/site-packages:${PYTHONPATH} /usr/bin/cmake --build /home/student/sjowmm_ws/build/dwb_core -- -j12 -l12
[10.566s] [35m[1mScanning dependencies of target dwb_core[0m
[10.569s] [35m[1mScanning dependencies of target gtest_main[0m
[10.583s] [35m[1mScanning dependencies of target gtest[0m
[10.634s] [  9%] [32mBuilding CXX object gtest/CMakeFiles/gtest.dir/src/gtest-all.cc.o[0m
[10.647s] [ 18%] [32mBuilding CXX object gtest/CMakeFiles/gtest_main.dir/src/gtest_main.cc.o[0m
[10.720s] [ 27%] [32mBuilding CXX object CMakeFiles/dwb_core.dir/src/dwb_local_planner.cpp.o[0m
[10.743s] [ 36%] [32mBuilding CXX object CMakeFiles/dwb_core.dir/src/publisher.cpp.o[0m
[10.780s] [ 45%] [32mBuilding CXX object CMakeFiles/dwb_core.dir/src/illegal_trajectory_tracker.cpp.o[0m
[10.795s] [ 54%] [32mBuilding CXX object CMakeFiles/dwb_core.dir/src/trajectory_utils.cpp.o[0m
[12.442s] [ 63%] [32m[1mLinking CXX static library libgtest_main.a[0m
[12.579s] [ 63%] Built target gtest_main
[27.123s] [ 72%] [32m[1mLinking CXX static library libgtest.a[0m
[27.259s] [ 72%] Built target gtest
[35.145s] [ 81%] [32m[1mLinking CXX shared library libdwb_core.so[0m
[35.775s] [ 81%] Built target dwb_core
[35.793s] [35m[1mScanning dependencies of target utils_test[0m
[35.871s] [ 90%] [32mBuilding CXX object test/CMakeFiles/utils_test.dir/utils_test.cpp.o[0m
[40.644s] [100%] [32m[1mLinking CXX executable utils_test[0m
[41.006s] [100%] Built target utils_test
[41.019s] Invoked command in '/home/student/sjowmm_ws/build/dwb_core' returned '0': AMENT_PREFIX_PATH=/home/student/sjowmm_ws/install/nav2_core:/home/student/sjowmm_ws/install/nav2_costmap_2d:/home/student/sjowmm_ws/install/nav_2d_utils:/home/student/sjowmm_ws/install/nav2_util:/home/student/sjowmm_ws/install/nav2_voxel_grid:/home/student/sjowmm_ws/install/nav2_msgs:/home/student/sjowmm_ws/install/dwb_msgs:/home/student/sjowmm_ws/install/nav_2d_msgs:/home/student/sjowmm_ws/install/nav2_common:${AMENT_PREFIX_PATH} CMAKE_PREFIX_PATH=/home/student/sjowmm_ws/install/nav2_core:/home/student/sjowmm_ws/install/nav2_costmap_2d:/home/student/sjowmm_ws/install/nav_2d_utils:/home/student/sjowmm_ws/install/nav2_util:/home/student/sjowmm_ws/install/nav2_voxel_grid:/home/student/sjowmm_ws/install/nav2_msgs:/home/student/sjowmm_ws/install/dwb_msgs:/home/student/sjowmm_ws/install/nav_2d_msgs:/home/student/sjowmm_ws/install/nav2_common:/home/student/sjowmm_ws/install/simulation:/home/student/sjowmm_ws/install/dede:/opt/ros/foxy LD_LIBRARY_PATH=/home/student/sjowmm_ws/install/nav2_costmap_2d/lib:/home/student/sjowmm_ws/install/nav_2d_utils/lib:/home/student/sjowmm_ws/install/nav2_util/lib:/home/student/sjowmm_ws/install/nav2_voxel_grid/lib:/home/student/sjowmm_ws/install/nav2_msgs/lib:/home/student/sjowmm_ws/install/dwb_msgs/lib:/home/student/sjowmm_ws/install/nav_2d_msgs/lib:${LD_LIBRARY_PATH} PYTHONPATH=/home/student/sjowmm_ws/install/nav2_msgs/lib/python3.8/site-packages:/home/student/sjowmm_ws/install/dwb_msgs/lib/python3.8/site-packages:/home/student/sjowmm_ws/install/nav_2d_msgs/lib/python3.8/site-packages:/home/student/sjowmm_ws/install/nav2_common/lib/python3.8/site-packages:${PYTHONPATH} /usr/bin/cmake --build /home/student/sjowmm_ws/build/dwb_core -- -j12 -l12
[41.055s] Invoking command in '/home/student/sjowmm_ws/build/dwb_core': AMENT_PREFIX_PATH=/home/student/sjowmm_ws/install/nav2_core:/home/student/sjowmm_ws/install/nav2_costmap_2d:/home/student/sjowmm_ws/install/nav_2d_utils:/home/student/sjowmm_ws/install/nav2_util:/home/student/sjowmm_ws/install/nav2_voxel_grid:/home/student/sjowmm_ws/install/nav2_msgs:/home/student/sjowmm_ws/install/dwb_msgs:/home/student/sjowmm_ws/install/nav_2d_msgs:/home/student/sjowmm_ws/install/nav2_common:${AMENT_PREFIX_PATH} CMAKE_PREFIX_PATH=/home/student/sjowmm_ws/install/nav2_core:/home/student/sjowmm_ws/install/nav2_costmap_2d:/home/student/sjowmm_ws/install/nav_2d_utils:/home/student/sjowmm_ws/install/nav2_util:/home/student/sjowmm_ws/install/nav2_voxel_grid:/home/student/sjowmm_ws/install/nav2_msgs:/home/student/sjowmm_ws/install/dwb_msgs:/home/student/sjowmm_ws/install/nav_2d_msgs:/home/student/sjowmm_ws/install/nav2_common:/home/student/sjowmm_ws/install/simulation:/home/student/sjowmm_ws/install/dede:/opt/ros/foxy LD_LIBRARY_PATH=/home/student/sjowmm_ws/install/nav2_costmap_2d/lib:/home/student/sjowmm_ws/install/nav_2d_utils/lib:/home/student/sjowmm_ws/install/nav2_util/lib:/home/student/sjowmm_ws/install/nav2_voxel_grid/lib:/home/student/sjowmm_ws/install/nav2_msgs/lib:/home/student/sjowmm_ws/install/dwb_msgs/lib:/home/student/sjowmm_ws/install/nav_2d_msgs/lib:${LD_LIBRARY_PATH} PYTHONPATH=/home/student/sjowmm_ws/install/nav2_msgs/lib/python3.8/site-packages:/home/student/sjowmm_ws/install/dwb_msgs/lib/python3.8/site-packages:/home/student/sjowmm_ws/install/nav_2d_msgs/lib/python3.8/site-packages:/home/student/sjowmm_ws/install/nav2_common/lib/python3.8/site-packages:${PYTHONPATH} /usr/bin/cmake --install /home/student/sjowmm_ws/build/dwb_core
[41.066s] -- Install configuration: "Release"
[41.067s] -- Installing: /home/student/sjowmm_ws/install/dwb_core/lib/libdwb_core.so
[41.067s] -- Set runtime path of "/home/student/sjowmm_ws/install/dwb_core/lib/libdwb_core.so" to ""
[41.067s] -- Installing: /home/student/sjowmm_ws/install/dwb_core/include/
[41.068s] -- Installing: /home/student/sjowmm_ws/install/dwb_core/include//dwb_core
[41.068s] -- Installing: /home/student/sjowmm_ws/install/dwb_core/include//dwb_core/trajectory_generator.hpp
[41.068s] -- Installing: /home/student/sjowmm_ws/install/dwb_core/include//dwb_core/trajectory_critic.hpp
[41.068s] -- Installing: /home/student/sjowmm_ws/install/dwb_core/include//dwb_core/dwb_local_planner.hpp
[41.068s] -- Installing: /home/student/sjowmm_ws/install/dwb_core/include//dwb_core/publisher.hpp
[41.068s] -- Installing: /home/student/sjowmm_ws/install/dwb_core/include//dwb_core/trajectory_utils.hpp
[41.068s] -- Installing: /home/student/sjowmm_ws/install/dwb_core/include//dwb_core/exceptions.hpp
[41.068s] -- Installing: /home/student/sjowmm_ws/install/dwb_core/include//dwb_core/illegal_trajectory_tracker.hpp
[41.069s] -- Installing: /home/student/sjowmm_ws/install/dwb_core/share/dwb_core/environment/library_path.sh
[41.069s] -- Installing: /home/student/sjowmm_ws/install/dwb_core/share/dwb_core/environment/library_path.dsv
[41.069s] -- Installing: /home/student/sjowmm_ws/install/dwb_core/share/dwb_core/local_planner_plugin.xml
[41.069s] -- Installing: /home/student/sjowmm_ws/install/dwb_core/share/ament_index/resource_index/package_run_dependencies/dwb_core
[41.069s] -- Installing: /home/student/sjowmm_ws/install/dwb_core/share/ament_index/resource_index/parent_prefix_path/dwb_core
[41.069s] -- Installing: /home/student/sjowmm_ws/install/dwb_core/share/dwb_core/environment/ament_prefix_path.sh
[41.069s] -- Installing: /home/student/sjowmm_ws/install/dwb_core/share/dwb_core/environment/ament_prefix_path.dsv
[41.070s] -- Installing: /home/student/sjowmm_ws/install/dwb_core/share/dwb_core/environment/path.sh
[41.070s] -- Installing: /home/student/sjowmm_ws/install/dwb_core/share/dwb_core/environment/path.dsv
[41.070s] -- Installing: /home/student/sjowmm_ws/install/dwb_core/share/dwb_core/local_setup.bash
[41.070s] -- Installing: /home/student/sjowmm_ws/install/dwb_core/share/dwb_core/local_setup.sh
[41.070s] -- Installing: /home/student/sjowmm_ws/install/dwb_core/share/dwb_core/local_setup.zsh
[41.070s] -- Installing: /home/student/sjowmm_ws/install/dwb_core/share/dwb_core/local_setup.dsv
[41.070s] -- Installing: /home/student/sjowmm_ws/install/dwb_core/share/dwb_core/package.dsv
[41.070s] -- Installing: /home/student/sjowmm_ws/install/dwb_core/share/ament_index/resource_index/packages/dwb_core
[41.071s] -- Installing: /home/student/sjowmm_ws/install/dwb_core/share/ament_index/resource_index/nav2_core__pluginlib__plugin/dwb_core
[41.071s] -- Installing: /home/student/sjowmm_ws/install/dwb_core/share/dwb_core/cmake/ament_cmake_export_include_directories-extras.cmake
[41.071s] -- Installing: /home/student/sjowmm_ws/install/dwb_core/share/dwb_core/cmake/ament_cmake_export_libraries-extras.cmake
[41.071s] -- Installing: /home/student/sjowmm_ws/install/dwb_core/share/dwb_core/cmake/ament_cmake_export_dependencies-extras.cmake
[41.071s] -- Installing: /home/student/sjowmm_ws/install/dwb_core/share/dwb_core/cmake/ament_cmake_export_definitions-extras.cmake
[41.071s] -- Installing: /home/student/sjowmm_ws/install/dwb_core/share/dwb_core/cmake/dwb_coreConfig.cmake
[41.071s] -- Installing: /home/student/sjowmm_ws/install/dwb_core/share/dwb_core/cmake/dwb_coreConfig-version.cmake
[41.071s] -- Installing: /home/student/sjowmm_ws/install/dwb_core/share/dwb_core/package.xml
[41.075s] Invoked command in '/home/student/sjowmm_ws/build/dwb_core' returned '0': AMENT_PREFIX_PATH=/home/student/sjowmm_ws/install/nav2_core:/home/student/sjowmm_ws/install/nav2_costmap_2d:/home/student/sjowmm_ws/install/nav_2d_utils:/home/student/sjowmm_ws/install/nav2_util:/home/student/sjowmm_ws/install/nav2_voxel_grid:/home/student/sjowmm_ws/install/nav2_msgs:/home/student/sjowmm_ws/install/dwb_msgs:/home/student/sjowmm_ws/install/nav_2d_msgs:/home/student/sjowmm_ws/install/nav2_common:${AMENT_PREFIX_PATH} CMAKE_PREFIX_PATH=/home/student/sjowmm_ws/install/nav2_core:/home/student/sjowmm_ws/install/nav2_costmap_2d:/home/student/sjowmm_ws/install/nav_2d_utils:/home/student/sjowmm_ws/install/nav2_util:/home/student/sjowmm_ws/install/nav2_voxel_grid:/home/student/sjowmm_ws/install/nav2_msgs:/home/student/sjowmm_ws/install/dwb_msgs:/home/student/sjowmm_ws/install/nav_2d_msgs:/home/student/sjowmm_ws/install/nav2_common:/home/student/sjowmm_ws/install/simulation:/home/student/sjowmm_ws/install/dede:/opt/ros/foxy LD_LIBRARY_PATH=/home/student/sjowmm_ws/install/nav2_costmap_2d/lib:/home/student/sjowmm_ws/install/nav_2d_utils/lib:/home/student/sjowmm_ws/install/nav2_util/lib:/home/student/sjowmm_ws/install/nav2_voxel_grid/lib:/home/student/sjowmm_ws/install/nav2_msgs/lib:/home/student/sjowmm_ws/install/dwb_msgs/lib:/home/student/sjowmm_ws/install/nav_2d_msgs/lib:${LD_LIBRARY_PATH} PYTHONPATH=/home/student/sjowmm_ws/install/nav2_msgs/lib/python3.8/site-packages:/home/student/sjowmm_ws/install/dwb_msgs/lib/python3.8/site-packages:/home/student/sjowmm_ws/install/nav_2d_msgs/lib/python3.8/site-packages:/home/student/sjowmm_ws/install/nav2_common/lib/python3.8/site-packages:${PYTHONPATH} /usr/bin/cmake --install /home/student/sjowmm_ws/build/dwb_core
