[2.206s] Invoking command in '/home/student/sjowmm_ws/src/dede': PYTHONPATH=/home/student/sjowmm_ws/install/dede/lib/python3.8/site-packages:${PYTHONPATH} /usr/bin/python3 setup.py egg_info --egg-base ../../build/dede build --build-base /home/student/sjowmm_ws/build/dede/build install --prefix /home/student/sjowmm_ws/install/dede --record /home/student/sjowmm_ws/build/dede/install.log --single-version-externally-managed
[2.667s] running egg_info
[2.670s] writing ../../build/dede/dede.egg-info/PKG-INFO
[2.670s] writing dependency_links to ../../build/dede/dede.egg-info/dependency_links.txt
[2.675s] writing entry points to ../../build/dede/dede.egg-info/entry_points.txt
[2.675s] writing requirements to ../../build/dede/dede.egg-info/requires.txt
[2.675s] writing top-level names to ../../build/dede/dede.egg-info/top_level.txt
[2.744s] reading manifest file '../../build/dede/dede.egg-info/SOURCES.txt'
[2.744s] writing manifest file '../../build/dede/dede.egg-info/SOURCES.txt'
[2.744s] running build
[2.745s] running build_py
[2.745s] running install
[2.747s] running install_lib
[2.750s] running install_data
[2.752s] running install_egg_info
[2.756s] removing '/home/student/sjowmm_ws/install/dede/lib/python3.8/site-packages/dede-0.0.0-py3.8.egg-info' (and everything under it)
[2.757s] Copying ../../build/dede/dede.egg-info to /home/student/sjowmm_ws/install/dede/lib/python3.8/site-packages/dede-0.0.0-py3.8.egg-info
[2.759s] running install_scripts
[2.801s] writing list of installed files to '/home/student/sjowmm_ws/build/dede/install.log'
[3.228s] Invoked command in '/home/student/sjowmm_ws/src/dede' returned '0': PYTHONPATH=/home/student/sjowmm_ws/install/dede/lib/python3.8/site-packages:${PYTHONPATH} /usr/bin/python3 setup.py egg_info --egg-base ../../build/dede build --build-base /home/student/sjowmm_ws/build/dede/build install --prefix /home/student/sjowmm_ws/install/dede --record /home/student/sjowmm_ws/build/dede/install.log --single-version-externally-managed
