[0.045s] Invoking command in '/home/student/sjowmm_ws/build/nav2_controller': AMENT_PREFIX_PATH=/home/student/sjowmm_ws/install/nav2_core:/home/student/sjowmm_ws/install/nav2_costmap_2d:/home/student/sjowmm_ws/install/nav_2d_utils:/home/student/sjowmm_ws/install/nav2_util:/home/student/sjowmm_ws/install/nav2_voxel_grid:/home/student/sjowmm_ws/install/nav2_msgs:/home/student/sjowmm_ws/install/nav_2d_msgs:/home/student/sjowmm_ws/install/nav2_common:${AMENT_PREFIX_PATH} CMAKE_PREFIX_PATH=/home/student/sjowmm_ws/install/nav2_core:/home/student/sjowmm_ws/install/nav2_costmap_2d:/home/student/sjowmm_ws/install/nav_2d_utils:/home/student/sjowmm_ws/install/nav2_util:/home/student/sjowmm_ws/install/nav2_voxel_grid:/home/student/sjowmm_ws/install/nav2_msgs:/home/student/sjowmm_ws/install/nav_2d_msgs:/home/student/sjowmm_ws/install/nav2_common:/opt/ros/foxy LD_LIBRARY_PATH=/home/student/sjowmm_ws/install/nav2_costmap_2d/lib:/home/student/sjowmm_ws/install/nav_2d_utils/lib:/home/student/sjowmm_ws/install/nav2_util/lib:/home/student/sjowmm_ws/install/nav2_voxel_grid/lib:/home/student/sjowmm_ws/install/nav2_msgs/lib:/home/student/sjowmm_ws/install/nav_2d_msgs/lib:${LD_LIBRARY_PATH} PYTHONPATH=/home/student/sjowmm_ws/install/nav2_msgs/lib/python3.8/site-packages:/home/student/sjowmm_ws/install/nav_2d_msgs/lib/python3.8/site-packages:/home/student/sjowmm_ws/install/nav2_common/lib/python3.8/site-packages:${PYTHONPATH} /usr/bin/cmake --build /home/student/sjowmm_ws/build/nav2_controller -- -j12 -l12
[0.115s] [ 11%] Built target gtest
[0.116s] [ 22%] Built target gtest_main
[0.144s] [ 33%] Built target simple_progress_checker
[0.146s] [ 44%] Built target simple_goal_checker
[0.154s] [ 55%] Built target controller_server_core
[0.196s] [ 66%] Built target pctest
[0.199s] [ 77%] Built target stopped_goal_checker
[0.213s] [ 88%] Built target controller_server
[0.248s] [100%] Built target gctest
[0.280s] Invoked command in '/home/student/sjowmm_ws/build/nav2_controller' returned '0': AMENT_PREFIX_PATH=/home/student/sjowmm_ws/install/nav2_core:/home/student/sjowmm_ws/install/nav2_costmap_2d:/home/student/sjowmm_ws/install/nav_2d_utils:/home/student/sjowmm_ws/install/nav2_util:/home/student/sjowmm_ws/install/nav2_voxel_grid:/home/student/sjowmm_ws/install/nav2_msgs:/home/student/sjowmm_ws/install/nav_2d_msgs:/home/student/sjowmm_ws/install/nav2_common:${AMENT_PREFIX_PATH} CMAKE_PREFIX_PATH=/home/student/sjowmm_ws/install/nav2_core:/home/student/sjowmm_ws/install/nav2_costmap_2d:/home/student/sjowmm_ws/install/nav_2d_utils:/home/student/sjowmm_ws/install/nav2_util:/home/student/sjowmm_ws/install/nav2_voxel_grid:/home/student/sjowmm_ws/install/nav2_msgs:/home/student/sjowmm_ws/install/nav_2d_msgs:/home/student/sjowmm_ws/install/nav2_common:/opt/ros/foxy LD_LIBRARY_PATH=/home/student/sjowmm_ws/install/nav2_costmap_2d/lib:/home/student/sjowmm_ws/install/nav_2d_utils/lib:/home/student/sjowmm_ws/install/nav2_util/lib:/home/student/sjowmm_ws/install/nav2_voxel_grid/lib:/home/student/sjowmm_ws/install/nav2_msgs/lib:/home/student/sjowmm_ws/install/nav_2d_msgs/lib:${LD_LIBRARY_PATH} PYTHONPATH=/home/student/sjowmm_ws/install/nav2_msgs/lib/python3.8/site-packages:/home/student/sjowmm_ws/install/nav_2d_msgs/lib/python3.8/site-packages:/home/student/sjowmm_ws/install/nav2_common/lib/python3.8/site-packages:${PYTHONPATH} /usr/bin/cmake --build /home/student/sjowmm_ws/build/nav2_controller -- -j12 -l12
[0.349s] Invoking command in '/home/student/sjowmm_ws/build/nav2_controller': AMENT_PREFIX_PATH=/home/student/sjowmm_ws/install/nav2_core:/home/student/sjowmm_ws/install/nav2_costmap_2d:/home/student/sjowmm_ws/install/nav_2d_utils:/home/student/sjowmm_ws/install/nav2_util:/home/student/sjowmm_ws/install/nav2_voxel_grid:/home/student/sjowmm_ws/install/nav2_msgs:/home/student/sjowmm_ws/install/nav_2d_msgs:/home/student/sjowmm_ws/install/nav2_common:${AMENT_PREFIX_PATH} CMAKE_PREFIX_PATH=/home/student/sjowmm_ws/install/nav2_core:/home/student/sjowmm_ws/install/nav2_costmap_2d:/home/student/sjowmm_ws/install/nav_2d_utils:/home/student/sjowmm_ws/install/nav2_util:/home/student/sjowmm_ws/install/nav2_voxel_grid:/home/student/sjowmm_ws/install/nav2_msgs:/home/student/sjowmm_ws/install/nav_2d_msgs:/home/student/sjowmm_ws/install/nav2_common:/opt/ros/foxy LD_LIBRARY_PATH=/home/student/sjowmm_ws/install/nav2_costmap_2d/lib:/home/student/sjowmm_ws/install/nav_2d_utils/lib:/home/student/sjowmm_ws/install/nav2_util/lib:/home/student/sjowmm_ws/install/nav2_voxel_grid/lib:/home/student/sjowmm_ws/install/nav2_msgs/lib:/home/student/sjowmm_ws/install/nav_2d_msgs/lib:${LD_LIBRARY_PATH} PYTHONPATH=/home/student/sjowmm_ws/install/nav2_msgs/lib/python3.8/site-packages:/home/student/sjowmm_ws/install/nav_2d_msgs/lib/python3.8/site-packages:/home/student/sjowmm_ws/install/nav2_common/lib/python3.8/site-packages:${PYTHONPATH} /usr/bin/cmake --install /home/student/sjowmm_ws/build/nav2_controller
[0.360s] -- Install configuration: "Release"
[0.361s] -- Up-to-date: /home/student/sjowmm_ws/install/nav2_controller/lib/libsimple_progress_checker.so
[0.361s] -- Up-to-date: /home/student/sjowmm_ws/install/nav2_controller/lib/libsimple_goal_checker.so
[0.363s] -- Up-to-date: /home/student/sjowmm_ws/install/nav2_controller/lib/libstopped_goal_checker.so
[0.363s] -- Up-to-date: /home/student/sjowmm_ws/install/nav2_controller/lib/libcontroller_server_core.a
[0.365s] -- Up-to-date: /home/student/sjowmm_ws/install/nav2_controller/lib/nav2_controller/controller_server
[0.366s] -- Up-to-date: /home/student/sjowmm_ws/install/nav2_controller/include/
[0.367s] -- Up-to-date: /home/student/sjowmm_ws/install/nav2_controller/include//nav2_controller
[0.367s] -- Up-to-date: /home/student/sjowmm_ws/install/nav2_controller/include//nav2_controller/nav2_controller.hpp
[0.367s] -- Up-to-date: /home/student/sjowmm_ws/install/nav2_controller/include//nav2_controller/plugins
[0.367s] -- Up-to-date: /home/student/sjowmm_ws/install/nav2_controller/include//nav2_controller/plugins/simple_progress_checker.hpp
[0.368s] -- Up-to-date: /home/student/sjowmm_ws/install/nav2_controller/include//nav2_controller/plugins/simple_goal_checker.hpp
[0.368s] -- Up-to-date: /home/student/sjowmm_ws/install/nav2_controller/include//nav2_controller/plugins/stopped_goal_checker.hpp
[0.369s] -- Up-to-date: /home/student/sjowmm_ws/install/nav2_controller/share/nav2_controller/environment/library_path.sh
[0.369s] -- Up-to-date: /home/student/sjowmm_ws/install/nav2_controller/share/nav2_controller/environment/library_path.dsv
[0.369s] -- Up-to-date: /home/student/sjowmm_ws/install/nav2_controller/share/nav2_controller/plugins.xml
[0.371s] -- Up-to-date: /home/student/sjowmm_ws/install/nav2_controller/share/ament_index/resource_index/package_run_dependencies/nav2_controller
[0.371s] -- Up-to-date: /home/student/sjowmm_ws/install/nav2_controller/share/ament_index/resource_index/parent_prefix_path/nav2_controller
[0.372s] -- Up-to-date: /home/student/sjowmm_ws/install/nav2_controller/share/nav2_controller/environment/ament_prefix_path.sh
[0.372s] -- Up-to-date: /home/student/sjowmm_ws/install/nav2_controller/share/nav2_controller/environment/ament_prefix_path.dsv
[0.372s] -- Up-to-date: /home/student/sjowmm_ws/install/nav2_controller/share/nav2_controller/environment/path.sh
[0.372s] -- Up-to-date: /home/student/sjowmm_ws/install/nav2_controller/share/nav2_controller/environment/path.dsv
[0.373s] -- Up-to-date: /home/student/sjowmm_ws/install/nav2_controller/share/nav2_controller/local_setup.bash
[0.374s] -- Up-to-date: /home/student/sjowmm_ws/install/nav2_controller/share/nav2_controller/local_setup.sh
[0.375s] -- Up-to-date: /home/student/sjowmm_ws/install/nav2_controller/share/nav2_controller/local_setup.zsh
[0.375s] -- Up-to-date: /home/student/sjowmm_ws/install/nav2_controller/share/nav2_controller/local_setup.dsv
[0.375s] -- Installing: /home/student/sjowmm_ws/install/nav2_controller/share/nav2_controller/package.dsv
[0.376s] -- Up-to-date: /home/student/sjowmm_ws/install/nav2_controller/share/ament_index/resource_index/packages/nav2_controller
[0.377s] -- Up-to-date: /home/student/sjowmm_ws/install/nav2_controller/share/ament_index/resource_index/nav2_core__pluginlib__plugin/nav2_controller
[0.379s] -- Up-to-date: /home/student/sjowmm_ws/install/nav2_controller/share/nav2_controller/cmake/ament_cmake_export_include_directories-extras.cmake
[0.379s] -- Up-to-date: /home/student/sjowmm_ws/install/nav2_controller/share/nav2_controller/cmake/ament_cmake_export_libraries-extras.cmake
[0.380s] -- Up-to-date: /home/student/sjowmm_ws/install/nav2_controller/share/nav2_controller/cmake/ament_cmake_export_definitions-extras.cmake
[0.380s] -- Up-to-date: /home/student/sjowmm_ws/install/nav2_controller/share/nav2_controller/cmake/nav2_controllerConfig.cmake
[0.380s] -- Up-to-date: /home/student/sjowmm_ws/install/nav2_controller/share/nav2_controller/cmake/nav2_controllerConfig-version.cmake
[0.381s] -- Up-to-date: /home/student/sjowmm_ws/install/nav2_controller/share/nav2_controller/package.xml
[0.423s] Invoked command in '/home/student/sjowmm_ws/build/nav2_controller' returned '0': AMENT_PREFIX_PATH=/home/student/sjowmm_ws/install/nav2_core:/home/student/sjowmm_ws/install/nav2_costmap_2d:/home/student/sjowmm_ws/install/nav_2d_utils:/home/student/sjowmm_ws/install/nav2_util:/home/student/sjowmm_ws/install/nav2_voxel_grid:/home/student/sjowmm_ws/install/nav2_msgs:/home/student/sjowmm_ws/install/nav_2d_msgs:/home/student/sjowmm_ws/install/nav2_common:${AMENT_PREFIX_PATH} CMAKE_PREFIX_PATH=/home/student/sjowmm_ws/install/nav2_core:/home/student/sjowmm_ws/install/nav2_costmap_2d:/home/student/sjowmm_ws/install/nav_2d_utils:/home/student/sjowmm_ws/install/nav2_util:/home/student/sjowmm_ws/install/nav2_voxel_grid:/home/student/sjowmm_ws/install/nav2_msgs:/home/student/sjowmm_ws/install/nav_2d_msgs:/home/student/sjowmm_ws/install/nav2_common:/opt/ros/foxy LD_LIBRARY_PATH=/home/student/sjowmm_ws/install/nav2_costmap_2d/lib:/home/student/sjowmm_ws/install/nav_2d_utils/lib:/home/student/sjowmm_ws/install/nav2_util/lib:/home/student/sjowmm_ws/install/nav2_voxel_grid/lib:/home/student/sjowmm_ws/install/nav2_msgs/lib:/home/student/sjowmm_ws/install/nav_2d_msgs/lib:${LD_LIBRARY_PATH} PYTHONPATH=/home/student/sjowmm_ws/install/nav2_msgs/lib/python3.8/site-packages:/home/student/sjowmm_ws/install/nav_2d_msgs/lib/python3.8/site-packages:/home/student/sjowmm_ws/install/nav2_common/lib/python3.8/site-packages:${PYTHONPATH} /usr/bin/cmake --install /home/student/sjowmm_ws/build/nav2_controller
