[0.038s] Invoking command in '/home/student/sjowmm_ws/build/dwb_plugins': AMENT_PREFIX_PATH=/home/student/sjowmm_ws/install/dwb_core:/home/student/sjowmm_ws/install/nav2_core:/home/student/sjowmm_ws/install/nav2_costmap_2d:/home/student/sjowmm_ws/install/nav_2d_utils:/home/student/sjowmm_ws/install/nav2_util:/home/student/sjowmm_ws/install/nav2_voxel_grid:/home/student/sjowmm_ws/install/nav2_msgs:/home/student/sjowmm_ws/install/dwb_msgs:/home/student/sjowmm_ws/install/nav_2d_msgs:/home/student/sjowmm_ws/install/nav2_common:${AMENT_PREFIX_PATH} CMAKE_PREFIX_PATH=/home/student/sjowmm_ws/install/dwb_core:/home/student/sjowmm_ws/install/nav2_core:/home/student/sjowmm_ws/install/nav2_costmap_2d:/home/student/sjowmm_ws/install/nav_2d_utils:/home/student/sjowmm_ws/install/nav2_util:/home/student/sjowmm_ws/install/nav2_voxel_grid:/home/student/sjowmm_ws/install/nav2_msgs:/home/student/sjowmm_ws/install/dwb_msgs:/home/student/sjowmm_ws/install/nav_2d_msgs:/home/student/sjowmm_ws/install/nav2_common:/home/student/sjowmm_ws/install/simulation:/home/student/sjowmm_ws/install/dede:/opt/ros/foxy LD_LIBRARY_PATH=/home/student/sjowmm_ws/install/dwb_core/lib:/home/student/sjowmm_ws/install/nav2_costmap_2d/lib:/home/student/sjowmm_ws/install/nav_2d_utils/lib:/home/student/sjowmm_ws/install/nav2_util/lib:/home/student/sjowmm_ws/install/nav2_voxel_grid/lib:/home/student/sjowmm_ws/install/nav2_msgs/lib:/home/student/sjowmm_ws/install/dwb_msgs/lib:/home/student/sjowmm_ws/install/nav_2d_msgs/lib:${LD_LIBRARY_PATH} PYTHONPATH=/home/student/sjowmm_ws/install/nav2_msgs/lib/python3.8/site-packages:/home/student/sjowmm_ws/install/dwb_msgs/lib/python3.8/site-packages:/home/student/sjowmm_ws/install/nav_2d_msgs/lib/python3.8/site-packages:/home/student/sjowmm_ws/install/nav2_common/lib/python3.8/site-packages:${PYTHONPATH} /usr/bin/cmake /home/student/sjowmm_ws/src/navigation2/nav2_dwb_controller/dwb_plugins -DCMAKE_INSTALL_PREFIX=/home/student/sjowmm_ws/install/dwb_plugins
[0.102s] -- The C compiler identification is GNU 9.4.0
[0.168s] -- The CXX compiler identification is GNU 9.4.0
[0.174s] -- Check for working C compiler: /usr/bin/cc
[0.264s] -- Check for working C compiler: /usr/bin/cc -- works
[0.266s] -- Detecting C compiler ABI info
[0.351s] -- Detecting C compiler ABI info - done
[0.366s] -- Detecting C compile features
[0.366s] -- Detecting C compile features - done
[0.369s] -- Check for working CXX compiler: /usr/bin/c++
[0.480s] -- Check for working CXX compiler: /usr/bin/c++ -- works
[0.481s] -- Detecting CXX compiler ABI info
[0.590s] -- Detecting CXX compiler ABI info - done
[0.614s] -- Detecting CXX compile features
[0.615s] -- Detecting CXX compile features - done
[0.621s] -- Found ament_cmake: 0.9.8 (/opt/ros/foxy/share/ament_cmake/cmake)
[0.663s] -- Found PythonInterp: /usr/bin/python3 (found suitable version "3.8.10", minimum required is "3") 
[0.663s] -- Using PYTHON_EXECUTABLE: /usr/bin/python3
[0.957s] -- Found nav2_common: 0.4.7 (/home/student/sjowmm_ws/install/nav2_common/share/nav2_common/cmake)
[0.960s] -- Found angles: 1.12.3 (/opt/ros/foxy/share/angles/cmake)
[0.962s] -- Found dwb_core: 0.4.7 (/home/student/sjowmm_ws/install/dwb_core/share/dwb_core/cmake)
[1.024s] -- Using all available rosidl_typesupport_c: rosidl_typesupport_fastrtps_c;rosidl_typesupport_introspection_c
[1.033s] -- Found rosidl_adapter: 1.2.0 (/opt/ros/foxy/share/rosidl_adapter/cmake)
[1.133s] -- Found OpenSSL: /usr/lib/x86_64-linux-gnu/libcrypto.so (found version "1.1.1f")  
[1.191s] -- Found FastRTPS: /opt/ros/foxy/include  
[1.321s] -- Using all available rosidl_typesupport_cpp: rosidl_typesupport_fastrtps_cpp;rosidl_typesupport_introspection_cpp
[1.428s] -- Found rmw_implementation_cmake: 1.0.2 (/opt/ros/foxy/share/rmw_implementation_cmake/cmake)
[1.431s] -- Using RMW implementation 'rmw_fastrtps_cpp' as default
[1.432s] -- Looking for pthread.h
[1.530s] -- Looking for pthread.h - found
[1.531s] -- Performing Test CMAKE_HAVE_LIBC_PTHREAD
[1.619s] -- Performing Test CMAKE_HAVE_LIBC_PTHREAD - Failed
[1.619s] -- Looking for pthread_create in pthreads
[1.699s] -- Looking for pthread_create in pthreads - not found
[1.699s] -- Looking for pthread_create in pthread
[1.783s] -- Looking for pthread_create in pthread - found
[1.784s] -- Found Threads: TRUE  
[4.670s] -- Found Eigen3: TRUE (found version "3.3.7") 
[9.071s] -- Setting build type to Release as none was specified.
[13.586s] -- Found ament_lint_auto: 0.9.6 (/opt/ros/foxy/share/ament_lint_auto/cmake)
[13.783s] -- Found gtest sources under '/opt/ros/foxy/src/gtest_vendor': C++ tests using 'Google Test' will be built
[13.788s] -- Check if compiler accepts -pthread
[13.963s] -- Check if compiler accepts -pthread - yes
[13.977s] -- Added test 'cppcheck' to perform static code analysis on C / C++ code
[13.978s] -- Configured cppcheck include dirs: /home/student/sjowmm_ws/src/navigation2/nav2_dwb_controller/dwb_plugins/include
[13.978s] -- Configured cppcheck exclude dirs and/or files: 
[13.979s] -- Added test 'cpplint' to check C / C++ code against the Google style
[13.980s] -- Configured cpplint exclude dirs and/or files: 
[13.981s] -- Added test 'lint_cmake' to check CMake code style
[13.983s] -- Added test 'uncrustify' to check C / C++ code style
[13.983s] -- Configured uncrustify additional arguments: 
[13.984s] -- Added test 'xmllint' to check XML markup files
[13.996s] -- Configuring done
[14.119s] -- Generating done
[14.125s] -- Build files have been written to: /home/student/sjowmm_ws/build/dwb_plugins
[14.174s] Invoked command in '/home/student/sjowmm_ws/build/dwb_plugins' returned '0': AMENT_PREFIX_PATH=/home/student/sjowmm_ws/install/dwb_core:/home/student/sjowmm_ws/install/nav2_core:/home/student/sjowmm_ws/install/nav2_costmap_2d:/home/student/sjowmm_ws/install/nav_2d_utils:/home/student/sjowmm_ws/install/nav2_util:/home/student/sjowmm_ws/install/nav2_voxel_grid:/home/student/sjowmm_ws/install/nav2_msgs:/home/student/sjowmm_ws/install/dwb_msgs:/home/student/sjowmm_ws/install/nav_2d_msgs:/home/student/sjowmm_ws/install/nav2_common:${AMENT_PREFIX_PATH} CMAKE_PREFIX_PATH=/home/student/sjowmm_ws/install/dwb_core:/home/student/sjowmm_ws/install/nav2_core:/home/student/sjowmm_ws/install/nav2_costmap_2d:/home/student/sjowmm_ws/install/nav_2d_utils:/home/student/sjowmm_ws/install/nav2_util:/home/student/sjowmm_ws/install/nav2_voxel_grid:/home/student/sjowmm_ws/install/nav2_msgs:/home/student/sjowmm_ws/install/dwb_msgs:/home/student/sjowmm_ws/install/nav_2d_msgs:/home/student/sjowmm_ws/install/nav2_common:/home/student/sjowmm_ws/install/simulation:/home/student/sjowmm_ws/install/dede:/opt/ros/foxy LD_LIBRARY_PATH=/home/student/sjowmm_ws/install/dwb_core/lib:/home/student/sjowmm_ws/install/nav2_costmap_2d/lib:/home/student/sjowmm_ws/install/nav_2d_utils/lib:/home/student/sjowmm_ws/install/nav2_util/lib:/home/student/sjowmm_ws/install/nav2_voxel_grid/lib:/home/student/sjowmm_ws/install/nav2_msgs/lib:/home/student/sjowmm_ws/install/dwb_msgs/lib:/home/student/sjowmm_ws/install/nav_2d_msgs/lib:${LD_LIBRARY_PATH} PYTHONPATH=/home/student/sjowmm_ws/install/nav2_msgs/lib/python3.8/site-packages:/home/student/sjowmm_ws/install/dwb_msgs/lib/python3.8/site-packages:/home/student/sjowmm_ws/install/nav_2d_msgs/lib/python3.8/site-packages:/home/student/sjowmm_ws/install/nav2_common/lib/python3.8/site-packages:${PYTHONPATH} /usr/bin/cmake /home/student/sjowmm_ws/src/navigation2/nav2_dwb_controller/dwb_plugins -DCMAKE_INSTALL_PREFIX=/home/student/sjowmm_ws/install/dwb_plugins
[14.179s] Invoking command in '/home/student/sjowmm_ws/build/dwb_plugins': AMENT_PREFIX_PATH=/home/student/sjowmm_ws/install/dwb_core:/home/student/sjowmm_ws/install/nav2_core:/home/student/sjowmm_ws/install/nav2_costmap_2d:/home/student/sjowmm_ws/install/nav_2d_utils:/home/student/sjowmm_ws/install/nav2_util:/home/student/sjowmm_ws/install/nav2_voxel_grid:/home/student/sjowmm_ws/install/nav2_msgs:/home/student/sjowmm_ws/install/dwb_msgs:/home/student/sjowmm_ws/install/nav_2d_msgs:/home/student/sjowmm_ws/install/nav2_common:${AMENT_PREFIX_PATH} CMAKE_PREFIX_PATH=/home/student/sjowmm_ws/install/dwb_core:/home/student/sjowmm_ws/install/nav2_core:/home/student/sjowmm_ws/install/nav2_costmap_2d:/home/student/sjowmm_ws/install/nav_2d_utils:/home/student/sjowmm_ws/install/nav2_util:/home/student/sjowmm_ws/install/nav2_voxel_grid:/home/student/sjowmm_ws/install/nav2_msgs:/home/student/sjowmm_ws/install/dwb_msgs:/home/student/sjowmm_ws/install/nav_2d_msgs:/home/student/sjowmm_ws/install/nav2_common:/home/student/sjowmm_ws/install/simulation:/home/student/sjowmm_ws/install/dede:/opt/ros/foxy LD_LIBRARY_PATH=/home/student/sjowmm_ws/install/dwb_core/lib:/home/student/sjowmm_ws/install/nav2_costmap_2d/lib:/home/student/sjowmm_ws/install/nav_2d_utils/lib:/home/student/sjowmm_ws/install/nav2_util/lib:/home/student/sjowmm_ws/install/nav2_voxel_grid/lib:/home/student/sjowmm_ws/install/nav2_msgs/lib:/home/student/sjowmm_ws/install/dwb_msgs/lib:/home/student/sjowmm_ws/install/nav_2d_msgs/lib:${LD_LIBRARY_PATH} PYTHONPATH=/home/student/sjowmm_ws/install/nav2_msgs/lib/python3.8/site-packages:/home/student/sjowmm_ws/install/dwb_msgs/lib/python3.8/site-packages:/home/student/sjowmm_ws/install/nav_2d_msgs/lib/python3.8/site-packages:/home/student/sjowmm_ws/install/nav2_common/lib/python3.8/site-packages:${PYTHONPATH} /usr/bin/cmake --build /home/student/sjowmm_ws/build/dwb_plugins -- -j12 -l12
[14.283s] [35m[1mScanning dependencies of target standard_traj_generator[0m
[14.384s] [  7%] [32mBuilding CXX object CMakeFiles/standard_traj_generator.dir/src/standard_traj_generator.cpp.o[0m
[21.957s] [ 15%] [32mBuilding CXX object CMakeFiles/standard_traj_generator.dir/src/xy_theta_iterator.cpp.o[0m
[27.481s] [ 23%] [32mBuilding CXX object CMakeFiles/standard_traj_generator.dir/src/kinematic_parameters.cpp.o[0m
[42.569s] [ 30%] [32mBuilding CXX object CMakeFiles/standard_traj_generator.dir/src/limited_accel_generator.cpp.o[0m
[48.929s] [ 38%] [32m[1mLinking CXX shared library libstandard_traj_generator.so[0m
[49.643s] [ 38%] Built target standard_traj_generator
[49.682s] [35m[1mScanning dependencies of target gtest[0m
[49.683s] [35m[1mScanning dependencies of target gtest_main[0m
[49.744s] [ 46%] [32mBuilding CXX object gtest/CMakeFiles/gtest.dir/src/gtest-all.cc.o[0m
[49.747s] [ 53%] [32mBuilding CXX object gtest/CMakeFiles/gtest_main.dir/src/gtest_main.cc.o[0m
[52.051s] [ 61%] [32m[1mLinking CXX static library libgtest_main.a[0m
[52.141s] [ 61%] Built target gtest_main
[67.810s] [ 69%] [32m[1mLinking CXX static library libgtest.a[0m
[67.879s] [ 69%] Built target gtest
[67.896s] [35m[1mScanning dependencies of target twist_gen_test[0m
[67.962s] [ 76%] [32mBuilding CXX object test/CMakeFiles/twist_gen_test.dir/twist_gen.cpp.o[0m
[75.671s] [ 84%] [32m[1mLinking CXX executable twist_gen_test[0m
[76.123s] [ 84%] Built target twist_gen_test
[76.144s] [35m[1mScanning dependencies of target vtest[0m
[76.169s] [ 92%] [32mBuilding CXX object test/CMakeFiles/vtest.dir/velocity_iterator_test.cpp.o[0m
[77.853s] [100%] [32m[1mLinking CXX executable vtest[0m
[78.048s] [100%] Built target vtest
[78.070s] Invoked command in '/home/student/sjowmm_ws/build/dwb_plugins' returned '0': AMENT_PREFIX_PATH=/home/student/sjowmm_ws/install/dwb_core:/home/student/sjowmm_ws/install/nav2_core:/home/student/sjowmm_ws/install/nav2_costmap_2d:/home/student/sjowmm_ws/install/nav_2d_utils:/home/student/sjowmm_ws/install/nav2_util:/home/student/sjowmm_ws/install/nav2_voxel_grid:/home/student/sjowmm_ws/install/nav2_msgs:/home/student/sjowmm_ws/install/dwb_msgs:/home/student/sjowmm_ws/install/nav_2d_msgs:/home/student/sjowmm_ws/install/nav2_common:${AMENT_PREFIX_PATH} CMAKE_PREFIX_PATH=/home/student/sjowmm_ws/install/dwb_core:/home/student/sjowmm_ws/install/nav2_core:/home/student/sjowmm_ws/install/nav2_costmap_2d:/home/student/sjowmm_ws/install/nav_2d_utils:/home/student/sjowmm_ws/install/nav2_util:/home/student/sjowmm_ws/install/nav2_voxel_grid:/home/student/sjowmm_ws/install/nav2_msgs:/home/student/sjowmm_ws/install/dwb_msgs:/home/student/sjowmm_ws/install/nav_2d_msgs:/home/student/sjowmm_ws/install/nav2_common:/home/student/sjowmm_ws/install/simulation:/home/student/sjowmm_ws/install/dede:/opt/ros/foxy LD_LIBRARY_PATH=/home/student/sjowmm_ws/install/dwb_core/lib:/home/student/sjowmm_ws/install/nav2_costmap_2d/lib:/home/student/sjowmm_ws/install/nav_2d_utils/lib:/home/student/sjowmm_ws/install/nav2_util/lib:/home/student/sjowmm_ws/install/nav2_voxel_grid/lib:/home/student/sjowmm_ws/install/nav2_msgs/lib:/home/student/sjowmm_ws/install/dwb_msgs/lib:/home/student/sjowmm_ws/install/nav_2d_msgs/lib:${LD_LIBRARY_PATH} PYTHONPATH=/home/student/sjowmm_ws/install/nav2_msgs/lib/python3.8/site-packages:/home/student/sjowmm_ws/install/dwb_msgs/lib/python3.8/site-packages:/home/student/sjowmm_ws/install/nav_2d_msgs/lib/python3.8/site-packages:/home/student/sjowmm_ws/install/nav2_common/lib/python3.8/site-packages:${PYTHONPATH} /usr/bin/cmake --build /home/student/sjowmm_ws/build/dwb_plugins -- -j12 -l12
[78.125s] Invoking command in '/home/student/sjowmm_ws/build/dwb_plugins': AMENT_PREFIX_PATH=/home/student/sjowmm_ws/install/dwb_core:/home/student/sjowmm_ws/install/nav2_core:/home/student/sjowmm_ws/install/nav2_costmap_2d:/home/student/sjowmm_ws/install/nav_2d_utils:/home/student/sjowmm_ws/install/nav2_util:/home/student/sjowmm_ws/install/nav2_voxel_grid:/home/student/sjowmm_ws/install/nav2_msgs:/home/student/sjowmm_ws/install/dwb_msgs:/home/student/sjowmm_ws/install/nav_2d_msgs:/home/student/sjowmm_ws/install/nav2_common:${AMENT_PREFIX_PATH} CMAKE_PREFIX_PATH=/home/student/sjowmm_ws/install/dwb_core:/home/student/sjowmm_ws/install/nav2_core:/home/student/sjowmm_ws/install/nav2_costmap_2d:/home/student/sjowmm_ws/install/nav_2d_utils:/home/student/sjowmm_ws/install/nav2_util:/home/student/sjowmm_ws/install/nav2_voxel_grid:/home/student/sjowmm_ws/install/nav2_msgs:/home/student/sjowmm_ws/install/dwb_msgs:/home/student/sjowmm_ws/install/nav_2d_msgs:/home/student/sjowmm_ws/install/nav2_common:/home/student/sjowmm_ws/install/simulation:/home/student/sjowmm_ws/install/dede:/opt/ros/foxy LD_LIBRARY_PATH=/home/student/sjowmm_ws/install/dwb_core/lib:/home/student/sjowmm_ws/install/nav2_costmap_2d/lib:/home/student/sjowmm_ws/install/nav_2d_utils/lib:/home/student/sjowmm_ws/install/nav2_util/lib:/home/student/sjowmm_ws/install/nav2_voxel_grid/lib:/home/student/sjowmm_ws/install/nav2_msgs/lib:/home/student/sjowmm_ws/install/dwb_msgs/lib:/home/student/sjowmm_ws/install/nav_2d_msgs/lib:${LD_LIBRARY_PATH} PYTHONPATH=/home/student/sjowmm_ws/install/nav2_msgs/lib/python3.8/site-packages:/home/student/sjowmm_ws/install/dwb_msgs/lib/python3.8/site-packages:/home/student/sjowmm_ws/install/nav_2d_msgs/lib/python3.8/site-packages:/home/student/sjowmm_ws/install/nav2_common/lib/python3.8/site-packages:${PYTHONPATH} /usr/bin/cmake --install /home/student/sjowmm_ws/build/dwb_plugins
[78.144s] -- Install configuration: "Release"
[78.144s] -- Installing: /home/student/sjowmm_ws/install/dwb_plugins/lib/libstandard_traj_generator.so
[78.146s] -- Set runtime path of "/home/student/sjowmm_ws/install/dwb_plugins/lib/libstandard_traj_generator.so" to ""
[78.146s] -- Installing: /home/student/sjowmm_ws/install/dwb_plugins/include/
[78.146s] -- Installing: /home/student/sjowmm_ws/install/dwb_plugins/include//dwb_plugins
[78.146s] -- Installing: /home/student/sjowmm_ws/install/dwb_plugins/include//dwb_plugins/one_d_velocity_iterator.hpp
[78.147s] -- Installing: /home/student/sjowmm_ws/install/dwb_plugins/include//dwb_plugins/velocity_iterator.hpp
[78.147s] -- Installing: /home/student/sjowmm_ws/install/dwb_plugins/include//dwb_plugins/standard_traj_generator.hpp
[78.147s] -- Installing: /home/student/sjowmm_ws/install/dwb_plugins/include//dwb_plugins/limited_accel_generator.hpp
[78.147s] -- Installing: /home/student/sjowmm_ws/install/dwb_plugins/include//dwb_plugins/kinematic_parameters.hpp
[78.147s] -- Installing: /home/student/sjowmm_ws/install/dwb_plugins/include//dwb_plugins/xy_theta_iterator.hpp
[78.147s] -- Installing: /home/student/sjowmm_ws/install/dwb_plugins/share/dwb_plugins/plugins.xml
[78.147s] -- Installing: /home/student/sjowmm_ws/install/dwb_plugins/share/dwb_plugins/environment/library_path.sh
[78.147s] -- Installing: /home/student/sjowmm_ws/install/dwb_plugins/share/dwb_plugins/environment/library_path.dsv
[78.147s] -- Up-to-date: /home/student/sjowmm_ws/install/dwb_plugins/share/dwb_plugins/plugins.xml
[78.147s] -- Installing: /home/student/sjowmm_ws/install/dwb_plugins/share/ament_index/resource_index/package_run_dependencies/dwb_plugins
[78.148s] -- Installing: /home/student/sjowmm_ws/install/dwb_plugins/share/ament_index/resource_index/parent_prefix_path/dwb_plugins
[78.148s] -- Installing: /home/student/sjowmm_ws/install/dwb_plugins/share/dwb_plugins/environment/ament_prefix_path.sh
[78.148s] -- Installing: /home/student/sjowmm_ws/install/dwb_plugins/share/dwb_plugins/environment/ament_prefix_path.dsv
[78.148s] -- Installing: /home/student/sjowmm_ws/install/dwb_plugins/share/dwb_plugins/environment/path.sh
[78.148s] -- Installing: /home/student/sjowmm_ws/install/dwb_plugins/share/dwb_plugins/environment/path.dsv
[78.148s] -- Installing: /home/student/sjowmm_ws/install/dwb_plugins/share/dwb_plugins/local_setup.bash
[78.148s] -- Installing: /home/student/sjowmm_ws/install/dwb_plugins/share/dwb_plugins/local_setup.sh
[78.148s] -- Installing: /home/student/sjowmm_ws/install/dwb_plugins/share/dwb_plugins/local_setup.zsh
[78.148s] -- Installing: /home/student/sjowmm_ws/install/dwb_plugins/share/dwb_plugins/local_setup.dsv
[78.149s] -- Installing: /home/student/sjowmm_ws/install/dwb_plugins/share/dwb_plugins/package.dsv
[78.149s] -- Installing: /home/student/sjowmm_ws/install/dwb_plugins/share/ament_index/resource_index/packages/dwb_plugins
[78.150s] -- Installing: /home/student/sjowmm_ws/install/dwb_plugins/share/ament_index/resource_index/dwb_core__pluginlib__plugin/dwb_plugins
[78.150s] -- Installing: /home/student/sjowmm_ws/install/dwb_plugins/share/dwb_plugins/cmake/ament_cmake_export_include_directories-extras.cmake
[78.150s] -- Installing: /home/student/sjowmm_ws/install/dwb_plugins/share/dwb_plugins/cmake/ament_cmake_export_libraries-extras.cmake
[78.151s] -- Installing: /home/student/sjowmm_ws/install/dwb_plugins/share/dwb_plugins/cmake/ament_cmake_export_definitions-extras.cmake
[78.151s] -- Installing: /home/student/sjowmm_ws/install/dwb_plugins/share/dwb_plugins/cmake/dwb_pluginsConfig.cmake
[78.151s] -- Installing: /home/student/sjowmm_ws/install/dwb_plugins/share/dwb_plugins/cmake/dwb_pluginsConfig-version.cmake
[78.151s] -- Installing: /home/student/sjowmm_ws/install/dwb_plugins/share/dwb_plugins/package.xml
[78.156s] Invoked command in '/home/student/sjowmm_ws/build/dwb_plugins' returned '0': AMENT_PREFIX_PATH=/home/student/sjowmm_ws/install/dwb_core:/home/student/sjowmm_ws/install/nav2_core:/home/student/sjowmm_ws/install/nav2_costmap_2d:/home/student/sjowmm_ws/install/nav_2d_utils:/home/student/sjowmm_ws/install/nav2_util:/home/student/sjowmm_ws/install/nav2_voxel_grid:/home/student/sjowmm_ws/install/nav2_msgs:/home/student/sjowmm_ws/install/dwb_msgs:/home/student/sjowmm_ws/install/nav_2d_msgs:/home/student/sjowmm_ws/install/nav2_common:${AMENT_PREFIX_PATH} CMAKE_PREFIX_PATH=/home/student/sjowmm_ws/install/dwb_core:/home/student/sjowmm_ws/install/nav2_core:/home/student/sjowmm_ws/install/nav2_costmap_2d:/home/student/sjowmm_ws/install/nav_2d_utils:/home/student/sjowmm_ws/install/nav2_util:/home/student/sjowmm_ws/install/nav2_voxel_grid:/home/student/sjowmm_ws/install/nav2_msgs:/home/student/sjowmm_ws/install/dwb_msgs:/home/student/sjowmm_ws/install/nav_2d_msgs:/home/student/sjowmm_ws/install/nav2_common:/home/student/sjowmm_ws/install/simulation:/home/student/sjowmm_ws/install/dede:/opt/ros/foxy LD_LIBRARY_PATH=/home/student/sjowmm_ws/install/dwb_core/lib:/home/student/sjowmm_ws/install/nav2_costmap_2d/lib:/home/student/sjowmm_ws/install/nav_2d_utils/lib:/home/student/sjowmm_ws/install/nav2_util/lib:/home/student/sjowmm_ws/install/nav2_voxel_grid/lib:/home/student/sjowmm_ws/install/nav2_msgs/lib:/home/student/sjowmm_ws/install/dwb_msgs/lib:/home/student/sjowmm_ws/install/nav_2d_msgs/lib:${LD_LIBRARY_PATH} PYTHONPATH=/home/student/sjowmm_ws/install/nav2_msgs/lib/python3.8/site-packages:/home/student/sjowmm_ws/install/dwb_msgs/lib/python3.8/site-packages:/home/student/sjowmm_ws/install/nav_2d_msgs/lib/python3.8/site-packages:/home/student/sjowmm_ws/install/nav2_common/lib/python3.8/site-packages:${PYTHONPATH} /usr/bin/cmake --install /home/student/sjowmm_ws/build/dwb_plugins
