[0.288s] Invoking command in '/home/student/sjowmm_ws/src/simulation': PYTHONPATH=/home/student/sjowmm_ws/install/simulation/lib/python3.8/site-packages:${PYTHONPATH} /usr/bin/python3 setup.py egg_info --egg-base ../../build/simulation build --build-base /home/student/sjowmm_ws/build/simulation/build install --prefix /home/student/sjowmm_ws/install/simulation --record /home/student/sjowmm_ws/build/simulation/install.log --single-version-externally-managed
[0.542s] running egg_info
[0.542s] writing ../../build/simulation/simulation.egg-info/PKG-INFO
[0.543s] writing dependency_links to ../../build/simulation/simulation.egg-info/dependency_links.txt
[0.543s] writing entry points to ../../build/simulation/simulation.egg-info/entry_points.txt
[0.543s] writing requirements to ../../build/simulation/simulation.egg-info/requires.txt
[0.543s] writing top-level names to ../../build/simulation/simulation.egg-info/top_level.txt
[0.577s] reading manifest file '../../build/simulation/simulation.egg-info/SOURCES.txt'
[0.578s] writing manifest file '../../build/simulation/simulation.egg-info/SOURCES.txt'
[0.578s] running build
[0.578s] running build_py
[0.578s] copying simulation/readMapData.py -> /home/student/sjowmm_ws/build/simulation/build/lib/simulation
[0.578s] running install
[0.579s] running install_lib
[0.580s] copying /home/student/sjowmm_ws/build/simulation/build/lib/simulation/readMapData.py -> /home/student/sjowmm_ws/install/simulation/lib/python3.8/site-packages/simulation
[0.580s] byte-compiling /home/student/sjowmm_ws/install/simulation/lib/python3.8/site-packages/simulation/readMapData.py to readMapData.cpython-38.pyc
[0.582s] running install_data
[0.582s] running install_egg_info
[0.584s] removing '/home/student/sjowmm_ws/install/simulation/lib/python3.8/site-packages/simulation-0.0.0-py3.8.egg-info' (and everything under it)
[0.584s] Copying ../../build/simulation/simulation.egg-info to /home/student/sjowmm_ws/install/simulation/lib/python3.8/site-packages/simulation-0.0.0-py3.8.egg-info
[0.585s] running install_scripts
[0.604s] Installing readMapData script to /home/student/sjowmm_ws/install/simulation/lib/simulation
[0.604s] Installing spawn_robot_srv script to /home/student/sjowmm_ws/install/simulation/lib/simulation
[0.605s] writing list of installed files to '/home/student/sjowmm_ws/build/simulation/install.log'
[0.622s] Invoked command in '/home/student/sjowmm_ws/src/simulation' returned '0': PYTHONPATH=/home/student/sjowmm_ws/install/simulation/lib/python3.8/site-packages:${PYTHONPATH} /usr/bin/python3 setup.py egg_info --egg-base ../../build/simulation build --build-base /home/student/sjowmm_ws/build/simulation/build install --prefix /home/student/sjowmm_ws/install/simulation --record /home/student/sjowmm_ws/build/simulation/install.log --single-version-externally-managed
