[1.449s] Invoking command in '/home/student/sjowmm_ws/src/path_projection': PYTHONPATH=/home/student/sjowmm_ws/install/path_projection/lib/python3.8/site-packages:${PYTHONPATH} /usr/bin/python3 setup.py egg_info --egg-base ../../build/path_projection build --build-base /home/student/sjowmm_ws/build/path_projection/build install --prefix /home/student/sjowmm_ws/install/path_projection --record /home/student/sjowmm_ws/build/path_projection/install.log --single-version-externally-managed
[1.738s] running egg_info
[1.738s] writing ../../build/path_projection/path_projection.egg-info/PKG-INFO
[1.738s] writing dependency_links to ../../build/path_projection/path_projection.egg-info/dependency_links.txt
[1.738s] writing entry points to ../../build/path_projection/path_projection.egg-info/entry_points.txt
[1.738s] writing requirements to ../../build/path_projection/path_projection.egg-info/requires.txt
[1.738s] writing top-level names to ../../build/path_projection/path_projection.egg-info/top_level.txt
[1.763s] reading manifest file '../../build/path_projection/path_projection.egg-info/SOURCES.txt'
[1.764s] writing manifest file '../../build/path_projection/path_projection.egg-info/SOURCES.txt'
[1.764s] running build
[1.764s] running build_py
[1.764s] running install
[1.765s] running install_lib
[1.766s] running install_data
[1.767s] copying worlds/open_space.world -> /home/student/sjowmm_ws/install/path_projection/share/path_projection/worlds
[1.767s] copying worlds/critical_point1.world -> /home/student/sjowmm_ws/install/path_projection/share/path_projection/worlds
[1.767s] copying worlds/critical_point2.world -> /home/student/sjowmm_ws/install/path_projection/share/path_projection/worlds
[1.768s] running install_egg_info
[1.769s] removing '/home/student/sjowmm_ws/install/path_projection/lib/python3.8/site-packages/path_projection-0.0.0-py3.8.egg-info' (and everything under it)
[1.770s] Copying ../../build/path_projection/path_projection.egg-info to /home/student/sjowmm_ws/install/path_projection/lib/python3.8/site-packages/path_projection-0.0.0-py3.8.egg-info
[1.770s] running install_scripts
[1.792s] Installing PathProjection script to /home/student/sjowmm_ws/install/path_projection/lib/path_projection
[1.792s] writing list of installed files to '/home/student/sjowmm_ws/build/path_projection/install.log'
[2.025s] Invoked command in '/home/student/sjowmm_ws/src/path_projection' returned '0': PYTHONPATH=/home/student/sjowmm_ws/install/path_projection/lib/python3.8/site-packages:${PYTHONPATH} /usr/bin/python3 setup.py egg_info --egg-base ../../build/path_projection build --build-base /home/student/sjowmm_ws/build/path_projection/build install --prefix /home/student/sjowmm_ws/install/path_projection --record /home/student/sjowmm_ws/build/path_projection/install.log --single-version-externally-managed
