/home/student/sjowmm_ws/install/simulation/lib/python3.8/site-packages/simulation/map.py
/home/student/sjowmm_ws/install/simulation/lib/python3.8/site-packages/simulation/spawn_robot_srv.py
/home/student/sjowmm_ws/install/simulation/lib/python3.8/site-packages/simulation/readMapData.py
/home/student/sjowmm_ws/install/simulation/lib/python3.8/site-packages/simulation/__init__.py
/home/student/sjowmm_ws/install/simulation/lib/python3.8/site-packages/simulation/__pycache__/map.cpython-38.pyc
/home/student/sjowmm_ws/install/simulation/lib/python3.8/site-packages/simulation/__pycache__/spawn_robot_srv.cpython-38.pyc
/home/student/sjowmm_ws/install/simulation/lib/python3.8/site-packages/simulation/__pycache__/readMapData.cpython-38.pyc
/home/student/sjowmm_ws/install/simulation/lib/python3.8/site-packages/simulation/__pycache__/__init__.cpython-38.pyc
/home/student/sjowmm_ws/install/simulation/share/ament_index/resource_index/packages/simulation
/home/student/sjowmm_ws/install/simulation/share/simulation/package.xml
/home/student/sjowmm_ws/install/simulation/share/simulation/launch/sim_launch.py
/home/student/sjowmm_ws/install/simulation/share/simulation/launch/spawn_launch.py
/home/student/sjowmm_ws/install/simulation/share/simulation/launch/slam_launch.py
/home/student/sjowmm_ws/install/simulation/share/simulation/launch/spawn_robot_launch.py
/home/student/sjowmm_ws/install/simulation/share/simulation/worlds/waffle_pi.model
/home/student/sjowmm_ws/install/simulation/share/simulation/models/model.sdf
/home/student/sjowmm_ws/install/simulation/share/simulation/models/model.config
/home/student/sjowmm_ws/install/simulation/share/simulation/models/tire.dae
/home/student/sjowmm_ws/install/simulation/share/simulation/models/lds.dae
/home/student/sjowmm_ws/install/simulation/share/simulation/models/burger_base.dae
/home/student/sjowmm_ws/install/simulation/share/simulation/models/model-1_4.sdf
/home/student/sjowmm_ws/install/simulation/share/simulation/urdf/turtlebot3_burger.urdf
/home/student/sjowmm_ws/install/simulation/share/simulation/urdf/turtlebot3_waffle_pi.urdf
/home/student/sjowmm_ws/install/simulation/share/simulation/rviz/simulation.rviz
/home/student/sjowmm_ws/install/simulation/lib/python3.8/site-packages/simulation-0.0.0-py3.8.egg-info/dependency_links.txt
/home/student/sjowmm_ws/install/simulation/lib/python3.8/site-packages/simulation-0.0.0-py3.8.egg-info/entry_points.txt
/home/student/sjowmm_ws/install/simulation/lib/python3.8/site-packages/simulation-0.0.0-py3.8.egg-info/requires.txt
/home/student/sjowmm_ws/install/simulation/lib/python3.8/site-packages/simulation-0.0.0-py3.8.egg-info/top_level.txt
/home/student/sjowmm_ws/install/simulation/lib/python3.8/site-packages/simulation-0.0.0-py3.8.egg-info/zip-safe
/home/student/sjowmm_ws/install/simulation/lib/python3.8/site-packages/simulation-0.0.0-py3.8.egg-info/PKG-INFO
/home/student/sjowmm_ws/install/simulation/lib/python3.8/site-packages/simulation-0.0.0-py3.8.egg-info/SOURCES.txt
/home/student/sjowmm_ws/install/simulation/lib/simulation/readMapData
/home/student/sjowmm_ws/install/simulation/lib/simulation/spawn_robot_srv
