running egg_info
writing ../../build/path_projection/path_projection.egg-info/PKG-INFO
writing dependency_links to ../../build/path_projection/path_projection.egg-info/dependency_links.txt
writing entry points to ../../build/path_projection/path_projection.egg-info/entry_points.txt
writing requirements to ../../build/path_projection/path_projection.egg-info/requires.txt
writing top-level names to ../../build/path_projection/path_projection.egg-info/top_level.txt
reading manifest file '../../build/path_projection/path_projection.egg-info/SOURCES.txt'
writing manifest file '../../build/path_projection/path_projection.egg-info/SOURCES.txt'
running build
running build_py
running install
running install_lib
running install_data
copying worlds/open_space.world -> /home/student/sjowmm_ws/install/path_projection/share/path_projection/worlds
copying worlds/critical_point1.world -> /home/student/sjowmm_ws/install/path_projection/share/path_projection/worlds
copying worlds/critical_point2.world -> /home/student/sjowmm_ws/install/path_projection/share/path_projection/worlds
running install_egg_info
removing '/home/student/sjowmm_ws/install/path_projection/lib/python3.8/site-packages/path_projection-0.0.0-py3.8.egg-info' (and everything under it)
Copying ../../build/path_projection/path_projection.egg-info to /home/student/sjowmm_ws/install/path_projection/lib/python3.8/site-packages/path_projection-0.0.0-py3.8.egg-info
running install_scripts
Installing PathProjection script to /home/student/sjowmm_ws/install/path_projection/lib/path_projection
writing list of installed files to '/home/student/sjowmm_ws/build/path_projection/install.log'
