[0.034s] Invoking command in '/home/student/sjowmm_ws/build/dwb_critics': AMENT_PREFIX_PATH=/home/student/sjowmm_ws/install/dwb_core:/home/student/sjowmm_ws/install/nav2_core:/home/student/sjowmm_ws/install/costmap_queue:/home/student/sjowmm_ws/install/nav2_costmap_2d:/home/student/sjowmm_ws/install/nav_2d_utils:/home/student/sjowmm_ws/install/nav2_util:/home/student/sjowmm_ws/install/nav2_voxel_grid:/home/student/sjowmm_ws/install/nav2_msgs:/home/student/sjowmm_ws/install/dwb_msgs:/home/student/sjowmm_ws/install/nav_2d_msgs:/home/student/sjowmm_ws/install/nav2_common:${AMENT_PREFIX_PATH} CMAKE_PREFIX_PATH=/home/student/sjowmm_ws/install/dwb_core:/home/student/sjowmm_ws/install/nav2_core:/home/student/sjowmm_ws/install/costmap_queue:/home/student/sjowmm_ws/install/nav2_costmap_2d:/home/student/sjowmm_ws/install/nav_2d_utils:/home/student/sjowmm_ws/install/nav2_util:/home/student/sjowmm_ws/install/nav2_voxel_grid:/home/student/sjowmm_ws/install/nav2_msgs:/home/student/sjowmm_ws/install/dwb_msgs:/home/student/sjowmm_ws/install/nav_2d_msgs:/home/student/sjowmm_ws/install/nav2_common:/home/student/sjowmm_ws/install/simulation:/home/student/sjowmm_ws/install/dede:/opt/ros/foxy LD_LIBRARY_PATH=/home/student/sjowmm_ws/install/dwb_core/lib:/home/student/sjowmm_ws/install/costmap_queue/lib:/home/student/sjowmm_ws/install/nav2_costmap_2d/lib:/home/student/sjowmm_ws/install/nav_2d_utils/lib:/home/student/sjowmm_ws/install/nav2_util/lib:/home/student/sjowmm_ws/install/nav2_voxel_grid/lib:/home/student/sjowmm_ws/install/nav2_msgs/lib:/home/student/sjowmm_ws/install/dwb_msgs/lib:/home/student/sjowmm_ws/install/nav_2d_msgs/lib:${LD_LIBRARY_PATH} PYTHONPATH=/home/student/sjowmm_ws/install/nav2_msgs/lib/python3.8/site-packages:/home/student/sjowmm_ws/install/dwb_msgs/lib/python3.8/site-packages:/home/student/sjowmm_ws/install/nav_2d_msgs/lib/python3.8/site-packages:/home/student/sjowmm_ws/install/nav2_common/lib/python3.8/site-packages:${PYTHONPATH} /usr/bin/cmake /home/student/sjowmm_ws/src/navigation2/nav2_dwb_controller/dwb_critics -DCMAKE_INSTALL_PREFIX=/home/student/sjowmm_ws/install/dwb_critics
[0.101s] -- The C compiler identification is GNU 9.4.0
[0.172s] -- The CXX compiler identification is GNU 9.4.0
[0.179s] -- Check for working C compiler: /usr/bin/cc
[0.270s] -- Check for working C compiler: /usr/bin/cc -- works
[0.271s] -- Detecting C compiler ABI info
[0.365s] -- Detecting C compiler ABI info - done
[0.386s] -- Detecting C compile features
[0.387s] -- Detecting C compile features - done
[0.391s] -- Check for working CXX compiler: /usr/bin/c++
[0.524s] -- Check for working CXX compiler: /usr/bin/c++ -- works
[0.526s] -- Detecting CXX compiler ABI info
[0.638s] -- Detecting CXX compiler ABI info - done
[0.660s] -- Detecting CXX compile features
[0.661s] -- Detecting CXX compile features - done
[0.667s] -- Found ament_cmake: 0.9.8 (/opt/ros/foxy/share/ament_cmake/cmake)
[0.710s] -- Found PythonInterp: /usr/bin/python3 (found suitable version "3.8.10", minimum required is "3") 
[0.710s] -- Using PYTHON_EXECUTABLE: /usr/bin/python3
[1.019s] -- Found nav2_common: 0.4.7 (/home/student/sjowmm_ws/install/nav2_common/share/nav2_common/cmake)
[1.022s] -- Found angles: 1.12.3 (/opt/ros/foxy/share/angles/cmake)
[1.024s] -- Found nav2_costmap_2d: 0.4.7 (/home/student/sjowmm_ws/install/nav2_costmap_2d/share/nav2_costmap_2d/cmake)
[1.089s] -- Using all available rosidl_typesupport_c: rosidl_typesupport_fastrtps_c;rosidl_typesupport_introspection_c
[1.102s] -- Found rosidl_adapter: 1.2.0 (/opt/ros/foxy/share/rosidl_adapter/cmake)
[1.221s] -- Found OpenSSL: /usr/lib/x86_64-linux-gnu/libcrypto.so (found version "1.1.1f")  
[1.272s] -- Found FastRTPS: /opt/ros/foxy/include  
[1.404s] -- Using all available rosidl_typesupport_cpp: rosidl_typesupport_fastrtps_cpp;rosidl_typesupport_introspection_cpp
[3.057s] -- Found rmw_implementation_cmake: 1.0.2 (/opt/ros/foxy/share/rmw_implementation_cmake/cmake)
[3.061s] -- Using RMW implementation 'rmw_fastrtps_cpp' as default
[3.063s] -- Looking for pthread.h
[3.279s] -- Looking for pthread.h - found
[3.279s] -- Performing Test CMAKE_HAVE_LIBC_PTHREAD
[3.618s] -- Performing Test CMAKE_HAVE_LIBC_PTHREAD - Failed
[3.618s] -- Looking for pthread_create in pthreads
[3.736s] -- Looking for pthread_create in pthreads - not found
[3.736s] -- Looking for pthread_create in pthread
[3.871s] -- Looking for pthread_create in pthread - found
[3.880s] -- Found Threads: TRUE  
[4.753s] -- Found Eigen3: TRUE (found version "3.3.7") 
[5.618s] -- Found costmap_queue: 0.4.7 (/home/student/sjowmm_ws/install/costmap_queue/share/costmap_queue/cmake)
[5.620s] -- Found dwb_core: 0.4.7 (/home/student/sjowmm_ws/install/dwb_core/share/dwb_core/cmake)
[9.273s] -- Setting build type to Release as none was specified.
[17.895s] -- Found ament_lint_auto: 0.9.6 (/opt/ros/foxy/share/ament_lint_auto/cmake)
[18.096s] -- Added test 'cppcheck' to perform static code analysis on C / C++ code
[18.097s] -- Configured cppcheck include dirs: /home/student/sjowmm_ws/src/navigation2/nav2_dwb_controller/dwb_critics/include
[18.097s] -- Configured cppcheck exclude dirs and/or files: 
[18.100s] -- Added test 'cpplint' to check C / C++ code against the Google style
[18.100s] -- Configured cpplint exclude dirs and/or files: 
[18.102s] -- Added test 'lint_cmake' to check CMake code style
[18.105s] -- Added test 'uncrustify' to check C / C++ code style
[18.105s] -- Configured uncrustify additional arguments: 
[18.107s] -- Added test 'xmllint' to check XML markup files
[18.118s] -- Configuring done
[18.203s] -- Generating done
[18.206s] -- Build files have been written to: /home/student/sjowmm_ws/build/dwb_critics
[18.239s] Invoked command in '/home/student/sjowmm_ws/build/dwb_critics' returned '0': AMENT_PREFIX_PATH=/home/student/sjowmm_ws/install/dwb_core:/home/student/sjowmm_ws/install/nav2_core:/home/student/sjowmm_ws/install/costmap_queue:/home/student/sjowmm_ws/install/nav2_costmap_2d:/home/student/sjowmm_ws/install/nav_2d_utils:/home/student/sjowmm_ws/install/nav2_util:/home/student/sjowmm_ws/install/nav2_voxel_grid:/home/student/sjowmm_ws/install/nav2_msgs:/home/student/sjowmm_ws/install/dwb_msgs:/home/student/sjowmm_ws/install/nav_2d_msgs:/home/student/sjowmm_ws/install/nav2_common:${AMENT_PREFIX_PATH} CMAKE_PREFIX_PATH=/home/student/sjowmm_ws/install/dwb_core:/home/student/sjowmm_ws/install/nav2_core:/home/student/sjowmm_ws/install/costmap_queue:/home/student/sjowmm_ws/install/nav2_costmap_2d:/home/student/sjowmm_ws/install/nav_2d_utils:/home/student/sjowmm_ws/install/nav2_util:/home/student/sjowmm_ws/install/nav2_voxel_grid:/home/student/sjowmm_ws/install/nav2_msgs:/home/student/sjowmm_ws/install/dwb_msgs:/home/student/sjowmm_ws/install/nav_2d_msgs:/home/student/sjowmm_ws/install/nav2_common:/home/student/sjowmm_ws/install/simulation:/home/student/sjowmm_ws/install/dede:/opt/ros/foxy LD_LIBRARY_PATH=/home/student/sjowmm_ws/install/dwb_core/lib:/home/student/sjowmm_ws/install/costmap_queue/lib:/home/student/sjowmm_ws/install/nav2_costmap_2d/lib:/home/student/sjowmm_ws/install/nav_2d_utils/lib:/home/student/sjowmm_ws/install/nav2_util/lib:/home/student/sjowmm_ws/install/nav2_voxel_grid/lib:/home/student/sjowmm_ws/install/nav2_msgs/lib:/home/student/sjowmm_ws/install/dwb_msgs/lib:/home/student/sjowmm_ws/install/nav_2d_msgs/lib:${LD_LIBRARY_PATH} PYTHONPATH=/home/student/sjowmm_ws/install/nav2_msgs/lib/python3.8/site-packages:/home/student/sjowmm_ws/install/dwb_msgs/lib/python3.8/site-packages:/home/student/sjowmm_ws/install/nav_2d_msgs/lib/python3.8/site-packages:/home/student/sjowmm_ws/install/nav2_common/lib/python3.8/site-packages:${PYTHONPATH} /usr/bin/cmake /home/student/sjowmm_ws/src/navigation2/nav2_dwb_controller/dwb_critics -DCMAKE_INSTALL_PREFIX=/home/student/sjowmm_ws/install/dwb_critics
[18.246s] Invoking command in '/home/student/sjowmm_ws/build/dwb_critics': AMENT_PREFIX_PATH=/home/student/sjowmm_ws/install/dwb_core:/home/student/sjowmm_ws/install/nav2_core:/home/student/sjowmm_ws/install/costmap_queue:/home/student/sjowmm_ws/install/nav2_costmap_2d:/home/student/sjowmm_ws/install/nav_2d_utils:/home/student/sjowmm_ws/install/nav2_util:/home/student/sjowmm_ws/install/nav2_voxel_grid:/home/student/sjowmm_ws/install/nav2_msgs:/home/student/sjowmm_ws/install/dwb_msgs:/home/student/sjowmm_ws/install/nav_2d_msgs:/home/student/sjowmm_ws/install/nav2_common:${AMENT_PREFIX_PATH} CMAKE_PREFIX_PATH=/home/student/sjowmm_ws/install/dwb_core:/home/student/sjowmm_ws/install/nav2_core:/home/student/sjowmm_ws/install/costmap_queue:/home/student/sjowmm_ws/install/nav2_costmap_2d:/home/student/sjowmm_ws/install/nav_2d_utils:/home/student/sjowmm_ws/install/nav2_util:/home/student/sjowmm_ws/install/nav2_voxel_grid:/home/student/sjowmm_ws/install/nav2_msgs:/home/student/sjowmm_ws/install/dwb_msgs:/home/student/sjowmm_ws/install/nav_2d_msgs:/home/student/sjowmm_ws/install/nav2_common:/home/student/sjowmm_ws/install/simulation:/home/student/sjowmm_ws/install/dede:/opt/ros/foxy LD_LIBRARY_PATH=/home/student/sjowmm_ws/install/dwb_core/lib:/home/student/sjowmm_ws/install/costmap_queue/lib:/home/student/sjowmm_ws/install/nav2_costmap_2d/lib:/home/student/sjowmm_ws/install/nav_2d_utils/lib:/home/student/sjowmm_ws/install/nav2_util/lib:/home/student/sjowmm_ws/install/nav2_voxel_grid/lib:/home/student/sjowmm_ws/install/nav2_msgs/lib:/home/student/sjowmm_ws/install/dwb_msgs/lib:/home/student/sjowmm_ws/install/nav_2d_msgs/lib:${LD_LIBRARY_PATH} PYTHONPATH=/home/student/sjowmm_ws/install/nav2_msgs/lib/python3.8/site-packages:/home/student/sjowmm_ws/install/dwb_msgs/lib/python3.8/site-packages:/home/student/sjowmm_ws/install/nav_2d_msgs/lib/python3.8/site-packages:/home/student/sjowmm_ws/install/nav2_common/lib/python3.8/site-packages:${PYTHONPATH} /usr/bin/cmake --build /home/student/sjowmm_ws/build/dwb_critics -- -j12 -l12
[18.349s] [35m[1mScanning dependencies of target dwb_critics[0m
[18.574s] [  7%] [32mBuilding CXX object CMakeFiles/dwb_critics.dir/src/alignment_util.cpp.o[0m
[19.343s] [ 15%] [32mBuilding CXX object CMakeFiles/dwb_critics.dir/src/twirling.cpp.o[0m
[27.193s] [ 23%] [32mBuilding CXX object CMakeFiles/dwb_critics.dir/src/rotate_to_goal.cpp.o[0m
[34.650s] [ 30%] [32mBuilding CXX object CMakeFiles/dwb_critics.dir/src/prefer_forward.cpp.o[0m
[43.104s] [ 46%] [32mBuilding CXX object CMakeFiles/dwb_critics.dir/src/obstacle_footprint.cpp.o[0m
[43.104s] [ 46%] [32mBuilding CXX object CMakeFiles/dwb_critics.dir/src/base_obstacle.cpp.o[0m
[43.105s] [ 53%] [32mBuilding CXX object CMakeFiles/dwb_critics.dir/src/path_align.cpp.o[0m
[43.108s] [ 61%] [32mBuilding CXX object CMakeFiles/dwb_critics.dir/src/oscillation.cpp.o[0m
[52.849s] [ 69%] [32mBuilding CXX object CMakeFiles/dwb_critics.dir/src/goal_align.cpp.o[0m
[53.207s] [ 76%] [32mBuilding CXX object CMakeFiles/dwb_critics.dir/src/path_dist.cpp.o[0m
[53.375s] [ 84%] [32mBuilding CXX object CMakeFiles/dwb_critics.dir/src/goal_dist.cpp.o[0m
[54.138s] [ 92%] [32mBuilding CXX object CMakeFiles/dwb_critics.dir/src/map_grid.cpp.o[0m
[64.466s] [100%] [32m[1mLinking CXX shared library libdwb_critics.so[0m
[65.226s] [100%] Built target dwb_critics
[65.253s] Invoked command in '/home/student/sjowmm_ws/build/dwb_critics' returned '0': AMENT_PREFIX_PATH=/home/student/sjowmm_ws/install/dwb_core:/home/student/sjowmm_ws/install/nav2_core:/home/student/sjowmm_ws/install/costmap_queue:/home/student/sjowmm_ws/install/nav2_costmap_2d:/home/student/sjowmm_ws/install/nav_2d_utils:/home/student/sjowmm_ws/install/nav2_util:/home/student/sjowmm_ws/install/nav2_voxel_grid:/home/student/sjowmm_ws/install/nav2_msgs:/home/student/sjowmm_ws/install/dwb_msgs:/home/student/sjowmm_ws/install/nav_2d_msgs:/home/student/sjowmm_ws/install/nav2_common:${AMENT_PREFIX_PATH} CMAKE_PREFIX_PATH=/home/student/sjowmm_ws/install/dwb_core:/home/student/sjowmm_ws/install/nav2_core:/home/student/sjowmm_ws/install/costmap_queue:/home/student/sjowmm_ws/install/nav2_costmap_2d:/home/student/sjowmm_ws/install/nav_2d_utils:/home/student/sjowmm_ws/install/nav2_util:/home/student/sjowmm_ws/install/nav2_voxel_grid:/home/student/sjowmm_ws/install/nav2_msgs:/home/student/sjowmm_ws/install/dwb_msgs:/home/student/sjowmm_ws/install/nav_2d_msgs:/home/student/sjowmm_ws/install/nav2_common:/home/student/sjowmm_ws/install/simulation:/home/student/sjowmm_ws/install/dede:/opt/ros/foxy LD_LIBRARY_PATH=/home/student/sjowmm_ws/install/dwb_core/lib:/home/student/sjowmm_ws/install/costmap_queue/lib:/home/student/sjowmm_ws/install/nav2_costmap_2d/lib:/home/student/sjowmm_ws/install/nav_2d_utils/lib:/home/student/sjowmm_ws/install/nav2_util/lib:/home/student/sjowmm_ws/install/nav2_voxel_grid/lib:/home/student/sjowmm_ws/install/nav2_msgs/lib:/home/student/sjowmm_ws/install/dwb_msgs/lib:/home/student/sjowmm_ws/install/nav_2d_msgs/lib:${LD_LIBRARY_PATH} PYTHONPATH=/home/student/sjowmm_ws/install/nav2_msgs/lib/python3.8/site-packages:/home/student/sjowmm_ws/install/dwb_msgs/lib/python3.8/site-packages:/home/student/sjowmm_ws/install/nav_2d_msgs/lib/python3.8/site-packages:/home/student/sjowmm_ws/install/nav2_common/lib/python3.8/site-packages:${PYTHONPATH} /usr/bin/cmake --build /home/student/sjowmm_ws/build/dwb_critics -- -j12 -l12
[65.339s] Invoking command in '/home/student/sjowmm_ws/build/dwb_critics': AMENT_PREFIX_PATH=/home/student/sjowmm_ws/install/dwb_core:/home/student/sjowmm_ws/install/nav2_core:/home/student/sjowmm_ws/install/costmap_queue:/home/student/sjowmm_ws/install/nav2_costmap_2d:/home/student/sjowmm_ws/install/nav_2d_utils:/home/student/sjowmm_ws/install/nav2_util:/home/student/sjowmm_ws/install/nav2_voxel_grid:/home/student/sjowmm_ws/install/nav2_msgs:/home/student/sjowmm_ws/install/dwb_msgs:/home/student/sjowmm_ws/install/nav_2d_msgs:/home/student/sjowmm_ws/install/nav2_common:${AMENT_PREFIX_PATH} CMAKE_PREFIX_PATH=/home/student/sjowmm_ws/install/dwb_core:/home/student/sjowmm_ws/install/nav2_core:/home/student/sjowmm_ws/install/costmap_queue:/home/student/sjowmm_ws/install/nav2_costmap_2d:/home/student/sjowmm_ws/install/nav_2d_utils:/home/student/sjowmm_ws/install/nav2_util:/home/student/sjowmm_ws/install/nav2_voxel_grid:/home/student/sjowmm_ws/install/nav2_msgs:/home/student/sjowmm_ws/install/dwb_msgs:/home/student/sjowmm_ws/install/nav_2d_msgs:/home/student/sjowmm_ws/install/nav2_common:/home/student/sjowmm_ws/install/simulation:/home/student/sjowmm_ws/install/dede:/opt/ros/foxy LD_LIBRARY_PATH=/home/student/sjowmm_ws/install/dwb_core/lib:/home/student/sjowmm_ws/install/costmap_queue/lib:/home/student/sjowmm_ws/install/nav2_costmap_2d/lib:/home/student/sjowmm_ws/install/nav_2d_utils/lib:/home/student/sjowmm_ws/install/nav2_util/lib:/home/student/sjowmm_ws/install/nav2_voxel_grid/lib:/home/student/sjowmm_ws/install/nav2_msgs/lib:/home/student/sjowmm_ws/install/dwb_msgs/lib:/home/student/sjowmm_ws/install/nav_2d_msgs/lib:${LD_LIBRARY_PATH} PYTHONPATH=/home/student/sjowmm_ws/install/nav2_msgs/lib/python3.8/site-packages:/home/student/sjowmm_ws/install/dwb_msgs/lib/python3.8/site-packages:/home/student/sjowmm_ws/install/nav_2d_msgs/lib/python3.8/site-packages:/home/student/sjowmm_ws/install/nav2_common/lib/python3.8/site-packages:${PYTHONPATH} /usr/bin/cmake --install /home/student/sjowmm_ws/build/dwb_critics
[65.363s] -- Install configuration: "Release"
[65.363s] -- Installing: /home/student/sjowmm_ws/install/dwb_critics/lib/libdwb_critics.so
[65.364s] -- Set runtime path of "/home/student/sjowmm_ws/install/dwb_critics/lib/libdwb_critics.so" to ""
[65.365s] -- Installing: /home/student/sjowmm_ws/install/dwb_critics/include/
[65.365s] -- Installing: /home/student/sjowmm_ws/install/dwb_critics/include//dwb_critics
[65.365s] -- Installing: /home/student/sjowmm_ws/install/dwb_critics/include//dwb_critics/goal_dist.hpp
[65.365s] -- Installing: /home/student/sjowmm_ws/install/dwb_critics/include//dwb_critics/oscillation.hpp
[65.366s] -- Installing: /home/student/sjowmm_ws/install/dwb_critics/include//dwb_critics/prefer_forward.hpp
[65.366s] -- Installing: /home/student/sjowmm_ws/install/dwb_critics/include//dwb_critics/line_iterator.hpp
[65.366s] -- Installing: /home/student/sjowmm_ws/install/dwb_critics/include//dwb_critics/base_obstacle.hpp
[65.366s] -- Installing: /home/student/sjowmm_ws/install/dwb_critics/include//dwb_critics/alignment_util.hpp
[65.366s] -- Installing: /home/student/sjowmm_ws/install/dwb_critics/include//dwb_critics/goal_align.hpp
[65.366s] -- Installing: /home/student/sjowmm_ws/install/dwb_critics/include//dwb_critics/rotate_to_goal.hpp
[65.367s] -- Installing: /home/student/sjowmm_ws/install/dwb_critics/include//dwb_critics/path_align.hpp
[65.367s] -- Installing: /home/student/sjowmm_ws/install/dwb_critics/include//dwb_critics/obstacle_footprint.hpp
[65.368s] -- Installing: /home/student/sjowmm_ws/install/dwb_critics/include//dwb_critics/path_dist.hpp
[65.368s] -- Installing: /home/student/sjowmm_ws/install/dwb_critics/include//dwb_critics/map_grid.hpp
[65.369s] -- Installing: /home/student/sjowmm_ws/install/dwb_critics/include//dwb_critics/twirling.hpp
[65.369s] -- Installing: /home/student/sjowmm_ws/install/dwb_critics/share/dwb_critics/default_critics.xml
[65.369s] -- Installing: /home/student/sjowmm_ws/install/dwb_critics/share/dwb_critics/environment/library_path.sh
[65.369s] -- Installing: /home/student/sjowmm_ws/install/dwb_critics/share/dwb_critics/environment/library_path.dsv
[65.369s] -- Up-to-date: /home/student/sjowmm_ws/install/dwb_critics/share/dwb_critics/default_critics.xml
[65.369s] -- Installing: /home/student/sjowmm_ws/install/dwb_critics/share/ament_index/resource_index/package_run_dependencies/dwb_critics
[65.369s] -- Installing: /home/student/sjowmm_ws/install/dwb_critics/share/ament_index/resource_index/parent_prefix_path/dwb_critics
[65.370s] -- Installing: /home/student/sjowmm_ws/install/dwb_critics/share/dwb_critics/environment/ament_prefix_path.sh
[65.370s] -- Installing: /home/student/sjowmm_ws/install/dwb_critics/share/dwb_critics/environment/ament_prefix_path.dsv
[65.370s] -- Installing: /home/student/sjowmm_ws/install/dwb_critics/share/dwb_critics/environment/path.sh
[65.370s] -- Installing: /home/student/sjowmm_ws/install/dwb_critics/share/dwb_critics/environment/path.dsv
[65.370s] -- Installing: /home/student/sjowmm_ws/install/dwb_critics/share/dwb_critics/local_setup.bash
[65.370s] -- Installing: /home/student/sjowmm_ws/install/dwb_critics/share/dwb_critics/local_setup.sh
[65.370s] -- Installing: /home/student/sjowmm_ws/install/dwb_critics/share/dwb_critics/local_setup.zsh
[65.371s] -- Installing: /home/student/sjowmm_ws/install/dwb_critics/share/dwb_critics/local_setup.dsv
[65.371s] -- Installing: /home/student/sjowmm_ws/install/dwb_critics/share/dwb_critics/package.dsv
[65.371s] -- Installing: /home/student/sjowmm_ws/install/dwb_critics/share/ament_index/resource_index/packages/dwb_critics
[65.371s] -- Installing: /home/student/sjowmm_ws/install/dwb_critics/share/ament_index/resource_index/dwb_core__pluginlib__plugin/dwb_critics
[65.371s] -- Installing: /home/student/sjowmm_ws/install/dwb_critics/share/dwb_critics/cmake/ament_cmake_export_include_directories-extras.cmake
[65.371s] -- Installing: /home/student/sjowmm_ws/install/dwb_critics/share/dwb_critics/cmake/ament_cmake_export_libraries-extras.cmake
[65.371s] -- Installing: /home/student/sjowmm_ws/install/dwb_critics/share/dwb_critics/cmake/ament_cmake_export_dependencies-extras.cmake
[65.372s] -- Installing: /home/student/sjowmm_ws/install/dwb_critics/share/dwb_critics/cmake/ament_cmake_export_definitions-extras.cmake
[65.372s] -- Installing: /home/student/sjowmm_ws/install/dwb_critics/share/dwb_critics/cmake/dwb_criticsConfig.cmake
[65.372s] -- Installing: /home/student/sjowmm_ws/install/dwb_critics/share/dwb_critics/cmake/dwb_criticsConfig-version.cmake
[65.372s] -- Installing: /home/student/sjowmm_ws/install/dwb_critics/share/dwb_critics/package.xml
[65.379s] Invoked command in '/home/student/sjowmm_ws/build/dwb_critics' returned '0': AMENT_PREFIX_PATH=/home/student/sjowmm_ws/install/dwb_core:/home/student/sjowmm_ws/install/nav2_core:/home/student/sjowmm_ws/install/costmap_queue:/home/student/sjowmm_ws/install/nav2_costmap_2d:/home/student/sjowmm_ws/install/nav_2d_utils:/home/student/sjowmm_ws/install/nav2_util:/home/student/sjowmm_ws/install/nav2_voxel_grid:/home/student/sjowmm_ws/install/nav2_msgs:/home/student/sjowmm_ws/install/dwb_msgs:/home/student/sjowmm_ws/install/nav_2d_msgs:/home/student/sjowmm_ws/install/nav2_common:${AMENT_PREFIX_PATH} CMAKE_PREFIX_PATH=/home/student/sjowmm_ws/install/dwb_core:/home/student/sjowmm_ws/install/nav2_core:/home/student/sjowmm_ws/install/costmap_queue:/home/student/sjowmm_ws/install/nav2_costmap_2d:/home/student/sjowmm_ws/install/nav_2d_utils:/home/student/sjowmm_ws/install/nav2_util:/home/student/sjowmm_ws/install/nav2_voxel_grid:/home/student/sjowmm_ws/install/nav2_msgs:/home/student/sjowmm_ws/install/dwb_msgs:/home/student/sjowmm_ws/install/nav_2d_msgs:/home/student/sjowmm_ws/install/nav2_common:/home/student/sjowmm_ws/install/simulation:/home/student/sjowmm_ws/install/dede:/opt/ros/foxy LD_LIBRARY_PATH=/home/student/sjowmm_ws/install/dwb_core/lib:/home/student/sjowmm_ws/install/costmap_queue/lib:/home/student/sjowmm_ws/install/nav2_costmap_2d/lib:/home/student/sjowmm_ws/install/nav_2d_utils/lib:/home/student/sjowmm_ws/install/nav2_util/lib:/home/student/sjowmm_ws/install/nav2_voxel_grid/lib:/home/student/sjowmm_ws/install/nav2_msgs/lib:/home/student/sjowmm_ws/install/dwb_msgs/lib:/home/student/sjowmm_ws/install/nav_2d_msgs/lib:${LD_LIBRARY_PATH} PYTHONPATH=/home/student/sjowmm_ws/install/nav2_msgs/lib/python3.8/site-packages:/home/student/sjowmm_ws/install/dwb_msgs/lib/python3.8/site-packages:/home/student/sjowmm_ws/install/nav_2d_msgs/lib/python3.8/site-packages:/home/student/sjowmm_ws/install/nav2_common/lib/python3.8/site-packages:${PYTHONPATH} /usr/bin/cmake --install /home/student/sjowmm_ws/build/dwb_critics
