[0.058s] Invoking command in '/home/student/sjowmm_ws/build/dwb_critics': AMENT_PREFIX_PATH=/home/student/sjowmm_ws/install/dwb_core:/home/student/sjowmm_ws/install/nav2_core:/home/student/sjowmm_ws/install/costmap_queue:/home/student/sjowmm_ws/install/nav2_costmap_2d:/home/student/sjowmm_ws/install/nav_2d_utils:/home/student/sjowmm_ws/install/nav2_util:/home/student/sjowmm_ws/install/nav2_voxel_grid:/home/student/sjowmm_ws/install/nav2_msgs:/home/student/sjowmm_ws/install/dwb_msgs:/home/student/sjowmm_ws/install/nav_2d_msgs:/home/student/sjowmm_ws/install/nav2_common:${AMENT_PREFIX_PATH} CMAKE_PREFIX_PATH=/home/student/sjowmm_ws/install/dwb_core:/home/student/sjowmm_ws/install/nav2_core:/home/student/sjowmm_ws/install/costmap_queue:/home/student/sjowmm_ws/install/nav2_costmap_2d:/home/student/sjowmm_ws/install/nav_2d_utils:/home/student/sjowmm_ws/install/nav2_util:/home/student/sjowmm_ws/install/nav2_voxel_grid:/home/student/sjowmm_ws/install/nav2_msgs:/home/student/sjowmm_ws/install/dwb_msgs:/home/student/sjowmm_ws/install/nav_2d_msgs:/home/student/sjowmm_ws/install/nav2_common:/opt/ros/foxy LD_LIBRARY_PATH=/home/student/sjowmm_ws/install/dwb_core/lib:/home/student/sjowmm_ws/install/costmap_queue/lib:/home/student/sjowmm_ws/install/nav2_costmap_2d/lib:/home/student/sjowmm_ws/install/nav_2d_utils/lib:/home/student/sjowmm_ws/install/nav2_util/lib:/home/student/sjowmm_ws/install/nav2_voxel_grid/lib:/home/student/sjowmm_ws/install/nav2_msgs/lib:/home/student/sjowmm_ws/install/dwb_msgs/lib:/home/student/sjowmm_ws/install/nav_2d_msgs/lib:${LD_LIBRARY_PATH} PYTHONPATH=/home/student/sjowmm_ws/install/nav2_msgs/lib/python3.8/site-packages:/home/student/sjowmm_ws/install/dwb_msgs/lib/python3.8/site-packages:/home/student/sjowmm_ws/install/nav_2d_msgs/lib/python3.8/site-packages:/home/student/sjowmm_ws/install/nav2_common/lib/python3.8/site-packages:${PYTHONPATH} /usr/bin/cmake --build /home/student/sjowmm_ws/build/dwb_critics -- -j12 -l12
[0.160s] [100%] Built target dwb_critics
[0.170s] Invoked command in '/home/student/sjowmm_ws/build/dwb_critics' returned '0': AMENT_PREFIX_PATH=/home/student/sjowmm_ws/install/dwb_core:/home/student/sjowmm_ws/install/nav2_core:/home/student/sjowmm_ws/install/costmap_queue:/home/student/sjowmm_ws/install/nav2_costmap_2d:/home/student/sjowmm_ws/install/nav_2d_utils:/home/student/sjowmm_ws/install/nav2_util:/home/student/sjowmm_ws/install/nav2_voxel_grid:/home/student/sjowmm_ws/install/nav2_msgs:/home/student/sjowmm_ws/install/dwb_msgs:/home/student/sjowmm_ws/install/nav_2d_msgs:/home/student/sjowmm_ws/install/nav2_common:${AMENT_PREFIX_PATH} CMAKE_PREFIX_PATH=/home/student/sjowmm_ws/install/dwb_core:/home/student/sjowmm_ws/install/nav2_core:/home/student/sjowmm_ws/install/costmap_queue:/home/student/sjowmm_ws/install/nav2_costmap_2d:/home/student/sjowmm_ws/install/nav_2d_utils:/home/student/sjowmm_ws/install/nav2_util:/home/student/sjowmm_ws/install/nav2_voxel_grid:/home/student/sjowmm_ws/install/nav2_msgs:/home/student/sjowmm_ws/install/dwb_msgs:/home/student/sjowmm_ws/install/nav_2d_msgs:/home/student/sjowmm_ws/install/nav2_common:/opt/ros/foxy LD_LIBRARY_PATH=/home/student/sjowmm_ws/install/dwb_core/lib:/home/student/sjowmm_ws/install/costmap_queue/lib:/home/student/sjowmm_ws/install/nav2_costmap_2d/lib:/home/student/sjowmm_ws/install/nav_2d_utils/lib:/home/student/sjowmm_ws/install/nav2_util/lib:/home/student/sjowmm_ws/install/nav2_voxel_grid/lib:/home/student/sjowmm_ws/install/nav2_msgs/lib:/home/student/sjowmm_ws/install/dwb_msgs/lib:/home/student/sjowmm_ws/install/nav_2d_msgs/lib:${LD_LIBRARY_PATH} PYTHONPATH=/home/student/sjowmm_ws/install/nav2_msgs/lib/python3.8/site-packages:/home/student/sjowmm_ws/install/dwb_msgs/lib/python3.8/site-packages:/home/student/sjowmm_ws/install/nav_2d_msgs/lib/python3.8/site-packages:/home/student/sjowmm_ws/install/nav2_common/lib/python3.8/site-packages:${PYTHONPATH} /usr/bin/cmake --build /home/student/sjowmm_ws/build/dwb_critics -- -j12 -l12
[0.201s] Invoking command in '/home/student/sjowmm_ws/build/dwb_critics': AMENT_PREFIX_PATH=/home/student/sjowmm_ws/install/dwb_core:/home/student/sjowmm_ws/install/nav2_core:/home/student/sjowmm_ws/install/costmap_queue:/home/student/sjowmm_ws/install/nav2_costmap_2d:/home/student/sjowmm_ws/install/nav_2d_utils:/home/student/sjowmm_ws/install/nav2_util:/home/student/sjowmm_ws/install/nav2_voxel_grid:/home/student/sjowmm_ws/install/nav2_msgs:/home/student/sjowmm_ws/install/dwb_msgs:/home/student/sjowmm_ws/install/nav_2d_msgs:/home/student/sjowmm_ws/install/nav2_common:${AMENT_PREFIX_PATH} CMAKE_PREFIX_PATH=/home/student/sjowmm_ws/install/dwb_core:/home/student/sjowmm_ws/install/nav2_core:/home/student/sjowmm_ws/install/costmap_queue:/home/student/sjowmm_ws/install/nav2_costmap_2d:/home/student/sjowmm_ws/install/nav_2d_utils:/home/student/sjowmm_ws/install/nav2_util:/home/student/sjowmm_ws/install/nav2_voxel_grid:/home/student/sjowmm_ws/install/nav2_msgs:/home/student/sjowmm_ws/install/dwb_msgs:/home/student/sjowmm_ws/install/nav_2d_msgs:/home/student/sjowmm_ws/install/nav2_common:/opt/ros/foxy LD_LIBRARY_PATH=/home/student/sjowmm_ws/install/dwb_core/lib:/home/student/sjowmm_ws/install/costmap_queue/lib:/home/student/sjowmm_ws/install/nav2_costmap_2d/lib:/home/student/sjowmm_ws/install/nav_2d_utils/lib:/home/student/sjowmm_ws/install/nav2_util/lib:/home/student/sjowmm_ws/install/nav2_voxel_grid/lib:/home/student/sjowmm_ws/install/nav2_msgs/lib:/home/student/sjowmm_ws/install/dwb_msgs/lib:/home/student/sjowmm_ws/install/nav_2d_msgs/lib:${LD_LIBRARY_PATH} PYTHONPATH=/home/student/sjowmm_ws/install/nav2_msgs/lib/python3.8/site-packages:/home/student/sjowmm_ws/install/dwb_msgs/lib/python3.8/site-packages:/home/student/sjowmm_ws/install/nav_2d_msgs/lib/python3.8/site-packages:/home/student/sjowmm_ws/install/nav2_common/lib/python3.8/site-packages:${PYTHONPATH} /usr/bin/cmake --install /home/student/sjowmm_ws/build/dwb_critics
[0.210s] -- Install configuration: "Release"
[0.212s] -- Up-to-date: /home/student/sjowmm_ws/install/dwb_critics/lib/libdwb_critics.so
[0.212s] -- Up-to-date: /home/student/sjowmm_ws/install/dwb_critics/include/
[0.212s] -- Up-to-date: /home/student/sjowmm_ws/install/dwb_critics/include//dwb_critics
[0.213s] -- Up-to-date: /home/student/sjowmm_ws/install/dwb_critics/include//dwb_critics/goal_dist.hpp
[0.213s] -- Up-to-date: /home/student/sjowmm_ws/install/dwb_critics/include//dwb_critics/oscillation.hpp
[0.213s] -- Up-to-date: /home/student/sjowmm_ws/install/dwb_critics/include//dwb_critics/prefer_forward.hpp
[0.213s] -- Up-to-date: /home/student/sjowmm_ws/install/dwb_critics/include//dwb_critics/line_iterator.hpp
[0.213s] -- Up-to-date: /home/student/sjowmm_ws/install/dwb_critics/include//dwb_critics/base_obstacle.hpp
[0.213s] -- Up-to-date: /home/student/sjowmm_ws/install/dwb_critics/include//dwb_critics/alignment_util.hpp
[0.213s] -- Up-to-date: /home/student/sjowmm_ws/install/dwb_critics/include//dwb_critics/goal_align.hpp
[0.213s] -- Up-to-date: /home/student/sjowmm_ws/install/dwb_critics/include//dwb_critics/rotate_to_goal.hpp
[0.213s] -- Up-to-date: /home/student/sjowmm_ws/install/dwb_critics/include//dwb_critics/path_align.hpp
[0.213s] -- Up-to-date: /home/student/sjowmm_ws/install/dwb_critics/include//dwb_critics/obstacle_footprint.hpp
[0.213s] -- Up-to-date: /home/student/sjowmm_ws/install/dwb_critics/include//dwb_critics/path_dist.hpp
[0.214s] -- Up-to-date: /home/student/sjowmm_ws/install/dwb_critics/include//dwb_critics/map_grid.hpp
[0.214s] -- Up-to-date: /home/student/sjowmm_ws/install/dwb_critics/include//dwb_critics/twirling.hpp
[0.214s] -- Up-to-date: /home/student/sjowmm_ws/install/dwb_critics/share/dwb_critics/default_critics.xml
[0.214s] -- Up-to-date: /home/student/sjowmm_ws/install/dwb_critics/share/dwb_critics/environment/library_path.sh
[0.214s] -- Up-to-date: /home/student/sjowmm_ws/install/dwb_critics/share/dwb_critics/environment/library_path.dsv
[0.214s] -- Up-to-date: /home/student/sjowmm_ws/install/dwb_critics/share/dwb_critics/default_critics.xml
[0.214s] -- Up-to-date: /home/student/sjowmm_ws/install/dwb_critics/share/ament_index/resource_index/package_run_dependencies/dwb_critics
[0.214s] -- Up-to-date: /home/student/sjowmm_ws/install/dwb_critics/share/ament_index/resource_index/parent_prefix_path/dwb_critics
[0.214s] -- Up-to-date: /home/student/sjowmm_ws/install/dwb_critics/share/dwb_critics/environment/ament_prefix_path.sh
[0.214s] -- Up-to-date: /home/student/sjowmm_ws/install/dwb_critics/share/dwb_critics/environment/ament_prefix_path.dsv
[0.214s] -- Up-to-date: /home/student/sjowmm_ws/install/dwb_critics/share/dwb_critics/environment/path.sh
[0.215s] -- Up-to-date: /home/student/sjowmm_ws/install/dwb_critics/share/dwb_critics/environment/path.dsv
[0.215s] -- Up-to-date: /home/student/sjowmm_ws/install/dwb_critics/share/dwb_critics/local_setup.bash
[0.215s] -- Up-to-date: /home/student/sjowmm_ws/install/dwb_critics/share/dwb_critics/local_setup.sh
[0.215s] -- Up-to-date: /home/student/sjowmm_ws/install/dwb_critics/share/dwb_critics/local_setup.zsh
[0.215s] -- Up-to-date: /home/student/sjowmm_ws/install/dwb_critics/share/dwb_critics/local_setup.dsv
[0.215s] -- Installing: /home/student/sjowmm_ws/install/dwb_critics/share/dwb_critics/package.dsv
[0.215s] -- Up-to-date: /home/student/sjowmm_ws/install/dwb_critics/share/ament_index/resource_index/packages/dwb_critics
[0.215s] -- Up-to-date: /home/student/sjowmm_ws/install/dwb_critics/share/ament_index/resource_index/dwb_core__pluginlib__plugin/dwb_critics
[0.215s] -- Up-to-date: /home/student/sjowmm_ws/install/dwb_critics/share/dwb_critics/cmake/ament_cmake_export_include_directories-extras.cmake
[0.216s] -- Up-to-date: /home/student/sjowmm_ws/install/dwb_critics/share/dwb_critics/cmake/ament_cmake_export_libraries-extras.cmake
[0.216s] -- Up-to-date: /home/student/sjowmm_ws/install/dwb_critics/share/dwb_critics/cmake/ament_cmake_export_dependencies-extras.cmake
[0.216s] -- Up-to-date: /home/student/sjowmm_ws/install/dwb_critics/share/dwb_critics/cmake/ament_cmake_export_definitions-extras.cmake
[0.216s] -- Up-to-date: /home/student/sjowmm_ws/install/dwb_critics/share/dwb_critics/cmake/dwb_criticsConfig.cmake
[0.216s] -- Up-to-date: /home/student/sjowmm_ws/install/dwb_critics/share/dwb_critics/cmake/dwb_criticsConfig-version.cmake
[0.216s] -- Up-to-date: /home/student/sjowmm_ws/install/dwb_critics/share/dwb_critics/package.xml
[0.218s] Invoked command in '/home/student/sjowmm_ws/build/dwb_critics' returned '0': AMENT_PREFIX_PATH=/home/student/sjowmm_ws/install/dwb_core:/home/student/sjowmm_ws/install/nav2_core:/home/student/sjowmm_ws/install/costmap_queue:/home/student/sjowmm_ws/install/nav2_costmap_2d:/home/student/sjowmm_ws/install/nav_2d_utils:/home/student/sjowmm_ws/install/nav2_util:/home/student/sjowmm_ws/install/nav2_voxel_grid:/home/student/sjowmm_ws/install/nav2_msgs:/home/student/sjowmm_ws/install/dwb_msgs:/home/student/sjowmm_ws/install/nav_2d_msgs:/home/student/sjowmm_ws/install/nav2_common:${AMENT_PREFIX_PATH} CMAKE_PREFIX_PATH=/home/student/sjowmm_ws/install/dwb_core:/home/student/sjowmm_ws/install/nav2_core:/home/student/sjowmm_ws/install/costmap_queue:/home/student/sjowmm_ws/install/nav2_costmap_2d:/home/student/sjowmm_ws/install/nav_2d_utils:/home/student/sjowmm_ws/install/nav2_util:/home/student/sjowmm_ws/install/nav2_voxel_grid:/home/student/sjowmm_ws/install/nav2_msgs:/home/student/sjowmm_ws/install/dwb_msgs:/home/student/sjowmm_ws/install/nav_2d_msgs:/home/student/sjowmm_ws/install/nav2_common:/opt/ros/foxy LD_LIBRARY_PATH=/home/student/sjowmm_ws/install/dwb_core/lib:/home/student/sjowmm_ws/install/costmap_queue/lib:/home/student/sjowmm_ws/install/nav2_costmap_2d/lib:/home/student/sjowmm_ws/install/nav_2d_utils/lib:/home/student/sjowmm_ws/install/nav2_util/lib:/home/student/sjowmm_ws/install/nav2_voxel_grid/lib:/home/student/sjowmm_ws/install/nav2_msgs/lib:/home/student/sjowmm_ws/install/dwb_msgs/lib:/home/student/sjowmm_ws/install/nav_2d_msgs/lib:${LD_LIBRARY_PATH} PYTHONPATH=/home/student/sjowmm_ws/install/nav2_msgs/lib/python3.8/site-packages:/home/student/sjowmm_ws/install/dwb_msgs/lib/python3.8/site-packages:/home/student/sjowmm_ws/install/nav_2d_msgs/lib/python3.8/site-packages:/home/student/sjowmm_ws/install/nav2_common/lib/python3.8/site-packages:${PYTHONPATH} /usr/bin/cmake --install /home/student/sjowmm_ws/build/dwb_critics
