[1.471s] Invoking command in '/home/student/sjowmm_ws/src/green_turtle': PYTHONPATH=/home/student/sjowmm_ws/install/green_turtle/lib/python3.8/site-packages:${PYTHONPATH} /usr/bin/python3 setup.py egg_info --egg-base ../../build/green_turtle build --build-base /home/student/sjowmm_ws/build/green_turtle/build install --prefix /home/student/sjowmm_ws/install/green_turtle --record /home/student/sjowmm_ws/build/green_turtle/install.log --single-version-externally-managed
[1.766s] running egg_info
[1.767s] writing ../../build/green_turtle/green_turtle.egg-info/PKG-INFO
[1.768s] writing dependency_links to ../../build/green_turtle/green_turtle.egg-info/dependency_links.txt
[1.768s] writing entry points to ../../build/green_turtle/green_turtle.egg-info/entry_points.txt
[1.768s] writing requirements to ../../build/green_turtle/green_turtle.egg-info/requires.txt
[1.769s] writing top-level names to ../../build/green_turtle/green_turtle.egg-info/top_level.txt
[1.794s] reading manifest file '../../build/green_turtle/green_turtle.egg-info/SOURCES.txt'
[1.794s] writing manifest file '../../build/green_turtle/green_turtle.egg-info/SOURCES.txt'
[1.794s] running build
[1.794s] running build_py
[1.795s] running install
[1.795s] running install_lib
[1.795s] running install_data
[1.796s] running install_egg_info
[1.798s] removing '/home/student/sjowmm_ws/install/green_turtle/lib/python3.8/site-packages/green_turtle-0.0.0-py3.8.egg-info' (and everything under it)
[1.798s] Copying ../../build/green_turtle/green_turtle.egg-info to /home/student/sjowmm_ws/install/green_turtle/lib/python3.8/site-packages/green_turtle-0.0.0-py3.8.egg-info
[1.799s] running install_scripts
[1.820s] Installing node script to /home/student/sjowmm_ws/install/green_turtle/lib/green_turtle
[1.821s] writing list of installed files to '/home/student/sjowmm_ws/build/green_turtle/install.log'
[2.106s] Invoked command in '/home/student/sjowmm_ws/src/green_turtle' returned '0': PYTHONPATH=/home/student/sjowmm_ws/install/green_turtle/lib/python3.8/site-packages:${PYTHONPATH} /usr/bin/python3 setup.py egg_info --egg-base ../../build/green_turtle build --build-base /home/student/sjowmm_ws/build/green_turtle/build install --prefix /home/student/sjowmm_ws/install/green_turtle --record /home/student/sjowmm_ws/build/green_turtle/install.log --single-version-externally-managed
