[1.468s] Invoking command in '/home/student/sjowmm_ws/src/turtlebot3/turtlebot3_example': PYTHONPATH=/home/student/sjowmm_ws/install/turtlebot3_example/lib/python3.8/site-packages:${PYTHONPATH} /usr/bin/python3 setup.py egg_info --egg-base ../../../build/turtlebot3_example build --build-base /home/student/sjowmm_ws/build/turtlebot3_example/build install --prefix /home/student/sjowmm_ws/install/turtlebot3_example --record /home/student/sjowmm_ws/build/turtlebot3_example/install.log --single-version-externally-managed
[1.788s] running egg_info
[1.789s] creating ../../../build/turtlebot3_example/turtlebot3_example.egg-info
[1.789s] writing ../../../build/turtlebot3_example/turtlebot3_example.egg-info/PKG-INFO
[1.789s] writing dependency_links to ../../../build/turtlebot3_example/turtlebot3_example.egg-info/dependency_links.txt
[1.789s] writing entry points to ../../../build/turtlebot3_example/turtlebot3_example.egg-info/entry_points.txt
[1.790s] writing requirements to ../../../build/turtlebot3_example/turtlebot3_example.egg-info/requires.txt
[1.790s] writing top-level names to ../../../build/turtlebot3_example/turtlebot3_example.egg-info/top_level.txt
[1.791s] writing manifest file '../../../build/turtlebot3_example/turtlebot3_example.egg-info/SOURCES.txt'
[1.854s] reading manifest file '../../../build/turtlebot3_example/turtlebot3_example.egg-info/SOURCES.txt'
[1.859s] writing manifest file '../../../build/turtlebot3_example/turtlebot3_example.egg-info/SOURCES.txt'
[1.860s] running build
[1.860s] running build_py
[1.860s] creating /home/student/sjowmm_ws/build/turtlebot3_example/build
[1.860s] creating /home/student/sjowmm_ws/build/turtlebot3_example/build/lib
[1.860s] creating /home/student/sjowmm_ws/build/turtlebot3_example/build/lib/turtlebot3_example
[1.861s] copying turtlebot3_example/__init__.py -> /home/student/sjowmm_ws/build/turtlebot3_example/build/lib/turtlebot3_example
[1.861s] creating /home/student/sjowmm_ws/build/turtlebot3_example/build/lib/turtlebot3_example/turtlebot3_patrol_server
[1.861s] copying turtlebot3_example/turtlebot3_patrol_server/main.py -> /home/student/sjowmm_ws/build/turtlebot3_example/build/lib/turtlebot3_example/turtlebot3_patrol_server
[1.861s] copying turtlebot3_example/turtlebot3_patrol_server/turtlebot3_path.py -> /home/student/sjowmm_ws/build/turtlebot3_example/build/lib/turtlebot3_example/turtlebot3_patrol_server
[1.862s] copying turtlebot3_example/turtlebot3_patrol_server/turtlebot3_patrol_server.py -> /home/student/sjowmm_ws/build/turtlebot3_example/build/lib/turtlebot3_example/turtlebot3_patrol_server
[1.862s] copying turtlebot3_example/turtlebot3_patrol_server/__init__.py -> /home/student/sjowmm_ws/build/turtlebot3_example/build/lib/turtlebot3_example/turtlebot3_patrol_server
[1.863s] creating /home/student/sjowmm_ws/build/turtlebot3_example/build/lib/turtlebot3_example/turtlebot3_position_control
[1.863s] copying turtlebot3_example/turtlebot3_position_control/main.py -> /home/student/sjowmm_ws/build/turtlebot3_example/build/lib/turtlebot3_example/turtlebot3_position_control
[1.863s] copying turtlebot3_example/turtlebot3_position_control/turtlebot3_position_control.py -> /home/student/sjowmm_ws/build/turtlebot3_example/build/lib/turtlebot3_example/turtlebot3_position_control
[1.863s] copying turtlebot3_example/turtlebot3_position_control/turtlebot3_path.py -> /home/student/sjowmm_ws/build/turtlebot3_example/build/lib/turtlebot3_example/turtlebot3_position_control
[1.864s] copying turtlebot3_example/turtlebot3_position_control/__init__.py -> /home/student/sjowmm_ws/build/turtlebot3_example/build/lib/turtlebot3_example/turtlebot3_position_control
[1.864s] creating /home/student/sjowmm_ws/build/turtlebot3_example/build/lib/turtlebot3_example/turtlebot3_patrol_client
[1.864s] copying turtlebot3_example/turtlebot3_patrol_client/main.py -> /home/student/sjowmm_ws/build/turtlebot3_example/build/lib/turtlebot3_example/turtlebot3_patrol_client
[1.864s] copying turtlebot3_example/turtlebot3_patrol_client/turtlebot3_patrol_client.py -> /home/student/sjowmm_ws/build/turtlebot3_example/build/lib/turtlebot3_example/turtlebot3_patrol_client
[1.864s] copying turtlebot3_example/turtlebot3_patrol_client/__init__.py -> /home/student/sjowmm_ws/build/turtlebot3_example/build/lib/turtlebot3_example/turtlebot3_patrol_client
[1.865s] creating /home/student/sjowmm_ws/build/turtlebot3_example/build/lib/turtlebot3_example/turtlebot3_obstacle_detection
[1.865s] copying turtlebot3_example/turtlebot3_obstacle_detection/main.py -> /home/student/sjowmm_ws/build/turtlebot3_example/build/lib/turtlebot3_example/turtlebot3_obstacle_detection
[1.865s] copying turtlebot3_example/turtlebot3_obstacle_detection/turtlebot3_obstacle_detection.py -> /home/student/sjowmm_ws/build/turtlebot3_example/build/lib/turtlebot3_example/turtlebot3_obstacle_detection
[1.865s] copying turtlebot3_example/turtlebot3_obstacle_detection/__init__.py -> /home/student/sjowmm_ws/build/turtlebot3_example/build/lib/turtlebot3_example/turtlebot3_obstacle_detection
[1.868s] running install
[1.869s] running install_lib
[1.870s] creating /home/student/sjowmm_ws/install/turtlebot3_example/lib/python3.8/site-packages/turtlebot3_example
[1.870s] creating /home/student/sjowmm_ws/install/turtlebot3_example/lib/python3.8/site-packages/turtlebot3_example/turtlebot3_patrol_server
[1.871s] copying /home/student/sjowmm_ws/build/turtlebot3_example/build/lib/turtlebot3_example/turtlebot3_patrol_server/main.py -> /home/student/sjowmm_ws/install/turtlebot3_example/lib/python3.8/site-packages/turtlebot3_example/turtlebot3_patrol_server
[1.871s] copying /home/student/sjowmm_ws/build/turtlebot3_example/build/lib/turtlebot3_example/turtlebot3_patrol_server/turtlebot3_path.py -> /home/student/sjowmm_ws/install/turtlebot3_example/lib/python3.8/site-packages/turtlebot3_example/turtlebot3_patrol_server
[1.871s] copying /home/student/sjowmm_ws/build/turtlebot3_example/build/lib/turtlebot3_example/turtlebot3_patrol_server/turtlebot3_patrol_server.py -> /home/student/sjowmm_ws/install/turtlebot3_example/lib/python3.8/site-packages/turtlebot3_example/turtlebot3_patrol_server
[1.871s] copying /home/student/sjowmm_ws/build/turtlebot3_example/build/lib/turtlebot3_example/turtlebot3_patrol_server/__init__.py -> /home/student/sjowmm_ws/install/turtlebot3_example/lib/python3.8/site-packages/turtlebot3_example/turtlebot3_patrol_server
[1.871s] creating /home/student/sjowmm_ws/install/turtlebot3_example/lib/python3.8/site-packages/turtlebot3_example/turtlebot3_position_control
[1.871s] copying /home/student/sjowmm_ws/build/turtlebot3_example/build/lib/turtlebot3_example/turtlebot3_position_control/main.py -> /home/student/sjowmm_ws/install/turtlebot3_example/lib/python3.8/site-packages/turtlebot3_example/turtlebot3_position_control
[1.872s] copying /home/student/sjowmm_ws/build/turtlebot3_example/build/lib/turtlebot3_example/turtlebot3_position_control/turtlebot3_position_control.py -> /home/student/sjowmm_ws/install/turtlebot3_example/lib/python3.8/site-packages/turtlebot3_example/turtlebot3_position_control
[1.872s] copying /home/student/sjowmm_ws/build/turtlebot3_example/build/lib/turtlebot3_example/turtlebot3_position_control/turtlebot3_path.py -> /home/student/sjowmm_ws/install/turtlebot3_example/lib/python3.8/site-packages/turtlebot3_example/turtlebot3_position_control
[1.873s] copying /home/student/sjowmm_ws/build/turtlebot3_example/build/lib/turtlebot3_example/turtlebot3_position_control/__init__.py -> /home/student/sjowmm_ws/install/turtlebot3_example/lib/python3.8/site-packages/turtlebot3_example/turtlebot3_position_control
[1.874s] creating /home/student/sjowmm_ws/install/turtlebot3_example/lib/python3.8/site-packages/turtlebot3_example/turtlebot3_patrol_client
[1.875s] copying /home/student/sjowmm_ws/build/turtlebot3_example/build/lib/turtlebot3_example/turtlebot3_patrol_client/main.py -> /home/student/sjowmm_ws/install/turtlebot3_example/lib/python3.8/site-packages/turtlebot3_example/turtlebot3_patrol_client
[1.875s] copying /home/student/sjowmm_ws/build/turtlebot3_example/build/lib/turtlebot3_example/turtlebot3_patrol_client/turtlebot3_patrol_client.py -> /home/student/sjowmm_ws/install/turtlebot3_example/lib/python3.8/site-packages/turtlebot3_example/turtlebot3_patrol_client
[1.875s] copying /home/student/sjowmm_ws/build/turtlebot3_example/build/lib/turtlebot3_example/turtlebot3_patrol_client/__init__.py -> /home/student/sjowmm_ws/install/turtlebot3_example/lib/python3.8/site-packages/turtlebot3_example/turtlebot3_patrol_client
[1.875s] creating /home/student/sjowmm_ws/install/turtlebot3_example/lib/python3.8/site-packages/turtlebot3_example/turtlebot3_obstacle_detection
[1.876s] copying /home/student/sjowmm_ws/build/turtlebot3_example/build/lib/turtlebot3_example/turtlebot3_obstacle_detection/main.py -> /home/student/sjowmm_ws/install/turtlebot3_example/lib/python3.8/site-packages/turtlebot3_example/turtlebot3_obstacle_detection
[1.876s] copying /home/student/sjowmm_ws/build/turtlebot3_example/build/lib/turtlebot3_example/turtlebot3_obstacle_detection/turtlebot3_obstacle_detection.py -> /home/student/sjowmm_ws/install/turtlebot3_example/lib/python3.8/site-packages/turtlebot3_example/turtlebot3_obstacle_detection
[1.876s] copying /home/student/sjowmm_ws/build/turtlebot3_example/build/lib/turtlebot3_example/turtlebot3_obstacle_detection/__init__.py -> /home/student/sjowmm_ws/install/turtlebot3_example/lib/python3.8/site-packages/turtlebot3_example/turtlebot3_obstacle_detection
[1.876s] copying /home/student/sjowmm_ws/build/turtlebot3_example/build/lib/turtlebot3_example/__init__.py -> /home/student/sjowmm_ws/install/turtlebot3_example/lib/python3.8/site-packages/turtlebot3_example
[1.877s] byte-compiling /home/student/sjowmm_ws/install/turtlebot3_example/lib/python3.8/site-packages/turtlebot3_example/turtlebot3_patrol_server/main.py to main.cpython-38.pyc
[1.877s] byte-compiling /home/student/sjowmm_ws/install/turtlebot3_example/lib/python3.8/site-packages/turtlebot3_example/turtlebot3_patrol_server/turtlebot3_path.py to turtlebot3_path.cpython-38.pyc
[1.877s] byte-compiling /home/student/sjowmm_ws/install/turtlebot3_example/lib/python3.8/site-packages/turtlebot3_example/turtlebot3_patrol_server/turtlebot3_patrol_server.py to turtlebot3_patrol_server.cpython-38.pyc
[1.879s] byte-compiling /home/student/sjowmm_ws/install/turtlebot3_example/lib/python3.8/site-packages/turtlebot3_example/turtlebot3_patrol_server/__init__.py to __init__.cpython-38.pyc
[1.879s] byte-compiling /home/student/sjowmm_ws/install/turtlebot3_example/lib/python3.8/site-packages/turtlebot3_example/turtlebot3_position_control/main.py to main.cpython-38.pyc
[1.880s] byte-compiling /home/student/sjowmm_ws/install/turtlebot3_example/lib/python3.8/site-packages/turtlebot3_example/turtlebot3_position_control/turtlebot3_position_control.py to turtlebot3_position_control.cpython-38.pyc
[1.880s] byte-compiling /home/student/sjowmm_ws/install/turtlebot3_example/lib/python3.8/site-packages/turtlebot3_example/turtlebot3_position_control/turtlebot3_path.py to turtlebot3_path.cpython-38.pyc
[1.880s] byte-compiling /home/student/sjowmm_ws/install/turtlebot3_example/lib/python3.8/site-packages/turtlebot3_example/turtlebot3_position_control/__init__.py to __init__.cpython-38.pyc
[1.881s] byte-compiling /home/student/sjowmm_ws/install/turtlebot3_example/lib/python3.8/site-packages/turtlebot3_example/turtlebot3_patrol_client/main.py to main.cpython-38.pyc
[1.883s] byte-compiling /home/student/sjowmm_ws/install/turtlebot3_example/lib/python3.8/site-packages/turtlebot3_example/turtlebot3_patrol_client/turtlebot3_patrol_client.py to turtlebot3_patrol_client.cpython-38.pyc
[1.883s] byte-compiling /home/student/sjowmm_ws/install/turtlebot3_example/lib/python3.8/site-packages/turtlebot3_example/turtlebot3_patrol_client/__init__.py to __init__.cpython-38.pyc
[1.883s] byte-compiling /home/student/sjowmm_ws/install/turtlebot3_example/lib/python3.8/site-packages/turtlebot3_example/turtlebot3_obstacle_detection/main.py to main.cpython-38.pyc
[1.883s] byte-compiling /home/student/sjowmm_ws/install/turtlebot3_example/lib/python3.8/site-packages/turtlebot3_example/turtlebot3_obstacle_detection/turtlebot3_obstacle_detection.py to turtlebot3_obstacle_detection.cpython-38.pyc
[1.884s] byte-compiling /home/student/sjowmm_ws/install/turtlebot3_example/lib/python3.8/site-packages/turtlebot3_example/turtlebot3_obstacle_detection/__init__.py to __init__.cpython-38.pyc
[1.884s] byte-compiling /home/student/sjowmm_ws/install/turtlebot3_example/lib/python3.8/site-packages/turtlebot3_example/__init__.py to __init__.cpython-38.pyc
[1.884s] running install_data
[1.884s] creating /home/student/sjowmm_ws/install/turtlebot3_example/share/ament_index
[1.884s] creating /home/student/sjowmm_ws/install/turtlebot3_example/share/ament_index/resource_index
[1.885s] creating /home/student/sjowmm_ws/install/turtlebot3_example/share/ament_index/resource_index/packages
[1.885s] copying resource/turtlebot3_example -> /home/student/sjowmm_ws/install/turtlebot3_example/share/ament_index/resource_index/packages
[1.885s] copying package.xml -> /home/student/sjowmm_ws/install/turtlebot3_example/share/turtlebot3_example
[1.885s] running install_egg_info
[1.886s] Copying ../../../build/turtlebot3_example/turtlebot3_example.egg-info to /home/student/sjowmm_ws/install/turtlebot3_example/lib/python3.8/site-packages/turtlebot3_example-2.1.4-py3.8.egg-info
[1.886s] running install_scripts
[1.891s] Installing turtlebot3_obstacle_detection script to /home/student/sjowmm_ws/install/turtlebot3_example/lib/turtlebot3_example
[1.891s] Installing turtlebot3_patrol_client script to /home/student/sjowmm_ws/install/turtlebot3_example/lib/turtlebot3_example
[1.891s] Installing turtlebot3_patrol_server script to /home/student/sjowmm_ws/install/turtlebot3_example/lib/turtlebot3_example
[1.891s] Installing turtlebot3_position_control script to /home/student/sjowmm_ws/install/turtlebot3_example/lib/turtlebot3_example
[1.900s] writing list of installed files to '/home/student/sjowmm_ws/build/turtlebot3_example/install.log'
[2.211s] Invoked command in '/home/student/sjowmm_ws/src/turtlebot3/turtlebot3_example' returned '0': PYTHONPATH=/home/student/sjowmm_ws/install/turtlebot3_example/lib/python3.8/site-packages:${PYTHONPATH} /usr/bin/python3 setup.py egg_info --egg-base ../../../build/turtlebot3_example build --build-base /home/student/sjowmm_ws/build/turtlebot3_example/build install --prefix /home/student/sjowmm_ws/install/turtlebot3_example --record /home/student/sjowmm_ws/build/turtlebot3_example/install.log --single-version-externally-managed
