running egg_info
writing ../../build/simulation/simulation.egg-info/PKG-INFO
writing dependency_links to ../../build/simulation/simulation.egg-info/dependency_links.txt
writing entry points to ../../build/simulation/simulation.egg-info/entry_points.txt
writing requirements to ../../build/simulation/simulation.egg-info/requires.txt
writing top-level names to ../../build/simulation/simulation.egg-info/top_level.txt
reading manifest file '../../build/simulation/simulation.egg-info/SOURCES.txt'
writing manifest file '../../build/simulation/simulation.egg-info/SOURCES.txt'
running build
running build_py
copying simulation/spawn_robot_srv.py -> /home/student/sjowmm_ws/build/simulation/build/lib/simulation
running install
running install_lib
copying /home/student/sjowmm_ws/build/simulation/build/lib/simulation/spawn_robot_srv.py -> /home/student/sjowmm_ws/install/simulation/lib/python3.8/site-packages/simulation
byte-compiling /home/student/sjowmm_ws/install/simulation/lib/python3.8/site-packages/simulation/spawn_robot_srv.py to spawn_robot_srv.cpython-38.pyc
running install_data
copying launch/spawn_robot_launch.py -> /home/student/sjowmm_ws/install/simulation/share/simulation/launch
running install_egg_info
removing '/home/student/sjowmm_ws/install/simulation/lib/python3.8/site-packages/simulation-0.0.0-py3.8.egg-info' (and everything under it)
Copying ../../build/simulation/simulation.egg-info to /home/student/sjowmm_ws/install/simulation/lib/python3.8/site-packages/simulation-0.0.0-py3.8.egg-info
running install_scripts
Installing spawn_robot_srv script to /home/student/sjowmm_ws/install/simulation/lib/simulation
writing list of installed files to '/home/student/sjowmm_ws/build/simulation/install.log'
