[0.265s] Invoking command in '/home/student/sjowmm_ws/src/simulation': PYTHONPATH=/home/student/sjowmm_ws/install/simulation/lib/python3.8/site-packages:${PYTHONPATH} /usr/bin/python3 setup.py egg_info --egg-base ../../build/simulation build --build-base /home/student/sjowmm_ws/build/simulation/build install --prefix /home/student/sjowmm_ws/install/simulation --record /home/student/sjowmm_ws/build/simulation/install.log --single-version-externally-managed
[0.495s] running egg_info
[0.496s] writing ../../build/simulation/simulation.egg-info/PKG-INFO
[0.496s] writing dependency_links to ../../build/simulation/simulation.egg-info/dependency_links.txt
[0.496s] writing entry points to ../../build/simulation/simulation.egg-info/entry_points.txt
[0.496s] writing requirements to ../../build/simulation/simulation.egg-info/requires.txt
[0.496s] writing top-level names to ../../build/simulation/simulation.egg-info/top_level.txt
[0.530s] reading manifest file '../../build/simulation/simulation.egg-info/SOURCES.txt'
[0.530s] writing manifest file '../../build/simulation/simulation.egg-info/SOURCES.txt'
[0.530s] running build
[0.531s] running build_py
[0.531s] running install
[0.531s] running install_lib
[0.532s] running install_data
[0.533s] creating /home/student/sjowmm_ws/install/simulation/share/simulation/robot
[0.533s] copying robot/turtlebot3_waffle_pi.urdf -> /home/student/sjowmm_ws/install/simulation/share/simulation/robot
[0.533s] creating /home/student/sjowmm_ws/install/simulation/share/simulation/rviz
[0.533s] copying rviz/simulation.rviz -> /home/student/sjowmm_ws/install/simulation/share/simulation/rviz
[0.533s] running install_egg_info
[0.535s] removing '/home/student/sjowmm_ws/install/simulation/lib/python3.8/site-packages/simulation-0.0.0-py3.8.egg-info' (and everything under it)
[0.535s] Copying ../../build/simulation/simulation.egg-info to /home/student/sjowmm_ws/install/simulation/lib/python3.8/site-packages/simulation-0.0.0-py3.8.egg-info
[0.536s] running install_scripts
[0.555s] writing list of installed files to '/home/student/sjowmm_ws/build/simulation/install.log'
[0.575s] Invoked command in '/home/student/sjowmm_ws/src/simulation' returned '0': PYTHONPATH=/home/student/sjowmm_ws/install/simulation/lib/python3.8/site-packages:${PYTHONPATH} /usr/bin/python3 setup.py egg_info --egg-base ../../build/simulation build --build-base /home/student/sjowmm_ws/build/simulation/build install --prefix /home/student/sjowmm_ws/install/simulation --record /home/student/sjowmm_ws/build/simulation/install.log --single-version-externally-managed
