[0.228s] Invoking command in '/home/student/sjowmm_ws/src/simulation': PYTHONPATH=/home/student/sjowmm_ws/install/simulation/lib/python3.8/site-packages:${PYTHONPATH} /usr/bin/python3 setup.py egg_info --egg-base ../../build/simulation build --build-base /home/student/sjowmm_ws/build/simulation/build install --prefix /home/student/sjowmm_ws/install/simulation --record /home/student/sjowmm_ws/build/simulation/install.log --single-version-externally-managed
[0.435s] running egg_info
[0.435s] creating ../../build/simulation/simulation.egg-info
[0.436s] writing ../../build/simulation/simulation.egg-info/PKG-INFO
[0.436s] writing dependency_links to ../../build/simulation/simulation.egg-info/dependency_links.txt
[0.436s] writing entry points to ../../build/simulation/simulation.egg-info/entry_points.txt
[0.436s] writing requirements to ../../build/simulation/simulation.egg-info/requires.txt
[0.436s] writing top-level names to ../../build/simulation/simulation.egg-info/top_level.txt
[0.439s] writing manifest file '../../build/simulation/simulation.egg-info/SOURCES.txt'
[0.476s] reading manifest file '../../build/simulation/simulation.egg-info/SOURCES.txt'
[0.476s] writing manifest file '../../build/simulation/simulation.egg-info/SOURCES.txt'
[0.477s] running build
[0.477s] running build_py
[0.477s] creating /home/student/sjowmm_ws/build/simulation/build
[0.477s] creating /home/student/sjowmm_ws/build/simulation/build/lib
[0.477s] creating /home/student/sjowmm_ws/build/simulation/build/lib/simulation
[0.477s] copying simulation/__init__.py -> /home/student/sjowmm_ws/build/simulation/build/lib/simulation
[0.477s] running install
[0.478s] running install_lib
[0.479s] creating /home/student/sjowmm_ws/install/simulation/lib/python3.8/site-packages/simulation
[0.479s] copying /home/student/sjowmm_ws/build/simulation/build/lib/simulation/__init__.py -> /home/student/sjowmm_ws/install/simulation/lib/python3.8/site-packages/simulation
[0.480s] byte-compiling /home/student/sjowmm_ws/install/simulation/lib/python3.8/site-packages/simulation/__init__.py to __init__.cpython-38.pyc
[0.481s] running install_data
[0.481s] creating /home/student/sjowmm_ws/install/simulation/share/ament_index
[0.481s] creating /home/student/sjowmm_ws/install/simulation/share/ament_index/resource_index
[0.481s] creating /home/student/sjowmm_ws/install/simulation/share/ament_index/resource_index/packages
[0.481s] copying resource/simulation -> /home/student/sjowmm_ws/install/simulation/share/ament_index/resource_index/packages
[0.482s] copying package.xml -> /home/student/sjowmm_ws/install/simulation/share/simulation
[0.482s] running install_egg_info
[0.483s] Copying ../../build/simulation/simulation.egg-info to /home/student/sjowmm_ws/install/simulation/lib/python3.8/site-packages/simulation-0.0.0-py3.8.egg-info
[0.484s] running install_scripts
[0.503s] writing list of installed files to '/home/student/sjowmm_ws/build/simulation/install.log'
[0.518s] Invoked command in '/home/student/sjowmm_ws/src/simulation' returned '0': PYTHONPATH=/home/student/sjowmm_ws/install/simulation/lib/python3.8/site-packages:${PYTHONPATH} /usr/bin/python3 setup.py egg_info --egg-base ../../build/simulation build --build-base /home/student/sjowmm_ws/build/simulation/build install --prefix /home/student/sjowmm_ws/install/simulation --record /home/student/sjowmm_ws/build/simulation/install.log --single-version-externally-managed
