[0.837s] Invoking command in '/home/student/sjowmm_ws/src/simulation': PYTHONPATH=/home/student/sjowmm_ws/install/simulation/lib/python3.8/site-packages:${PYTHONPATH} /usr/bin/python3 setup.py egg_info --egg-base ../../build/simulation build --build-base /home/student/sjowmm_ws/build/simulation/build install --prefix /home/student/sjowmm_ws/install/simulation --record /home/student/sjowmm_ws/build/simulation/install.log --single-version-externally-managed
[1.584s] running egg_info
[1.586s] writing ../../build/simulation/simulation.egg-info/PKG-INFO
[1.588s] writing dependency_links to ../../build/simulation/simulation.egg-info/dependency_links.txt
[1.591s] writing entry points to ../../build/simulation/simulation.egg-info/entry_points.txt
[1.592s] writing requirements to ../../build/simulation/simulation.egg-info/requires.txt
[1.592s] writing top-level names to ../../build/simulation/simulation.egg-info/top_level.txt
[1.698s] reading manifest file '../../build/simulation/simulation.egg-info/SOURCES.txt'
[1.701s] writing manifest file '../../build/simulation/simulation.egg-info/SOURCES.txt'
[1.701s] running build
[1.702s] running build_py
[1.705s] running install
[1.708s] running install_lib
[1.712s] running install_data
[1.718s] running install_egg_info
[1.728s] removing '/home/student/sjowmm_ws/install/simulation/lib/python3.8/site-packages/simulation-0.0.0-py3.8.egg-info' (and everything under it)
[1.728s] Copying ../../build/simulation/simulation.egg-info to /home/student/sjowmm_ws/install/simulation/lib/python3.8/site-packages/simulation-0.0.0-py3.8.egg-info
[1.730s] running install_scripts
[1.794s] Installing readMapData script to /home/student/sjowmm_ws/install/simulation/lib/simulation
[1.794s] Installing spawn_robot_srv script to /home/student/sjowmm_ws/install/simulation/lib/simulation
[1.795s] writing list of installed files to '/home/student/sjowmm_ws/build/simulation/install.log'
[1.907s] Invoked command in '/home/student/sjowmm_ws/src/simulation' returned '0': PYTHONPATH=/home/student/sjowmm_ws/install/simulation/lib/python3.8/site-packages:${PYTHONPATH} /usr/bin/python3 setup.py egg_info --egg-base ../../build/simulation build --build-base /home/student/sjowmm_ws/build/simulation/build install --prefix /home/student/sjowmm_ws/install/simulation --record /home/student/sjowmm_ws/build/simulation/install.log --single-version-externally-managed
