[0.016s] Invoking command in '/home/student/sjowmm_ws/build/nav2_core': AMENT_PREFIX_PATH=/home/student/sjowmm_ws/install/nav2_costmap_2d:/home/student/sjowmm_ws/install/nav2_util:/home/student/sjowmm_ws/install/nav2_voxel_grid:/home/student/sjowmm_ws/install/nav2_msgs:/home/student/sjowmm_ws/install/nav2_common:${AMENT_PREFIX_PATH} CMAKE_PREFIX_PATH=/home/student/sjowmm_ws/install/nav2_costmap_2d:/home/student/sjowmm_ws/install/nav2_util:/home/student/sjowmm_ws/install/nav2_voxel_grid:/home/student/sjowmm_ws/install/nav2_msgs:/home/student/sjowmm_ws/install/nav2_common:/home/student/sjowmm_ws/install/simulation:/home/student/sjowmm_ws/install/dede:/opt/ros/foxy LD_LIBRARY_PATH=/home/student/sjowmm_ws/install/nav2_costmap_2d/lib:/home/student/sjowmm_ws/install/nav2_util/lib:/home/student/sjowmm_ws/install/nav2_voxel_grid/lib:/home/student/sjowmm_ws/install/nav2_msgs/lib:${LD_LIBRARY_PATH} PYTHONPATH=/home/student/sjowmm_ws/install/nav2_msgs/lib/python3.8/site-packages:/home/student/sjowmm_ws/install/nav2_common/lib/python3.8/site-packages:${PYTHONPATH} /usr/bin/cmake /home/student/sjowmm_ws/src/navigation2/nav2_core -DCMAKE_INSTALL_PREFIX=/home/student/sjowmm_ws/install/nav2_core
[0.066s] -- The C compiler identification is GNU 9.4.0
[0.117s] -- The CXX compiler identification is GNU 9.4.0
[0.122s] -- Check for working C compiler: /usr/bin/cc
[0.185s] -- Check for working C compiler: /usr/bin/cc -- works
[0.186s] -- Detecting C compiler ABI info
[0.250s] -- Detecting C compiler ABI info - done
[0.261s] -- Detecting C compile features
[0.261s] -- Detecting C compile features - done
[0.264s] -- Check for working CXX compiler: /usr/bin/c++
[0.337s] -- Check for working CXX compiler: /usr/bin/c++ -- works
[0.338s] -- Detecting CXX compiler ABI info
[0.412s] -- Detecting CXX compiler ABI info - done
[0.424s] -- Detecting CXX compile features
[0.424s] -- Detecting CXX compile features - done
[0.426s] -- Found ament_cmake: 0.9.8 (/opt/ros/foxy/share/ament_cmake/cmake)
[0.451s] -- Found PythonInterp: /usr/bin/python3 (found suitable version "3.8.10", minimum required is "3") 
[0.452s] -- Using PYTHON_EXECUTABLE: /usr/bin/python3
[0.668s] -- Found nav2_common: 0.4.7 (/home/student/sjowmm_ws/install/nav2_common/share/nav2_common/cmake)
[0.670s] -- Found rclcpp: 2.3.0 (/opt/ros/foxy/share/rclcpp/cmake)
[0.719s] -- Using all available rosidl_typesupport_c: rosidl_typesupport_fastrtps_c;rosidl_typesupport_introspection_c
[0.727s] -- Found rosidl_adapter: 1.2.0 (/opt/ros/foxy/share/rosidl_adapter/cmake)
[0.802s] -- Found OpenSSL: /usr/lib/x86_64-linux-gnu/libcrypto.so (found version "1.1.1f")  
[0.831s] -- Found FastRTPS: /opt/ros/foxy/include  
[0.910s] -- Using all available rosidl_typesupport_cpp: rosidl_typesupport_fastrtps_cpp;rosidl_typesupport_introspection_cpp
[0.967s] -- Found rmw_implementation_cmake: 1.0.2 (/opt/ros/foxy/share/rmw_implementation_cmake/cmake)
[0.969s] -- Using RMW implementation 'rmw_fastrtps_cpp' as default
[0.970s] -- Looking for pthread.h
[1.035s] -- Looking for pthread.h - found
[1.035s] -- Performing Test CMAKE_HAVE_LIBC_PTHREAD
[1.102s] -- Performing Test CMAKE_HAVE_LIBC_PTHREAD - Failed
[1.102s] -- Looking for pthread_create in pthreads
[1.155s] -- Looking for pthread_create in pthreads - not found
[1.155s] -- Looking for pthread_create in pthread
[1.220s] -- Looking for pthread_create in pthread - found
[1.221s] -- Found Threads: TRUE  
[1.378s] -- Found rclcpp_lifecycle: 2.3.0 (/opt/ros/foxy/share/rclcpp_lifecycle/cmake)
[1.411s] -- Found geometry_msgs: 2.0.3 (/opt/ros/foxy/share/geometry_msgs/cmake)
[1.444s] -- Found nav2_costmap_2d: 0.4.7 (/home/student/sjowmm_ws/install/nav2_costmap_2d/share/nav2_costmap_2d/cmake)
[2.469s] -- Found Eigen3: TRUE (found version "3.3.7") 
[2.953s] -- Setting build type to Release as none was specified.
[2.955s] -- Found ament_lint_auto: 0.9.6 (/opt/ros/foxy/share/ament_lint_auto/cmake)
[3.054s] -- Added test 'cppcheck' to perform static code analysis on C / C++ code
[3.054s] -- Configured cppcheck include dirs: 
[3.054s] -- Configured cppcheck exclude dirs and/or files: 
[3.055s] -- Added test 'cpplint' to check C / C++ code against the Google style
[3.055s] -- Configured cpplint exclude dirs and/or files: 
[3.056s] -- Added test 'lint_cmake' to check CMake code style
[3.056s] -- Added test 'uncrustify' to check C / C++ code style
[3.057s] -- Configured uncrustify additional arguments: 
[3.057s] -- Added test 'xmllint' to check XML markup files
[3.061s] -- Configuring done
[3.063s] -- Generating done
[3.065s] -- Build files have been written to: /home/student/sjowmm_ws/build/nav2_core
[3.076s] Invoked command in '/home/student/sjowmm_ws/build/nav2_core' returned '0': AMENT_PREFIX_PATH=/home/student/sjowmm_ws/install/nav2_costmap_2d:/home/student/sjowmm_ws/install/nav2_util:/home/student/sjowmm_ws/install/nav2_voxel_grid:/home/student/sjowmm_ws/install/nav2_msgs:/home/student/sjowmm_ws/install/nav2_common:${AMENT_PREFIX_PATH} CMAKE_PREFIX_PATH=/home/student/sjowmm_ws/install/nav2_costmap_2d:/home/student/sjowmm_ws/install/nav2_util:/home/student/sjowmm_ws/install/nav2_voxel_grid:/home/student/sjowmm_ws/install/nav2_msgs:/home/student/sjowmm_ws/install/nav2_common:/home/student/sjowmm_ws/install/simulation:/home/student/sjowmm_ws/install/dede:/opt/ros/foxy LD_LIBRARY_PATH=/home/student/sjowmm_ws/install/nav2_costmap_2d/lib:/home/student/sjowmm_ws/install/nav2_util/lib:/home/student/sjowmm_ws/install/nav2_voxel_grid/lib:/home/student/sjowmm_ws/install/nav2_msgs/lib:${LD_LIBRARY_PATH} PYTHONPATH=/home/student/sjowmm_ws/install/nav2_msgs/lib/python3.8/site-packages:/home/student/sjowmm_ws/install/nav2_common/lib/python3.8/site-packages:${PYTHONPATH} /usr/bin/cmake /home/student/sjowmm_ws/src/navigation2/nav2_core -DCMAKE_INSTALL_PREFIX=/home/student/sjowmm_ws/install/nav2_core
[3.078s] Invoking command in '/home/student/sjowmm_ws/build/nav2_core': AMENT_PREFIX_PATH=/home/student/sjowmm_ws/install/nav2_costmap_2d:/home/student/sjowmm_ws/install/nav2_util:/home/student/sjowmm_ws/install/nav2_voxel_grid:/home/student/sjowmm_ws/install/nav2_msgs:/home/student/sjowmm_ws/install/nav2_common:${AMENT_PREFIX_PATH} CMAKE_PREFIX_PATH=/home/student/sjowmm_ws/install/nav2_costmap_2d:/home/student/sjowmm_ws/install/nav2_util:/home/student/sjowmm_ws/install/nav2_voxel_grid:/home/student/sjowmm_ws/install/nav2_msgs:/home/student/sjowmm_ws/install/nav2_common:/home/student/sjowmm_ws/install/simulation:/home/student/sjowmm_ws/install/dede:/opt/ros/foxy LD_LIBRARY_PATH=/home/student/sjowmm_ws/install/nav2_costmap_2d/lib:/home/student/sjowmm_ws/install/nav2_util/lib:/home/student/sjowmm_ws/install/nav2_voxel_grid/lib:/home/student/sjowmm_ws/install/nav2_msgs/lib:${LD_LIBRARY_PATH} PYTHONPATH=/home/student/sjowmm_ws/install/nav2_msgs/lib/python3.8/site-packages:/home/student/sjowmm_ws/install/nav2_common/lib/python3.8/site-packages:${PYTHONPATH} /usr/bin/cmake --build /home/student/sjowmm_ws/build/nav2_core -- -j12 -l12
[3.120s] Invoked command in '/home/student/sjowmm_ws/build/nav2_core' returned '0': AMENT_PREFIX_PATH=/home/student/sjowmm_ws/install/nav2_costmap_2d:/home/student/sjowmm_ws/install/nav2_util:/home/student/sjowmm_ws/install/nav2_voxel_grid:/home/student/sjowmm_ws/install/nav2_msgs:/home/student/sjowmm_ws/install/nav2_common:${AMENT_PREFIX_PATH} CMAKE_PREFIX_PATH=/home/student/sjowmm_ws/install/nav2_costmap_2d:/home/student/sjowmm_ws/install/nav2_util:/home/student/sjowmm_ws/install/nav2_voxel_grid:/home/student/sjowmm_ws/install/nav2_msgs:/home/student/sjowmm_ws/install/nav2_common:/home/student/sjowmm_ws/install/simulation:/home/student/sjowmm_ws/install/dede:/opt/ros/foxy LD_LIBRARY_PATH=/home/student/sjowmm_ws/install/nav2_costmap_2d/lib:/home/student/sjowmm_ws/install/nav2_util/lib:/home/student/sjowmm_ws/install/nav2_voxel_grid/lib:/home/student/sjowmm_ws/install/nav2_msgs/lib:${LD_LIBRARY_PATH} PYTHONPATH=/home/student/sjowmm_ws/install/nav2_msgs/lib/python3.8/site-packages:/home/student/sjowmm_ws/install/nav2_common/lib/python3.8/site-packages:${PYTHONPATH} /usr/bin/cmake --build /home/student/sjowmm_ws/build/nav2_core -- -j12 -l12
[3.140s] Invoking command in '/home/student/sjowmm_ws/build/nav2_core': AMENT_PREFIX_PATH=/home/student/sjowmm_ws/install/nav2_costmap_2d:/home/student/sjowmm_ws/install/nav2_util:/home/student/sjowmm_ws/install/nav2_voxel_grid:/home/student/sjowmm_ws/install/nav2_msgs:/home/student/sjowmm_ws/install/nav2_common:${AMENT_PREFIX_PATH} CMAKE_PREFIX_PATH=/home/student/sjowmm_ws/install/nav2_costmap_2d:/home/student/sjowmm_ws/install/nav2_util:/home/student/sjowmm_ws/install/nav2_voxel_grid:/home/student/sjowmm_ws/install/nav2_msgs:/home/student/sjowmm_ws/install/nav2_common:/home/student/sjowmm_ws/install/simulation:/home/student/sjowmm_ws/install/dede:/opt/ros/foxy LD_LIBRARY_PATH=/home/student/sjowmm_ws/install/nav2_costmap_2d/lib:/home/student/sjowmm_ws/install/nav2_util/lib:/home/student/sjowmm_ws/install/nav2_voxel_grid/lib:/home/student/sjowmm_ws/install/nav2_msgs/lib:${LD_LIBRARY_PATH} PYTHONPATH=/home/student/sjowmm_ws/install/nav2_msgs/lib/python3.8/site-packages:/home/student/sjowmm_ws/install/nav2_common/lib/python3.8/site-packages:${PYTHONPATH} /usr/bin/cmake --install /home/student/sjowmm_ws/build/nav2_core
[3.148s] -- Install configuration: "Release"
[3.148s] -- Installing: /home/student/sjowmm_ws/install/nav2_core/include/
[3.148s] -- Installing: /home/student/sjowmm_ws/install/nav2_core/include//nav2_core
[3.148s] -- Installing: /home/student/sjowmm_ws/install/nav2_core/include//nav2_core/controller.hpp
[3.149s] -- Installing: /home/student/sjowmm_ws/install/nav2_core/include//nav2_core/goal_checker.hpp
[3.149s] -- Installing: /home/student/sjowmm_ws/install/nav2_core/include//nav2_core/progress_checker.hpp
[3.149s] -- Installing: /home/student/sjowmm_ws/install/nav2_core/include//nav2_core/exceptions.hpp
[3.149s] -- Installing: /home/student/sjowmm_ws/install/nav2_core/include//nav2_core/global_planner.hpp
[3.149s] -- Installing: /home/student/sjowmm_ws/install/nav2_core/include//nav2_core/recovery.hpp
[3.149s] -- Installing: /home/student/sjowmm_ws/install/nav2_core/share/ament_index/resource_index/package_run_dependencies/nav2_core
[3.149s] -- Installing: /home/student/sjowmm_ws/install/nav2_core/share/ament_index/resource_index/parent_prefix_path/nav2_core
[3.149s] -- Installing: /home/student/sjowmm_ws/install/nav2_core/share/nav2_core/environment/ament_prefix_path.sh
[3.149s] -- Installing: /home/student/sjowmm_ws/install/nav2_core/share/nav2_core/environment/ament_prefix_path.dsv
[3.149s] -- Installing: /home/student/sjowmm_ws/install/nav2_core/share/nav2_core/environment/path.sh
[3.149s] -- Installing: /home/student/sjowmm_ws/install/nav2_core/share/nav2_core/environment/path.dsv
[3.149s] -- Installing: /home/student/sjowmm_ws/install/nav2_core/share/nav2_core/local_setup.bash
[3.149s] -- Installing: /home/student/sjowmm_ws/install/nav2_core/share/nav2_core/local_setup.sh
[3.150s] -- Installing: /home/student/sjowmm_ws/install/nav2_core/share/nav2_core/local_setup.zsh
[3.150s] -- Installing: /home/student/sjowmm_ws/install/nav2_core/share/nav2_core/local_setup.dsv
[3.150s] -- Installing: /home/student/sjowmm_ws/install/nav2_core/share/nav2_core/package.dsv
[3.150s] -- Installing: /home/student/sjowmm_ws/install/nav2_core/share/ament_index/resource_index/packages/nav2_core
[3.150s] -- Installing: /home/student/sjowmm_ws/install/nav2_core/share/nav2_core/cmake/ament_cmake_export_include_directories-extras.cmake
[3.150s] -- Installing: /home/student/sjowmm_ws/install/nav2_core/share/nav2_core/cmake/ament_cmake_export_dependencies-extras.cmake
[3.150s] -- Installing: /home/student/sjowmm_ws/install/nav2_core/share/nav2_core/cmake/nav2_coreConfig.cmake
[3.150s] -- Installing: /home/student/sjowmm_ws/install/nav2_core/share/nav2_core/cmake/nav2_coreConfig-version.cmake
[3.150s] -- Installing: /home/student/sjowmm_ws/install/nav2_core/share/nav2_core/package.xml
[3.154s] Invoked command in '/home/student/sjowmm_ws/build/nav2_core' returned '0': AMENT_PREFIX_PATH=/home/student/sjowmm_ws/install/nav2_costmap_2d:/home/student/sjowmm_ws/install/nav2_util:/home/student/sjowmm_ws/install/nav2_voxel_grid:/home/student/sjowmm_ws/install/nav2_msgs:/home/student/sjowmm_ws/install/nav2_common:${AMENT_PREFIX_PATH} CMAKE_PREFIX_PATH=/home/student/sjowmm_ws/install/nav2_costmap_2d:/home/student/sjowmm_ws/install/nav2_util:/home/student/sjowmm_ws/install/nav2_voxel_grid:/home/student/sjowmm_ws/install/nav2_msgs:/home/student/sjowmm_ws/install/nav2_common:/home/student/sjowmm_ws/install/simulation:/home/student/sjowmm_ws/install/dede:/opt/ros/foxy LD_LIBRARY_PATH=/home/student/sjowmm_ws/install/nav2_costmap_2d/lib:/home/student/sjowmm_ws/install/nav2_util/lib:/home/student/sjowmm_ws/install/nav2_voxel_grid/lib:/home/student/sjowmm_ws/install/nav2_msgs/lib:${LD_LIBRARY_PATH} PYTHONPATH=/home/student/sjowmm_ws/install/nav2_msgs/lib/python3.8/site-packages:/home/student/sjowmm_ws/install/nav2_common/lib/python3.8/site-packages:${PYTHONPATH} /usr/bin/cmake --install /home/student/sjowmm_ws/build/nav2_core
