[0.233s] Invoking command in '/home/student/sjowmm_ws/src/simulation': PYTHONPATH=/home/student/sjowmm_ws/install/simulation/lib/python3.8/site-packages:${PYTHONPATH} /usr/bin/python3 setup.py egg_info --egg-base ../../build/simulation build --build-base /home/student/sjowmm_ws/build/simulation/build install --prefix /home/student/sjowmm_ws/install/simulation --record /home/student/sjowmm_ws/build/simulation/install.log --single-version-externally-managed
[0.440s] running egg_info
[0.440s] writing ../../build/simulation/simulation.egg-info/PKG-INFO
[0.441s] writing dependency_links to ../../build/simulation/simulation.egg-info/dependency_links.txt
[0.441s] writing entry points to ../../build/simulation/simulation.egg-info/entry_points.txt
[0.441s] writing requirements to ../../build/simulation/simulation.egg-info/requires.txt
[0.441s] writing top-level names to ../../build/simulation/simulation.egg-info/top_level.txt
[0.471s] reading manifest file '../../build/simulation/simulation.egg-info/SOURCES.txt'
[0.471s] writing manifest file '../../build/simulation/simulation.egg-info/SOURCES.txt'
[0.471s] running build
[0.471s] running build_py
[0.472s] running install
[0.472s] running install_lib
[0.473s] running install_data
[0.474s] copying launch/spawn_robot_launch.py -> /home/student/sjowmm_ws/install/simulation/share/simulation/launch
[0.474s] running install_egg_info
[0.475s] removing '/home/student/sjowmm_ws/install/simulation/lib/python3.8/site-packages/simulation-0.0.0-py3.8.egg-info' (and everything under it)
[0.475s] Copying ../../build/simulation/simulation.egg-info to /home/student/sjowmm_ws/install/simulation/lib/python3.8/site-packages/simulation-0.0.0-py3.8.egg-info
[0.476s] running install_scripts
[0.490s] Installing spawn_robot_srv script to /home/student/sjowmm_ws/install/simulation/lib/simulation
[0.490s] writing list of installed files to '/home/student/sjowmm_ws/build/simulation/install.log'
[0.505s] Invoked command in '/home/student/sjowmm_ws/src/simulation' returned '0': PYTHONPATH=/home/student/sjowmm_ws/install/simulation/lib/python3.8/site-packages:${PYTHONPATH} /usr/bin/python3 setup.py egg_info --egg-base ../../build/simulation build --build-base /home/student/sjowmm_ws/build/simulation/build install --prefix /home/student/sjowmm_ws/install/simulation --record /home/student/sjowmm_ws/build/simulation/install.log --single-version-externally-managed
