[1.673s] Invoking command in '/home/student/sjowmm_ws/src/turtlebot3/turtlebot3_teleop': PYTHONPATH=/home/student/sjowmm_ws/install/turtlebot3_teleop/lib/python3.8/site-packages:${PYTHONPATH} /usr/bin/python3 setup.py egg_info --egg-base ../../../build/turtlebot3_teleop build --build-base /home/student/sjowmm_ws/build/turtlebot3_teleop/build install --prefix /home/student/sjowmm_ws/install/turtlebot3_teleop --record /home/student/sjowmm_ws/build/turtlebot3_teleop/install.log --single-version-externally-managed
[2.137s] running egg_info
[2.137s] writing ../../../build/turtlebot3_teleop/turtlebot3_teleop.egg-info/PKG-INFO
[2.137s] writing dependency_links to ../../../build/turtlebot3_teleop/turtlebot3_teleop.egg-info/dependency_links.txt
[2.138s] writing entry points to ../../../build/turtlebot3_teleop/turtlebot3_teleop.egg-info/entry_points.txt
[2.138s] writing requirements to ../../../build/turtlebot3_teleop/turtlebot3_teleop.egg-info/requires.txt
[2.138s] writing top-level names to ../../../build/turtlebot3_teleop/turtlebot3_teleop.egg-info/top_level.txt
[2.188s] reading manifest file '../../../build/turtlebot3_teleop/turtlebot3_teleop.egg-info/SOURCES.txt'
[2.189s] writing manifest file '../../../build/turtlebot3_teleop/turtlebot3_teleop.egg-info/SOURCES.txt'
[2.189s] running build
[2.189s] running build_py
[2.190s] running install
[2.191s] running install_lib
[2.193s] running install_data
[2.194s] running install_egg_info
[2.196s] removing '/home/student/sjowmm_ws/install/turtlebot3_teleop/lib/python3.8/site-packages/turtlebot3_teleop-2.1.4-py3.8.egg-info' (and everything under it)
[2.196s] Copying ../../../build/turtlebot3_teleop/turtlebot3_teleop.egg-info to /home/student/sjowmm_ws/install/turtlebot3_teleop/lib/python3.8/site-packages/turtlebot3_teleop-2.1.4-py3.8.egg-info
[2.197s] running install_scripts
[2.223s] Installing teleop_keyboard script to /home/student/sjowmm_ws/install/turtlebot3_teleop/lib/turtlebot3_teleop
[2.223s] writing list of installed files to '/home/student/sjowmm_ws/build/turtlebot3_teleop/install.log'
[2.501s] Invoked command in '/home/student/sjowmm_ws/src/turtlebot3/turtlebot3_teleop' returned '0': PYTHONPATH=/home/student/sjowmm_ws/install/turtlebot3_teleop/lib/python3.8/site-packages:${PYTHONPATH} /usr/bin/python3 setup.py egg_info --egg-base ../../../build/turtlebot3_teleop build --build-base /home/student/sjowmm_ws/build/turtlebot3_teleop/build install --prefix /home/student/sjowmm_ws/install/turtlebot3_teleop --record /home/student/sjowmm_ws/build/turtlebot3_teleop/install.log --single-version-externally-managed
