[0.048s] Invoking command in '/home/student/sjowmm_ws/build/nav2_waypoint_follower': AMENT_PREFIX_PATH=/home/student/sjowmm_ws/install/nav2_util:/home/student/sjowmm_ws/install/nav2_msgs:/home/student/sjowmm_ws/install/nav2_common:${AMENT_PREFIX_PATH} CMAKE_PREFIX_PATH=/home/student/sjowmm_ws/install/nav2_util:/home/student/sjowmm_ws/install/nav2_msgs:/home/student/sjowmm_ws/install/nav2_common:/home/student/sjowmm_ws/install/simulation:/home/student/sjowmm_ws/install/dede:/opt/ros/foxy LD_LIBRARY_PATH=/home/student/sjowmm_ws/install/nav2_util/lib:/home/student/sjowmm_ws/install/nav2_msgs/lib:${LD_LIBRARY_PATH} PYTHONPATH=/home/student/sjowmm_ws/install/nav2_msgs/lib/python3.8/site-packages:/home/student/sjowmm_ws/install/nav2_common/lib/python3.8/site-packages:${PYTHONPATH} /usr/bin/cmake /home/student/sjowmm_ws/src/navigation2/nav2_waypoint_follower -DCMAKE_INSTALL_PREFIX=/home/student/sjowmm_ws/install/nav2_waypoint_follower
[0.158s] -- The C compiler identification is GNU 9.4.0
[0.268s] -- The CXX compiler identification is GNU 9.4.0
[0.276s] -- Check for working C compiler: /usr/bin/cc
[0.427s] -- Check for working C compiler: /usr/bin/cc -- works
[0.430s] -- Detecting C compiler ABI info
[0.562s] -- Detecting C compiler ABI info - done
[0.579s] -- Detecting C compile features
[0.580s] -- Detecting C compile features - done
[0.583s] -- Check for working CXX compiler: /usr/bin/c++
[0.734s] -- Check for working CXX compiler: /usr/bin/c++ -- works
[0.736s] -- Detecting CXX compiler ABI info
[0.887s] -- Detecting CXX compiler ABI info - done
[0.910s] -- Detecting CXX compile features
[0.910s] -- Detecting CXX compile features - done
[0.914s] -- Found ament_cmake: 0.9.8 (/opt/ros/foxy/share/ament_cmake/cmake)
[0.962s] -- Found PythonInterp: /usr/bin/python3 (found suitable version "3.8.10", minimum required is "3") 
[0.962s] -- Using PYTHON_EXECUTABLE: /usr/bin/python3
[1.310s] -- Found nav2_common: 0.4.7 (/home/student/sjowmm_ws/install/nav2_common/share/nav2_common/cmake)
[1.313s] -- Found rclcpp: 2.3.0 (/opt/ros/foxy/share/rclcpp/cmake)
[1.372s] -- Using all available rosidl_typesupport_c: rosidl_typesupport_fastrtps_c;rosidl_typesupport_introspection_c
[1.380s] -- Found rosidl_adapter: 1.2.0 (/opt/ros/foxy/share/rosidl_adapter/cmake)
[1.511s] -- Found OpenSSL: /usr/lib/x86_64-linux-gnu/libcrypto.so (found version "1.1.1f")  
[1.572s] -- Found FastRTPS: /opt/ros/foxy/include  
[1.676s] -- Using all available rosidl_typesupport_cpp: rosidl_typesupport_fastrtps_cpp;rosidl_typesupport_introspection_cpp
[1.754s] -- Found rmw_implementation_cmake: 1.0.2 (/opt/ros/foxy/share/rmw_implementation_cmake/cmake)
[1.757s] -- Using RMW implementation 'rmw_fastrtps_cpp' as default
[1.758s] -- Looking for pthread.h
[1.861s] -- Looking for pthread.h - found
[1.861s] -- Performing Test CMAKE_HAVE_LIBC_PTHREAD
[1.971s] -- Performing Test CMAKE_HAVE_LIBC_PTHREAD - Failed
[1.971s] -- Looking for pthread_create in pthreads
[2.073s] -- Looking for pthread_create in pthreads - not found
[2.073s] -- Looking for pthread_create in pthread
[2.172s] -- Looking for pthread_create in pthread - found
[2.173s] -- Found Threads: TRUE  
[2.396s] -- Found rclcpp_action: 2.3.0 (/opt/ros/foxy/share/rclcpp_action/cmake)
[2.494s] -- Found rclcpp_lifecycle: 2.3.0 (/opt/ros/foxy/share/rclcpp_lifecycle/cmake)
[2.536s] -- Found nav_msgs: 2.0.3 (/opt/ros/foxy/share/nav_msgs/cmake)
[2.682s] -- Found nav2_msgs: 0.4.7 (/home/student/sjowmm_ws/install/nav2_msgs/share/nav2_msgs/cmake)
[3.061s] -- Found nav2_util: 0.4.7 (/home/student/sjowmm_ws/install/nav2_util/share/nav2_util/cmake)
[3.583s] -- Found eigen3_cmake_module: 0.1.1 (/opt/ros/foxy/share/eigen3_cmake_module/cmake)
[3.588s] -- Found Eigen3: TRUE (found version "3.3.7") 
[3.765s] -- Setting build type to Release as none was specified.
[4.125s] -- Found ament_lint_auto: 0.9.6 (/opt/ros/foxy/share/ament_lint_auto/cmake)
[4.229s] -- Added test 'copyright' to check source files copyright and LICENSE
[4.230s] -- Added test 'cppcheck' to perform static code analysis on C / C++ code
[4.230s] -- Configured cppcheck include dirs: /home/student/sjowmm_ws/src/navigation2/nav2_waypoint_follower/include
[4.230s] -- Configured cppcheck exclude dirs and/or files: 
[4.231s] -- Added test 'cpplint' to check C / C++ code against the Google style
[4.231s] -- Configured cpplint exclude dirs and/or files: 
[4.232s] -- Added test 'lint_cmake' to check CMake code style
[4.233s] -- Added test 'uncrustify' to check C / C++ code style
[4.233s] -- Configured uncrustify additional arguments: 
[4.233s] -- Added test 'xmllint' to check XML markup files
[4.237s] -- Configuring done
[4.322s] -- Generating done
[4.322s] -- Build files have been written to: /home/student/sjowmm_ws/build/nav2_waypoint_follower
[4.347s] Invoked command in '/home/student/sjowmm_ws/build/nav2_waypoint_follower' returned '0': AMENT_PREFIX_PATH=/home/student/sjowmm_ws/install/nav2_util:/home/student/sjowmm_ws/install/nav2_msgs:/home/student/sjowmm_ws/install/nav2_common:${AMENT_PREFIX_PATH} CMAKE_PREFIX_PATH=/home/student/sjowmm_ws/install/nav2_util:/home/student/sjowmm_ws/install/nav2_msgs:/home/student/sjowmm_ws/install/nav2_common:/home/student/sjowmm_ws/install/simulation:/home/student/sjowmm_ws/install/dede:/opt/ros/foxy LD_LIBRARY_PATH=/home/student/sjowmm_ws/install/nav2_util/lib:/home/student/sjowmm_ws/install/nav2_msgs/lib:${LD_LIBRARY_PATH} PYTHONPATH=/home/student/sjowmm_ws/install/nav2_msgs/lib/python3.8/site-packages:/home/student/sjowmm_ws/install/nav2_common/lib/python3.8/site-packages:${PYTHONPATH} /usr/bin/cmake /home/student/sjowmm_ws/src/navigation2/nav2_waypoint_follower -DCMAKE_INSTALL_PREFIX=/home/student/sjowmm_ws/install/nav2_waypoint_follower
[4.351s] Invoking command in '/home/student/sjowmm_ws/build/nav2_waypoint_follower': AMENT_PREFIX_PATH=/home/student/sjowmm_ws/install/nav2_util:/home/student/sjowmm_ws/install/nav2_msgs:/home/student/sjowmm_ws/install/nav2_common:${AMENT_PREFIX_PATH} CMAKE_PREFIX_PATH=/home/student/sjowmm_ws/install/nav2_util:/home/student/sjowmm_ws/install/nav2_msgs:/home/student/sjowmm_ws/install/nav2_common:/home/student/sjowmm_ws/install/simulation:/home/student/sjowmm_ws/install/dede:/opt/ros/foxy LD_LIBRARY_PATH=/home/student/sjowmm_ws/install/nav2_util/lib:/home/student/sjowmm_ws/install/nav2_msgs/lib:${LD_LIBRARY_PATH} PYTHONPATH=/home/student/sjowmm_ws/install/nav2_msgs/lib/python3.8/site-packages:/home/student/sjowmm_ws/install/nav2_common/lib/python3.8/site-packages:${PYTHONPATH} /usr/bin/cmake --build /home/student/sjowmm_ws/build/nav2_waypoint_follower -- -j12 -l12
[4.406s] [35m[1mScanning dependencies of target waypoint_follower_core[0m
[4.468s] [ 25%] [32mBuilding CXX object CMakeFiles/waypoint_follower_core.dir/src/waypoint_follower.cpp.o[0m
[21.393s] [ 50%] [32m[1mLinking CXX shared library libwaypoint_follower_core.so[0m
[22.324s] [ 50%] Built target waypoint_follower_core
[22.343s] [35m[1mScanning dependencies of target waypoint_follower[0m
[22.421s] [ 75%] [32mBuilding CXX object CMakeFiles/waypoint_follower.dir/src/main.cpp.o[0m
[29.517s] [100%] [32m[1mLinking CXX executable waypoint_follower[0m
[30.954s] [100%] Built target waypoint_follower
[31.034s] Invoked command in '/home/student/sjowmm_ws/build/nav2_waypoint_follower' returned '0': AMENT_PREFIX_PATH=/home/student/sjowmm_ws/install/nav2_util:/home/student/sjowmm_ws/install/nav2_msgs:/home/student/sjowmm_ws/install/nav2_common:${AMENT_PREFIX_PATH} CMAKE_PREFIX_PATH=/home/student/sjowmm_ws/install/nav2_util:/home/student/sjowmm_ws/install/nav2_msgs:/home/student/sjowmm_ws/install/nav2_common:/home/student/sjowmm_ws/install/simulation:/home/student/sjowmm_ws/install/dede:/opt/ros/foxy LD_LIBRARY_PATH=/home/student/sjowmm_ws/install/nav2_util/lib:/home/student/sjowmm_ws/install/nav2_msgs/lib:${LD_LIBRARY_PATH} PYTHONPATH=/home/student/sjowmm_ws/install/nav2_msgs/lib/python3.8/site-packages:/home/student/sjowmm_ws/install/nav2_common/lib/python3.8/site-packages:${PYTHONPATH} /usr/bin/cmake --build /home/student/sjowmm_ws/build/nav2_waypoint_follower -- -j12 -l12
[31.381s] Invoking command in '/home/student/sjowmm_ws/build/nav2_waypoint_follower': AMENT_PREFIX_PATH=/home/student/sjowmm_ws/install/nav2_util:/home/student/sjowmm_ws/install/nav2_msgs:/home/student/sjowmm_ws/install/nav2_common:${AMENT_PREFIX_PATH} CMAKE_PREFIX_PATH=/home/student/sjowmm_ws/install/nav2_util:/home/student/sjowmm_ws/install/nav2_msgs:/home/student/sjowmm_ws/install/nav2_common:/home/student/sjowmm_ws/install/simulation:/home/student/sjowmm_ws/install/dede:/opt/ros/foxy LD_LIBRARY_PATH=/home/student/sjowmm_ws/install/nav2_util/lib:/home/student/sjowmm_ws/install/nav2_msgs/lib:${LD_LIBRARY_PATH} PYTHONPATH=/home/student/sjowmm_ws/install/nav2_msgs/lib/python3.8/site-packages:/home/student/sjowmm_ws/install/nav2_common/lib/python3.8/site-packages:${PYTHONPATH} /usr/bin/cmake --install /home/student/sjowmm_ws/build/nav2_waypoint_follower
[31.452s] -- Install configuration: "Release"
[31.453s] -- Installing: /home/student/sjowmm_ws/install/nav2_waypoint_follower/lib/libwaypoint_follower_core.so
[31.455s] -- Set runtime path of "/home/student/sjowmm_ws/install/nav2_waypoint_follower/lib/libwaypoint_follower_core.so" to ""
[31.456s] -- Installing: /home/student/sjowmm_ws/install/nav2_waypoint_follower/lib/nav2_waypoint_follower/waypoint_follower
[31.457s] -- Set runtime path of "/home/student/sjowmm_ws/install/nav2_waypoint_follower/lib/nav2_waypoint_follower/waypoint_follower" to ""
[31.457s] -- Installing: /home/student/sjowmm_ws/install/nav2_waypoint_follower/include/
[31.457s] -- Installing: /home/student/sjowmm_ws/install/nav2_waypoint_follower/include//nav2_waypoint_follower
[31.457s] -- Installing: /home/student/sjowmm_ws/install/nav2_waypoint_follower/include//nav2_waypoint_follower/waypoint_follower.hpp
[31.458s] -- Installing: /home/student/sjowmm_ws/install/nav2_waypoint_follower/share/ament_index/resource_index/package_run_dependencies/nav2_waypoint_follower
[31.459s] -- Installing: /home/student/sjowmm_ws/install/nav2_waypoint_follower/share/ament_index/resource_index/parent_prefix_path/nav2_waypoint_follower
[31.461s] -- Installing: /home/student/sjowmm_ws/install/nav2_waypoint_follower/share/nav2_waypoint_follower/environment/ament_prefix_path.sh
[31.469s] -- Installing: /home/student/sjowmm_ws/install/nav2_waypoint_follower/share/nav2_waypoint_follower/environment/ament_prefix_path.dsv
[31.470s] -- Installing: /home/student/sjowmm_ws/install/nav2_waypoint_follower/share/nav2_waypoint_follower/environment/path.sh
[31.470s] -- Installing: /home/student/sjowmm_ws/install/nav2_waypoint_follower/share/nav2_waypoint_follower/environment/path.dsv
[31.471s] -- Installing: /home/student/sjowmm_ws/install/nav2_waypoint_follower/share/nav2_waypoint_follower/local_setup.bash
[31.472s] -- Installing: /home/student/sjowmm_ws/install/nav2_waypoint_follower/share/nav2_waypoint_follower/local_setup.sh
[31.472s] -- Installing: /home/student/sjowmm_ws/install/nav2_waypoint_follower/share/nav2_waypoint_follower/local_setup.zsh
[31.472s] -- Installing: /home/student/sjowmm_ws/install/nav2_waypoint_follower/share/nav2_waypoint_follower/local_setup.dsv
[31.473s] -- Installing: /home/student/sjowmm_ws/install/nav2_waypoint_follower/share/nav2_waypoint_follower/package.dsv
[31.474s] -- Installing: /home/student/sjowmm_ws/install/nav2_waypoint_follower/share/ament_index/resource_index/packages/nav2_waypoint_follower
[31.475s] -- Installing: /home/student/sjowmm_ws/install/nav2_waypoint_follower/share/nav2_waypoint_follower/cmake/ament_cmake_export_include_directories-extras.cmake
[31.476s] -- Installing: /home/student/sjowmm_ws/install/nav2_waypoint_follower/share/nav2_waypoint_follower/cmake/nav2_waypoint_followerConfig.cmake
[31.477s] -- Installing: /home/student/sjowmm_ws/install/nav2_waypoint_follower/share/nav2_waypoint_follower/cmake/nav2_waypoint_followerConfig-version.cmake
[31.478s] -- Installing: /home/student/sjowmm_ws/install/nav2_waypoint_follower/share/nav2_waypoint_follower/package.xml
[31.491s] Invoked command in '/home/student/sjowmm_ws/build/nav2_waypoint_follower' returned '0': AMENT_PREFIX_PATH=/home/student/sjowmm_ws/install/nav2_util:/home/student/sjowmm_ws/install/nav2_msgs:/home/student/sjowmm_ws/install/nav2_common:${AMENT_PREFIX_PATH} CMAKE_PREFIX_PATH=/home/student/sjowmm_ws/install/nav2_util:/home/student/sjowmm_ws/install/nav2_msgs:/home/student/sjowmm_ws/install/nav2_common:/home/student/sjowmm_ws/install/simulation:/home/student/sjowmm_ws/install/dede:/opt/ros/foxy LD_LIBRARY_PATH=/home/student/sjowmm_ws/install/nav2_util/lib:/home/student/sjowmm_ws/install/nav2_msgs/lib:${LD_LIBRARY_PATH} PYTHONPATH=/home/student/sjowmm_ws/install/nav2_msgs/lib/python3.8/site-packages:/home/student/sjowmm_ws/install/nav2_common/lib/python3.8/site-packages:${PYTHONPATH} /usr/bin/cmake --install /home/student/sjowmm_ws/build/nav2_waypoint_follower
