[0.587s] DEBUG:colcon:Command line arguments: ['/usr/bin/colcon', 'build']
[0.587s] DEBUG:colcon:Parsed command line arguments: Namespace(ament_cmake_args=None, base_paths=['.'], build_base='build', catkin_cmake_args=None, catkin_skip_building_tests=False, cmake_args=None, cmake_clean_cache=False, cmake_clean_first=False, cmake_force_configure=False, cmake_target=None, cmake_target_skip_unavailable=False, continue_on_error=False, event_handlers=None, executor='parallel', ignore_user_meta=False, install_base='install', log_base=None, log_level=None, main=<bound method BuildVerb.main of <colcon_core.verb.build.BuildVerb object at 0x7efcfac3d190>>, merge_install=False, metas=['./colcon.meta'], packages_above=None, packages_above_and_dependencies=None, packages_above_depth=None, packages_end=None, packages_ignore=None, packages_ignore_regex=None, packages_select=None, packages_select_build_failed=False, packages_select_by_dep=None, packages_select_regex=None, packages_select_test_failures=False, packages_skip=None, packages_skip_build_finished=False, packages_skip_by_dep=None, packages_skip_regex=None, packages_skip_test_passed=False, packages_skip_up_to=None, packages_start=None, packages_up_to=None, packages_up_to_regex=None, parallel_workers=12, paths=None, symlink_install=False, test_result_base=None, verb_extension=<colcon_core.verb.build.BuildVerb object at 0x7efcfac3d190>, verb_name='build', verb_parser=<colcon_defaults.argument_parser.defaults.DefaultArgumentsDecorator object at 0x7efcfac3d6d0>)
[0.605s] Level 1:colcon.colcon_core.package_discovery:discover_packages(colcon_meta) check parameters
[0.606s] Level 1:colcon.colcon_core.package_discovery:discover_packages(recursive) check parameters
[0.606s] Level 1:colcon.colcon_core.package_discovery:discover_packages(ignore) check parameters
[0.606s] Level 1:colcon.colcon_core.package_discovery:discover_packages(path) check parameters
[0.606s] Level 1:colcon.colcon_core.package_discovery:discover_packages(colcon_meta) discover
[0.606s] Level 1:colcon.colcon_core.package_discovery:discover_packages(recursive) discover
[0.606s] INFO:colcon.colcon_core.package_discovery:Crawling recursively for packages in '/home/student/sjowmm_ws'
[0.607s] Level 1:colcon.colcon_core.package_identification:_identify(.) by extensions ['ignore', 'ignore_ament_install']
[0.607s] Level 1:colcon.colcon_core.package_identification:_identify(.) by extension 'ignore'
[0.607s] Level 1:colcon.colcon_core.package_identification:_identify(.) by extension 'ignore_ament_install'
[0.607s] Level 1:colcon.colcon_core.package_identification:_identify(.) by extensions ['colcon_pkg']
[0.607s] Level 1:colcon.colcon_core.package_identification:_identify(.) by extension 'colcon_pkg'
[0.607s] Level 1:colcon.colcon_core.package_identification:_identify(.) by extensions ['colcon_meta']
[0.607s] Level 1:colcon.colcon_core.package_identification:_identify(.) by extension 'colcon_meta'
[0.608s] Level 1:colcon.colcon_core.package_identification:_identify(.) by extensions ['ros']
[0.608s] Level 1:colcon.colcon_core.package_identification:_identify(.) by extension 'ros'
[0.647s] Level 1:colcon.colcon_core.package_identification:_identify(.) by extensions ['cmake', 'python']
[0.648s] Level 1:colcon.colcon_core.package_identification:_identify(.) by extension 'cmake'
[0.648s] Level 1:colcon.colcon_core.package_identification:_identify(.) by extension 'python'
[0.648s] Level 1:colcon.colcon_core.package_identification:_identify(.) by extensions ['python_setup_py']
[0.648s] Level 1:colcon.colcon_core.package_identification:_identify(.) by extension 'python_setup_py'
[0.648s] Level 1:colcon.colcon_core.package_identification:_identify(build) by extensions ['ignore', 'ignore_ament_install']
[0.648s] Level 1:colcon.colcon_core.package_identification:_identify(build) by extension 'ignore'
[0.649s] Level 1:colcon.colcon_core.package_identification:_identify(build) ignored
[0.649s] Level 1:colcon.colcon_core.package_identification:_identify(install) by extensions ['ignore', 'ignore_ament_install']
[0.649s] Level 1:colcon.colcon_core.package_identification:_identify(install) by extension 'ignore'
[0.649s] Level 1:colcon.colcon_core.package_identification:_identify(install) ignored
[0.649s] Level 1:colcon.colcon_core.package_identification:_identify(log) by extensions ['ignore', 'ignore_ament_install']
[0.649s] Level 1:colcon.colcon_core.package_identification:_identify(log) by extension 'ignore'
[0.650s] Level 1:colcon.colcon_core.package_identification:_identify(log) ignored
[0.650s] Level 1:colcon.colcon_core.package_identification:_identify(src) by extensions ['ignore', 'ignore_ament_install']
[0.650s] Level 1:colcon.colcon_core.package_identification:_identify(src) by extension 'ignore'
[0.650s] Level 1:colcon.colcon_core.package_identification:_identify(src) by extension 'ignore_ament_install'
[0.650s] Level 1:colcon.colcon_core.package_identification:_identify(src) by extensions ['colcon_pkg']
[0.650s] Level 1:colcon.colcon_core.package_identification:_identify(src) by extension 'colcon_pkg'
[0.650s] Level 1:colcon.colcon_core.package_identification:_identify(src) by extensions ['colcon_meta']
[0.650s] Level 1:colcon.colcon_core.package_identification:_identify(src) by extension 'colcon_meta'
[0.651s] Level 1:colcon.colcon_core.package_identification:_identify(src) by extensions ['ros']
[0.651s] Level 1:colcon.colcon_core.package_identification:_identify(src) by extension 'ros'
[0.651s] Level 1:colcon.colcon_core.package_identification:_identify(src) by extensions ['cmake', 'python']
[0.651s] Level 1:colcon.colcon_core.package_identification:_identify(src) by extension 'cmake'
[0.651s] Level 1:colcon.colcon_core.package_identification:_identify(src) by extension 'python'
[0.651s] Level 1:colcon.colcon_core.package_identification:_identify(src) by extensions ['python_setup_py']
[0.651s] Level 1:colcon.colcon_core.package_identification:_identify(src) by extension 'python_setup_py'
[0.651s] Level 1:colcon.colcon_core.package_identification:_identify(src/log) by extensions ['ignore', 'ignore_ament_install']
[0.652s] Level 1:colcon.colcon_core.package_identification:_identify(src/log) by extension 'ignore'
[0.653s] Level 1:colcon.colcon_core.package_identification:_identify(src/log) ignored
[0.654s] Level 1:colcon.colcon_core.package_identification:_identify(src/simulation) by extensions ['ignore', 'ignore_ament_install']
[0.655s] Level 1:colcon.colcon_core.package_identification:_identify(src/simulation) by extension 'ignore'
[0.656s] Level 1:colcon.colcon_core.package_identification:_identify(src/simulation) by extension 'ignore_ament_install'
[0.656s] Level 1:colcon.colcon_core.package_identification:_identify(src/simulation) by extensions ['colcon_pkg']
[0.656s] Level 1:colcon.colcon_core.package_identification:_identify(src/simulation) by extension 'colcon_pkg'
[0.656s] Level 1:colcon.colcon_core.package_identification:_identify(src/simulation) by extensions ['colcon_meta']
[0.656s] Level 1:colcon.colcon_core.package_identification:_identify(src/simulation) by extension 'colcon_meta'
[0.656s] Level 1:colcon.colcon_core.package_identification:_identify(src/simulation) by extensions ['ros']
[0.656s] Level 1:colcon.colcon_core.package_identification:_identify(src/simulation) by extension 'ros'
[0.662s] DEBUG:colcon.colcon_core.package_identification:Package 'src/simulation' with type 'ros.ament_python' and name 'simulation'
[0.662s] Level 1:colcon.colcon_core.package_discovery:discover_packages(recursive) using defaults
[0.663s] Level 1:colcon.colcon_core.package_discovery:discover_packages(ignore) discover
[0.663s] Level 1:colcon.colcon_core.package_discovery:discover_packages(ignore) using defaults
[0.663s] Level 1:colcon.colcon_core.package_discovery:discover_packages(path) discover
[0.663s] Level 1:colcon.colcon_core.package_discovery:discover_packages(path) using defaults
[0.736s] Level 5:colcon.colcon_core.verb:set package 'simulation' build argument 'cmake_args' from command line to 'None'
[0.737s] Level 5:colcon.colcon_core.verb:set package 'simulation' build argument 'cmake_target' from command line to 'None'
[0.737s] Level 5:colcon.colcon_core.verb:set package 'simulation' build argument 'cmake_target_skip_unavailable' from command line to 'False'
[0.737s] Level 5:colcon.colcon_core.verb:set package 'simulation' build argument 'cmake_clean_cache' from command line to 'False'
[0.737s] Level 5:colcon.colcon_core.verb:set package 'simulation' build argument 'cmake_clean_first' from command line to 'False'
[0.737s] Level 5:colcon.colcon_core.verb:set package 'simulation' build argument 'cmake_force_configure' from command line to 'False'
[0.737s] Level 5:colcon.colcon_core.verb:set package 'simulation' build argument 'ament_cmake_args' from command line to 'None'
[0.737s] Level 5:colcon.colcon_core.verb:set package 'simulation' build argument 'catkin_cmake_args' from command line to 'None'
[0.737s] Level 5:colcon.colcon_core.verb:set package 'simulation' build argument 'catkin_skip_building_tests' from command line to 'False'
[0.737s] DEBUG:colcon.colcon_core.verb:Building package 'simulation' with the following arguments: {'ament_cmake_args': None, 'build_base': '/home/student/sjowmm_ws/build/simulation', 'catkin_cmake_args': None, 'catkin_skip_building_tests': False, 'cmake_args': None, 'cmake_clean_cache': False, 'cmake_clean_first': False, 'cmake_force_configure': False, 'cmake_target': None, 'cmake_target_skip_unavailable': False, 'install_base': '/home/student/sjowmm_ws/install/simulation', 'merge_install': False, 'path': '/home/student/sjowmm_ws/src/simulation', 'symlink_install': False, 'test_result_base': None}
[0.739s] INFO:colcon.colcon_core.executor:Executing jobs using 'parallel' executor
[0.744s] DEBUG:colcon.colcon_parallel_executor.executor.parallel:run_until_complete
[0.746s] INFO:colcon.colcon_ros.task.ament_python.build:Building ROS package in '/home/student/sjowmm_ws/src/simulation' with build type 'ament_python'
[0.746s] Level 1:colcon.colcon_core.shell:create_environment_hook('simulation', 'ament_prefix_path')
[0.756s] INFO:colcon.colcon_core.plugin_system:Skipping extension 'colcon_core.shell.bat': Not used on non-Windows systems
[0.759s] INFO:colcon.colcon_core.shell:Creating environment hook '/home/student/sjowmm_ws/install/simulation/share/simulation/hook/ament_prefix_path.ps1'
[0.761s] INFO:colcon.colcon_core.shell:Creating environment descriptor '/home/student/sjowmm_ws/install/simulation/share/simulation/hook/ament_prefix_path.dsv'
[0.763s] INFO:colcon.colcon_core.shell:Creating environment hook '/home/student/sjowmm_ws/install/simulation/share/simulation/hook/ament_prefix_path.sh'
[0.770s] INFO:colcon.colcon_core.shell:Skip shell extension 'powershell' for command environment: Not usable outside of PowerShell
[0.771s] DEBUG:colcon.colcon_core.shell:Skip shell extension 'dsv' for command environment
[0.788s] DEBUG:colcon.colcon_core.shell:Ignoring prefix path '/opt/ros/foxy'
[1.676s] INFO:colcon.colcon_core.task.python.build:Building Python package in '/home/student/sjowmm_ws/src/simulation'
[1.678s] INFO:colcon.colcon_core.shell:Skip shell extension 'powershell' for command environment: Not usable outside of PowerShell
[1.678s] DEBUG:colcon.colcon_core.shell:Skip shell extension 'dsv' for command environment
[1.691s] DEBUG:colcon.colcon_core.shell:Ignoring prefix path '/opt/ros/foxy'
[1.716s] DEBUG:colcon.colcon_core.event_handler.log_command:Invoking command in '/home/student/sjowmm_ws/src/simulation': PYTHONPATH=/home/student/sjowmm_ws/install/simulation/lib/python3.8/site-packages:${PYTHONPATH} /usr/bin/python3 setup.py egg_info --egg-base ../../build/simulation build --build-base /home/student/sjowmm_ws/build/simulation/build install --prefix /home/student/sjowmm_ws/install/simulation --record /home/student/sjowmm_ws/build/simulation/install.log --single-version-externally-managed
[2.830s] DEBUG:colcon.colcon_core.event_handler.log_command:Invoked command in '/home/student/sjowmm_ws/src/simulation' returned '0': PYTHONPATH=/home/student/sjowmm_ws/install/simulation/lib/python3.8/site-packages:${PYTHONPATH} /usr/bin/python3 setup.py egg_info --egg-base ../../build/simulation build --build-base /home/student/sjowmm_ws/build/simulation/build install --prefix /home/student/sjowmm_ws/install/simulation --record /home/student/sjowmm_ws/build/simulation/install.log --single-version-externally-managed
[2.846s] Level 1:colcon.colcon_core.environment:checking '/home/student/sjowmm_ws/install/simulation' for CMake module files
[2.848s] Level 1:colcon.colcon_core.environment:checking '/home/student/sjowmm_ws/install/simulation' for CMake config files
[2.856s] Level 1:colcon.colcon_core.environment:checking '/home/student/sjowmm_ws/install/simulation/lib'
[2.857s] Level 1:colcon.colcon_core.environment:checking '/home/student/sjowmm_ws/install/simulation/bin'
[2.858s] Level 1:colcon.colcon_core.environment:checking '/home/student/sjowmm_ws/install/simulation/lib/pkgconfig/simulation.pc'
[2.858s] Level 1:colcon.colcon_core.environment:checking '/home/student/sjowmm_ws/install/simulation/lib/python3.8/site-packages'
[2.858s] Level 1:colcon.colcon_core.shell:create_environment_hook('simulation', 'pythonpath')
[2.861s] INFO:colcon.colcon_core.shell:Creating environment hook '/home/student/sjowmm_ws/install/simulation/share/simulation/hook/pythonpath.ps1'
[2.863s] INFO:colcon.colcon_core.shell:Creating environment descriptor '/home/student/sjowmm_ws/install/simulation/share/simulation/hook/pythonpath.dsv'
[2.864s] INFO:colcon.colcon_core.shell:Creating environment hook '/home/student/sjowmm_ws/install/simulation/share/simulation/hook/pythonpath.sh'
[2.864s] Level 1:colcon.colcon_core.environment:create_environment_scripts_only(simulation)
[2.869s] INFO:colcon.colcon_core.shell:Creating package script '/home/student/sjowmm_ws/install/simulation/share/simulation/package.ps1'
[2.873s] INFO:colcon.colcon_core.shell:Creating package descriptor '/home/student/sjowmm_ws/install/simulation/share/simulation/package.dsv'
[2.878s] INFO:colcon.colcon_core.shell:Creating package script '/home/student/sjowmm_ws/install/simulation/share/simulation/package.sh'
[2.882s] INFO:colcon.colcon_core.shell:Creating package script '/home/student/sjowmm_ws/install/simulation/share/simulation/package.bash'
[2.885s] INFO:colcon.colcon_core.shell:Creating package script '/home/student/sjowmm_ws/install/simulation/share/simulation/package.zsh'
[2.889s] Level 1:colcon.colcon_core.environment:create_file_with_runtime_dependencies(/home/student/sjowmm_ws/install/simulation/share/colcon-core/packages/simulation)
[2.891s] DEBUG:colcon.colcon_parallel_executor.executor.parallel:closing loop
[2.893s] DEBUG:colcon.colcon_parallel_executor.executor.parallel:loop closed
[2.896s] DEBUG:colcon.colcon_parallel_executor.executor.parallel:run_until_complete finished with '0'
[2.896s] DEBUG:colcon.colcon_core.event_reactor:joining thread
[2.914s] INFO:colcon.colcon_core.plugin_system:Skipping extension 'colcon_notification.desktop_notification.terminal_notifier': Not used on non-Darwin systems
[2.914s] INFO:colcon.colcon_core.plugin_system:Skipping extension 'colcon_notification.desktop_notification.win32': Not used on non-Windows systems
[2.915s] INFO:colcon.colcon_notification.desktop_notification:Sending desktop notification using 'notify2'
[2.963s] DEBUG:colcon.colcon_core.event_reactor:joined thread
[2.965s] INFO:colcon.colcon_core.shell:Creating prefix script '/home/student/sjowmm_ws/install/local_setup.ps1'
[2.968s] INFO:colcon.colcon_core.shell:Creating prefix util module '/home/student/sjowmm_ws/install/_local_setup_util_ps1.py'
[2.975s] INFO:colcon.colcon_core.shell:Creating prefix chain script '/home/student/sjowmm_ws/install/setup.ps1'
[2.989s] INFO:colcon.colcon_core.shell:Creating prefix script '/home/student/sjowmm_ws/install/local_setup.sh'
[2.990s] INFO:colcon.colcon_core.shell:Creating prefix util module '/home/student/sjowmm_ws/install/_local_setup_util_sh.py'
[2.992s] INFO:colcon.colcon_core.shell:Creating prefix chain script '/home/student/sjowmm_ws/install/setup.sh'
[3.006s] INFO:colcon.colcon_core.shell:Creating prefix script '/home/student/sjowmm_ws/install/local_setup.bash'
[3.010s] INFO:colcon.colcon_core.shell:Creating prefix chain script '/home/student/sjowmm_ws/install/setup.bash'
[3.024s] INFO:colcon.colcon_core.shell:Creating prefix script '/home/student/sjowmm_ws/install/local_setup.zsh'
[3.027s] INFO:colcon.colcon_core.shell:Creating prefix chain script '/home/student/sjowmm_ws/install/setup.zsh'
