[1.447s] Invoking command in '/home/student/sjowmm_ws/src/path_projection': PYTHONPATH=/home/student/sjowmm_ws/install/path_projection/lib/python3.8/site-packages:${PYTHONPATH} /usr/bin/python3 setup.py egg_info --egg-base ../../build/path_projection build --build-base /home/student/sjowmm_ws/build/path_projection/build install --prefix /home/student/sjowmm_ws/install/path_projection --record /home/student/sjowmm_ws/build/path_projection/install.log --single-version-externally-managed
[1.753s] running egg_info
[1.754s] writing ../../build/path_projection/path_projection.egg-info/PKG-INFO
[1.754s] writing dependency_links to ../../build/path_projection/path_projection.egg-info/dependency_links.txt
[1.755s] writing entry points to ../../build/path_projection/path_projection.egg-info/entry_points.txt
[1.756s] writing requirements to ../../build/path_projection/path_projection.egg-info/requires.txt
[1.758s] writing top-level names to ../../build/path_projection/path_projection.egg-info/top_level.txt
[1.772s] reading manifest file '../../build/path_projection/path_projection.egg-info/SOURCES.txt'
[1.773s] writing manifest file '../../build/path_projection/path_projection.egg-info/SOURCES.txt'
[1.773s] running build
[1.774s] running build_py
[1.774s] running install
[1.775s] running install_lib
[1.776s] running install_data
[1.776s] copying worlds/critical_point1.world -> /home/student/sjowmm_ws/install/path_projection/share/path_projection/worlds
[1.776s] running install_egg_info
[1.779s] removing '/home/student/sjowmm_ws/install/path_projection/lib/python3.8/site-packages/path_projection-0.0.0-py3.8.egg-info' (and everything under it)
[1.780s] Copying ../../build/path_projection/path_projection.egg-info to /home/student/sjowmm_ws/install/path_projection/lib/python3.8/site-packages/path_projection-0.0.0-py3.8.egg-info
[1.780s] running install_scripts
[1.806s] Installing PathProjection script to /home/student/sjowmm_ws/install/path_projection/lib/path_projection
[1.807s] writing list of installed files to '/home/student/sjowmm_ws/build/path_projection/install.log'
[2.097s] Invoked command in '/home/student/sjowmm_ws/src/path_projection' returned '0': PYTHONPATH=/home/student/sjowmm_ws/install/path_projection/lib/python3.8/site-packages:${PYTHONPATH} /usr/bin/python3 setup.py egg_info --egg-base ../../build/path_projection build --build-base /home/student/sjowmm_ws/build/path_projection/build install --prefix /home/student/sjowmm_ws/install/path_projection --record /home/student/sjowmm_ws/build/path_projection/install.log --single-version-externally-managed
