[0.094s] Invoking command in '/home/student/sjowmm_ws/build/nav_2d_msgs': CMAKE_PREFIX_PATH=${CMAKE_PREFIX_PATH}:/home/student/sjowmm_ws/install/turtlebot3_teleop:/home/student/sjowmm_ws/install/turtlebot3_example:/home/student/sjowmm_ws/install/simulation:/home/student/sjowmm_ws/install/path_projection:/home/student/sjowmm_ws/install/nav2_gazebo_spawner:/home/student/sjowmm_ws/install/green_turtle:/home/student/sjowmm_ws/install/dede:/opt/ros/foxy /usr/bin/cmake --build /home/student/sjowmm_ws/build/nav_2d_msgs -- -j12 -l12
[1.499s] [  1%] Built target nav_2d_msgs__cpp
[1.499s] [ 12%] Built target nav_2d_msgs__rosidl_generator_c
[1.500s] [ 35%] Built target nav_2d_msgs__rosidl_typesupport_cpp
[1.500s] [ 35%] Built target nav_2d_msgs__rosidl_typesupport_c
[1.501s] [ 46%] Built target nav_2d_msgs__rosidl_typesupport_introspection_c
[1.501s] [ 57%] Built target nav_2d_msgs__rosidl_typesupport_introspection_cpp
[1.501s] [ 69%] Built target nav_2d_msgs__rosidl_typesupport_fastrtps_cpp
[1.502s] [ 80%] Built target nav_2d_msgs__rosidl_typesupport_fastrtps_c
[1.502s] [ 80%] Built target nav_2d_msgs
[1.502s] [ 81%] Built target nav_2d_msgs__py
[1.503s] [ 91%] Built target nav_2d_msgs__python
[1.503s] [100%] Built target nav_2d_msgs__rosidl_typesupport_fastrtps_c__pyext
[1.503s] [100%] Built target nav_2d_msgs__rosidl_typesupport_introspection_c__pyext
[1.503s] [100%] Built target nav_2d_msgs__rosidl_typesupport_c__pyext
[1.506s] Invoked command in '/home/student/sjowmm_ws/build/nav_2d_msgs' returned '0': CMAKE_PREFIX_PATH=${CMAKE_PREFIX_PATH}:/home/student/sjowmm_ws/install/turtlebot3_teleop:/home/student/sjowmm_ws/install/turtlebot3_example:/home/student/sjowmm_ws/install/simulation:/home/student/sjowmm_ws/install/path_projection:/home/student/sjowmm_ws/install/nav2_gazebo_spawner:/home/student/sjowmm_ws/install/green_turtle:/home/student/sjowmm_ws/install/dede:/opt/ros/foxy /usr/bin/cmake --build /home/student/sjowmm_ws/build/nav_2d_msgs -- -j12 -l12
[1.759s] Invoking command in '/home/student/sjowmm_ws/build/nav_2d_msgs': CMAKE_PREFIX_PATH=${CMAKE_PREFIX_PATH}:/home/student/sjowmm_ws/install/turtlebot3_teleop:/home/student/sjowmm_ws/install/turtlebot3_example:/home/student/sjowmm_ws/install/simulation:/home/student/sjowmm_ws/install/path_projection:/home/student/sjowmm_ws/install/nav2_gazebo_spawner:/home/student/sjowmm_ws/install/green_turtle:/home/student/sjowmm_ws/install/dede:/opt/ros/foxy /usr/bin/cmake --install /home/student/sjowmm_ws/build/nav_2d_msgs
[1.769s] -- Install configuration: ""
[1.770s] -- Up-to-date: /home/student/sjowmm_ws/install/nav_2d_msgs/share/ament_index/resource_index/rosidl_interfaces/nav_2d_msgs
[1.770s] -- Up-to-date: /home/student/sjowmm_ws/install/nav_2d_msgs/include/nav_2d_msgs
[1.771s] -- Up-to-date: /home/student/sjowmm_ws/install/nav_2d_msgs/include/nav_2d_msgs/msg
[1.771s] -- Up-to-date: /home/student/sjowmm_ws/install/nav_2d_msgs/include/nav_2d_msgs/msg/detail
[1.772s] -- Up-to-date: /home/student/sjowmm_ws/install/nav_2d_msgs/include/nav_2d_msgs/msg/detail/path2_d__functions.c
[1.773s] -- Up-to-date: /home/student/sjowmm_ws/install/nav_2d_msgs/include/nav_2d_msgs/msg/detail/twist2_d32__struct.h
[1.773s] -- Up-to-date: /home/student/sjowmm_ws/install/nav_2d_msgs/include/nav_2d_msgs/msg/detail/twist2_d_stamped__type_support.h
[1.773s] -- Up-to-date: /home/student/sjowmm_ws/install/nav_2d_msgs/include/nav_2d_msgs/msg/detail/pose2_d_stamped__functions.h
[1.774s] -- Up-to-date: /home/student/sjowmm_ws/install/nav_2d_msgs/include/nav_2d_msgs/msg/detail/twist2_d_stamped__struct.h
[1.774s] -- Up-to-date: /home/student/sjowmm_ws/install/nav_2d_msgs/include/nav_2d_msgs/msg/detail/twist2_d__functions.h
[1.774s] -- Up-to-date: /home/student/sjowmm_ws/install/nav_2d_msgs/include/nav_2d_msgs/msg/detail/twist2_d__struct.h
[1.775s] -- Up-to-date: /home/student/sjowmm_ws/install/nav_2d_msgs/include/nav_2d_msgs/msg/detail/twist2_d32__functions.c
[1.775s] -- Up-to-date: /home/student/sjowmm_ws/install/nav_2d_msgs/include/nav_2d_msgs/msg/detail/pose2_d32__functions.h
[1.775s] -- Up-to-date: /home/student/sjowmm_ws/install/nav_2d_msgs/include/nav_2d_msgs/msg/detail/pose2_d32__struct.h
[1.776s] -- Up-to-date: /home/student/sjowmm_ws/install/nav_2d_msgs/include/nav_2d_msgs/msg/detail/twist2_d32__functions.h
[1.779s] -- Up-to-date: /home/student/sjowmm_ws/install/nav_2d_msgs/include/nav_2d_msgs/msg/detail/path2_d__struct.h
[1.780s] -- Up-to-date: /home/student/sjowmm_ws/install/nav_2d_msgs/include/nav_2d_msgs/msg/detail/path2_d__type_support.h
[1.780s] -- Up-to-date: /home/student/sjowmm_ws/install/nav_2d_msgs/include/nav_2d_msgs/msg/detail/twist2_d_stamped__functions.c
[1.780s] -- Up-to-date: /home/student/sjowmm_ws/install/nav_2d_msgs/include/nav_2d_msgs/msg/detail/twist2_d__type_support.h
[1.780s] -- Up-to-date: /home/student/sjowmm_ws/install/nav_2d_msgs/include/nav_2d_msgs/msg/detail/pose2_d32__type_support.h
[1.780s] -- Up-to-date: /home/student/sjowmm_ws/install/nav_2d_msgs/include/nav_2d_msgs/msg/detail/pose2_d32__functions.c
[1.781s] -- Up-to-date: /home/student/sjowmm_ws/install/nav_2d_msgs/include/nav_2d_msgs/msg/detail/pose2_d_stamped__struct.h
[1.781s] -- Up-to-date: /home/student/sjowmm_ws/install/nav_2d_msgs/include/nav_2d_msgs/msg/detail/path2_d__functions.h
[1.781s] -- Up-to-date: /home/student/sjowmm_ws/install/nav_2d_msgs/include/nav_2d_msgs/msg/detail/twist2_d_stamped__functions.h
[1.781s] -- Up-to-date: /home/student/sjowmm_ws/install/nav_2d_msgs/include/nav_2d_msgs/msg/detail/twist2_d__functions.c
[1.782s] -- Up-to-date: /home/student/sjowmm_ws/install/nav_2d_msgs/include/nav_2d_msgs/msg/detail/twist2_d32__type_support.h
[1.782s] -- Up-to-date: /home/student/sjowmm_ws/install/nav_2d_msgs/include/nav_2d_msgs/msg/detail/pose2_d_stamped__type_support.h
[1.782s] -- Up-to-date: /home/student/sjowmm_ws/install/nav_2d_msgs/include/nav_2d_msgs/msg/detail/pose2_d_stamped__functions.c
[1.782s] -- Up-to-date: /home/student/sjowmm_ws/install/nav_2d_msgs/include/nav_2d_msgs/msg/twist2_d.h
[1.782s] -- Up-to-date: /home/student/sjowmm_ws/install/nav_2d_msgs/include/nav_2d_msgs/msg/path2_d.h
[1.782s] -- Up-to-date: /home/student/sjowmm_ws/install/nav_2d_msgs/include/nav_2d_msgs/msg/pose2_d_stamped.h
[1.784s] -- Up-to-date: /home/student/sjowmm_ws/install/nav_2d_msgs/include/nav_2d_msgs/msg/pose2_d32.h
[1.784s] -- Up-to-date: /home/student/sjowmm_ws/install/nav_2d_msgs/include/nav_2d_msgs/msg/rosidl_generator_c__visibility_control.h
[1.784s] -- Up-to-date: /home/student/sjowmm_ws/install/nav_2d_msgs/include/nav_2d_msgs/msg/twist2_d32.h
[1.784s] -- Up-to-date: /home/student/sjowmm_ws/install/nav_2d_msgs/include/nav_2d_msgs/msg/twist2_d_stamped.h
[1.785s] -- Up-to-date: /home/student/sjowmm_ws/install/nav_2d_msgs/share/nav_2d_msgs/environment/library_path.sh
[1.785s] -- Up-to-date: /home/student/sjowmm_ws/install/nav_2d_msgs/share/nav_2d_msgs/environment/library_path.dsv
[1.785s] -- Up-to-date: /home/student/sjowmm_ws/install/nav_2d_msgs/lib/libnav_2d_msgs__rosidl_generator_c.so
[1.785s] -- Up-to-date: /home/student/sjowmm_ws/install/nav_2d_msgs/include/nav_2d_msgs
[1.786s] -- Up-to-date: /home/student/sjowmm_ws/install/nav_2d_msgs/include/nav_2d_msgs/msg
[1.786s] -- Up-to-date: /home/student/sjowmm_ws/install/nav_2d_msgs/include/nav_2d_msgs/msg/detail
[1.786s] -- Up-to-date: /home/student/sjowmm_ws/install/nav_2d_msgs/include/nav_2d_msgs/msg/detail/twist2_d__rosidl_typesupport_fastrtps_c.h
[1.787s] -- Up-to-date: /home/student/sjowmm_ws/install/nav_2d_msgs/include/nav_2d_msgs/msg/detail/twist2_d_stamped__rosidl_typesupport_fastrtps_c.h
[1.787s] -- Up-to-date: /home/student/sjowmm_ws/install/nav_2d_msgs/include/nav_2d_msgs/msg/detail/twist2_d32__rosidl_typesupport_fastrtps_c.h
[1.787s] -- Up-to-date: /home/student/sjowmm_ws/install/nav_2d_msgs/include/nav_2d_msgs/msg/detail/path2_d__rosidl_typesupport_fastrtps_c.h
[1.789s] -- Up-to-date: /home/student/sjowmm_ws/install/nav_2d_msgs/include/nav_2d_msgs/msg/detail/pose2_d_stamped__rosidl_typesupport_fastrtps_c.h
[1.789s] -- Up-to-date: /home/student/sjowmm_ws/install/nav_2d_msgs/include/nav_2d_msgs/msg/detail/pose2_d32__rosidl_typesupport_fastrtps_c.h
[1.789s] -- Up-to-date: /home/student/sjowmm_ws/install/nav_2d_msgs/include/nav_2d_msgs/msg/rosidl_typesupport_fastrtps_c__visibility_control.h
[1.789s] -- Up-to-date: /home/student/sjowmm_ws/install/nav_2d_msgs/lib/libnav_2d_msgs__rosidl_typesupport_fastrtps_c.so
[1.790s] -- Up-to-date: /home/student/sjowmm_ws/install/nav_2d_msgs/include/nav_2d_msgs
[1.790s] -- Up-to-date: /home/student/sjowmm_ws/install/nav_2d_msgs/include/nav_2d_msgs/msg
[1.790s] -- Up-to-date: /home/student/sjowmm_ws/install/nav_2d_msgs/include/nav_2d_msgs/msg/rosidl_typesupport_fastrtps_cpp__visibility_control.h
[1.791s] -- Up-to-date: /home/student/sjowmm_ws/install/nav_2d_msgs/include/nav_2d_msgs/msg/detail
[1.791s] -- Up-to-date: /home/student/sjowmm_ws/install/nav_2d_msgs/include/nav_2d_msgs/msg/detail/dds_fastrtps
[1.791s] -- Up-to-date: /home/student/sjowmm_ws/install/nav_2d_msgs/include/nav_2d_msgs/msg/detail/twist2_d32__rosidl_typesupport_fastrtps_cpp.hpp
[1.793s] -- Up-to-date: /home/student/sjowmm_ws/install/nav_2d_msgs/include/nav_2d_msgs/msg/detail/pose2_d32__rosidl_typesupport_fastrtps_cpp.hpp
[1.794s] -- Up-to-date: /home/student/sjowmm_ws/install/nav_2d_msgs/include/nav_2d_msgs/msg/detail/twist2_d__rosidl_typesupport_fastrtps_cpp.hpp
[1.794s] -- Up-to-date: /home/student/sjowmm_ws/install/nav_2d_msgs/include/nav_2d_msgs/msg/detail/path2_d__rosidl_typesupport_fastrtps_cpp.hpp
[1.794s] -- Up-to-date: /home/student/sjowmm_ws/install/nav_2d_msgs/include/nav_2d_msgs/msg/detail/twist2_d_stamped__rosidl_typesupport_fastrtps_cpp.hpp
[1.795s] -- Up-to-date: /home/student/sjowmm_ws/install/nav_2d_msgs/include/nav_2d_msgs/msg/detail/pose2_d_stamped__rosidl_typesupport_fastrtps_cpp.hpp
[1.795s] -- Up-to-date: /home/student/sjowmm_ws/install/nav_2d_msgs/lib/libnav_2d_msgs__rosidl_typesupport_fastrtps_cpp.so
[1.796s] -- Up-to-date: /home/student/sjowmm_ws/install/nav_2d_msgs/include/nav_2d_msgs
[1.796s] -- Up-to-date: /home/student/sjowmm_ws/install/nav_2d_msgs/include/nav_2d_msgs/msg
[1.796s] -- Up-to-date: /home/student/sjowmm_ws/install/nav_2d_msgs/include/nav_2d_msgs/msg/detail
[1.797s] -- Up-to-date: /home/student/sjowmm_ws/install/nav_2d_msgs/include/nav_2d_msgs/msg/detail/twist2_d__type_support.c
[1.797s] -- Up-to-date: /home/student/sjowmm_ws/install/nav_2d_msgs/include/nav_2d_msgs/msg/detail/pose2_d32__type_support.c
[1.798s] -- Up-to-date: /home/student/sjowmm_ws/install/nav_2d_msgs/include/nav_2d_msgs/msg/detail/pose2_d32__rosidl_typesupport_introspection_c.h
[1.798s] -- Up-to-date: /home/student/sjowmm_ws/install/nav_2d_msgs/include/nav_2d_msgs/msg/detail/path2_d__type_support.c
[1.798s] -- Up-to-date: /home/student/sjowmm_ws/install/nav_2d_msgs/include/nav_2d_msgs/msg/detail/twist2_d32__type_support.c
[1.801s] -- Up-to-date: /home/student/sjowmm_ws/install/nav_2d_msgs/include/nav_2d_msgs/msg/detail/twist2_d_stamped__rosidl_typesupport_introspection_c.h
[1.801s] -- Up-to-date: /home/student/sjowmm_ws/install/nav_2d_msgs/include/nav_2d_msgs/msg/detail/twist2_d__rosidl_typesupport_introspection_c.h
[1.802s] -- Up-to-date: /home/student/sjowmm_ws/install/nav_2d_msgs/include/nav_2d_msgs/msg/detail/pose2_d_stamped__rosidl_typesupport_introspection_c.h
[1.802s] -- Up-to-date: /home/student/sjowmm_ws/install/nav_2d_msgs/include/nav_2d_msgs/msg/detail/pose2_d_stamped__type_support.c
[1.802s] -- Up-to-date: /home/student/sjowmm_ws/install/nav_2d_msgs/include/nav_2d_msgs/msg/detail/twist2_d32__rosidl_typesupport_introspection_c.h
[1.802s] -- Up-to-date: /home/student/sjowmm_ws/install/nav_2d_msgs/include/nav_2d_msgs/msg/detail/twist2_d_stamped__type_support.c
[1.802s] -- Up-to-date: /home/student/sjowmm_ws/install/nav_2d_msgs/include/nav_2d_msgs/msg/detail/path2_d__rosidl_typesupport_introspection_c.h
[1.803s] -- Up-to-date: /home/student/sjowmm_ws/install/nav_2d_msgs/include/nav_2d_msgs/msg/rosidl_typesupport_introspection_c__visibility_control.h
[1.803s] -- Up-to-date: /home/student/sjowmm_ws/install/nav_2d_msgs/lib/libnav_2d_msgs__rosidl_typesupport_introspection_c.so
[1.803s] -- Up-to-date: /home/student/sjowmm_ws/install/nav_2d_msgs/lib/libnav_2d_msgs__rosidl_typesupport_c.so
[1.803s] -- Up-to-date: /home/student/sjowmm_ws/install/nav_2d_msgs/include/nav_2d_msgs
[1.803s] -- Up-to-date: /home/student/sjowmm_ws/install/nav_2d_msgs/include/nav_2d_msgs/msg
[1.803s] -- Up-to-date: /home/student/sjowmm_ws/install/nav_2d_msgs/include/nav_2d_msgs/msg/twist2_d_stamped.hpp
[1.803s] -- Up-to-date: /home/student/sjowmm_ws/install/nav_2d_msgs/include/nav_2d_msgs/msg/detail
[1.804s] -- Up-to-date: /home/student/sjowmm_ws/install/nav_2d_msgs/include/nav_2d_msgs/msg/detail/path2_d__builder.hpp
[1.804s] -- Up-to-date: /home/student/sjowmm_ws/install/nav_2d_msgs/include/nav_2d_msgs/msg/detail/path2_d__struct.hpp
[1.804s] -- Up-to-date: /home/student/sjowmm_ws/install/nav_2d_msgs/include/nav_2d_msgs/msg/detail/twist2_d__traits.hpp
[1.804s] -- Up-to-date: /home/student/sjowmm_ws/install/nav_2d_msgs/include/nav_2d_msgs/msg/detail/twist2_d32__builder.hpp
[1.804s] -- Up-to-date: /home/student/sjowmm_ws/install/nav_2d_msgs/include/nav_2d_msgs/msg/detail/pose2_d_stamped__struct.hpp
[1.804s] -- Up-to-date: /home/student/sjowmm_ws/install/nav_2d_msgs/include/nav_2d_msgs/msg/detail/twist2_d_stamped__struct.hpp
[1.804s] -- Up-to-date: /home/student/sjowmm_ws/install/nav_2d_msgs/include/nav_2d_msgs/msg/detail/pose2_d_stamped__traits.hpp
[1.804s] -- Up-to-date: /home/student/sjowmm_ws/install/nav_2d_msgs/include/nav_2d_msgs/msg/detail/twist2_d__builder.hpp
[1.804s] -- Up-to-date: /home/student/sjowmm_ws/install/nav_2d_msgs/include/nav_2d_msgs/msg/detail/twist2_d32__struct.hpp
[1.806s] -- Up-to-date: /home/student/sjowmm_ws/install/nav_2d_msgs/include/nav_2d_msgs/msg/detail/path2_d__traits.hpp
[1.806s] -- Up-to-date: /home/student/sjowmm_ws/install/nav_2d_msgs/include/nav_2d_msgs/msg/detail/twist2_d_stamped__builder.hpp
[1.807s] -- Up-to-date: /home/student/sjowmm_ws/install/nav_2d_msgs/include/nav_2d_msgs/msg/detail/twist2_d32__traits.hpp
[1.807s] -- Up-to-date: /home/student/sjowmm_ws/install/nav_2d_msgs/include/nav_2d_msgs/msg/detail/twist2_d__struct.hpp
[1.807s] -- Up-to-date: /home/student/sjowmm_ws/install/nav_2d_msgs/include/nav_2d_msgs/msg/detail/twist2_d_stamped__traits.hpp
[1.807s] -- Up-to-date: /home/student/sjowmm_ws/install/nav_2d_msgs/include/nav_2d_msgs/msg/detail/pose2_d32__builder.hpp
[1.808s] -- Up-to-date: /home/student/sjowmm_ws/install/nav_2d_msgs/include/nav_2d_msgs/msg/detail/pose2_d32__traits.hpp
[1.808s] -- Up-to-date: /home/student/sjowmm_ws/install/nav_2d_msgs/include/nav_2d_msgs/msg/detail/pose2_d_stamped__builder.hpp
[1.808s] -- Up-to-date: /home/student/sjowmm_ws/install/nav_2d_msgs/include/nav_2d_msgs/msg/detail/pose2_d32__struct.hpp
[1.809s] -- Up-to-date: /home/student/sjowmm_ws/install/nav_2d_msgs/include/nav_2d_msgs/msg/pose2_d32.hpp
[1.809s] -- Up-to-date: /home/student/sjowmm_ws/install/nav_2d_msgs/include/nav_2d_msgs/msg/path2_d.hpp
[1.809s] -- Up-to-date: /home/student/sjowmm_ws/install/nav_2d_msgs/include/nav_2d_msgs/msg/twist2_d32.hpp
[1.809s] -- Up-to-date: /home/student/sjowmm_ws/install/nav_2d_msgs/include/nav_2d_msgs/msg/pose2_d_stamped.hpp
[1.810s] -- Up-to-date: /home/student/sjowmm_ws/install/nav_2d_msgs/include/nav_2d_msgs/msg/twist2_d.hpp
[1.811s] -- Up-to-date: /home/student/sjowmm_ws/install/nav_2d_msgs/include/nav_2d_msgs
[1.812s] -- Up-to-date: /home/student/sjowmm_ws/install/nav_2d_msgs/include/nav_2d_msgs/msg
[1.812s] -- Up-to-date: /home/student/sjowmm_ws/install/nav_2d_msgs/include/nav_2d_msgs/msg/detail
[1.812s] -- Up-to-date: /home/student/sjowmm_ws/install/nav_2d_msgs/include/nav_2d_msgs/msg/detail/path2_d__type_support.cpp
[1.813s] -- Up-to-date: /home/student/sjowmm_ws/install/nav_2d_msgs/include/nav_2d_msgs/msg/detail/pose2_d_stamped__type_support.cpp
[1.813s] -- Up-to-date: /home/student/sjowmm_ws/install/nav_2d_msgs/include/nav_2d_msgs/msg/detail/twist2_d32__type_support.cpp
[1.813s] -- Up-to-date: /home/student/sjowmm_ws/install/nav_2d_msgs/include/nav_2d_msgs/msg/detail/twist2_d__type_support.cpp
[1.814s] -- Up-to-date: /home/student/sjowmm_ws/install/nav_2d_msgs/include/nav_2d_msgs/msg/detail/twist2_d32__rosidl_typesupport_introspection_cpp.hpp
[1.814s] -- Up-to-date: /home/student/sjowmm_ws/install/nav_2d_msgs/include/nav_2d_msgs/msg/detail/pose2_d32__type_support.cpp
[1.814s] -- Up-to-date: /home/student/sjowmm_ws/install/nav_2d_msgs/include/nav_2d_msgs/msg/detail/pose2_d_stamped__rosidl_typesupport_introspection_cpp.hpp
[1.815s] -- Up-to-date: /home/student/sjowmm_ws/install/nav_2d_msgs/include/nav_2d_msgs/msg/detail/path2_d__rosidl_typesupport_introspection_cpp.hpp
[1.815s] -- Up-to-date: /home/student/sjowmm_ws/install/nav_2d_msgs/include/nav_2d_msgs/msg/detail/twist2_d__rosidl_typesupport_introspection_cpp.hpp
[1.816s] -- Up-to-date: /home/student/sjowmm_ws/install/nav_2d_msgs/include/nav_2d_msgs/msg/detail/pose2_d32__rosidl_typesupport_introspection_cpp.hpp
[1.816s] -- Up-to-date: /home/student/sjowmm_ws/install/nav_2d_msgs/include/nav_2d_msgs/msg/detail/twist2_d_stamped__type_support.cpp
[1.816s] -- Up-to-date: /home/student/sjowmm_ws/install/nav_2d_msgs/include/nav_2d_msgs/msg/detail/twist2_d_stamped__rosidl_typesupport_introspection_cpp.hpp
[1.817s] -- Up-to-date: /home/student/sjowmm_ws/install/nav_2d_msgs/lib/libnav_2d_msgs__rosidl_typesupport_introspection_cpp.so
[1.817s] -- Up-to-date: /home/student/sjowmm_ws/install/nav_2d_msgs/lib/libnav_2d_msgs__rosidl_typesupport_cpp.so
[1.819s] -- Up-to-date: /home/student/sjowmm_ws/install/nav_2d_msgs/share/nav_2d_msgs/environment/pythonpath.sh
[1.822s] -- Up-to-date: /home/student/sjowmm_ws/install/nav_2d_msgs/share/nav_2d_msgs/environment/pythonpath.dsv
[1.823s] -- Up-to-date: /home/student/sjowmm_ws/install/nav_2d_msgs/lib/python3.8/site-packages/nav_2d_msgs/__init__.py
[1.826s] -- Up-to-date: /home/student/sjowmm_ws/install/nav_2d_msgs/lib/python3.8/site-packages/nav_2d_msgs/msg
[1.826s] -- Up-to-date: /home/student/sjowmm_ws/install/nav_2d_msgs/lib/python3.8/site-packages/nav_2d_msgs/msg/_twist2_d_stamped.py
[1.826s] -- Up-to-date: /home/student/sjowmm_ws/install/nav_2d_msgs/lib/python3.8/site-packages/nav_2d_msgs/msg/_twist2_d_s.c
[1.826s] -- Up-to-date: /home/student/sjowmm_ws/install/nav_2d_msgs/lib/python3.8/site-packages/nav_2d_msgs/msg/_pose2_d_stamped.py
[1.827s] -- Up-to-date: /home/student/sjowmm_ws/install/nav_2d_msgs/lib/python3.8/site-packages/nav_2d_msgs/msg/_pose2_d32_s.c
[1.827s] -- Up-to-date: /home/student/sjowmm_ws/install/nav_2d_msgs/lib/python3.8/site-packages/nav_2d_msgs/msg/_twist2_d32.py
[1.827s] -- Up-to-date: /home/student/sjowmm_ws/install/nav_2d_msgs/lib/python3.8/site-packages/nav_2d_msgs/msg/_path2_d.py
[1.827s] -- Up-to-date: /home/student/sjowmm_ws/install/nav_2d_msgs/lib/python3.8/site-packages/nav_2d_msgs/msg/_twist2_d_stamped_s.c
[1.827s] -- Up-to-date: /home/student/sjowmm_ws/install/nav_2d_msgs/lib/python3.8/site-packages/nav_2d_msgs/msg/_path2_d_s.c
[1.827s] -- Up-to-date: /home/student/sjowmm_ws/install/nav_2d_msgs/lib/python3.8/site-packages/nav_2d_msgs/msg/_twist2_d32_s.c
[1.828s] -- Up-to-date: /home/student/sjowmm_ws/install/nav_2d_msgs/lib/python3.8/site-packages/nav_2d_msgs/msg/_twist2_d.py
[1.828s] -- Up-to-date: /home/student/sjowmm_ws/install/nav_2d_msgs/lib/python3.8/site-packages/nav_2d_msgs/msg/_pose2_d_stamped_s.c
[1.828s] -- Up-to-date: /home/student/sjowmm_ws/install/nav_2d_msgs/lib/python3.8/site-packages/nav_2d_msgs/msg/_pose2_d32.py
[1.828s] -- Up-to-date: /home/student/sjowmm_ws/install/nav_2d_msgs/lib/python3.8/site-packages/nav_2d_msgs/msg/__init__.py
[1.828s] -- Up-to-date: /home/student/sjowmm_ws/install/nav_2d_msgs/lib/python3.8/site-packages/nav_2d_msgs/nav_2d_msgs_s__rosidl_typesupport_fastrtps_c.cpython-38-x86_64-linux-gnu.so
[1.829s] -- Up-to-date: /home/student/sjowmm_ws/install/nav_2d_msgs/lib/python3.8/site-packages/nav_2d_msgs/nav_2d_msgs_s__rosidl_typesupport_introspection_c.cpython-38-x86_64-linux-gnu.so
[1.829s] -- Up-to-date: /home/student/sjowmm_ws/install/nav_2d_msgs/lib/python3.8/site-packages/nav_2d_msgs/nav_2d_msgs_s__rosidl_typesupport_c.cpython-38-x86_64-linux-gnu.so
[1.829s] -- Up-to-date: /home/student/sjowmm_ws/install/nav_2d_msgs/lib/libnav_2d_msgs__python.so
[1.829s] -- Up-to-date: /home/student/sjowmm_ws/install/nav_2d_msgs/share/nav_2d_msgs/msg/Path2D.idl
[1.830s] -- Up-to-date: /home/student/sjowmm_ws/install/nav_2d_msgs/share/nav_2d_msgs/msg/Pose2D32.idl
[1.830s] -- Up-to-date: /home/student/sjowmm_ws/install/nav_2d_msgs/share/nav_2d_msgs/msg/Pose2DStamped.idl
[1.830s] -- Up-to-date: /home/student/sjowmm_ws/install/nav_2d_msgs/share/nav_2d_msgs/msg/Twist2D.idl
[1.831s] -- Up-to-date: /home/student/sjowmm_ws/install/nav_2d_msgs/share/nav_2d_msgs/msg/Twist2D32.idl
[1.831s] -- Up-to-date: /home/student/sjowmm_ws/install/nav_2d_msgs/share/nav_2d_msgs/msg/Twist2DStamped.idl
[1.831s] -- Up-to-date: /home/student/sjowmm_ws/install/nav_2d_msgs/share/nav_2d_msgs/msg/Path2D.msg
[1.831s] -- Up-to-date: /home/student/sjowmm_ws/install/nav_2d_msgs/share/nav_2d_msgs/msg/Pose2D32.msg
[1.831s] -- Up-to-date: /home/student/sjowmm_ws/install/nav_2d_msgs/share/nav_2d_msgs/msg/Pose2DStamped.msg
[1.831s] -- Up-to-date: /home/student/sjowmm_ws/install/nav_2d_msgs/share/nav_2d_msgs/msg/Twist2D.msg
[1.832s] -- Up-to-date: /home/student/sjowmm_ws/install/nav_2d_msgs/share/nav_2d_msgs/msg/Twist2D32.msg
[1.832s] -- Up-to-date: /home/student/sjowmm_ws/install/nav_2d_msgs/share/nav_2d_msgs/msg/Twist2DStamped.msg
[1.832s] -- Up-to-date: /home/student/sjowmm_ws/install/nav_2d_msgs/share/ament_index/resource_index/package_run_dependencies/nav_2d_msgs
[1.832s] -- Up-to-date: /home/student/sjowmm_ws/install/nav_2d_msgs/share/ament_index/resource_index/parent_prefix_path/nav_2d_msgs
[1.832s] -- Up-to-date: /home/student/sjowmm_ws/install/nav_2d_msgs/share/nav_2d_msgs/environment/ament_prefix_path.sh
[1.832s] -- Up-to-date: /home/student/sjowmm_ws/install/nav_2d_msgs/share/nav_2d_msgs/environment/ament_prefix_path.dsv
[1.833s] -- Up-to-date: /home/student/sjowmm_ws/install/nav_2d_msgs/share/nav_2d_msgs/environment/path.sh
[1.833s] -- Up-to-date: /home/student/sjowmm_ws/install/nav_2d_msgs/share/nav_2d_msgs/environment/path.dsv
[1.833s] -- Up-to-date: /home/student/sjowmm_ws/install/nav_2d_msgs/share/nav_2d_msgs/local_setup.bash
[1.833s] -- Up-to-date: /home/student/sjowmm_ws/install/nav_2d_msgs/share/nav_2d_msgs/local_setup.sh
[1.833s] -- Up-to-date: /home/student/sjowmm_ws/install/nav_2d_msgs/share/nav_2d_msgs/local_setup.zsh
[1.833s] -- Up-to-date: /home/student/sjowmm_ws/install/nav_2d_msgs/share/nav_2d_msgs/local_setup.dsv
[1.834s] -- Installing: /home/student/sjowmm_ws/install/nav_2d_msgs/share/nav_2d_msgs/package.dsv
[1.834s] -- Up-to-date: /home/student/sjowmm_ws/install/nav_2d_msgs/share/ament_index/resource_index/packages/nav_2d_msgs
[1.834s] -- Up-to-date: /home/student/sjowmm_ws/install/nav_2d_msgs/share/nav_2d_msgs/cmake/nav_2d_msgs__rosidl_generator_cExport.cmake
[1.834s] -- Up-to-date: /home/student/sjowmm_ws/install/nav_2d_msgs/share/nav_2d_msgs/cmake/nav_2d_msgs__rosidl_generator_cExport-noconfig.cmake
[1.834s] -- Up-to-date: /home/student/sjowmm_ws/install/nav_2d_msgs/share/nav_2d_msgs/cmake/nav_2d_msgs__rosidl_typesupport_introspection_cExport.cmake
[1.834s] -- Up-to-date: /home/student/sjowmm_ws/install/nav_2d_msgs/share/nav_2d_msgs/cmake/nav_2d_msgs__rosidl_typesupport_introspection_cExport-noconfig.cmake
[1.834s] -- Up-to-date: /home/student/sjowmm_ws/install/nav_2d_msgs/share/nav_2d_msgs/cmake/nav_2d_msgs__rosidl_typesupport_cExport.cmake
[1.835s] -- Up-to-date: /home/student/sjowmm_ws/install/nav_2d_msgs/share/nav_2d_msgs/cmake/nav_2d_msgs__rosidl_typesupport_cExport-noconfig.cmake
[1.835s] -- Up-to-date: /home/student/sjowmm_ws/install/nav_2d_msgs/share/nav_2d_msgs/cmake/nav_2d_msgs__rosidl_generator_cppExport.cmake
[1.835s] -- Up-to-date: /home/student/sjowmm_ws/install/nav_2d_msgs/share/nav_2d_msgs/cmake/nav_2d_msgs__rosidl_typesupport_introspection_cppExport.cmake
[1.835s] -- Up-to-date: /home/student/sjowmm_ws/install/nav_2d_msgs/share/nav_2d_msgs/cmake/nav_2d_msgs__rosidl_typesupport_introspection_cppExport-noconfig.cmake
[1.835s] -- Up-to-date: /home/student/sjowmm_ws/install/nav_2d_msgs/share/nav_2d_msgs/cmake/nav_2d_msgs__rosidl_typesupport_cppExport.cmake
[1.835s] -- Up-to-date: /home/student/sjowmm_ws/install/nav_2d_msgs/share/nav_2d_msgs/cmake/nav_2d_msgs__rosidl_typesupport_cppExport-noconfig.cmake
[1.835s] -- Up-to-date: /home/student/sjowmm_ws/install/nav_2d_msgs/share/nav_2d_msgs/cmake/rosidl_cmake-extras.cmake
[1.836s] -- Up-to-date: /home/student/sjowmm_ws/install/nav_2d_msgs/share/nav_2d_msgs/cmake/ament_cmake_export_dependencies-extras.cmake
[1.836s] -- Up-to-date: /home/student/sjowmm_ws/install/nav_2d_msgs/share/nav_2d_msgs/cmake/ament_cmake_export_libraries-extras.cmake
[1.836s] -- Up-to-date: /home/student/sjowmm_ws/install/nav_2d_msgs/share/nav_2d_msgs/cmake/ament_cmake_export_targets-extras.cmake
[1.836s] -- Up-to-date: /home/student/sjowmm_ws/install/nav_2d_msgs/share/nav_2d_msgs/cmake/ament_cmake_export_include_directories-extras.cmake
[1.836s] -- Up-to-date: /home/student/sjowmm_ws/install/nav_2d_msgs/share/nav_2d_msgs/cmake/rosidl_cmake_export_typesupport_libraries-extras.cmake
[1.836s] -- Up-to-date: /home/student/sjowmm_ws/install/nav_2d_msgs/share/nav_2d_msgs/cmake/rosidl_cmake_export_typesupport_targets-extras.cmake
[1.837s] -- Up-to-date: /home/student/sjowmm_ws/install/nav_2d_msgs/share/nav_2d_msgs/cmake/nav_2d_msgsConfig.cmake
[1.837s] -- Up-to-date: /home/student/sjowmm_ws/install/nav_2d_msgs/share/nav_2d_msgs/cmake/nav_2d_msgsConfig-version.cmake
[1.837s] -- Up-to-date: /home/student/sjowmm_ws/install/nav_2d_msgs/share/nav_2d_msgs/package.xml
[2.140s] Invoked command in '/home/student/sjowmm_ws/build/nav_2d_msgs' returned '0': CMAKE_PREFIX_PATH=${CMAKE_PREFIX_PATH}:/home/student/sjowmm_ws/install/turtlebot3_teleop:/home/student/sjowmm_ws/install/turtlebot3_example:/home/student/sjowmm_ws/install/simulation:/home/student/sjowmm_ws/install/path_projection:/home/student/sjowmm_ws/install/nav2_gazebo_spawner:/home/student/sjowmm_ws/install/green_turtle:/home/student/sjowmm_ws/install/dede:/opt/ros/foxy /usr/bin/cmake --install /home/student/sjowmm_ws/build/nav_2d_msgs
