[0.014s] Invoking command in '/home/student/sjowmm_ws/build/turtlebot3_bringup': AMENT_PREFIX_PATH=/home/student/sjowmm_ws/install/turtlebot3_node:/home/student/sjowmm_ws/install/turtlebot3_description:${AMENT_PREFIX_PATH} CMAKE_PREFIX_PATH=/home/student/sjowmm_ws/install/turtlebot3_node:/home/student/sjowmm_ws/install/turtlebot3_description:/opt/ros/foxy /usr/bin/cmake /home/student/sjowmm_ws/src/turtlebot3/turtlebot3_bringup -DCMAKE_INSTALL_PREFIX=/home/student/sjowmm_ws/install/turtlebot3_bringup
[0.071s] -- The C compiler identification is GNU 9.4.0
[0.128s] -- The CXX compiler identification is GNU 9.4.0
[0.135s] -- Check for working C compiler: /usr/bin/cc
[0.229s] -- Check for working C compiler: /usr/bin/cc -- works
[0.230s] -- Detecting C compiler ABI info
[0.308s] -- Detecting C compiler ABI info - done
[0.320s] -- Detecting C compile features
[0.320s] -- Detecting C compile features - done
[0.323s] -- Check for working CXX compiler: /usr/bin/c++
[0.393s] -- Check for working CXX compiler: /usr/bin/c++ -- works
[0.394s] -- Detecting CXX compiler ABI info
[0.462s] -- Detecting CXX compiler ABI info - done
[0.473s] -- Detecting CXX compile features
[0.474s] -- Detecting CXX compile features - done
[0.476s] -- Found ament_cmake: 0.9.8 (/opt/ros/foxy/share/ament_cmake/cmake)
[0.498s] -- Found PythonInterp: /usr/bin/python3 (found suitable version "3.8.10", minimum required is "3") 
[0.498s] -- Using PYTHON_EXECUTABLE: /usr/bin/python3
[0.747s] -- Configuring done
[0.748s] -- Generating done
[0.749s] -- Build files have been written to: /home/student/sjowmm_ws/build/turtlebot3_bringup
[0.752s] Invoked command in '/home/student/sjowmm_ws/build/turtlebot3_bringup' returned '0': AMENT_PREFIX_PATH=/home/student/sjowmm_ws/install/turtlebot3_node:/home/student/sjowmm_ws/install/turtlebot3_description:${AMENT_PREFIX_PATH} CMAKE_PREFIX_PATH=/home/student/sjowmm_ws/install/turtlebot3_node:/home/student/sjowmm_ws/install/turtlebot3_description:/opt/ros/foxy /usr/bin/cmake /home/student/sjowmm_ws/src/turtlebot3/turtlebot3_bringup -DCMAKE_INSTALL_PREFIX=/home/student/sjowmm_ws/install/turtlebot3_bringup
[0.755s] Invoking command in '/home/student/sjowmm_ws/build/turtlebot3_bringup': AMENT_PREFIX_PATH=/home/student/sjowmm_ws/install/turtlebot3_node:/home/student/sjowmm_ws/install/turtlebot3_description:${AMENT_PREFIX_PATH} CMAKE_PREFIX_PATH=/home/student/sjowmm_ws/install/turtlebot3_node:/home/student/sjowmm_ws/install/turtlebot3_description:/opt/ros/foxy /usr/bin/cmake --build /home/student/sjowmm_ws/build/turtlebot3_bringup -- -j12 -l12
[0.787s] Invoked command in '/home/student/sjowmm_ws/build/turtlebot3_bringup' returned '0': AMENT_PREFIX_PATH=/home/student/sjowmm_ws/install/turtlebot3_node:/home/student/sjowmm_ws/install/turtlebot3_description:${AMENT_PREFIX_PATH} CMAKE_PREFIX_PATH=/home/student/sjowmm_ws/install/turtlebot3_node:/home/student/sjowmm_ws/install/turtlebot3_description:/opt/ros/foxy /usr/bin/cmake --build /home/student/sjowmm_ws/build/turtlebot3_bringup -- -j12 -l12
[0.806s] Invoking command in '/home/student/sjowmm_ws/build/turtlebot3_bringup': AMENT_PREFIX_PATH=/home/student/sjowmm_ws/install/turtlebot3_node:/home/student/sjowmm_ws/install/turtlebot3_description:${AMENT_PREFIX_PATH} CMAKE_PREFIX_PATH=/home/student/sjowmm_ws/install/turtlebot3_node:/home/student/sjowmm_ws/install/turtlebot3_description:/opt/ros/foxy /usr/bin/cmake --install /home/student/sjowmm_ws/build/turtlebot3_bringup
[0.814s] -- Install configuration: ""
[0.814s] -- Installing: /home/student/sjowmm_ws/install/turtlebot3_bringup/share/turtlebot3_bringup/launch
[0.814s] -- Installing: /home/student/sjowmm_ws/install/turtlebot3_bringup/share/turtlebot3_bringup/launch/rviz2.launch.py
[0.814s] -- Installing: /home/student/sjowmm_ws/install/turtlebot3_bringup/share/turtlebot3_bringup/launch/turtlebot3_state_publisher.launch.py
[0.814s] -- Installing: /home/student/sjowmm_ws/install/turtlebot3_bringup/share/turtlebot3_bringup/launch/robot.launch.py
[0.814s] -- Installing: /home/student/sjowmm_ws/install/turtlebot3_bringup/share/turtlebot3_bringup/param
[0.814s] -- Installing: /home/student/sjowmm_ws/install/turtlebot3_bringup/share/turtlebot3_bringup/param/waffle.yaml
[0.814s] -- Installing: /home/student/sjowmm_ws/install/turtlebot3_bringup/share/turtlebot3_bringup/param/waffle_pi.yaml
[0.814s] -- Installing: /home/student/sjowmm_ws/install/turtlebot3_bringup/share/turtlebot3_bringup/param/burger.yaml
[0.814s] -- Installing: /home/student/sjowmm_ws/install/turtlebot3_bringup/share/turtlebot3_bringup/script
[0.814s] -- Installing: /home/student/sjowmm_ws/install/turtlebot3_bringup/share/turtlebot3_bringup/script/99-turtlebot3-cdc.rules
[0.815s] -- Installing: /home/student/sjowmm_ws/install/turtlebot3_bringup/share/turtlebot3_bringup/script/create_udev_rules
[0.815s] -- Installing: /home/student/sjowmm_ws/install/turtlebot3_bringup/share/ament_index/resource_index/package_run_dependencies/turtlebot3_bringup
[0.815s] -- Installing: /home/student/sjowmm_ws/install/turtlebot3_bringup/share/ament_index/resource_index/parent_prefix_path/turtlebot3_bringup
[0.815s] -- Installing: /home/student/sjowmm_ws/install/turtlebot3_bringup/share/turtlebot3_bringup/environment/ament_prefix_path.sh
[0.815s] -- Installing: /home/student/sjowmm_ws/install/turtlebot3_bringup/share/turtlebot3_bringup/environment/ament_prefix_path.dsv
[0.815s] -- Installing: /home/student/sjowmm_ws/install/turtlebot3_bringup/share/turtlebot3_bringup/environment/path.sh
[0.815s] -- Installing: /home/student/sjowmm_ws/install/turtlebot3_bringup/share/turtlebot3_bringup/environment/path.dsv
[0.815s] -- Installing: /home/student/sjowmm_ws/install/turtlebot3_bringup/share/turtlebot3_bringup/local_setup.bash
[0.815s] -- Installing: /home/student/sjowmm_ws/install/turtlebot3_bringup/share/turtlebot3_bringup/local_setup.sh
[0.815s] -- Installing: /home/student/sjowmm_ws/install/turtlebot3_bringup/share/turtlebot3_bringup/local_setup.zsh
[0.815s] -- Installing: /home/student/sjowmm_ws/install/turtlebot3_bringup/share/turtlebot3_bringup/local_setup.dsv
[0.815s] -- Installing: /home/student/sjowmm_ws/install/turtlebot3_bringup/share/turtlebot3_bringup/package.dsv
[0.815s] -- Installing: /home/student/sjowmm_ws/install/turtlebot3_bringup/share/ament_index/resource_index/packages/turtlebot3_bringup
[0.816s] -- Installing: /home/student/sjowmm_ws/install/turtlebot3_bringup/share/turtlebot3_bringup/cmake/turtlebot3_bringupConfig.cmake
[0.816s] -- Installing: /home/student/sjowmm_ws/install/turtlebot3_bringup/share/turtlebot3_bringup/cmake/turtlebot3_bringupConfig-version.cmake
[0.816s] -- Installing: /home/student/sjowmm_ws/install/turtlebot3_bringup/share/turtlebot3_bringup/package.xml
[0.818s] Invoked command in '/home/student/sjowmm_ws/build/turtlebot3_bringup' returned '0': AMENT_PREFIX_PATH=/home/student/sjowmm_ws/install/turtlebot3_node:/home/student/sjowmm_ws/install/turtlebot3_description:${AMENT_PREFIX_PATH} CMAKE_PREFIX_PATH=/home/student/sjowmm_ws/install/turtlebot3_node:/home/student/sjowmm_ws/install/turtlebot3_description:/opt/ros/foxy /usr/bin/cmake --install /home/student/sjowmm_ws/build/turtlebot3_bringup
