[0.468s] Invoking command in '/home/student/sjowmm_ws/src/simulation': PYTHONPATH=/home/student/sjowmm_ws/install/simulation/lib/python3.8/site-packages:${PYTHONPATH} /usr/bin/python3 setup.py egg_info --egg-base ../../build/simulation build --build-base /home/student/sjowmm_ws/build/simulation/build install --prefix /home/student/sjowmm_ws/install/simulation --record /home/student/sjowmm_ws/build/simulation/install.log --single-version-externally-managed
[0.719s] running egg_info
[0.720s] writing ../../build/simulation/simulation.egg-info/PKG-INFO
[0.720s] writing dependency_links to ../../build/simulation/simulation.egg-info/dependency_links.txt
[0.720s] writing entry points to ../../build/simulation/simulation.egg-info/entry_points.txt
[0.720s] writing requirements to ../../build/simulation/simulation.egg-info/requires.txt
[0.720s] writing top-level names to ../../build/simulation/simulation.egg-info/top_level.txt
[0.759s] reading manifest file '../../build/simulation/simulation.egg-info/SOURCES.txt'
[0.759s] writing manifest file '../../build/simulation/simulation.egg-info/SOURCES.txt'
[0.760s] running build
[0.760s] running build_py
[0.760s] running install
[0.761s] running install_lib
[0.762s] running install_data
[0.763s] running install_egg_info
[0.764s] removing '/home/student/sjowmm_ws/install/simulation/lib/python3.8/site-packages/simulation-0.0.0-py3.8.egg-info' (and everything under it)
[0.764s] Copying ../../build/simulation/simulation.egg-info to /home/student/sjowmm_ws/install/simulation/lib/python3.8/site-packages/simulation-0.0.0-py3.8.egg-info
[0.765s] running install_scripts
[0.780s] Installing readMapData script to /home/student/sjowmm_ws/install/simulation/lib/simulation
[0.781s] Installing spawn_robot_srv script to /home/student/sjowmm_ws/install/simulation/lib/simulation
[0.781s] writing list of installed files to '/home/student/sjowmm_ws/build/simulation/install.log'
[0.801s] Invoked command in '/home/student/sjowmm_ws/src/simulation' returned '0': PYTHONPATH=/home/student/sjowmm_ws/install/simulation/lib/python3.8/site-packages:${PYTHONPATH} /usr/bin/python3 setup.py egg_info --egg-base ../../build/simulation build --build-base /home/student/sjowmm_ws/build/simulation/build install --prefix /home/student/sjowmm_ws/install/simulation --record /home/student/sjowmm_ws/build/simulation/install.log --single-version-externally-managed
