[0.095s] Invoking command in '/home/student/sjowmm_ws/build/turtlebot3_node': CMAKE_PREFIX_PATH=/opt/ros/foxy /usr/bin/cmake --build /home/student/sjowmm_ws/build/turtlebot3_node -- -j12 -l12
[1.468s] [ 85%] Built target turtlebot3_node_lib
[1.468s] [100%] Built target turtlebot3_ros
[1.473s] Invoked command in '/home/student/sjowmm_ws/build/turtlebot3_node' returned '0': CMAKE_PREFIX_PATH=/opt/ros/foxy /usr/bin/cmake --build /home/student/sjowmm_ws/build/turtlebot3_node -- -j12 -l12
[1.537s] Invoking command in '/home/student/sjowmm_ws/build/turtlebot3_node': CMAKE_PREFIX_PATH=/opt/ros/foxy /usr/bin/cmake --install /home/student/sjowmm_ws/build/turtlebot3_node
[1.569s] -- Install configuration: ""
[1.569s] -- Up-to-date: /home/student/sjowmm_ws/install/turtlebot3_node/share/turtlebot3_node/param
[1.569s] -- Up-to-date: /home/student/sjowmm_ws/install/turtlebot3_node/share/turtlebot3_node/param/waffle.yaml
[1.570s] -- Up-to-date: /home/student/sjowmm_ws/install/turtlebot3_node/share/turtlebot3_node/param/waffle_pi.yaml
[1.570s] -- Up-to-date: /home/student/sjowmm_ws/install/turtlebot3_node/share/turtlebot3_node/param/burger.yaml
[1.570s] -- Up-to-date: /home/student/sjowmm_ws/install/turtlebot3_node/lib/turtlebot3_node/turtlebot3_ros
[1.570s] -- Up-to-date: /home/student/sjowmm_ws/install/turtlebot3_node/share/ament_index/resource_index/package_run_dependencies/turtlebot3_node
[1.570s] -- Up-to-date: /home/student/sjowmm_ws/install/turtlebot3_node/share/ament_index/resource_index/parent_prefix_path/turtlebot3_node
[1.570s] -- Up-to-date: /home/student/sjowmm_ws/install/turtlebot3_node/share/turtlebot3_node/environment/ament_prefix_path.sh
[1.571s] -- Up-to-date: /home/student/sjowmm_ws/install/turtlebot3_node/share/turtlebot3_node/environment/ament_prefix_path.dsv
[1.571s] -- Up-to-date: /home/student/sjowmm_ws/install/turtlebot3_node/share/turtlebot3_node/environment/path.sh
[1.571s] -- Up-to-date: /home/student/sjowmm_ws/install/turtlebot3_node/share/turtlebot3_node/environment/path.dsv
[1.571s] -- Up-to-date: /home/student/sjowmm_ws/install/turtlebot3_node/share/turtlebot3_node/local_setup.bash
[1.571s] -- Up-to-date: /home/student/sjowmm_ws/install/turtlebot3_node/share/turtlebot3_node/local_setup.sh
[1.571s] -- Up-to-date: /home/student/sjowmm_ws/install/turtlebot3_node/share/turtlebot3_node/local_setup.zsh
[1.571s] -- Up-to-date: /home/student/sjowmm_ws/install/turtlebot3_node/share/turtlebot3_node/local_setup.dsv
[1.571s] -- Installing: /home/student/sjowmm_ws/install/turtlebot3_node/share/turtlebot3_node/package.dsv
[1.572s] -- Up-to-date: /home/student/sjowmm_ws/install/turtlebot3_node/share/ament_index/resource_index/packages/turtlebot3_node
[1.572s] -- Up-to-date: /home/student/sjowmm_ws/install/turtlebot3_node/share/turtlebot3_node/cmake/ament_cmake_export_include_directories-extras.cmake
[1.572s] -- Up-to-date: /home/student/sjowmm_ws/install/turtlebot3_node/share/turtlebot3_node/cmake/turtlebot3_nodeConfig.cmake
[1.572s] -- Up-to-date: /home/student/sjowmm_ws/install/turtlebot3_node/share/turtlebot3_node/cmake/turtlebot3_nodeConfig-version.cmake
[1.572s] -- Up-to-date: /home/student/sjowmm_ws/install/turtlebot3_node/share/turtlebot3_node/package.xml
[1.605s] Invoked command in '/home/student/sjowmm_ws/build/turtlebot3_node' returned '0': CMAKE_PREFIX_PATH=/opt/ros/foxy /usr/bin/cmake --install /home/student/sjowmm_ws/build/turtlebot3_node
