[0.053s] Invoking command in '/home/student/sjowmm_ws/build/nav2_recoveries': AMENT_PREFIX_PATH=/home/student/sjowmm_ws/install/nav2_core:/home/student/sjowmm_ws/install/nav2_costmap_2d:/home/student/sjowmm_ws/install/nav2_behavior_tree:/home/student/sjowmm_ws/install/nav2_util:/home/student/sjowmm_ws/install/nav2_voxel_grid:/home/student/sjowmm_ws/install/nav2_msgs:/home/student/sjowmm_ws/install/nav2_common:${AMENT_PREFIX_PATH} CMAKE_PREFIX_PATH=/home/student/sjowmm_ws/install/nav2_core:/home/student/sjowmm_ws/install/nav2_costmap_2d:/home/student/sjowmm_ws/install/nav2_behavior_tree:/home/student/sjowmm_ws/install/nav2_util:/home/student/sjowmm_ws/install/nav2_voxel_grid:/home/student/sjowmm_ws/install/nav2_msgs:/home/student/sjowmm_ws/install/nav2_common:/opt/ros/foxy LD_LIBRARY_PATH=/home/student/sjowmm_ws/install/nav2_costmap_2d/lib:/home/student/sjowmm_ws/install/nav2_behavior_tree/lib:/home/student/sjowmm_ws/install/nav2_util/lib:/home/student/sjowmm_ws/install/nav2_voxel_grid/lib:/home/student/sjowmm_ws/install/nav2_msgs/lib:${LD_LIBRARY_PATH} PYTHONPATH=/home/student/sjowmm_ws/install/nav2_msgs/lib/python3.8/site-packages:/home/student/sjowmm_ws/install/nav2_common/lib/python3.8/site-packages:${PYTHONPATH} /usr/bin/cmake --build /home/student/sjowmm_ws/build/nav2_recoveries -- -j12 -l12
[0.141s] [ 12%] Built target gtest
[0.157s] [ 25%] Built target recoveries_server_core
[0.165s] [ 37%] Built target gtest_main
[0.177s] [ 50%] Built target nav2_spin_recovery
[0.182s] [ 62%] Built target nav2_backup_recovery
[0.197s] [ 75%] Built target nav2_wait_recovery
[0.224s] [ 87%] Built target test_recoveries
[0.224s] [100%] Built target recoveries_server
[0.257s] Invoked command in '/home/student/sjowmm_ws/build/nav2_recoveries' returned '0': AMENT_PREFIX_PATH=/home/student/sjowmm_ws/install/nav2_core:/home/student/sjowmm_ws/install/nav2_costmap_2d:/home/student/sjowmm_ws/install/nav2_behavior_tree:/home/student/sjowmm_ws/install/nav2_util:/home/student/sjowmm_ws/install/nav2_voxel_grid:/home/student/sjowmm_ws/install/nav2_msgs:/home/student/sjowmm_ws/install/nav2_common:${AMENT_PREFIX_PATH} CMAKE_PREFIX_PATH=/home/student/sjowmm_ws/install/nav2_core:/home/student/sjowmm_ws/install/nav2_costmap_2d:/home/student/sjowmm_ws/install/nav2_behavior_tree:/home/student/sjowmm_ws/install/nav2_util:/home/student/sjowmm_ws/install/nav2_voxel_grid:/home/student/sjowmm_ws/install/nav2_msgs:/home/student/sjowmm_ws/install/nav2_common:/opt/ros/foxy LD_LIBRARY_PATH=/home/student/sjowmm_ws/install/nav2_costmap_2d/lib:/home/student/sjowmm_ws/install/nav2_behavior_tree/lib:/home/student/sjowmm_ws/install/nav2_util/lib:/home/student/sjowmm_ws/install/nav2_voxel_grid/lib:/home/student/sjowmm_ws/install/nav2_msgs/lib:${LD_LIBRARY_PATH} PYTHONPATH=/home/student/sjowmm_ws/install/nav2_msgs/lib/python3.8/site-packages:/home/student/sjowmm_ws/install/nav2_common/lib/python3.8/site-packages:${PYTHONPATH} /usr/bin/cmake --build /home/student/sjowmm_ws/build/nav2_recoveries -- -j12 -l12
[0.318s] Invoking command in '/home/student/sjowmm_ws/build/nav2_recoveries': AMENT_PREFIX_PATH=/home/student/sjowmm_ws/install/nav2_core:/home/student/sjowmm_ws/install/nav2_costmap_2d:/home/student/sjowmm_ws/install/nav2_behavior_tree:/home/student/sjowmm_ws/install/nav2_util:/home/student/sjowmm_ws/install/nav2_voxel_grid:/home/student/sjowmm_ws/install/nav2_msgs:/home/student/sjowmm_ws/install/nav2_common:${AMENT_PREFIX_PATH} CMAKE_PREFIX_PATH=/home/student/sjowmm_ws/install/nav2_core:/home/student/sjowmm_ws/install/nav2_costmap_2d:/home/student/sjowmm_ws/install/nav2_behavior_tree:/home/student/sjowmm_ws/install/nav2_util:/home/student/sjowmm_ws/install/nav2_voxel_grid:/home/student/sjowmm_ws/install/nav2_msgs:/home/student/sjowmm_ws/install/nav2_common:/opt/ros/foxy LD_LIBRARY_PATH=/home/student/sjowmm_ws/install/nav2_costmap_2d/lib:/home/student/sjowmm_ws/install/nav2_behavior_tree/lib:/home/student/sjowmm_ws/install/nav2_util/lib:/home/student/sjowmm_ws/install/nav2_voxel_grid/lib:/home/student/sjowmm_ws/install/nav2_msgs/lib:${LD_LIBRARY_PATH} PYTHONPATH=/home/student/sjowmm_ws/install/nav2_msgs/lib/python3.8/site-packages:/home/student/sjowmm_ws/install/nav2_common/lib/python3.8/site-packages:${PYTHONPATH} /usr/bin/cmake --install /home/student/sjowmm_ws/build/nav2_recoveries
[0.326s] -- Install configuration: "Release"
[0.327s] -- Up-to-date: /home/student/sjowmm_ws/install/nav2_recoveries/share/nav2_recoveries/recovery_plugin.xml
[0.327s] -- Up-to-date: /home/student/sjowmm_ws/install/nav2_recoveries/lib/librecoveries_server_core.a
[0.330s] -- Up-to-date: /home/student/sjowmm_ws/install/nav2_recoveries/lib/libnav2_backup_recovery.so
[0.334s] -- Up-to-date: /home/student/sjowmm_ws/install/nav2_recoveries/lib/libnav2_spin_recovery.so
[0.334s] -- Up-to-date: /home/student/sjowmm_ws/install/nav2_recoveries/lib/libnav2_wait_recovery.so
[0.337s] -- Up-to-date: /home/student/sjowmm_ws/install/nav2_recoveries/lib/nav2_recoveries/recoveries_server
[0.337s] -- Up-to-date: /home/student/sjowmm_ws/install/nav2_recoveries/include/
[0.337s] -- Up-to-date: /home/student/sjowmm_ws/install/nav2_recoveries/include//nav2_recoveries
[0.338s] -- Up-to-date: /home/student/sjowmm_ws/install/nav2_recoveries/include//nav2_recoveries/recovery_server.hpp
[0.338s] -- Up-to-date: /home/student/sjowmm_ws/install/nav2_recoveries/include//nav2_recoveries/recovery.hpp
[0.338s] -- Up-to-date: /home/student/sjowmm_ws/install/nav2_recoveries/share/nav2_recoveries/recovery_plugin.xml
[0.338s] -- Up-to-date: /home/student/sjowmm_ws/install/nav2_recoveries/share/nav2_recoveries/environment/library_path.sh
[0.339s] -- Up-to-date: /home/student/sjowmm_ws/install/nav2_recoveries/share/nav2_recoveries/environment/library_path.dsv
[0.340s] -- Up-to-date: /home/student/sjowmm_ws/install/nav2_recoveries/share/ament_index/resource_index/package_run_dependencies/nav2_recoveries
[0.340s] -- Up-to-date: /home/student/sjowmm_ws/install/nav2_recoveries/share/ament_index/resource_index/parent_prefix_path/nav2_recoveries
[0.340s] -- Up-to-date: /home/student/sjowmm_ws/install/nav2_recoveries/share/nav2_recoveries/environment/ament_prefix_path.sh
[0.340s] -- Up-to-date: /home/student/sjowmm_ws/install/nav2_recoveries/share/nav2_recoveries/environment/ament_prefix_path.dsv
[0.340s] -- Up-to-date: /home/student/sjowmm_ws/install/nav2_recoveries/share/nav2_recoveries/environment/path.sh
[0.340s] -- Up-to-date: /home/student/sjowmm_ws/install/nav2_recoveries/share/nav2_recoveries/environment/path.dsv
[0.340s] -- Up-to-date: /home/student/sjowmm_ws/install/nav2_recoveries/share/nav2_recoveries/local_setup.bash
[0.340s] -- Up-to-date: /home/student/sjowmm_ws/install/nav2_recoveries/share/nav2_recoveries/local_setup.sh
[0.341s] -- Up-to-date: /home/student/sjowmm_ws/install/nav2_recoveries/share/nav2_recoveries/local_setup.zsh
[0.341s] -- Up-to-date: /home/student/sjowmm_ws/install/nav2_recoveries/share/nav2_recoveries/local_setup.dsv
[0.341s] -- Installing: /home/student/sjowmm_ws/install/nav2_recoveries/share/nav2_recoveries/package.dsv
[0.341s] -- Up-to-date: /home/student/sjowmm_ws/install/nav2_recoveries/share/ament_index/resource_index/packages/nav2_recoveries
[0.342s] -- Up-to-date: /home/student/sjowmm_ws/install/nav2_recoveries/share/ament_index/resource_index/nav2_core__pluginlib__plugin/nav2_recoveries
[0.342s] -- Up-to-date: /home/student/sjowmm_ws/install/nav2_recoveries/share/nav2_recoveries/cmake/ament_cmake_export_include_directories-extras.cmake
[0.342s] -- Up-to-date: /home/student/sjowmm_ws/install/nav2_recoveries/share/nav2_recoveries/cmake/ament_cmake_export_libraries-extras.cmake
[0.344s] -- Up-to-date: /home/student/sjowmm_ws/install/nav2_recoveries/share/nav2_recoveries/cmake/ament_cmake_export_definitions-extras.cmake
[0.344s] -- Up-to-date: /home/student/sjowmm_ws/install/nav2_recoveries/share/nav2_recoveries/cmake/nav2_recoveriesConfig.cmake
[0.344s] -- Up-to-date: /home/student/sjowmm_ws/install/nav2_recoveries/share/nav2_recoveries/cmake/nav2_recoveriesConfig-version.cmake
[0.344s] -- Up-to-date: /home/student/sjowmm_ws/install/nav2_recoveries/share/nav2_recoveries/package.xml
[0.381s] Invoked command in '/home/student/sjowmm_ws/build/nav2_recoveries' returned '0': AMENT_PREFIX_PATH=/home/student/sjowmm_ws/install/nav2_core:/home/student/sjowmm_ws/install/nav2_costmap_2d:/home/student/sjowmm_ws/install/nav2_behavior_tree:/home/student/sjowmm_ws/install/nav2_util:/home/student/sjowmm_ws/install/nav2_voxel_grid:/home/student/sjowmm_ws/install/nav2_msgs:/home/student/sjowmm_ws/install/nav2_common:${AMENT_PREFIX_PATH} CMAKE_PREFIX_PATH=/home/student/sjowmm_ws/install/nav2_core:/home/student/sjowmm_ws/install/nav2_costmap_2d:/home/student/sjowmm_ws/install/nav2_behavior_tree:/home/student/sjowmm_ws/install/nav2_util:/home/student/sjowmm_ws/install/nav2_voxel_grid:/home/student/sjowmm_ws/install/nav2_msgs:/home/student/sjowmm_ws/install/nav2_common:/opt/ros/foxy LD_LIBRARY_PATH=/home/student/sjowmm_ws/install/nav2_costmap_2d/lib:/home/student/sjowmm_ws/install/nav2_behavior_tree/lib:/home/student/sjowmm_ws/install/nav2_util/lib:/home/student/sjowmm_ws/install/nav2_voxel_grid/lib:/home/student/sjowmm_ws/install/nav2_msgs/lib:${LD_LIBRARY_PATH} PYTHONPATH=/home/student/sjowmm_ws/install/nav2_msgs/lib/python3.8/site-packages:/home/student/sjowmm_ws/install/nav2_common/lib/python3.8/site-packages:${PYTHONPATH} /usr/bin/cmake --install /home/student/sjowmm_ws/build/nav2_recoveries
