[1.040s] Invoking command in '/home/student/sjowmm_ws/src/navigation2/nav2_bringup/nav2_gazebo_spawner': PYTHONPATH=/home/student/sjowmm_ws/install/nav2_gazebo_spawner/lib/python3.8/site-packages:${PYTHONPATH} /usr/bin/python3 setup.py egg_info --egg-base ../../../../build/nav2_gazebo_spawner build --build-base /home/student/sjowmm_ws/build/nav2_gazebo_spawner/build install --prefix /home/student/sjowmm_ws/install/nav2_gazebo_spawner --record /home/student/sjowmm_ws/build/nav2_gazebo_spawner/install.log --single-version-externally-managed
[1.432s] running egg_info
[1.434s] creating ../../../../build/nav2_gazebo_spawner/nav2_gazebo_spawner.egg-info
[1.435s] writing ../../../../build/nav2_gazebo_spawner/nav2_gazebo_spawner.egg-info/PKG-INFO
[1.435s] writing dependency_links to ../../../../build/nav2_gazebo_spawner/nav2_gazebo_spawner.egg-info/dependency_links.txt
[1.435s] writing entry points to ../../../../build/nav2_gazebo_spawner/nav2_gazebo_spawner.egg-info/entry_points.txt
[1.435s] writing requirements to ../../../../build/nav2_gazebo_spawner/nav2_gazebo_spawner.egg-info/requires.txt
[1.435s] writing top-level names to ../../../../build/nav2_gazebo_spawner/nav2_gazebo_spawner.egg-info/top_level.txt
[1.437s] writing manifest file '../../../../build/nav2_gazebo_spawner/nav2_gazebo_spawner.egg-info/SOURCES.txt'
[1.495s] reading manifest file '../../../../build/nav2_gazebo_spawner/nav2_gazebo_spawner.egg-info/SOURCES.txt'
[1.497s] writing manifest file '../../../../build/nav2_gazebo_spawner/nav2_gazebo_spawner.egg-info/SOURCES.txt'
[1.498s] running build
[1.498s] running build_py
[1.499s] creating /home/student/sjowmm_ws/build/nav2_gazebo_spawner/build
[1.499s] creating /home/student/sjowmm_ws/build/nav2_gazebo_spawner/build/lib
[1.499s] creating /home/student/sjowmm_ws/build/nav2_gazebo_spawner/build/lib/nav2_gazebo_spawner
[1.499s] copying nav2_gazebo_spawner/nav2_gazebo_spawner.py -> /home/student/sjowmm_ws/build/nav2_gazebo_spawner/build/lib/nav2_gazebo_spawner
[1.499s] copying nav2_gazebo_spawner/__init__.py -> /home/student/sjowmm_ws/build/nav2_gazebo_spawner/build/lib/nav2_gazebo_spawner
[1.499s] running install
[1.502s] running install_lib
[1.503s] creating /home/student/sjowmm_ws/install/nav2_gazebo_spawner/lib/python3.8/site-packages/nav2_gazebo_spawner
[1.503s] copying /home/student/sjowmm_ws/build/nav2_gazebo_spawner/build/lib/nav2_gazebo_spawner/nav2_gazebo_spawner.py -> /home/student/sjowmm_ws/install/nav2_gazebo_spawner/lib/python3.8/site-packages/nav2_gazebo_spawner
[1.503s] copying /home/student/sjowmm_ws/build/nav2_gazebo_spawner/build/lib/nav2_gazebo_spawner/__init__.py -> /home/student/sjowmm_ws/install/nav2_gazebo_spawner/lib/python3.8/site-packages/nav2_gazebo_spawner
[1.504s] byte-compiling /home/student/sjowmm_ws/install/nav2_gazebo_spawner/lib/python3.8/site-packages/nav2_gazebo_spawner/nav2_gazebo_spawner.py to nav2_gazebo_spawner.cpython-38.pyc
[1.509s] byte-compiling /home/student/sjowmm_ws/install/nav2_gazebo_spawner/lib/python3.8/site-packages/nav2_gazebo_spawner/__init__.py to __init__.cpython-38.pyc
[1.509s] running install_data
[1.510s] creating /home/student/sjowmm_ws/install/nav2_gazebo_spawner/share/ament_index
[1.510s] creating /home/student/sjowmm_ws/install/nav2_gazebo_spawner/share/ament_index/resource_index
[1.510s] creating /home/student/sjowmm_ws/install/nav2_gazebo_spawner/share/ament_index/resource_index/packages
[1.510s] copying resource/nav2_gazebo_spawner -> /home/student/sjowmm_ws/install/nav2_gazebo_spawner/share/ament_index/resource_index/packages
[1.511s] copying package.xml -> /home/student/sjowmm_ws/install/nav2_gazebo_spawner/share/nav2_gazebo_spawner
[1.511s] running install_egg_info
[1.516s] Copying ../../../../build/nav2_gazebo_spawner/nav2_gazebo_spawner.egg-info to /home/student/sjowmm_ws/install/nav2_gazebo_spawner/lib/python3.8/site-packages/nav2_gazebo_spawner-0.3.0-py3.8.egg-info
[1.518s] running install_scripts
[1.563s] Installing nav2_gazebo_spawner script to /home/student/sjowmm_ws/install/nav2_gazebo_spawner/lib/nav2_gazebo_spawner
[1.564s] writing list of installed files to '/home/student/sjowmm_ws/build/nav2_gazebo_spawner/install.log'
[1.666s] Invoked command in '/home/student/sjowmm_ws/src/navigation2/nav2_bringup/nav2_gazebo_spawner' returned '0': PYTHONPATH=/home/student/sjowmm_ws/install/nav2_gazebo_spawner/lib/python3.8/site-packages:${PYTHONPATH} /usr/bin/python3 setup.py egg_info --egg-base ../../../../build/nav2_gazebo_spawner build --build-base /home/student/sjowmm_ws/build/nav2_gazebo_spawner/build install --prefix /home/student/sjowmm_ws/install/nav2_gazebo_spawner --record /home/student/sjowmm_ws/build/nav2_gazebo_spawner/install.log --single-version-externally-managed
