[1.458s] Invoking command in '/home/student/sjowmm_ws/src/path_projection': PYTHONPATH=/home/student/sjowmm_ws/install/path_projection/lib/python3.8/site-packages:${PYTHONPATH} /usr/bin/python3 setup.py egg_info --egg-base ../../build/path_projection build --build-base /home/student/sjowmm_ws/build/path_projection/build install --prefix /home/student/sjowmm_ws/install/path_projection --record /home/student/sjowmm_ws/build/path_projection/install.log --single-version-externally-managed
[1.753s] running egg_info
[1.753s] writing ../../build/path_projection/path_projection.egg-info/PKG-INFO
[1.753s] writing dependency_links to ../../build/path_projection/path_projection.egg-info/dependency_links.txt
[1.753s] writing entry points to ../../build/path_projection/path_projection.egg-info/entry_points.txt
[1.753s] writing requirements to ../../build/path_projection/path_projection.egg-info/requires.txt
[1.753s] writing top-level names to ../../build/path_projection/path_projection.egg-info/top_level.txt
[1.770s] reading manifest file '../../build/path_projection/path_projection.egg-info/SOURCES.txt'
[1.770s] writing manifest file '../../build/path_projection/path_projection.egg-info/SOURCES.txt'
[1.770s] running build
[1.771s] running build_py
[1.771s] running install
[1.772s] running install_lib
[1.774s] running install_data
[1.775s] copying worlds/critical_point1.world -> /home/student/sjowmm_ws/install/path_projection/share/path_projection/worlds
[1.775s] running install_egg_info
[1.780s] removing '/home/student/sjowmm_ws/install/path_projection/lib/python3.8/site-packages/path_projection-0.0.0-py3.8.egg-info' (and everything under it)
[1.782s] Copying ../../build/path_projection/path_projection.egg-info to /home/student/sjowmm_ws/install/path_projection/lib/python3.8/site-packages/path_projection-0.0.0-py3.8.egg-info
[1.783s] running install_scripts
[1.801s] Installing PathProjection script to /home/student/sjowmm_ws/install/path_projection/lib/path_projection
[1.801s] writing list of installed files to '/home/student/sjowmm_ws/build/path_projection/install.log'
[2.087s] Invoked command in '/home/student/sjowmm_ws/src/path_projection' returned '0': PYTHONPATH=/home/student/sjowmm_ws/install/path_projection/lib/python3.8/site-packages:${PYTHONPATH} /usr/bin/python3 setup.py egg_info --egg-base ../../build/path_projection build --build-base /home/student/sjowmm_ws/build/path_projection/build install --prefix /home/student/sjowmm_ws/install/path_projection --record /home/student/sjowmm_ws/build/path_projection/install.log --single-version-externally-managed
