[0.041s] Invoking command in '/home/student/sjowmm_ws/build/nav2_amcl': AMENT_PREFIX_PATH=/home/student/sjowmm_ws/install/nav2_util:/home/student/sjowmm_ws/install/nav2_msgs:/home/student/sjowmm_ws/install/nav2_common:${AMENT_PREFIX_PATH} CMAKE_PREFIX_PATH=/home/student/sjowmm_ws/install/nav2_util:/home/student/sjowmm_ws/install/nav2_msgs:/home/student/sjowmm_ws/install/nav2_common:/opt/ros/foxy LD_LIBRARY_PATH=/home/student/sjowmm_ws/install/nav2_util/lib:/home/student/sjowmm_ws/install/nav2_msgs/lib:${LD_LIBRARY_PATH} PYTHONPATH=/home/student/sjowmm_ws/install/nav2_msgs/lib/python3.8/site-packages:/home/student/sjowmm_ws/install/nav2_common/lib/python3.8/site-packages:${PYTHONPATH} /usr/bin/cmake --build /home/student/sjowmm_ws/build/nav2_amcl -- -j12 -l12
[0.145s] [ 23%] Built target map_lib
[0.161s] [ 50%] Built target pf_lib
[0.242s] [ 69%] Built target sensors_lib
[0.245s] [ 84%] Built target motions_lib
[0.302s] [ 92%] Built target amcl_core
[0.362s] [100%] Built target amcl
[0.394s] Invoked command in '/home/student/sjowmm_ws/build/nav2_amcl' returned '0': AMENT_PREFIX_PATH=/home/student/sjowmm_ws/install/nav2_util:/home/student/sjowmm_ws/install/nav2_msgs:/home/student/sjowmm_ws/install/nav2_common:${AMENT_PREFIX_PATH} CMAKE_PREFIX_PATH=/home/student/sjowmm_ws/install/nav2_util:/home/student/sjowmm_ws/install/nav2_msgs:/home/student/sjowmm_ws/install/nav2_common:/opt/ros/foxy LD_LIBRARY_PATH=/home/student/sjowmm_ws/install/nav2_util/lib:/home/student/sjowmm_ws/install/nav2_msgs/lib:${LD_LIBRARY_PATH} PYTHONPATH=/home/student/sjowmm_ws/install/nav2_msgs/lib/python3.8/site-packages:/home/student/sjowmm_ws/install/nav2_common/lib/python3.8/site-packages:${PYTHONPATH} /usr/bin/cmake --build /home/student/sjowmm_ws/build/nav2_amcl -- -j12 -l12
[0.450s] Invoking command in '/home/student/sjowmm_ws/build/nav2_amcl': AMENT_PREFIX_PATH=/home/student/sjowmm_ws/install/nav2_util:/home/student/sjowmm_ws/install/nav2_msgs:/home/student/sjowmm_ws/install/nav2_common:${AMENT_PREFIX_PATH} CMAKE_PREFIX_PATH=/home/student/sjowmm_ws/install/nav2_util:/home/student/sjowmm_ws/install/nav2_msgs:/home/student/sjowmm_ws/install/nav2_common:/opt/ros/foxy LD_LIBRARY_PATH=/home/student/sjowmm_ws/install/nav2_util/lib:/home/student/sjowmm_ws/install/nav2_msgs/lib:${LD_LIBRARY_PATH} PYTHONPATH=/home/student/sjowmm_ws/install/nav2_msgs/lib/python3.8/site-packages:/home/student/sjowmm_ws/install/nav2_common/lib/python3.8/site-packages:${PYTHONPATH} /usr/bin/cmake --install /home/student/sjowmm_ws/build/nav2_amcl
[0.459s] -- Install configuration: "Release"
[0.459s] -- Up-to-date: /home/student/sjowmm_ws/install/nav2_amcl/lib/libamcl_core.so
[0.459s] -- Up-to-date: /home/student/sjowmm_ws/install/nav2_amcl/lib/nav2_amcl/amcl
[0.459s] -- Up-to-date: /home/student/sjowmm_ws/install/nav2_amcl/include/
[0.459s] -- Up-to-date: /home/student/sjowmm_ws/install/nav2_amcl/include//nav2_amcl
[0.459s] -- Up-to-date: /home/student/sjowmm_ws/install/nav2_amcl/include//nav2_amcl/amcl_node.hpp
[0.459s] -- Up-to-date: /home/student/sjowmm_ws/install/nav2_amcl/include//nav2_amcl/pf
[0.459s] -- Up-to-date: /home/student/sjowmm_ws/install/nav2_amcl/include//nav2_amcl/pf/pf_vector.hpp
[0.460s] -- Up-to-date: /home/student/sjowmm_ws/install/nav2_amcl/include//nav2_amcl/pf/eig3.hpp
[0.460s] -- Up-to-date: /home/student/sjowmm_ws/install/nav2_amcl/include//nav2_amcl/pf/pf.hpp
[0.460s] -- Up-to-date: /home/student/sjowmm_ws/install/nav2_amcl/include//nav2_amcl/pf/pf_kdtree.hpp
[0.460s] -- Up-to-date: /home/student/sjowmm_ws/install/nav2_amcl/include//nav2_amcl/pf/pf_pdf.hpp
[0.460s] -- Up-to-date: /home/student/sjowmm_ws/install/nav2_amcl/include//nav2_amcl/angleutils.hpp
[0.460s] -- Up-to-date: /home/student/sjowmm_ws/install/nav2_amcl/include//nav2_amcl/sensors
[0.460s] -- Up-to-date: /home/student/sjowmm_ws/install/nav2_amcl/include//nav2_amcl/sensors/laser
[0.461s] -- Up-to-date: /home/student/sjowmm_ws/install/nav2_amcl/include//nav2_amcl/sensors/laser/laser.hpp
[0.461s] -- Up-to-date: /home/student/sjowmm_ws/install/nav2_amcl/include//nav2_amcl/map
[0.461s] -- Up-to-date: /home/student/sjowmm_ws/install/nav2_amcl/include//nav2_amcl/map/map.hpp
[0.463s] -- Up-to-date: /home/student/sjowmm_ws/install/nav2_amcl/include//nav2_amcl/motion_model
[0.463s] -- Up-to-date: /home/student/sjowmm_ws/install/nav2_amcl/include//nav2_amcl/motion_model/motion_model.hpp
[0.466s] -- Up-to-date: /home/student/sjowmm_ws/install/nav2_amcl/share/nav2_amcl/environment/library_path.sh
[0.466s] -- Up-to-date: /home/student/sjowmm_ws/install/nav2_amcl/share/nav2_amcl/environment/library_path.dsv
[0.467s] -- Up-to-date: /home/student/sjowmm_ws/install/nav2_amcl/share/ament_index/resource_index/package_run_dependencies/nav2_amcl
[0.467s] -- Up-to-date: /home/student/sjowmm_ws/install/nav2_amcl/share/ament_index/resource_index/parent_prefix_path/nav2_amcl
[0.467s] -- Up-to-date: /home/student/sjowmm_ws/install/nav2_amcl/share/nav2_amcl/environment/ament_prefix_path.sh
[0.467s] -- Up-to-date: /home/student/sjowmm_ws/install/nav2_amcl/share/nav2_amcl/environment/ament_prefix_path.dsv
[0.467s] -- Up-to-date: /home/student/sjowmm_ws/install/nav2_amcl/share/nav2_amcl/environment/path.sh
[0.467s] -- Up-to-date: /home/student/sjowmm_ws/install/nav2_amcl/share/nav2_amcl/environment/path.dsv
[0.467s] -- Up-to-date: /home/student/sjowmm_ws/install/nav2_amcl/share/nav2_amcl/local_setup.bash
[0.467s] -- Up-to-date: /home/student/sjowmm_ws/install/nav2_amcl/share/nav2_amcl/local_setup.sh
[0.467s] -- Up-to-date: /home/student/sjowmm_ws/install/nav2_amcl/share/nav2_amcl/local_setup.zsh
[0.468s] -- Up-to-date: /home/student/sjowmm_ws/install/nav2_amcl/share/nav2_amcl/local_setup.dsv
[0.468s] -- Installing: /home/student/sjowmm_ws/install/nav2_amcl/share/nav2_amcl/package.dsv
[0.468s] -- Up-to-date: /home/student/sjowmm_ws/install/nav2_amcl/share/ament_index/resource_index/packages/nav2_amcl
[0.468s] -- Up-to-date: /home/student/sjowmm_ws/install/nav2_amcl/share/nav2_amcl/cmake/ament_cmake_export_include_directories-extras.cmake
[0.468s] -- Up-to-date: /home/student/sjowmm_ws/install/nav2_amcl/share/nav2_amcl/cmake/ament_cmake_export_libraries-extras.cmake
[0.468s] -- Up-to-date: /home/student/sjowmm_ws/install/nav2_amcl/share/nav2_amcl/cmake/ament_cmake_export_dependencies-extras.cmake
[0.468s] -- Up-to-date: /home/student/sjowmm_ws/install/nav2_amcl/share/nav2_amcl/cmake/nav2_amclConfig.cmake
[0.469s] -- Up-to-date: /home/student/sjowmm_ws/install/nav2_amcl/share/nav2_amcl/cmake/nav2_amclConfig-version.cmake
[0.469s] -- Up-to-date: /home/student/sjowmm_ws/install/nav2_amcl/share/nav2_amcl/package.xml
[0.469s] -- Up-to-date: /home/student/sjowmm_ws/install/nav2_amcl/lib/libpf_lib.so
[0.469s] -- Up-to-date: /home/student/sjowmm_ws/install/nav2_amcl/lib/libmap_lib.so
[0.469s] -- Up-to-date: /home/student/sjowmm_ws/install/nav2_amcl/lib/libmotions_lib.so
[0.470s] -- Up-to-date: /home/student/sjowmm_ws/install/nav2_amcl/lib/libsensors_lib.so
[0.482s] Invoked command in '/home/student/sjowmm_ws/build/nav2_amcl' returned '0': AMENT_PREFIX_PATH=/home/student/sjowmm_ws/install/nav2_util:/home/student/sjowmm_ws/install/nav2_msgs:/home/student/sjowmm_ws/install/nav2_common:${AMENT_PREFIX_PATH} CMAKE_PREFIX_PATH=/home/student/sjowmm_ws/install/nav2_util:/home/student/sjowmm_ws/install/nav2_msgs:/home/student/sjowmm_ws/install/nav2_common:/opt/ros/foxy LD_LIBRARY_PATH=/home/student/sjowmm_ws/install/nav2_util/lib:/home/student/sjowmm_ws/install/nav2_msgs/lib:${LD_LIBRARY_PATH} PYTHONPATH=/home/student/sjowmm_ws/install/nav2_msgs/lib/python3.8/site-packages:/home/student/sjowmm_ws/install/nav2_common/lib/python3.8/site-packages:${PYTHONPATH} /usr/bin/cmake --install /home/student/sjowmm_ws/build/nav2_amcl
