[0.047s] Invoking command in '/home/student/sjowmm_ws/build/smac_planner': AMENT_PREFIX_PATH=/home/student/sjowmm_ws/install/nav2_core:/home/student/sjowmm_ws/install/nav2_costmap_2d:/home/student/sjowmm_ws/install/nav2_util:/home/student/sjowmm_ws/install/nav2_voxel_grid:/home/student/sjowmm_ws/install/nav2_msgs:/home/student/sjowmm_ws/install/nav2_common:${AMENT_PREFIX_PATH} CMAKE_PREFIX_PATH=/home/student/sjowmm_ws/install/nav2_core:/home/student/sjowmm_ws/install/nav2_costmap_2d:/home/student/sjowmm_ws/install/nav2_util:/home/student/sjowmm_ws/install/nav2_voxel_grid:/home/student/sjowmm_ws/install/nav2_msgs:/home/student/sjowmm_ws/install/nav2_common:/home/student/sjowmm_ws/install/simulation:/home/student/sjowmm_ws/install/dede:/opt/ros/foxy LD_LIBRARY_PATH=/home/student/sjowmm_ws/install/nav2_costmap_2d/lib:/home/student/sjowmm_ws/install/nav2_util/lib:/home/student/sjowmm_ws/install/nav2_voxel_grid/lib:/home/student/sjowmm_ws/install/nav2_msgs/lib:${LD_LIBRARY_PATH} PYTHONPATH=/home/student/sjowmm_ws/install/nav2_msgs/lib/python3.8/site-packages:/home/student/sjowmm_ws/install/nav2_common/lib/python3.8/site-packages:${PYTHONPATH} /usr/bin/cmake /home/student/sjowmm_ws/src/navigation2/smac_planner -DCMAKE_INSTALL_PREFIX=/home/student/sjowmm_ws/install/smac_planner
[0.137s] -- The C compiler identification is GNU 9.4.0
[0.224s] -- The CXX compiler identification is GNU 9.4.0
[0.230s] -- Check for working C compiler: /usr/bin/cc
[0.335s] -- Check for working C compiler: /usr/bin/cc -- works
[0.336s] -- Detecting C compiler ABI info
[0.431s] -- Detecting C compiler ABI info - done
[0.446s] -- Detecting C compile features
[0.446s] -- Detecting C compile features - done
[0.450s] -- Check for working CXX compiler: /usr/bin/c++
[0.558s] -- Check for working CXX compiler: /usr/bin/c++ -- works
[0.559s] -- Detecting CXX compiler ABI info
[0.670s] -- Detecting CXX compiler ABI info - done
[0.693s] -- Detecting CXX compile features
[0.694s] -- Detecting CXX compile features - done
[0.698s] -- Found ament_cmake: 0.9.8 (/opt/ros/foxy/share/ament_cmake/cmake)
[0.743s] -- Found PythonInterp: /usr/bin/python3 (found suitable version "3.8.10", minimum required is "3") 
[0.743s] -- Using PYTHON_EXECUTABLE: /usr/bin/python3
[1.102s] -- Found nav2_common: 0.4.7 (/home/student/sjowmm_ws/install/nav2_common/share/nav2_common/cmake)
[1.104s] -- Found rclcpp: 2.3.0 (/opt/ros/foxy/share/rclcpp/cmake)
[1.164s] -- Using all available rosidl_typesupport_c: rosidl_typesupport_fastrtps_c;rosidl_typesupport_introspection_c
[1.173s] -- Found rosidl_adapter: 1.2.0 (/opt/ros/foxy/share/rosidl_adapter/cmake)
[1.281s] -- Found OpenSSL: /usr/lib/x86_64-linux-gnu/libcrypto.so (found version "1.1.1f")  
[1.333s] -- Found FastRTPS: /opt/ros/foxy/include  
[1.461s] -- Using all available rosidl_typesupport_cpp: rosidl_typesupport_fastrtps_cpp;rosidl_typesupport_introspection_cpp
[1.532s] -- Found rmw_implementation_cmake: 1.0.2 (/opt/ros/foxy/share/rmw_implementation_cmake/cmake)
[1.534s] -- Using RMW implementation 'rmw_fastrtps_cpp' as default
[1.535s] -- Looking for pthread.h
[1.638s] -- Looking for pthread.h - found
[1.638s] -- Performing Test CMAKE_HAVE_LIBC_PTHREAD
[1.758s] -- Performing Test CMAKE_HAVE_LIBC_PTHREAD - Failed
[1.759s] -- Looking for pthread_create in pthreads
[1.875s] -- Looking for pthread_create in pthreads - not found
[1.875s] -- Looking for pthread_create in pthread
[1.993s] -- Looking for pthread_create in pthread - found
[1.996s] -- Found Threads: TRUE  
[2.314s] -- Found rclcpp_action: 2.3.0 (/opt/ros/foxy/share/rclcpp_action/cmake)
[2.465s] -- Found rclcpp_lifecycle: 2.3.0 (/opt/ros/foxy/share/rclcpp_lifecycle/cmake)
[2.523s] -- Found visualization_msgs: 2.0.3 (/opt/ros/foxy/share/visualization_msgs/cmake)
[2.741s] -- Found nav2_util: 0.4.7 (/home/student/sjowmm_ws/install/nav2_util/share/nav2_util/cmake)
[3.919s] -- Found eigen3_cmake_module: 0.1.1 (/opt/ros/foxy/share/eigen3_cmake_module/cmake)
[3.924s] -- Found Eigen3: TRUE (found version "3.3.7") 
[4.184s] -- Found nav2_core: 0.4.7 (/home/student/sjowmm_ws/install/nav2_core/share/nav2_core/cmake)
[6.320s] -- Found installed version of Eigen: /usr/lib/cmake/eigen3
[6.322s] -- Found required Ceres dependency: Eigen version 3.3.7 in /usr/include/eigen3
[6.327s] -- Found required Ceres dependency: glog
[6.334s] -- Found installed version of gflags: /usr/lib/x86_64-linux-gnu/cmake/gflags
[6.335s] -- Detected gflags version: 2.2.2
[6.336s] -- Found required Ceres dependency: gflags
[6.338s] -- Found Ceres version: 1.14.0 installed in: /usr with components: [EigenSparse, SparseLinearAlgebraLibrary, LAPACK, SuiteSparse, CXSparse, SchurSpecializations, OpenMP, Multithreading]
[6.352s] -- Found ompl: /opt/ros/foxy/include/ompl-1.5;/usr/include/eigen3  
[6.782s] -- Found OpenMP_C: -fopenmp (found version "4.5") 
[6.928s] -- Found OpenMP_CXX: -fopenmp (found version "4.5") 
[6.931s] -- Found OpenMP: TRUE (found version "4.5")  
[16.066s] -- Found ament_lint_auto: 0.9.6 (/opt/ros/foxy/share/ament_lint_auto/cmake)
[16.292s] -- Found ament_cmake_gtest: 0.9.8 (/opt/ros/foxy/share/ament_cmake_gtest/cmake)
[16.301s] -- Found gtest sources under '/opt/ros/foxy/src/gtest_vendor': C++ tests using 'Google Test' will be built
[16.322s] -- Check if compiler accepts -pthread
[16.602s] -- Check if compiler accepts -pthread - yes
[51.031s] -- Added test 'copyright' to check source files copyright and LICENSE
[51.035s] -- Added test 'cppcheck' to perform static code analysis on C / C++ code
[51.037s] -- Configured cppcheck include dirs: /home/student/sjowmm_ws/src/navigation2/smac_planner/include
[51.037s] -- Configured cppcheck exclude dirs and/or files: 
[51.041s] -- Added test 'cpplint' to check C / C++ code against the Google style
[51.041s] -- Configured cpplint exclude dirs and/or files: 
[51.043s] -- Added test 'lint_cmake' to check CMake code style
[51.046s] -- Added test 'uncrustify' to check C / C++ code style
[51.046s] -- Configured uncrustify additional arguments: 
[51.047s] -- Added test 'xmllint' to check XML markup files
[51.058s] -- Configuring done
[51.866s] -- Generating done
[51.871s] -- Build files have been written to: /home/student/sjowmm_ws/build/smac_planner
[51.895s] Invoked command in '/home/student/sjowmm_ws/build/smac_planner' returned '0': AMENT_PREFIX_PATH=/home/student/sjowmm_ws/install/nav2_core:/home/student/sjowmm_ws/install/nav2_costmap_2d:/home/student/sjowmm_ws/install/nav2_util:/home/student/sjowmm_ws/install/nav2_voxel_grid:/home/student/sjowmm_ws/install/nav2_msgs:/home/student/sjowmm_ws/install/nav2_common:${AMENT_PREFIX_PATH} CMAKE_PREFIX_PATH=/home/student/sjowmm_ws/install/nav2_core:/home/student/sjowmm_ws/install/nav2_costmap_2d:/home/student/sjowmm_ws/install/nav2_util:/home/student/sjowmm_ws/install/nav2_voxel_grid:/home/student/sjowmm_ws/install/nav2_msgs:/home/student/sjowmm_ws/install/nav2_common:/home/student/sjowmm_ws/install/simulation:/home/student/sjowmm_ws/install/dede:/opt/ros/foxy LD_LIBRARY_PATH=/home/student/sjowmm_ws/install/nav2_costmap_2d/lib:/home/student/sjowmm_ws/install/nav2_util/lib:/home/student/sjowmm_ws/install/nav2_voxel_grid/lib:/home/student/sjowmm_ws/install/nav2_msgs/lib:${LD_LIBRARY_PATH} PYTHONPATH=/home/student/sjowmm_ws/install/nav2_msgs/lib/python3.8/site-packages:/home/student/sjowmm_ws/install/nav2_common/lib/python3.8/site-packages:${PYTHONPATH} /usr/bin/cmake /home/student/sjowmm_ws/src/navigation2/smac_planner -DCMAKE_INSTALL_PREFIX=/home/student/sjowmm_ws/install/smac_planner
[51.897s] Invoking command in '/home/student/sjowmm_ws/build/smac_planner': AMENT_PREFIX_PATH=/home/student/sjowmm_ws/install/nav2_core:/home/student/sjowmm_ws/install/nav2_costmap_2d:/home/student/sjowmm_ws/install/nav2_util:/home/student/sjowmm_ws/install/nav2_voxel_grid:/home/student/sjowmm_ws/install/nav2_msgs:/home/student/sjowmm_ws/install/nav2_common:${AMENT_PREFIX_PATH} CMAKE_PREFIX_PATH=/home/student/sjowmm_ws/install/nav2_core:/home/student/sjowmm_ws/install/nav2_costmap_2d:/home/student/sjowmm_ws/install/nav2_util:/home/student/sjowmm_ws/install/nav2_voxel_grid:/home/student/sjowmm_ws/install/nav2_msgs:/home/student/sjowmm_ws/install/nav2_common:/home/student/sjowmm_ws/install/simulation:/home/student/sjowmm_ws/install/dede:/opt/ros/foxy LD_LIBRARY_PATH=/home/student/sjowmm_ws/install/nav2_costmap_2d/lib:/home/student/sjowmm_ws/install/nav2_util/lib:/home/student/sjowmm_ws/install/nav2_voxel_grid/lib:/home/student/sjowmm_ws/install/nav2_msgs/lib:${LD_LIBRARY_PATH} PYTHONPATH=/home/student/sjowmm_ws/install/nav2_msgs/lib/python3.8/site-packages:/home/student/sjowmm_ws/install/nav2_common/lib/python3.8/site-packages:${PYTHONPATH} /usr/bin/cmake --build /home/student/sjowmm_ws/build/smac_planner -- -j12 -l12
[51.978s] [35m[1mScanning dependencies of target smac_planner_2d[0m
[52.232s] [  2%] [32mBuilding CXX object CMakeFiles/smac_planner_2d.dir/src/smac_planner_2d.cpp.o[0m
[70.606s] [  5%] [32mBuilding CXX object CMakeFiles/smac_planner_2d.dir/src/node_2d.cpp.o[0m
[74.764s] [  8%] [32mBuilding CXX object CMakeFiles/smac_planner_2d.dir/src/costmap_downsampler.cpp.o[0m
[81.507s] [ 14%] [32mBuilding CXX object CMakeFiles/smac_planner_2d.dir/src/a_star.cpp.o[0m
[81.507s] [ 14%] [32mBuilding CXX object CMakeFiles/smac_planner_2d.dir/src/node_se2.cpp.o[0m
[94.043s] [ 17%] [32m[1mLinking CXX shared library libsmac_planner_2d.so[0m
[97.044s] [ 17%] Built target smac_planner_2d
[97.074s] [35m[1mScanning dependencies of target gtest_main[0m
[97.119s] [ 20%] [32mBuilding CXX object gtest/CMakeFiles/gtest_main.dir/src/gtest_main.cc.o[0m
[99.008s] [ 23%] [32m[1mLinking CXX static library libgtest_main.a[0m
[99.111s] [ 23%] Built target gtest_main
[99.144s] [35m[1mScanning dependencies of target gtest[0m
[99.189s] [ 26%] [32mBuilding CXX object gtest/CMakeFiles/gtest.dir/src/gtest-all.cc.o[0m
[113.307s] [ 29%] [32m[1mLinking CXX static library libgtest.a[0m
[113.376s] [ 29%] Built target gtest
[113.393s] [35m[1mScanning dependencies of target smac_planner[0m
[113.515s] [ 32%] [32mBuilding CXX object CMakeFiles/smac_planner.dir/src/smac_planner.cpp.o[0m
[126.489s] [ 35%] [32mBuilding CXX object CMakeFiles/smac_planner.dir/src/node_2d.cpp.o[0m
[126.489s] [ 38%] [32mBuilding CXX object CMakeFiles/smac_planner.dir/src/node_se2.cpp.o[0m
[126.490s] [ 41%] [32mBuilding CXX object CMakeFiles/smac_planner.dir/src/a_star.cpp.o[0m
[126.494s] [ 44%] [32mBuilding CXX object CMakeFiles/smac_planner.dir/src/costmap_downsampler.cpp.o[0m
[135.569s] [ 47%] [32m[1mLinking CXX shared library libsmac_planner.so[0m
[137.214s] [ 47%] Built target smac_planner
[137.233s] [35m[1mScanning dependencies of target test_a_star[0m
[137.233s] [35m[1mScanning dependencies of target test_nodese2[0m
[137.234s] [35m[1mScanning dependencies of target test_smoother[0m
[137.234s] [35m[1mScanning dependencies of target test_costmap_downsampler[0m
[137.235s] [35m[1mScanning dependencies of target test_smac_se2[0m
[137.235s] [35m[1mScanning dependencies of target test_nodebasic[0m
[137.236s] [35m[1mScanning dependencies of target test_collision_checker[0m
[137.236s] [35m[1mScanning dependencies of target test_node2d[0m
[137.237s] [35m[1mScanning dependencies of target test_smac_2d[0m
[137.333s] [ 50%] [32mBuilding CXX object test/CMakeFiles/test_collision_checker.dir/test_collision_checker.cpp.o[0m
[137.341s] [ 52%] [32mBuilding CXX object test/CMakeFiles/test_nodese2.dir/test_nodese2.cpp.o[0m
[137.344s] [ 55%] [32mBuilding CXX object test/CMakeFiles/test_smoother.dir/test_smoother.cpp.o[0m
[137.346s] [ 58%] [32mBuilding CXX object test/CMakeFiles/test_a_star.dir/test_a_star.cpp.o[0m
[137.353s] [ 61%] [32mBuilding CXX object test/CMakeFiles/test_node2d.dir/test_node2d.cpp.o[0m
[137.359s] [ 64%] [32mBuilding CXX object test/CMakeFiles/test_costmap_downsampler.dir/test_costmap_downsampler.cpp.o[0m
[137.366s] [ 67%] [32mBuilding CXX object test/CMakeFiles/test_smac_se2.dir/test_smac_se2.cpp.o[0m
[137.375s] [ 70%] [32mBuilding CXX object test/CMakeFiles/test_nodebasic.dir/test_nodebasic.cpp.o[0m
[137.390s] [ 73%] [32mBuilding CXX object test/CMakeFiles/test_smac_2d.dir/test_smac_2d.cpp.o[0m
[143.964s] [ 76%] [32m[1mLinking CXX executable test_collision_checker[0m
[144.729s] [ 76%] Built target test_collision_checker
[145.576s] [ 79%] [32m[1mLinking CXX executable test_node2d[0m
[146.087s] [ 82%] [32m[1mLinking CXX executable test_nodebasic[0m
[146.816s] [ 85%] [32m[1mLinking CXX executable test_costmap_downsampler[0m
[147.104s] [ 85%] Built target test_node2d
[147.169s] [ 85%] Built target test_nodebasic
[147.669s] [ 88%] [32m[1mLinking CXX executable test_a_star[0m
[147.745s] [ 91%] [32m[1mLinking CXX executable test_nodese2[0m
[148.201s] [ 91%] Built target test_costmap_downsampler
[149.107s] [ 91%] Built target test_nodese2
[149.219s] [ 91%] Built target test_a_star
[151.271s] [ 94%] [32m[1mLinking CXX executable test_smoother[0m
[151.853s] [ 97%] [32m[1mLinking CXX executable test_smac_2d[0m
[151.948s] [100%] [32m[1mLinking CXX executable test_smac_se2[0m
[152.274s] [100%] Built target test_smoother
[152.816s] [100%] Built target test_smac_2d
[152.940s] [100%] Built target test_smac_se2
[152.957s] Invoked command in '/home/student/sjowmm_ws/build/smac_planner' returned '0': AMENT_PREFIX_PATH=/home/student/sjowmm_ws/install/nav2_core:/home/student/sjowmm_ws/install/nav2_costmap_2d:/home/student/sjowmm_ws/install/nav2_util:/home/student/sjowmm_ws/install/nav2_voxel_grid:/home/student/sjowmm_ws/install/nav2_msgs:/home/student/sjowmm_ws/install/nav2_common:${AMENT_PREFIX_PATH} CMAKE_PREFIX_PATH=/home/student/sjowmm_ws/install/nav2_core:/home/student/sjowmm_ws/install/nav2_costmap_2d:/home/student/sjowmm_ws/install/nav2_util:/home/student/sjowmm_ws/install/nav2_voxel_grid:/home/student/sjowmm_ws/install/nav2_msgs:/home/student/sjowmm_ws/install/nav2_common:/home/student/sjowmm_ws/install/simulation:/home/student/sjowmm_ws/install/dede:/opt/ros/foxy LD_LIBRARY_PATH=/home/student/sjowmm_ws/install/nav2_costmap_2d/lib:/home/student/sjowmm_ws/install/nav2_util/lib:/home/student/sjowmm_ws/install/nav2_voxel_grid/lib:/home/student/sjowmm_ws/install/nav2_msgs/lib:${LD_LIBRARY_PATH} PYTHONPATH=/home/student/sjowmm_ws/install/nav2_msgs/lib/python3.8/site-packages:/home/student/sjowmm_ws/install/nav2_common/lib/python3.8/site-packages:${PYTHONPATH} /usr/bin/cmake --build /home/student/sjowmm_ws/build/smac_planner -- -j12 -l12
[153.001s] Invoking command in '/home/student/sjowmm_ws/build/smac_planner': AMENT_PREFIX_PATH=/home/student/sjowmm_ws/install/nav2_core:/home/student/sjowmm_ws/install/nav2_costmap_2d:/home/student/sjowmm_ws/install/nav2_util:/home/student/sjowmm_ws/install/nav2_voxel_grid:/home/student/sjowmm_ws/install/nav2_msgs:/home/student/sjowmm_ws/install/nav2_common:${AMENT_PREFIX_PATH} CMAKE_PREFIX_PATH=/home/student/sjowmm_ws/install/nav2_core:/home/student/sjowmm_ws/install/nav2_costmap_2d:/home/student/sjowmm_ws/install/nav2_util:/home/student/sjowmm_ws/install/nav2_voxel_grid:/home/student/sjowmm_ws/install/nav2_msgs:/home/student/sjowmm_ws/install/nav2_common:/home/student/sjowmm_ws/install/simulation:/home/student/sjowmm_ws/install/dede:/opt/ros/foxy LD_LIBRARY_PATH=/home/student/sjowmm_ws/install/nav2_costmap_2d/lib:/home/student/sjowmm_ws/install/nav2_util/lib:/home/student/sjowmm_ws/install/nav2_voxel_grid/lib:/home/student/sjowmm_ws/install/nav2_msgs/lib:${LD_LIBRARY_PATH} PYTHONPATH=/home/student/sjowmm_ws/install/nav2_msgs/lib/python3.8/site-packages:/home/student/sjowmm_ws/install/nav2_common/lib/python3.8/site-packages:${PYTHONPATH} /usr/bin/cmake --install /home/student/sjowmm_ws/build/smac_planner
[153.012s] -- Install configuration: "Release"
[153.012s] -- Installing: /home/student/sjowmm_ws/install/smac_planner/share/smac_planner/smac_plugin.xml
[153.012s] -- Installing: /home/student/sjowmm_ws/install/smac_planner/share/smac_planner/smac_plugin_2d.xml
[153.012s] -- Installing: /home/student/sjowmm_ws/install/smac_planner/lib/libsmac_planner.so
[153.013s] -- Set runtime path of "/home/student/sjowmm_ws/install/smac_planner/lib/libsmac_planner.so" to ""
[153.013s] -- Installing: /home/student/sjowmm_ws/install/smac_planner/lib/libsmac_planner_2d.so
[153.013s] -- Set runtime path of "/home/student/sjowmm_ws/install/smac_planner/lib/libsmac_planner_2d.so" to ""
[153.014s] -- Installing: /home/student/sjowmm_ws/install/smac_planner/include/
[153.014s] -- Installing: /home/student/sjowmm_ws/install/smac_planner/include//smac_planner
[153.014s] -- Installing: /home/student/sjowmm_ws/install/smac_planner/include//smac_planner/types.hpp
[153.014s] -- Installing: /home/student/sjowmm_ws/install/smac_planner/include//smac_planner/costmap_downsampler.hpp
[153.014s] -- Installing: /home/student/sjowmm_ws/install/smac_planner/include//smac_planner/smac_planner_2d.hpp
[153.014s] -- Installing: /home/student/sjowmm_ws/install/smac_planner/include//smac_planner/constants.hpp
[153.014s] -- Installing: /home/student/sjowmm_ws/install/smac_planner/include//smac_planner/node_basic.hpp
[153.014s] -- Installing: /home/student/sjowmm_ws/install/smac_planner/include//smac_planner/smoother_cost_function.hpp
[153.014s] -- Installing: /home/student/sjowmm_ws/install/smac_planner/include//smac_planner/smac_planner.hpp
[153.014s] -- Installing: /home/student/sjowmm_ws/install/smac_planner/include//smac_planner/a_star.hpp
[153.015s] -- Installing: /home/student/sjowmm_ws/install/smac_planner/include//smac_planner/collision_checker.hpp
[153.015s] -- Installing: /home/student/sjowmm_ws/install/smac_planner/include//smac_planner/node_2d.hpp
[153.015s] -- Installing: /home/student/sjowmm_ws/install/smac_planner/include//smac_planner/smoother.hpp
[153.015s] -- Installing: /home/student/sjowmm_ws/install/smac_planner/include//smac_planner/node_se2.hpp
[153.015s] -- Installing: /home/student/sjowmm_ws/install/smac_planner/include//smac_planner/options.hpp
[153.015s] -- Installing: /home/student/sjowmm_ws/install/smac_planner/share/smac_planner/environment/library_path.sh
[153.015s] -- Installing: /home/student/sjowmm_ws/install/smac_planner/share/smac_planner/environment/library_path.dsv
[153.015s] -- Installing: /home/student/sjowmm_ws/install/smac_planner/share/ament_index/resource_index/package_run_dependencies/smac_planner
[153.015s] -- Installing: /home/student/sjowmm_ws/install/smac_planner/share/ament_index/resource_index/parent_prefix_path/smac_planner
[153.016s] -- Installing: /home/student/sjowmm_ws/install/smac_planner/share/smac_planner/environment/ament_prefix_path.sh
[153.016s] -- Installing: /home/student/sjowmm_ws/install/smac_planner/share/smac_planner/environment/ament_prefix_path.dsv
[153.016s] -- Installing: /home/student/sjowmm_ws/install/smac_planner/share/smac_planner/environment/path.sh
[153.016s] -- Installing: /home/student/sjowmm_ws/install/smac_planner/share/smac_planner/environment/path.dsv
[153.016s] -- Installing: /home/student/sjowmm_ws/install/smac_planner/share/smac_planner/local_setup.bash
[153.016s] -- Installing: /home/student/sjowmm_ws/install/smac_planner/share/smac_planner/local_setup.sh
[153.016s] -- Installing: /home/student/sjowmm_ws/install/smac_planner/share/smac_planner/local_setup.zsh
[153.016s] -- Installing: /home/student/sjowmm_ws/install/smac_planner/share/smac_planner/local_setup.dsv
[153.016s] -- Installing: /home/student/sjowmm_ws/install/smac_planner/share/smac_planner/package.dsv
[153.017s] -- Installing: /home/student/sjowmm_ws/install/smac_planner/share/ament_index/resource_index/packages/smac_planner
[153.017s] -- Installing: /home/student/sjowmm_ws/install/smac_planner/share/ament_index/resource_index/nav2_core__pluginlib__plugin/smac_planner
[153.017s] -- Installing: /home/student/sjowmm_ws/install/smac_planner/share/smac_planner/cmake/ament_cmake_export_include_directories-extras.cmake
[153.017s] -- Installing: /home/student/sjowmm_ws/install/smac_planner/share/smac_planner/cmake/ament_cmake_export_libraries-extras.cmake
[153.017s] -- Installing: /home/student/sjowmm_ws/install/smac_planner/share/smac_planner/cmake/ament_cmake_export_dependencies-extras.cmake
[153.017s] -- Installing: /home/student/sjowmm_ws/install/smac_planner/share/smac_planner/cmake/ament_cmake_export_definitions-extras.cmake
[153.017s] -- Installing: /home/student/sjowmm_ws/install/smac_planner/share/smac_planner/cmake/smac_plannerConfig.cmake
[153.017s] -- Installing: /home/student/sjowmm_ws/install/smac_planner/share/smac_planner/cmake/smac_plannerConfig-version.cmake
[153.017s] -- Installing: /home/student/sjowmm_ws/install/smac_planner/share/smac_planner/package.xml
[153.022s] Invoked command in '/home/student/sjowmm_ws/build/smac_planner' returned '0': AMENT_PREFIX_PATH=/home/student/sjowmm_ws/install/nav2_core:/home/student/sjowmm_ws/install/nav2_costmap_2d:/home/student/sjowmm_ws/install/nav2_util:/home/student/sjowmm_ws/install/nav2_voxel_grid:/home/student/sjowmm_ws/install/nav2_msgs:/home/student/sjowmm_ws/install/nav2_common:${AMENT_PREFIX_PATH} CMAKE_PREFIX_PATH=/home/student/sjowmm_ws/install/nav2_core:/home/student/sjowmm_ws/install/nav2_costmap_2d:/home/student/sjowmm_ws/install/nav2_util:/home/student/sjowmm_ws/install/nav2_voxel_grid:/home/student/sjowmm_ws/install/nav2_msgs:/home/student/sjowmm_ws/install/nav2_common:/home/student/sjowmm_ws/install/simulation:/home/student/sjowmm_ws/install/dede:/opt/ros/foxy LD_LIBRARY_PATH=/home/student/sjowmm_ws/install/nav2_costmap_2d/lib:/home/student/sjowmm_ws/install/nav2_util/lib:/home/student/sjowmm_ws/install/nav2_voxel_grid/lib:/home/student/sjowmm_ws/install/nav2_msgs/lib:${LD_LIBRARY_PATH} PYTHONPATH=/home/student/sjowmm_ws/install/nav2_msgs/lib/python3.8/site-packages:/home/student/sjowmm_ws/install/nav2_common/lib/python3.8/site-packages:${PYTHONPATH} /usr/bin/cmake --install /home/student/sjowmm_ws/build/smac_planner
