/home/student/sjowmm_ws/install/dede/lib/python3.8/site-packages/dede/__init__.py
/home/student/sjowmm_ws/install/dede/lib/python3.8/site-packages/dede/__pycache__/__init__.cpython-38.pyc
/home/student/sjowmm_ws/install/dede/share/ament_index/resource_index/packages/dede
/home/student/sjowmm_ws/install/dede/share/dede/package.xml
/home/student/sjowmm_ws/install/dede/share/dede/launch/simulation.launch.py
/home/student/sjowmm_ws/install/dede/share/dede/launch/slam_toolbox.launch.py
/home/student/sjowmm_ws/install/dede/share/dede/launch/nav2_slam.launch.py
/home/student/sjowmm_ws/install/dede/share/dede/worlds/base_maze.model
/home/student/sjowmm_ws/install/dede/share/dede/urdf/dede.urdf
/home/student/sjowmm_ws/install/dede/share/dede/config/slam/mapping.yaml
/home/student/sjowmm_ws/install/dede/share/dede/config/slam/localization.yaml
/home/student/sjowmm_ws/install/dede/share/dede/config/nav2/controller_dwb.yaml
/home/student/sjowmm_ws/install/dede/share/dede/config/nav2/recoveries.yaml
/home/student/sjowmm_ws/install/dede/share/dede/config/nav2/waypoint.yaml
/home/student/sjowmm_ws/install/dede/share/dede/config/nav2/bt_navigator.yaml
/home/student/sjowmm_ws/install/dede/share/dede/config/nav2/planner.yaml
/home/student/sjowmm_ws/install/dede/share/dede/models/dede/model.config
/home/student/sjowmm_ws/install/dede/share/dede/models/dede/model.sdf
/home/student/sjowmm_ws/install/dede/share/dede/models/dede/meshes/wheel.stl
/home/student/sjowmm_ws/install/dede/share/dede/models/dede/meshes/base.stl
/home/student/sjowmm_ws/install/dede/share/dede/models/dede/meshes/lidar.stl
/home/student/sjowmm_ws/install/dede/share/dede/models/dede_maze/model.config
/home/student/sjowmm_ws/install/dede/share/dede/models/dede_maze/model.sdf
/home/student/sjowmm_ws/install/dede/share/dede/models/dede_maze/meshes/maze.stl
/home/student/sjowmm_ws/install/dede/lib/python3.8/site-packages/dede-0.0.0-py3.8.egg-info/dependency_links.txt
/home/student/sjowmm_ws/install/dede/lib/python3.8/site-packages/dede-0.0.0-py3.8.egg-info/entry_points.txt
/home/student/sjowmm_ws/install/dede/lib/python3.8/site-packages/dede-0.0.0-py3.8.egg-info/requires.txt
/home/student/sjowmm_ws/install/dede/lib/python3.8/site-packages/dede-0.0.0-py3.8.egg-info/top_level.txt
/home/student/sjowmm_ws/install/dede/lib/python3.8/site-packages/dede-0.0.0-py3.8.egg-info/zip-safe
/home/student/sjowmm_ws/install/dede/lib/python3.8/site-packages/dede-0.0.0-py3.8.egg-info/PKG-INFO
/home/student/sjowmm_ws/install/dede/lib/python3.8/site-packages/dede-0.0.0-py3.8.egg-info/SOURCES.txt
