/home/student/sjowmm_ws/install/path_projection/lib/python3.8/site-packages/path_projection/path_projection_node.py
/home/student/sjowmm_ws/install/path_projection/lib/python3.8/site-packages/path_projection/__init__.py
/home/student/sjowmm_ws/install/path_projection/lib/python3.8/site-packages/path_projection/__pycache__/path_projection_node.cpython-38.pyc
/home/student/sjowmm_ws/install/path_projection/lib/python3.8/site-packages/path_projection/__pycache__/__init__.cpython-38.pyc
/home/student/sjowmm_ws/install/path_projection/share/ament_index/resource_index/packages/path_projection
/home/student/sjowmm_ws/install/path_projection/share/path_projection/package.xml
/home/student/sjowmm_ws/install/path_projection/share/path_projection/launch/path_projection_launch.py
/home/student/sjowmm_ws/install/path_projection/share/path_projection/worlds
/home/student/sjowmm_ws/install/path_projection/share/path_projection/worlds/open_space.world
/home/student/sjowmm_ws/install/path_projection/share/path_projection/worlds/critical_point1.world
/home/student/sjowmm_ws/install/path_projection/share/path_projection/worlds/critical_point2.world
/home/student/sjowmm_ws/install/path_projection/share/path_projection/worlds/testing.world
/home/student/sjowmm_ws/install/path_projection/share/path_projection/urdf
/home/student/sjowmm_ws/install/path_projection/lib/python3.8/site-packages/path_projection-0.0.0-py3.8.egg-info/dependency_links.txt
/home/student/sjowmm_ws/install/path_projection/lib/python3.8/site-packages/path_projection-0.0.0-py3.8.egg-info/entry_points.txt
/home/student/sjowmm_ws/install/path_projection/lib/python3.8/site-packages/path_projection-0.0.0-py3.8.egg-info/requires.txt
/home/student/sjowmm_ws/install/path_projection/lib/python3.8/site-packages/path_projection-0.0.0-py3.8.egg-info/top_level.txt
/home/student/sjowmm_ws/install/path_projection/lib/python3.8/site-packages/path_projection-0.0.0-py3.8.egg-info/zip-safe
/home/student/sjowmm_ws/install/path_projection/lib/python3.8/site-packages/path_projection-0.0.0-py3.8.egg-info/PKG-INFO
/home/student/sjowmm_ws/install/path_projection/lib/python3.8/site-packages/path_projection-0.0.0-py3.8.egg-info/SOURCES.txt
/home/student/sjowmm_ws/install/path_projection/lib/path_projection/PathProjection
