[0.658s] Invoking command in '/home/student/sjowmm_ws/build/turtlebot3_gazebo': CMAKE_PREFIX_PATH=/home/student/sjowmm_ws/install/turtlebot3_description:/home/student/sjowmm_ws/install/turtlebot3:/home/student/sjowmm_ws/install/turtlebot3_simulations:/home/student/sjowmm_ws/install/turtlebot3_bringup:/home/student/sjowmm_ws/install/turtlebot3_node:/home/student/sjowmm_ws/install/turtlebot3_navigation2:/home/student/sjowmm_ws/install/turtlebot3_gazebo:/home/student/sjowmm_ws/install/turtlebot3_fake_node:/home/student/sjowmm_ws/install/turtlebot3_cartographer:/home/student/sjowmm_ws/install/nav2_system_tests:/home/student/sjowmm_ws/install/nav2_bringup:/home/student/sjowmm_ws/install/navigation2:/home/student/sjowmm_ws/install/smac_planner:/home/student/sjowmm_ws/install/nav2_dwb_controller:/home/student/sjowmm_ws/install/nav2_controller:/home/student/sjowmm_ws/install/dwb_plugins:/home/student/sjowmm_ws/install/dwb_critics:/home/student/sjowmm_ws/install/dwb_core:/home/student/sjowmm_ws/install/nav_2d_utils:/home/student/sjowmm_ws/install/dwb_msgs:/home/student/sjowmm_ws/install/nav_2d_msgs:/home/student/sjowmm_ws/install/nav2_waypoint_follower:/home/student/sjowmm_ws/install/nav2_regulated_pure_pursuit_controller:/home/student/sjowmm_ws/install/nav2_recoveries:/home/student/sjowmm_ws/install/nav2_planner:/home/student/sjowmm_ws/install/nav2_navfn_planner:/home/student/sjowmm_ws/install/nav2_core:/home/student/sjowmm_ws/install/costmap_queue:/home/student/sjowmm_ws/install/nav2_costmap_2d:/home/student/sjowmm_ws/install/nav2_voxel_grid:/home/student/sjowmm_ws/install/nav2_rviz_plugins:/home/student/sjowmm_ws/install/nav2_map_server:/home/student/sjowmm_ws/install/nav2_lifecycle_manager:/home/student/sjowmm_ws/install/nav2_bt_navigator:/home/student/sjowmm_ws/install/nav2_behavior_tree:/home/student/sjowmm_ws/install/nav2_amcl:/home/student/sjowmm_ws/install/nav2_util:/home/student/sjowmm_ws/install/nav2_msgs:/home/student/sjowmm_ws/install/nav2_common:/home/student/sjowmm_ws/install/turtlebot3_teleop:/home/student/sjowmm_ws/install/turtlebot3_example:/home/student/sjowmm_ws/install/simulation:/home/student/sjowmm_ws/install/path_projection:/home/student/sjowmm_ws/install/nav2_gazebo_spawner:/home/student/sjowmm_ws/install/green_turtle:/home/student/sjowmm_ws/install/dede:/opt/ros/foxy /usr/bin/cmake --build /home/student/sjowmm_ws/build/turtlebot3_gazebo -- -j12 -l12
[0.988s] [ 25%] Built target turtlebot3_drive
[0.988s] [ 75%] Built target obstacle2
[0.989s] [ 75%] Built target obstacles
[0.989s] [100%] Built target obstacle1
[1.138s] Invoked command in '/home/student/sjowmm_ws/build/turtlebot3_gazebo' returned '0': CMAKE_PREFIX_PATH=/home/student/sjowmm_ws/install/turtlebot3_description:/home/student/sjowmm_ws/install/turtlebot3:/home/student/sjowmm_ws/install/turtlebot3_simulations:/home/student/sjowmm_ws/install/turtlebot3_bringup:/home/student/sjowmm_ws/install/turtlebot3_node:/home/student/sjowmm_ws/install/turtlebot3_navigation2:/home/student/sjowmm_ws/install/turtlebot3_gazebo:/home/student/sjowmm_ws/install/turtlebot3_fake_node:/home/student/sjowmm_ws/install/turtlebot3_cartographer:/home/student/sjowmm_ws/install/nav2_system_tests:/home/student/sjowmm_ws/install/nav2_bringup:/home/student/sjowmm_ws/install/navigation2:/home/student/sjowmm_ws/install/smac_planner:/home/student/sjowmm_ws/install/nav2_dwb_controller:/home/student/sjowmm_ws/install/nav2_controller:/home/student/sjowmm_ws/install/dwb_plugins:/home/student/sjowmm_ws/install/dwb_critics:/home/student/sjowmm_ws/install/dwb_core:/home/student/sjowmm_ws/install/nav_2d_utils:/home/student/sjowmm_ws/install/dwb_msgs:/home/student/sjowmm_ws/install/nav_2d_msgs:/home/student/sjowmm_ws/install/nav2_waypoint_follower:/home/student/sjowmm_ws/install/nav2_regulated_pure_pursuit_controller:/home/student/sjowmm_ws/install/nav2_recoveries:/home/student/sjowmm_ws/install/nav2_planner:/home/student/sjowmm_ws/install/nav2_navfn_planner:/home/student/sjowmm_ws/install/nav2_core:/home/student/sjowmm_ws/install/costmap_queue:/home/student/sjowmm_ws/install/nav2_costmap_2d:/home/student/sjowmm_ws/install/nav2_voxel_grid:/home/student/sjowmm_ws/install/nav2_rviz_plugins:/home/student/sjowmm_ws/install/nav2_map_server:/home/student/sjowmm_ws/install/nav2_lifecycle_manager:/home/student/sjowmm_ws/install/nav2_bt_navigator:/home/student/sjowmm_ws/install/nav2_behavior_tree:/home/student/sjowmm_ws/install/nav2_amcl:/home/student/sjowmm_ws/install/nav2_util:/home/student/sjowmm_ws/install/nav2_msgs:/home/student/sjowmm_ws/install/nav2_common:/home/student/sjowmm_ws/install/turtlebot3_teleop:/home/student/sjowmm_ws/install/turtlebot3_example:/home/student/sjowmm_ws/install/simulation:/home/student/sjowmm_ws/install/path_projection:/home/student/sjowmm_ws/install/nav2_gazebo_spawner:/home/student/sjowmm_ws/install/green_turtle:/home/student/sjowmm_ws/install/dede:/opt/ros/foxy /usr/bin/cmake --build /home/student/sjowmm_ws/build/turtlebot3_gazebo -- -j12 -l12
[1.184s] Invoking command in '/home/student/sjowmm_ws/build/turtlebot3_gazebo': CMAKE_PREFIX_PATH=/home/student/sjowmm_ws/install/turtlebot3_description:/home/student/sjowmm_ws/install/turtlebot3:/home/student/sjowmm_ws/install/turtlebot3_simulations:/home/student/sjowmm_ws/install/turtlebot3_bringup:/home/student/sjowmm_ws/install/turtlebot3_node:/home/student/sjowmm_ws/install/turtlebot3_navigation2:/home/student/sjowmm_ws/install/turtlebot3_gazebo:/home/student/sjowmm_ws/install/turtlebot3_fake_node:/home/student/sjowmm_ws/install/turtlebot3_cartographer:/home/student/sjowmm_ws/install/nav2_system_tests:/home/student/sjowmm_ws/install/nav2_bringup:/home/student/sjowmm_ws/install/navigation2:/home/student/sjowmm_ws/install/smac_planner:/home/student/sjowmm_ws/install/nav2_dwb_controller:/home/student/sjowmm_ws/install/nav2_controller:/home/student/sjowmm_ws/install/dwb_plugins:/home/student/sjowmm_ws/install/dwb_critics:/home/student/sjowmm_ws/install/dwb_core:/home/student/sjowmm_ws/install/nav_2d_utils:/home/student/sjowmm_ws/install/dwb_msgs:/home/student/sjowmm_ws/install/nav_2d_msgs:/home/student/sjowmm_ws/install/nav2_waypoint_follower:/home/student/sjowmm_ws/install/nav2_regulated_pure_pursuit_controller:/home/student/sjowmm_ws/install/nav2_recoveries:/home/student/sjowmm_ws/install/nav2_planner:/home/student/sjowmm_ws/install/nav2_navfn_planner:/home/student/sjowmm_ws/install/nav2_core:/home/student/sjowmm_ws/install/costmap_queue:/home/student/sjowmm_ws/install/nav2_costmap_2d:/home/student/sjowmm_ws/install/nav2_voxel_grid:/home/student/sjowmm_ws/install/nav2_rviz_plugins:/home/student/sjowmm_ws/install/nav2_map_server:/home/student/sjowmm_ws/install/nav2_lifecycle_manager:/home/student/sjowmm_ws/install/nav2_bt_navigator:/home/student/sjowmm_ws/install/nav2_behavior_tree:/home/student/sjowmm_ws/install/nav2_amcl:/home/student/sjowmm_ws/install/nav2_util:/home/student/sjowmm_ws/install/nav2_msgs:/home/student/sjowmm_ws/install/nav2_common:/home/student/sjowmm_ws/install/turtlebot3_teleop:/home/student/sjowmm_ws/install/turtlebot3_example:/home/student/sjowmm_ws/install/simulation:/home/student/sjowmm_ws/install/path_projection:/home/student/sjowmm_ws/install/nav2_gazebo_spawner:/home/student/sjowmm_ws/install/green_turtle:/home/student/sjowmm_ws/install/dede:/opt/ros/foxy /usr/bin/cmake --install /home/student/sjowmm_ws/build/turtlebot3_gazebo
[1.197s] -- Install configuration: ""
[1.197s] -- Up-to-date: /home/student/sjowmm_ws/install/turtlebot3_gazebo/lib/turtlebot3_gazebo/turtlebot3_drive
[1.198s] -- Up-to-date: /home/student/sjowmm_ws/install/turtlebot3_gazebo/share/turtlebot3_gazebo//launch
[1.198s] -- Up-to-date: /home/student/sjowmm_ws/install/turtlebot3_gazebo/share/turtlebot3_gazebo//launch/turtlebot3_dqn_stage3.launch.py
[1.198s] -- Up-to-date: /home/student/sjowmm_ws/install/turtlebot3_gazebo/share/turtlebot3_gazebo//launch/turtlebot3_dqn_stage1.launch.py
[1.198s] -- Up-to-date: /home/student/sjowmm_ws/install/turtlebot3_gazebo/share/turtlebot3_gazebo//launch/turtlebot3_autorace.launch.py
[1.198s] -- Up-to-date: /home/student/sjowmm_ws/install/turtlebot3_gazebo/share/turtlebot3_gazebo//launch/turtlebot3_dqn_stage4.launch.py
[1.198s] -- Up-to-date: /home/student/sjowmm_ws/install/turtlebot3_gazebo/share/turtlebot3_gazebo//launch/robot_state_publisher.launch.py
[1.198s] -- Up-to-date: /home/student/sjowmm_ws/install/turtlebot3_gazebo/share/turtlebot3_gazebo//launch/turtlebot3_world.launch.py
[1.198s] -- Up-to-date: /home/student/sjowmm_ws/install/turtlebot3_gazebo/share/turtlebot3_gazebo//launch/empty_world.launch.py
[1.198s] -- Up-to-date: /home/student/sjowmm_ws/install/turtlebot3_gazebo/share/turtlebot3_gazebo//launch/turtlebot3_dqn_stage2.launch.py
[1.198s] -- Up-to-date: /home/student/sjowmm_ws/install/turtlebot3_gazebo/share/turtlebot3_gazebo//launch/turtlebot3_house.launch.py
[1.199s] -- Up-to-date: /home/student/sjowmm_ws/install/turtlebot3_gazebo/share/turtlebot3_gazebo//models
[1.199s] -- Up-to-date: /home/student/sjowmm_ws/install/turtlebot3_gazebo/share/turtlebot3_gazebo//models/turtlebot3_burger
[1.199s] -- Up-to-date: /home/student/sjowmm_ws/install/turtlebot3_gazebo/share/turtlebot3_gazebo//models/turtlebot3_burger/meshes
[1.199s] -- Up-to-date: /home/student/sjowmm_ws/install/turtlebot3_gazebo/share/turtlebot3_gazebo//models/turtlebot3_burger/meshes/tire.dae
[1.199s] -- Up-to-date: /home/student/sjowmm_ws/install/turtlebot3_gazebo/share/turtlebot3_gazebo//models/turtlebot3_burger/meshes/lds.dae
[1.199s] -- Up-to-date: /home/student/sjowmm_ws/install/turtlebot3_gazebo/share/turtlebot3_gazebo//models/turtlebot3_burger/meshes/burger_base.dae
[1.199s] -- Up-to-date: /home/student/sjowmm_ws/install/turtlebot3_gazebo/share/turtlebot3_gazebo//models/turtlebot3_burger/model.sdf
[1.199s] -- Up-to-date: /home/student/sjowmm_ws/install/turtlebot3_gazebo/share/turtlebot3_gazebo//models/turtlebot3_burger/model.config
[1.199s] -- Up-to-date: /home/student/sjowmm_ws/install/turtlebot3_gazebo/share/turtlebot3_gazebo//models/turtlebot3_burger/model-1_4.sdf
[1.199s] -- Up-to-date: /home/student/sjowmm_ws/install/turtlebot3_gazebo/share/turtlebot3_gazebo//models/turtlebot3_world
[1.200s] -- Up-to-date: /home/student/sjowmm_ws/install/turtlebot3_gazebo/share/turtlebot3_gazebo//models/turtlebot3_world/meshes
[1.201s] -- Up-to-date: /home/student/sjowmm_ws/install/turtlebot3_gazebo/share/turtlebot3_gazebo//models/turtlebot3_world/meshes/hexagon.dae
[1.201s] -- Up-to-date: /home/student/sjowmm_ws/install/turtlebot3_gazebo/share/turtlebot3_gazebo//models/turtlebot3_world/meshes/wall.dae
[1.201s] -- Up-to-date: /home/student/sjowmm_ws/install/turtlebot3_gazebo/share/turtlebot3_gazebo//models/turtlebot3_world/model.sdf
[1.201s] -- Up-to-date: /home/student/sjowmm_ws/install/turtlebot3_gazebo/share/turtlebot3_gazebo//models/turtlebot3_world/model.config
[1.201s] -- Up-to-date: /home/student/sjowmm_ws/install/turtlebot3_gazebo/share/turtlebot3_gazebo//models/turtlebot3_world/model-1_4.sdf
[1.201s] -- Up-to-date: /home/student/sjowmm_ws/install/turtlebot3_gazebo/share/turtlebot3_gazebo//models/turtlebot3_waffle_pi
[1.201s] -- Up-to-date: /home/student/sjowmm_ws/install/turtlebot3_gazebo/share/turtlebot3_gazebo//models/turtlebot3_waffle_pi/meshes
[1.201s] -- Up-to-date: /home/student/sjowmm_ws/install/turtlebot3_gazebo/share/turtlebot3_gazebo//models/turtlebot3_waffle_pi/meshes/waffle_pi_base.dae
[1.202s] -- Up-to-date: /home/student/sjowmm_ws/install/turtlebot3_gazebo/share/turtlebot3_gazebo//models/turtlebot3_waffle_pi/meshes/tire.dae
[1.202s] -- Up-to-date: /home/student/sjowmm_ws/install/turtlebot3_gazebo/share/turtlebot3_gazebo//models/turtlebot3_waffle_pi/meshes/lds.dae
[1.202s] -- Up-to-date: /home/student/sjowmm_ws/install/turtlebot3_gazebo/share/turtlebot3_gazebo//models/turtlebot3_waffle_pi/model-1_4_.sdf
[1.202s] -- Up-to-date: /home/student/sjowmm_ws/install/turtlebot3_gazebo/share/turtlebot3_gazebo//models/turtlebot3_waffle_pi/model.sdf
[1.202s] -- Up-to-date: /home/student/sjowmm_ws/install/turtlebot3_gazebo/share/turtlebot3_gazebo//models/turtlebot3_waffle_pi/model.config
[1.202s] -- Up-to-date: /home/student/sjowmm_ws/install/turtlebot3_gazebo/share/turtlebot3_gazebo//models/turtlebot3_house
[1.202s] -- Up-to-date: /home/student/sjowmm_ws/install/turtlebot3_gazebo/share/turtlebot3_gazebo//models/turtlebot3_house/model.sdf
[1.202s] -- Up-to-date: /home/student/sjowmm_ws/install/turtlebot3_gazebo/share/turtlebot3_gazebo//models/turtlebot3_house/model.config
[1.202s] -- Up-to-date: /home/student/sjowmm_ws/install/turtlebot3_gazebo/share/turtlebot3_gazebo//models/turtlebot3_dqn_world
[1.203s] -- Up-to-date: /home/student/sjowmm_ws/install/turtlebot3_gazebo/share/turtlebot3_gazebo//models/turtlebot3_dqn_world/goal_box
[1.203s] -- Up-to-date: /home/student/sjowmm_ws/install/turtlebot3_gazebo/share/turtlebot3_gazebo//models/turtlebot3_dqn_world/goal_box/model.sdf
[1.203s] -- Up-to-date: /home/student/sjowmm_ws/install/turtlebot3_gazebo/share/turtlebot3_gazebo//models/turtlebot3_dqn_world/goal_box/model.config
[1.203s] -- Up-to-date: /home/student/sjowmm_ws/install/turtlebot3_gazebo/share/turtlebot3_gazebo//models/turtlebot3_dqn_world/obstacle_plugin
[1.203s] -- Up-to-date: /home/student/sjowmm_ws/install/turtlebot3_gazebo/share/turtlebot3_gazebo//models/turtlebot3_dqn_world/obstacle_plugin/obstacle2.cc
[1.203s] -- Up-to-date: /home/student/sjowmm_ws/install/turtlebot3_gazebo/share/turtlebot3_gazebo//models/turtlebot3_dqn_world/obstacle_plugin/obstacle1.cc
[1.204s] -- Up-to-date: /home/student/sjowmm_ws/install/turtlebot3_gazebo/share/turtlebot3_gazebo//models/turtlebot3_dqn_world/obstacle_plugin/obstacles.cc
[1.204s] -- Up-to-date: /home/student/sjowmm_ws/install/turtlebot3_gazebo/share/turtlebot3_gazebo//models/turtlebot3_dqn_world/obstacle_plugin/CMakeLists.txt
[1.205s] -- Up-to-date: /home/student/sjowmm_ws/install/turtlebot3_gazebo/share/turtlebot3_gazebo//models/turtlebot3_dqn_world/obstacle2
[1.207s] -- Up-to-date: /home/student/sjowmm_ws/install/turtlebot3_gazebo/share/turtlebot3_gazebo//models/turtlebot3_dqn_world/obstacle2/model.sdf
[1.207s] -- Up-to-date: /home/student/sjowmm_ws/install/turtlebot3_gazebo/share/turtlebot3_gazebo//models/turtlebot3_dqn_world/obstacle2/model.config
[1.208s] -- Up-to-date: /home/student/sjowmm_ws/install/turtlebot3_gazebo/share/turtlebot3_gazebo//models/turtlebot3_dqn_world/obstacle1
[1.208s] -- Up-to-date: /home/student/sjowmm_ws/install/turtlebot3_gazebo/share/turtlebot3_gazebo//models/turtlebot3_dqn_world/obstacle1/model.sdf
[1.208s] -- Up-to-date: /home/student/sjowmm_ws/install/turtlebot3_gazebo/share/turtlebot3_gazebo//models/turtlebot3_dqn_world/obstacle1/model.config
[1.208s] -- Up-to-date: /home/student/sjowmm_ws/install/turtlebot3_gazebo/share/turtlebot3_gazebo//models/turtlebot3_dqn_world/model.sdf
[1.208s] -- Up-to-date: /home/student/sjowmm_ws/install/turtlebot3_gazebo/share/turtlebot3_gazebo//models/turtlebot3_dqn_world/model.config
[1.209s] -- Up-to-date: /home/student/sjowmm_ws/install/turtlebot3_gazebo/share/turtlebot3_gazebo//models/turtlebot3_dqn_world/inner_walls
[1.209s] -- Up-to-date: /home/student/sjowmm_ws/install/turtlebot3_gazebo/share/turtlebot3_gazebo//models/turtlebot3_dqn_world/inner_walls/model.sdf
[1.209s] -- Up-to-date: /home/student/sjowmm_ws/install/turtlebot3_gazebo/share/turtlebot3_gazebo//models/turtlebot3_dqn_world/inner_walls/model.config
[1.209s] -- Up-to-date: /home/student/sjowmm_ws/install/turtlebot3_gazebo/share/turtlebot3_gazebo//models/turtlebot3_dqn_world/obstacles
[1.209s] -- Up-to-date: /home/student/sjowmm_ws/install/turtlebot3_gazebo/share/turtlebot3_gazebo//models/turtlebot3_dqn_world/obstacles/model.sdf
[1.209s] -- Up-to-date: /home/student/sjowmm_ws/install/turtlebot3_gazebo/share/turtlebot3_gazebo//models/turtlebot3_dqn_world/obstacles/model.config
[1.210s] -- Up-to-date: /home/student/sjowmm_ws/install/turtlebot3_gazebo/share/turtlebot3_gazebo//models/turtlebot3_waffle
[1.210s] -- Up-to-date: /home/student/sjowmm_ws/install/turtlebot3_gazebo/share/turtlebot3_gazebo//models/turtlebot3_waffle/meshes
[1.210s] -- Up-to-date: /home/student/sjowmm_ws/install/turtlebot3_gazebo/share/turtlebot3_gazebo//models/turtlebot3_waffle/meshes/tire.dae
[1.210s] -- Up-to-date: /home/student/sjowmm_ws/install/turtlebot3_gazebo/share/turtlebot3_gazebo//models/turtlebot3_waffle/meshes/lds.dae
[1.210s] -- Up-to-date: /home/student/sjowmm_ws/install/turtlebot3_gazebo/share/turtlebot3_gazebo//models/turtlebot3_waffle/meshes/waffle_base.dae
[1.210s] -- Up-to-date: /home/student/sjowmm_ws/install/turtlebot3_gazebo/share/turtlebot3_gazebo//models/turtlebot3_waffle/meshes/r200.dae
[1.212s] -- Up-to-date: /home/student/sjowmm_ws/install/turtlebot3_gazebo/share/turtlebot3_gazebo//models/turtlebot3_waffle/model.sdf
[1.213s] -- Up-to-date: /home/student/sjowmm_ws/install/turtlebot3_gazebo/share/turtlebot3_gazebo//models/turtlebot3_waffle/model.config
[1.213s] -- Up-to-date: /home/student/sjowmm_ws/install/turtlebot3_gazebo/share/turtlebot3_gazebo//models/turtlebot3_waffle/model-1_4.sdf
[1.213s] -- Up-to-date: /home/student/sjowmm_ws/install/turtlebot3_gazebo/share/turtlebot3_gazebo//models/turtlebot3_autorace
[1.213s] -- Up-to-date: /home/student/sjowmm_ws/install/turtlebot3_gazebo/share/turtlebot3_gazebo//models/turtlebot3_autorace/tunnel_wall
[1.214s] -- Up-to-date: /home/student/sjowmm_ws/install/turtlebot3_gazebo/share/turtlebot3_gazebo//models/turtlebot3_autorace/tunnel_wall/model.sdf
[1.214s] -- Up-to-date: /home/student/sjowmm_ws/install/turtlebot3_gazebo/share/turtlebot3_gazebo//models/turtlebot3_autorace/tunnel_wall/model.config
[1.214s] -- Up-to-date: /home/student/sjowmm_ws/install/turtlebot3_gazebo/share/turtlebot3_gazebo//models/turtlebot3_autorace/lights
[1.214s] -- Up-to-date: /home/student/sjowmm_ws/install/turtlebot3_gazebo/share/turtlebot3_gazebo//models/turtlebot3_autorace/lights/model.sdf
[1.215s] -- Up-to-date: /home/student/sjowmm_ws/install/turtlebot3_gazebo/share/turtlebot3_gazebo//models/turtlebot3_autorace/lights/model.config
[1.215s] -- Up-to-date: /home/student/sjowmm_ws/install/turtlebot3_gazebo/share/turtlebot3_gazebo//models/turtlebot3_autorace/traffic_parking
[1.215s] -- Up-to-date: /home/student/sjowmm_ws/install/turtlebot3_gazebo/share/turtlebot3_gazebo//models/turtlebot3_autorace/traffic_parking/model.sdf
[1.215s] -- Up-to-date: /home/student/sjowmm_ws/install/turtlebot3_gazebo/share/turtlebot3_gazebo//models/turtlebot3_autorace/traffic_parking/model.config
[1.215s] -- Up-to-date: /home/student/sjowmm_ws/install/turtlebot3_gazebo/share/turtlebot3_gazebo//models/turtlebot3_autorace/traffic_parking/materials
[1.216s] -- Up-to-date: /home/student/sjowmm_ws/install/turtlebot3_gazebo/share/turtlebot3_gazebo//models/turtlebot3_autorace/traffic_parking/materials/textures
[1.216s] -- Up-to-date: /home/student/sjowmm_ws/install/turtlebot3_gazebo/share/turtlebot3_gazebo//models/turtlebot3_autorace/traffic_parking/materials/textures/traffic_parking.png
[1.217s] -- Up-to-date: /home/student/sjowmm_ws/install/turtlebot3_gazebo/share/turtlebot3_gazebo//models/turtlebot3_autorace/traffic_parking/materials/scripts
[1.217s] -- Up-to-date: /home/student/sjowmm_ws/install/turtlebot3_gazebo/share/turtlebot3_gazebo//models/turtlebot3_autorace/traffic_parking/materials/scripts/traffic_parking.material
[1.217s] -- Up-to-date: /home/student/sjowmm_ws/install/turtlebot3_gazebo/share/turtlebot3_gazebo//models/turtlebot3_autorace/traffic_bar_down
[1.218s] -- Up-to-date: /home/student/sjowmm_ws/install/turtlebot3_gazebo/share/turtlebot3_gazebo//models/turtlebot3_autorace/traffic_bar_down/model.sdf
[1.218s] -- Up-to-date: /home/student/sjowmm_ws/install/turtlebot3_gazebo/share/turtlebot3_gazebo//models/turtlebot3_autorace/traffic_bar_down/model.config
[1.218s] -- Up-to-date: /home/student/sjowmm_ws/install/turtlebot3_gazebo/share/turtlebot3_gazebo//models/turtlebot3_autorace/traffic_bar_down/materials
[1.218s] -- Up-to-date: /home/student/sjowmm_ws/install/turtlebot3_gazebo/share/turtlebot3_gazebo//models/turtlebot3_autorace/traffic_bar_down/materials/textures
[1.218s] -- Up-to-date: /home/student/sjowmm_ws/install/turtlebot3_gazebo/share/turtlebot3_gazebo//models/turtlebot3_autorace/traffic_bar_down/materials/textures/traffic_bar.png
[1.218s] -- Up-to-date: /home/student/sjowmm_ws/install/turtlebot3_gazebo/share/turtlebot3_gazebo//models/turtlebot3_autorace/traffic_bar_down/materials/scripts
[1.218s] -- Up-to-date: /home/student/sjowmm_ws/install/turtlebot3_gazebo/share/turtlebot3_gazebo//models/turtlebot3_autorace/traffic_bar_down/materials/scripts/traffic_bar.material
[1.218s] -- Up-to-date: /home/student/sjowmm_ws/install/turtlebot3_gazebo/share/turtlebot3_gazebo//models/turtlebot3_autorace/traffic_tunnel
[1.218s] -- Up-to-date: /home/student/sjowmm_ws/install/turtlebot3_gazebo/share/turtlebot3_gazebo//models/turtlebot3_autorace/traffic_tunnel/model.sdf
[1.218s] -- Up-to-date: /home/student/sjowmm_ws/install/turtlebot3_gazebo/share/turtlebot3_gazebo//models/turtlebot3_autorace/traffic_tunnel/model.config
[1.219s] -- Up-to-date: /home/student/sjowmm_ws/install/turtlebot3_gazebo/share/turtlebot3_gazebo//models/turtlebot3_autorace/traffic_tunnel/materials
[1.219s] -- Up-to-date: /home/student/sjowmm_ws/install/turtlebot3_gazebo/share/turtlebot3_gazebo//models/turtlebot3_autorace/traffic_tunnel/materials/textures
[1.219s] -- Up-to-date: /home/student/sjowmm_ws/install/turtlebot3_gazebo/share/turtlebot3_gazebo//models/turtlebot3_autorace/traffic_tunnel/materials/textures/tunnel.png
[1.219s] -- Up-to-date: /home/student/sjowmm_ws/install/turtlebot3_gazebo/share/turtlebot3_gazebo//models/turtlebot3_autorace/traffic_tunnel/materials/scripts
[1.219s] -- Up-to-date: /home/student/sjowmm_ws/install/turtlebot3_gazebo/share/turtlebot3_gazebo//models/turtlebot3_autorace/traffic_tunnel/materials/scripts/tunnel.material
[1.219s] -- Up-to-date: /home/student/sjowmm_ws/install/turtlebot3_gazebo/share/turtlebot3_gazebo//models/turtlebot3_autorace/ground
[1.219s] -- Up-to-date: /home/student/sjowmm_ws/install/turtlebot3_gazebo/share/turtlebot3_gazebo//models/turtlebot3_autorace/ground/model.sdf
[1.219s] -- Up-to-date: /home/student/sjowmm_ws/install/turtlebot3_gazebo/share/turtlebot3_gazebo//models/turtlebot3_autorace/ground/model.config
[1.220s] -- Up-to-date: /home/student/sjowmm_ws/install/turtlebot3_gazebo/share/turtlebot3_gazebo//models/turtlebot3_autorace/model.config
[1.220s] -- Up-to-date: /home/student/sjowmm_ws/install/turtlebot3_gazebo/share/turtlebot3_gazebo//models/turtlebot3_autorace/traffic_light_red
[1.220s] -- Up-to-date: /home/student/sjowmm_ws/install/turtlebot3_gazebo/share/turtlebot3_gazebo//models/turtlebot3_autorace/traffic_light_red/model.sdf
[1.220s] -- Up-to-date: /home/student/sjowmm_ws/install/turtlebot3_gazebo/share/turtlebot3_gazebo//models/turtlebot3_autorace/traffic_light_red/model.config
[1.220s] -- Up-to-date: /home/student/sjowmm_ws/install/turtlebot3_gazebo/share/turtlebot3_gazebo//models/turtlebot3_autorace/traffic_stop
[1.220s] -- Up-to-date: /home/student/sjowmm_ws/install/turtlebot3_gazebo/share/turtlebot3_gazebo//models/turtlebot3_autorace/traffic_stop/model.sdf
[1.220s] -- Up-to-date: /home/student/sjowmm_ws/install/turtlebot3_gazebo/share/turtlebot3_gazebo//models/turtlebot3_autorace/traffic_stop/model.config
[1.220s] -- Up-to-date: /home/student/sjowmm_ws/install/turtlebot3_gazebo/share/turtlebot3_gazebo//models/turtlebot3_autorace/traffic_stop/materials
[1.220s] -- Up-to-date: /home/student/sjowmm_ws/install/turtlebot3_gazebo/share/turtlebot3_gazebo//models/turtlebot3_autorace/traffic_stop/materials/textures
[1.223s] -- Up-to-date: /home/student/sjowmm_ws/install/turtlebot3_gazebo/share/turtlebot3_gazebo//models/turtlebot3_autorace/traffic_stop/materials/textures/traffic_stop.png
[1.223s] -- Up-to-date: /home/student/sjowmm_ws/install/turtlebot3_gazebo/share/turtlebot3_gazebo//models/turtlebot3_autorace/traffic_stop/materials/scripts
[1.223s] -- Up-to-date: /home/student/sjowmm_ws/install/turtlebot3_gazebo/share/turtlebot3_gazebo//models/turtlebot3_autorace/traffic_stop/materials/scripts/traffic_stop.material
[1.224s] -- Up-to-date: /home/student/sjowmm_ws/install/turtlebot3_gazebo/share/turtlebot3_gazebo//models/turtlebot3_autorace/course
[1.224s] -- Up-to-date: /home/student/sjowmm_ws/install/turtlebot3_gazebo/share/turtlebot3_gazebo//models/turtlebot3_autorace/course/model.sdf
[1.224s] -- Up-to-date: /home/student/sjowmm_ws/install/turtlebot3_gazebo/share/turtlebot3_gazebo//models/turtlebot3_autorace/course/model.config
[1.225s] -- Up-to-date: /home/student/sjowmm_ws/install/turtlebot3_gazebo/share/turtlebot3_gazebo//models/turtlebot3_autorace/course/materials
[1.225s] -- Up-to-date: /home/student/sjowmm_ws/install/turtlebot3_gazebo/share/turtlebot3_gazebo//models/turtlebot3_autorace/course/materials/textures
[1.225s] -- Up-to-date: /home/student/sjowmm_ws/install/turtlebot3_gazebo/share/turtlebot3_gazebo//models/turtlebot3_autorace/course/materials/textures/course.png
[1.225s] -- Up-to-date: /home/student/sjowmm_ws/install/turtlebot3_gazebo/share/turtlebot3_gazebo//models/turtlebot3_autorace/course/materials/scripts
[1.226s] -- Up-to-date: /home/student/sjowmm_ws/install/turtlebot3_gazebo/share/turtlebot3_gazebo//models/turtlebot3_autorace/course/materials/scripts/course.material
[1.226s] -- Up-to-date: /home/student/sjowmm_ws/install/turtlebot3_gazebo/share/turtlebot3_gazebo//models/turtlebot3_autorace/traffic_light_yellow
[1.226s] -- Up-to-date: /home/student/sjowmm_ws/install/turtlebot3_gazebo/share/turtlebot3_gazebo//models/turtlebot3_autorace/traffic_light_yellow/model.sdf
[1.226s] -- Up-to-date: /home/student/sjowmm_ws/install/turtlebot3_gazebo/share/turtlebot3_gazebo//models/turtlebot3_autorace/traffic_light_yellow/model.config
[1.227s] -- Up-to-date: /home/student/sjowmm_ws/install/turtlebot3_gazebo/share/turtlebot3_gazebo//models/turtlebot3_autorace/traffic_bar_up
[1.227s] -- Up-to-date: /home/student/sjowmm_ws/install/turtlebot3_gazebo/share/turtlebot3_gazebo//models/turtlebot3_autorace/traffic_bar_up/model.sdf
[1.227s] -- Up-to-date: /home/student/sjowmm_ws/install/turtlebot3_gazebo/share/turtlebot3_gazebo//models/turtlebot3_autorace/traffic_bar_up/model.config
[1.227s] -- Up-to-date: /home/student/sjowmm_ws/install/turtlebot3_gazebo/share/turtlebot3_gazebo//models/turtlebot3_autorace/traffic_bar_up/materials
[1.227s] -- Up-to-date: /home/student/sjowmm_ws/install/turtlebot3_gazebo/share/turtlebot3_gazebo//models/turtlebot3_autorace/traffic_bar_up/materials/textures
[1.227s] -- Up-to-date: /home/student/sjowmm_ws/install/turtlebot3_gazebo/share/turtlebot3_gazebo//models/turtlebot3_autorace/traffic_bar_up/materials/textures/traffic_bar.png
[1.227s] -- Up-to-date: /home/student/sjowmm_ws/install/turtlebot3_gazebo/share/turtlebot3_gazebo//models/turtlebot3_autorace/traffic_bar_up/materials/scripts
[1.227s] -- Up-to-date: /home/student/sjowmm_ws/install/turtlebot3_gazebo/share/turtlebot3_gazebo//models/turtlebot3_autorace/traffic_bar_up/materials/scripts/traffic_bar.material
[1.227s] -- Up-to-date: /home/student/sjowmm_ws/install/turtlebot3_gazebo/share/turtlebot3_gazebo//models/turtlebot3_autorace/tunnel_obstacles
[1.227s] -- Up-to-date: /home/student/sjowmm_ws/install/turtlebot3_gazebo/share/turtlebot3_gazebo//models/turtlebot3_autorace/tunnel_obstacles/model.sdf
[1.227s] -- Up-to-date: /home/student/sjowmm_ws/install/turtlebot3_gazebo/share/turtlebot3_gazebo//models/turtlebot3_autorace/tunnel_obstacles/model.config
[1.227s] -- Up-to-date: /home/student/sjowmm_ws/install/turtlebot3_gazebo/share/turtlebot3_gazebo//models/turtlebot3_autorace/traffic_light_green
[1.227s] -- Up-to-date: /home/student/sjowmm_ws/install/turtlebot3_gazebo/share/turtlebot3_gazebo//models/turtlebot3_autorace/traffic_light_green/model.sdf
[1.228s] -- Up-to-date: /home/student/sjowmm_ws/install/turtlebot3_gazebo/share/turtlebot3_gazebo//models/turtlebot3_autorace/traffic_light_green/model.config
[1.228s] -- Up-to-date: /home/student/sjowmm_ws/install/turtlebot3_gazebo/share/turtlebot3_gazebo//rviz
[1.228s] -- Up-to-date: /home/student/sjowmm_ws/install/turtlebot3_gazebo/share/turtlebot3_gazebo//rviz/tb3_gazebo.rviz
[1.228s] -- Up-to-date: /home/student/sjowmm_ws/install/turtlebot3_gazebo/share/turtlebot3_gazebo//worlds
[1.228s] -- Up-to-date: /home/student/sjowmm_ws/install/turtlebot3_gazebo/share/turtlebot3_gazebo//worlds/turtlebot3_dqn_stage3
[1.228s] -- Up-to-date: /home/student/sjowmm_ws/install/turtlebot3_gazebo/share/turtlebot3_gazebo//worlds/turtlebot3_dqn_stage3/burger.model
[1.228s] -- Up-to-date: /home/student/sjowmm_ws/install/turtlebot3_gazebo/share/turtlebot3_gazebo//worlds/turtlebot3_dqn_stage3/waffle_pi.model
[1.228s] -- Up-to-date: /home/student/sjowmm_ws/install/turtlebot3_gazebo/share/turtlebot3_gazebo//worlds/turtlebot3_dqn_stage3/waffle.model
[1.228s] -- Up-to-date: /home/student/sjowmm_ws/install/turtlebot3_gazebo/share/turtlebot3_gazebo//worlds/turtlebot3_dqn_stage4
[1.228s] -- Up-to-date: /home/student/sjowmm_ws/install/turtlebot3_gazebo/share/turtlebot3_gazebo//worlds/turtlebot3_dqn_stage4/burger.model
[1.228s] -- Up-to-date: /home/student/sjowmm_ws/install/turtlebot3_gazebo/share/turtlebot3_gazebo//worlds/turtlebot3_dqn_stage4/waffle_pi.model
[1.228s] -- Up-to-date: /home/student/sjowmm_ws/install/turtlebot3_gazebo/share/turtlebot3_gazebo//worlds/turtlebot3_dqn_stage4/waffle.model
[1.228s] -- Up-to-date: /home/student/sjowmm_ws/install/turtlebot3_gazebo/share/turtlebot3_gazebo//worlds/turtlebot3_worlds
[1.228s] -- Up-to-date: /home/student/sjowmm_ws/install/turtlebot3_gazebo/share/turtlebot3_gazebo//worlds/turtlebot3_worlds/burger.model
[1.228s] -- Up-to-date: /home/student/sjowmm_ws/install/turtlebot3_gazebo/share/turtlebot3_gazebo//worlds/turtlebot3_worlds/waffle_pi.model
[1.228s] -- Up-to-date: /home/student/sjowmm_ws/install/turtlebot3_gazebo/share/turtlebot3_gazebo//worlds/turtlebot3_worlds/waffle.model
[1.229s] -- Up-to-date: /home/student/sjowmm_ws/install/turtlebot3_gazebo/share/turtlebot3_gazebo//worlds/turtlebot3_dqn_stage2
[1.229s] -- Up-to-date: /home/student/sjowmm_ws/install/turtlebot3_gazebo/share/turtlebot3_gazebo//worlds/turtlebot3_dqn_stage2/burger.model
[1.229s] -- Up-to-date: /home/student/sjowmm_ws/install/turtlebot3_gazebo/share/turtlebot3_gazebo//worlds/turtlebot3_dqn_stage2/waffle_pi.model
[1.229s] -- Up-to-date: /home/student/sjowmm_ws/install/turtlebot3_gazebo/share/turtlebot3_gazebo//worlds/turtlebot3_dqn_stage2/waffle.model
[1.229s] -- Up-to-date: /home/student/sjowmm_ws/install/turtlebot3_gazebo/share/turtlebot3_gazebo//worlds/turtlebot3_houses
[1.229s] -- Up-to-date: /home/student/sjowmm_ws/install/turtlebot3_gazebo/share/turtlebot3_gazebo//worlds/turtlebot3_houses/burger.model
[1.229s] -- Up-to-date: /home/student/sjowmm_ws/install/turtlebot3_gazebo/share/turtlebot3_gazebo//worlds/turtlebot3_houses/waffle_pi.model
[1.229s] -- Up-to-date: /home/student/sjowmm_ws/install/turtlebot3_gazebo/share/turtlebot3_gazebo//worlds/turtlebot3_houses/waffle.model
[1.229s] -- Up-to-date: /home/student/sjowmm_ws/install/turtlebot3_gazebo/share/turtlebot3_gazebo//worlds/turtlebot3_dqn_stage1
[1.229s] -- Up-to-date: /home/student/sjowmm_ws/install/turtlebot3_gazebo/share/turtlebot3_gazebo//worlds/turtlebot3_dqn_stage1/burger.model
[1.229s] -- Up-to-date: /home/student/sjowmm_ws/install/turtlebot3_gazebo/share/turtlebot3_gazebo//worlds/turtlebot3_dqn_stage1/waffle_pi.model
[1.229s] -- Up-to-date: /home/student/sjowmm_ws/install/turtlebot3_gazebo/share/turtlebot3_gazebo//worlds/turtlebot3_dqn_stage1/waffle.model
[1.229s] -- Up-to-date: /home/student/sjowmm_ws/install/turtlebot3_gazebo/share/turtlebot3_gazebo//worlds/turtlebot3_autoraces
[1.229s] -- Up-to-date: /home/student/sjowmm_ws/install/turtlebot3_gazebo/share/turtlebot3_gazebo//worlds/turtlebot3_autoraces/burger.model
[1.229s] -- Up-to-date: /home/student/sjowmm_ws/install/turtlebot3_gazebo/share/turtlebot3_gazebo//worlds/turtlebot3_autoraces/waffle_pi.model
[1.230s] -- Up-to-date: /home/student/sjowmm_ws/install/turtlebot3_gazebo/share/turtlebot3_gazebo//worlds/turtlebot3_autoraces/waffle.model
[1.230s] -- Up-to-date: /home/student/sjowmm_ws/install/turtlebot3_gazebo/share/turtlebot3_gazebo//worlds/empty_worlds
[1.230s] -- Up-to-date: /home/student/sjowmm_ws/install/turtlebot3_gazebo/share/turtlebot3_gazebo//worlds/empty_worlds/burger.model
[1.230s] -- Up-to-date: /home/student/sjowmm_ws/install/turtlebot3_gazebo/share/turtlebot3_gazebo//worlds/empty_worlds/waffle_pi.model
[1.230s] -- Up-to-date: /home/student/sjowmm_ws/install/turtlebot3_gazebo/share/turtlebot3_gazebo//worlds/empty_worlds/waffle.model
[1.230s] -- Up-to-date: /home/student/sjowmm_ws/install/turtlebot3_gazebo/include/
[1.230s] -- Up-to-date: /home/student/sjowmm_ws/install/turtlebot3_gazebo/include//turtlebot3_gazebo
[1.230s] -- Up-to-date: /home/student/sjowmm_ws/install/turtlebot3_gazebo/include//turtlebot3_gazebo/turtlebot3_drive.hpp
[1.230s] -- Up-to-date: /home/student/sjowmm_ws/install/turtlebot3_gazebo/share/ament_index/resource_index/package_run_dependencies/turtlebot3_gazebo
[1.230s] -- Up-to-date: /home/student/sjowmm_ws/install/turtlebot3_gazebo/share/ament_index/resource_index/parent_prefix_path/turtlebot3_gazebo
[1.230s] -- Up-to-date: /home/student/sjowmm_ws/install/turtlebot3_gazebo/share/turtlebot3_gazebo/environment/ament_prefix_path.sh
[1.230s] -- Up-to-date: /home/student/sjowmm_ws/install/turtlebot3_gazebo/share/turtlebot3_gazebo/environment/ament_prefix_path.dsv
[1.230s] -- Up-to-date: /home/student/sjowmm_ws/install/turtlebot3_gazebo/share/turtlebot3_gazebo/environment/path.sh
[1.230s] -- Up-to-date: /home/student/sjowmm_ws/install/turtlebot3_gazebo/share/turtlebot3_gazebo/environment/path.dsv
[1.231s] -- Up-to-date: /home/student/sjowmm_ws/install/turtlebot3_gazebo/share/turtlebot3_gazebo/local_setup.bash
[1.231s] -- Up-to-date: /home/student/sjowmm_ws/install/turtlebot3_gazebo/share/turtlebot3_gazebo/local_setup.sh
[1.231s] -- Up-to-date: /home/student/sjowmm_ws/install/turtlebot3_gazebo/share/turtlebot3_gazebo/local_setup.zsh
[1.231s] -- Up-to-date: /home/student/sjowmm_ws/install/turtlebot3_gazebo/share/turtlebot3_gazebo/local_setup.dsv
[1.231s] -- Installing: /home/student/sjowmm_ws/install/turtlebot3_gazebo/share/turtlebot3_gazebo/package.dsv
[1.231s] -- Up-to-date: /home/student/sjowmm_ws/install/turtlebot3_gazebo/share/ament_index/resource_index/packages/turtlebot3_gazebo
[1.231s] -- Up-to-date: /home/student/sjowmm_ws/install/turtlebot3_gazebo/share/turtlebot3_gazebo/cmake/ament_cmake_export_include_directories-extras.cmake
[1.231s] -- Up-to-date: /home/student/sjowmm_ws/install/turtlebot3_gazebo/share/turtlebot3_gazebo/cmake/ament_cmake_export_dependencies-extras.cmake
[1.231s] -- Up-to-date: /home/student/sjowmm_ws/install/turtlebot3_gazebo/share/turtlebot3_gazebo/cmake/turtlebot3_gazeboConfig.cmake
[1.231s] -- Up-to-date: /home/student/sjowmm_ws/install/turtlebot3_gazebo/share/turtlebot3_gazebo/cmake/turtlebot3_gazeboConfig-version.cmake
[1.231s] -- Up-to-date: /home/student/sjowmm_ws/install/turtlebot3_gazebo/share/turtlebot3_gazebo/package.xml
[1.231s] Invoked command in '/home/student/sjowmm_ws/build/turtlebot3_gazebo' returned '0': CMAKE_PREFIX_PATH=/home/student/sjowmm_ws/install/turtlebot3_description:/home/student/sjowmm_ws/install/turtlebot3:/home/student/sjowmm_ws/install/turtlebot3_simulations:/home/student/sjowmm_ws/install/turtlebot3_bringup:/home/student/sjowmm_ws/install/turtlebot3_node:/home/student/sjowmm_ws/install/turtlebot3_navigation2:/home/student/sjowmm_ws/install/turtlebot3_gazebo:/home/student/sjowmm_ws/install/turtlebot3_fake_node:/home/student/sjowmm_ws/install/turtlebot3_cartographer:/home/student/sjowmm_ws/install/nav2_system_tests:/home/student/sjowmm_ws/install/nav2_bringup:/home/student/sjowmm_ws/install/navigation2:/home/student/sjowmm_ws/install/smac_planner:/home/student/sjowmm_ws/install/nav2_dwb_controller:/home/student/sjowmm_ws/install/nav2_controller:/home/student/sjowmm_ws/install/dwb_plugins:/home/student/sjowmm_ws/install/dwb_critics:/home/student/sjowmm_ws/install/dwb_core:/home/student/sjowmm_ws/install/nav_2d_utils:/home/student/sjowmm_ws/install/dwb_msgs:/home/student/sjowmm_ws/install/nav_2d_msgs:/home/student/sjowmm_ws/install/nav2_waypoint_follower:/home/student/sjowmm_ws/install/nav2_regulated_pure_pursuit_controller:/home/student/sjowmm_ws/install/nav2_recoveries:/home/student/sjowmm_ws/install/nav2_planner:/home/student/sjowmm_ws/install/nav2_navfn_planner:/home/student/sjowmm_ws/install/nav2_core:/home/student/sjowmm_ws/install/costmap_queue:/home/student/sjowmm_ws/install/nav2_costmap_2d:/home/student/sjowmm_ws/install/nav2_voxel_grid:/home/student/sjowmm_ws/install/nav2_rviz_plugins:/home/student/sjowmm_ws/install/nav2_map_server:/home/student/sjowmm_ws/install/nav2_lifecycle_manager:/home/student/sjowmm_ws/install/nav2_bt_navigator:/home/student/sjowmm_ws/install/nav2_behavior_tree:/home/student/sjowmm_ws/install/nav2_amcl:/home/student/sjowmm_ws/install/nav2_util:/home/student/sjowmm_ws/install/nav2_msgs:/home/student/sjowmm_ws/install/nav2_common:/home/student/sjowmm_ws/install/turtlebot3_teleop:/home/student/sjowmm_ws/install/turtlebot3_example:/home/student/sjowmm_ws/install/simulation:/home/student/sjowmm_ws/install/path_projection:/home/student/sjowmm_ws/install/nav2_gazebo_spawner:/home/student/sjowmm_ws/install/green_turtle:/home/student/sjowmm_ws/install/dede:/opt/ros/foxy /usr/bin/cmake --install /home/student/sjowmm_ws/build/turtlebot3_gazebo
