[0.691s] Invoking command in '/home/student/sjowmm_ws/src/simulation': PYTHONPATH=/home/student/sjowmm_ws/install/simulation/lib/python3.8/site-packages:${PYTHONPATH} /usr/bin/python3 setup.py egg_info --egg-base ../../build/simulation build --build-base /home/student/sjowmm_ws/build/simulation/build install --prefix /home/student/sjowmm_ws/install/simulation --record /home/student/sjowmm_ws/build/simulation/install.log --single-version-externally-managed
[0.917s] running egg_info
[0.918s] writing ../../build/simulation/simulation.egg-info/PKG-INFO
[0.919s] writing dependency_links to ../../build/simulation/simulation.egg-info/dependency_links.txt
[0.919s] writing entry points to ../../build/simulation/simulation.egg-info/entry_points.txt
[0.919s] writing requirements to ../../build/simulation/simulation.egg-info/requires.txt
[0.919s] writing top-level names to ../../build/simulation/simulation.egg-info/top_level.txt
[0.970s] reading manifest file '../../build/simulation/simulation.egg-info/SOURCES.txt'
[0.972s] writing manifest file '../../build/simulation/simulation.egg-info/SOURCES.txt'
[0.973s] running build
[0.974s] running build_py
[0.977s] running install
[0.978s] running install_lib
[0.980s] running install_data
[0.984s] running install_egg_info
[0.985s] removing '/home/student/sjowmm_ws/install/simulation/lib/python3.8/site-packages/simulation-0.0.0-py3.8.egg-info' (and everything under it)
[0.985s] Copying ../../build/simulation/simulation.egg-info to /home/student/sjowmm_ws/install/simulation/lib/python3.8/site-packages/simulation-0.0.0-py3.8.egg-info
[0.986s] running install_scripts
[1.011s] Installing readMapData script to /home/student/sjowmm_ws/install/simulation/lib/simulation
[1.011s] Installing spawn_robot_srv script to /home/student/sjowmm_ws/install/simulation/lib/simulation
[1.011s] writing list of installed files to '/home/student/sjowmm_ws/build/simulation/install.log'
[1.061s] Invoked command in '/home/student/sjowmm_ws/src/simulation' returned '0': PYTHONPATH=/home/student/sjowmm_ws/install/simulation/lib/python3.8/site-packages:${PYTHONPATH} /usr/bin/python3 setup.py egg_info --egg-base ../../build/simulation build --build-base /home/student/sjowmm_ws/build/simulation/build install --prefix /home/student/sjowmm_ws/install/simulation --record /home/student/sjowmm_ws/build/simulation/install.log --single-version-externally-managed
