[0.051s] Invoking command in '/home/student/sjowmm_ws/build/nav2_amcl': AMENT_PREFIX_PATH=/home/student/sjowmm_ws/install/nav2_util:/home/student/sjowmm_ws/install/nav2_msgs:/home/student/sjowmm_ws/install/nav2_common:${AMENT_PREFIX_PATH} CMAKE_PREFIX_PATH=/home/student/sjowmm_ws/install/nav2_util:/home/student/sjowmm_ws/install/nav2_msgs:/home/student/sjowmm_ws/install/nav2_common:/home/student/sjowmm_ws/install/simulation:/home/student/sjowmm_ws/install/dede:/opt/ros/foxy LD_LIBRARY_PATH=/home/student/sjowmm_ws/install/nav2_util/lib:/home/student/sjowmm_ws/install/nav2_msgs/lib:${LD_LIBRARY_PATH} PYTHONPATH=/home/student/sjowmm_ws/install/nav2_msgs/lib/python3.8/site-packages:/home/student/sjowmm_ws/install/nav2_common/lib/python3.8/site-packages:${PYTHONPATH} /usr/bin/cmake /home/student/sjowmm_ws/src/navigation2/nav2_amcl -DCMAKE_INSTALL_PREFIX=/home/student/sjowmm_ws/install/nav2_amcl
[0.169s] -- The C compiler identification is GNU 9.4.0
[0.291s] -- The CXX compiler identification is GNU 9.4.0
[0.299s] -- Check for working C compiler: /usr/bin/cc
[0.446s] -- Check for working C compiler: /usr/bin/cc -- works
[0.448s] -- Detecting C compiler ABI info
[0.590s] -- Detecting C compiler ABI info - done
[0.612s] -- Detecting C compile features
[0.612s] -- Detecting C compile features - done
[0.618s] -- Check for working CXX compiler: /usr/bin/c++
[0.777s] -- Check for working CXX compiler: /usr/bin/c++ -- works
[0.779s] -- Detecting CXX compiler ABI info
[0.934s] -- Detecting CXX compiler ABI info - done
[0.955s] -- Detecting CXX compile features
[0.956s] -- Detecting CXX compile features - done
[0.959s] -- Found ament_cmake: 0.9.8 (/opt/ros/foxy/share/ament_cmake/cmake)
[1.015s] -- Found PythonInterp: /usr/bin/python3 (found suitable version "3.8.10", minimum required is "3") 
[1.015s] -- Using PYTHON_EXECUTABLE: /usr/bin/python3
[1.365s] -- Found nav2_common: 0.4.7 (/home/student/sjowmm_ws/install/nav2_common/share/nav2_common/cmake)
[1.367s] -- Found rclcpp: 2.3.0 (/opt/ros/foxy/share/rclcpp/cmake)
[1.436s] -- Using all available rosidl_typesupport_c: rosidl_typesupport_fastrtps_c;rosidl_typesupport_introspection_c
[1.445s] -- Found rosidl_adapter: 1.2.0 (/opt/ros/foxy/share/rosidl_adapter/cmake)
[1.579s] -- Found OpenSSL: /usr/lib/x86_64-linux-gnu/libcrypto.so (found version "1.1.1f")  
[1.634s] -- Found FastRTPS: /opt/ros/foxy/include  
[1.757s] -- Using all available rosidl_typesupport_cpp: rosidl_typesupport_fastrtps_cpp;rosidl_typesupport_introspection_cpp
[1.841s] -- Found rmw_implementation_cmake: 1.0.2 (/opt/ros/foxy/share/rmw_implementation_cmake/cmake)
[1.844s] -- Using RMW implementation 'rmw_fastrtps_cpp' as default
[1.846s] -- Looking for pthread.h
[1.962s] -- Looking for pthread.h - found
[1.964s] -- Performing Test CMAKE_HAVE_LIBC_PTHREAD
[2.079s] -- Performing Test CMAKE_HAVE_LIBC_PTHREAD - Failed
[2.080s] -- Looking for pthread_create in pthreads
[2.166s] -- Looking for pthread_create in pthreads - not found
[2.166s] -- Looking for pthread_create in pthread
[2.263s] -- Looking for pthread_create in pthread - found
[2.267s] -- Found Threads: TRUE  
[2.487s] -- Found rclcpp_lifecycle: 2.3.0 (/opt/ros/foxy/share/rclcpp_lifecycle/cmake)
[2.527s] -- Found message_filters: 3.2.5 (/opt/ros/foxy/share/message_filters/cmake)
[2.533s] -- Found tf2_geometry_msgs: 0.13.9 (/opt/ros/foxy/share/tf2_geometry_msgs/cmake)
[2.616s] -- Found eigen3_cmake_module: 0.1.1 (/opt/ros/foxy/share/eigen3_cmake_module/cmake)
[2.621s] -- Found Eigen3: TRUE (found version "3.3.7") 
[3.173s] -- Found nav_msgs: 2.0.3 (/opt/ros/foxy/share/nav_msgs/cmake)
[3.256s] -- Found sensor_msgs: 2.0.3 (/opt/ros/foxy/share/sensor_msgs/cmake)
[3.346s] -- Found std_srvs: 2.0.3 (/opt/ros/foxy/share/std_srvs/cmake)
[3.357s] -- Found nav2_util: 0.4.7 (/home/student/sjowmm_ws/install/nav2_util/share/nav2_util/cmake)
[3.878s] -- Setting build type to Release as none was specified.
[3.879s] -- Looking for drand48
[3.975s] -- Looking for drand48 - found
[5.227s] -- Found ament_lint_auto: 0.9.6 (/opt/ros/foxy/share/ament_lint_auto/cmake)
[5.417s] -- Added test 'cppcheck' to perform static code analysis on C / C++ code
[5.417s] -- Configured cppcheck include dirs: /home/student/sjowmm_ws/src/navigation2/nav2_amcl/include;/home/student/sjowmm_ws/src/navigation2/nav2_amcl/src/include
[5.417s] -- Configured cppcheck exclude dirs and/or files: 
[5.420s] -- Added test 'lint_cmake' to check CMake code style
[5.424s] -- Added test 'uncrustify' to check C / C++ code style
[5.424s] -- Configured uncrustify additional arguments: 
[5.426s] -- Added test 'xmllint' to check XML markup files
[5.438s] -- Configuring done
[5.668s] -- Generating done
[5.675s] -- Build files have been written to: /home/student/sjowmm_ws/build/nav2_amcl
[5.722s] Invoked command in '/home/student/sjowmm_ws/build/nav2_amcl' returned '0': AMENT_PREFIX_PATH=/home/student/sjowmm_ws/install/nav2_util:/home/student/sjowmm_ws/install/nav2_msgs:/home/student/sjowmm_ws/install/nav2_common:${AMENT_PREFIX_PATH} CMAKE_PREFIX_PATH=/home/student/sjowmm_ws/install/nav2_util:/home/student/sjowmm_ws/install/nav2_msgs:/home/student/sjowmm_ws/install/nav2_common:/home/student/sjowmm_ws/install/simulation:/home/student/sjowmm_ws/install/dede:/opt/ros/foxy LD_LIBRARY_PATH=/home/student/sjowmm_ws/install/nav2_util/lib:/home/student/sjowmm_ws/install/nav2_msgs/lib:${LD_LIBRARY_PATH} PYTHONPATH=/home/student/sjowmm_ws/install/nav2_msgs/lib/python3.8/site-packages:/home/student/sjowmm_ws/install/nav2_common/lib/python3.8/site-packages:${PYTHONPATH} /usr/bin/cmake /home/student/sjowmm_ws/src/navigation2/nav2_amcl -DCMAKE_INSTALL_PREFIX=/home/student/sjowmm_ws/install/nav2_amcl
[5.729s] Invoking command in '/home/student/sjowmm_ws/build/nav2_amcl': AMENT_PREFIX_PATH=/home/student/sjowmm_ws/install/nav2_util:/home/student/sjowmm_ws/install/nav2_msgs:/home/student/sjowmm_ws/install/nav2_common:${AMENT_PREFIX_PATH} CMAKE_PREFIX_PATH=/home/student/sjowmm_ws/install/nav2_util:/home/student/sjowmm_ws/install/nav2_msgs:/home/student/sjowmm_ws/install/nav2_common:/home/student/sjowmm_ws/install/simulation:/home/student/sjowmm_ws/install/dede:/opt/ros/foxy LD_LIBRARY_PATH=/home/student/sjowmm_ws/install/nav2_util/lib:/home/student/sjowmm_ws/install/nav2_msgs/lib:${LD_LIBRARY_PATH} PYTHONPATH=/home/student/sjowmm_ws/install/nav2_msgs/lib/python3.8/site-packages:/home/student/sjowmm_ws/install/nav2_common/lib/python3.8/site-packages:${PYTHONPATH} /usr/bin/cmake --build /home/student/sjowmm_ws/build/nav2_amcl -- -j12 -l12
[5.884s] [35m[1mScanning dependencies of target pf_lib[0m
[5.894s] [35m[1mScanning dependencies of target map_lib[0m
[5.922s] [  3%] [32mBuilding C object src/pf/CMakeFiles/pf_lib.dir/pf_kdtree.c.o[0m
[5.926s] [  7%] [32mBuilding C object src/pf/CMakeFiles/pf_lib.dir/pf.c.o[0m
[5.934s] [ 11%] [32mBuilding C object src/pf/CMakeFiles/pf_lib.dir/eig3.c.o[0m
[5.939s] [ 15%] [32mBuilding C object src/pf/CMakeFiles/pf_lib.dir/pf_draw.c.o[0m
[5.939s] [ 19%] [32mBuilding C object src/pf/CMakeFiles/pf_lib.dir/pf_vector.c.o[0m
[5.951s] [ 23%] [32mBuilding C object src/pf/CMakeFiles/pf_lib.dir/pf_pdf.c.o[0m
[6.003s] [ 26%] [32mBuilding C object src/map/CMakeFiles/map_lib.dir/map_range.c.o[0m
[6.010s] [ 30%] [32mBuilding C object src/map/CMakeFiles/map_lib.dir/map.c.o[0m
[6.020s] [ 34%] [32mBuilding C object src/map/CMakeFiles/map_lib.dir/map_store.c.o[0m
[6.042s] [ 38%] [32mBuilding CXX object src/map/CMakeFiles/map_lib.dir/map_cspace.cpp.o[0m
[6.042s] [ 42%] [32mBuilding C object src/map/CMakeFiles/map_lib.dir/map_draw.c.o[0m
[6.742s] [ 46%] [32m[1mLinking C shared library libpf_lib.so[0m
[6.955s] [ 46%] Built target pf_lib
[6.960s] [ 50%] [32m[1mLinking CXX shared library libmap_lib.so[0m
[7.033s] [35m[1mScanning dependencies of target motions_lib[0m
[7.078s] [ 53%] [32mBuilding CXX object src/motion_model/CMakeFiles/motions_lib.dir/omni_motion_model.cpp.o[0m
[7.101s] [ 57%] [32mBuilding CXX object src/motion_model/CMakeFiles/motions_lib.dir/differential_motion_model.cpp.o[0m
[7.124s] [ 61%] [32mBuilding CXX object src/motion_model/CMakeFiles/motions_lib.dir/motion_model.cpp.o[0m
[7.302s] [ 61%] Built target map_lib
[7.391s] [35m[1mScanning dependencies of target sensors_lib[0m
[7.467s] [ 65%] [32mBuilding CXX object src/sensors/CMakeFiles/sensors_lib.dir/laser/laser.cpp.o[0m
[7.497s] [ 73%] [32mBuilding CXX object src/sensors/CMakeFiles/sensors_lib.dir/laser/likelihood_field_model.cpp.o[0m
[7.497s] [ 73%] [32mBuilding CXX object src/sensors/CMakeFiles/sensors_lib.dir/laser/beam_model.cpp.o[0m
[7.510s] [ 76%] [32mBuilding CXX object src/sensors/CMakeFiles/sensors_lib.dir/laser/likelihood_field_model_prob.cpp.o[0m
[8.109s] [ 80%] [32m[1mLinking CXX shared library libmotions_lib.so[0m
[8.562s] [ 84%] [32m[1mLinking CXX shared library libsensors_lib.so[0m
[8.632s] [ 84%] Built target motions_lib
[8.836s] [ 84%] Built target sensors_lib
[8.863s] [35m[1mScanning dependencies of target amcl_core[0m
[8.993s] [ 88%] [32mBuilding CXX object CMakeFiles/amcl_core.dir/src/amcl_node.cpp.o[0m
[61.165s] [ 92%] [32m[1mLinking CXX shared library libamcl_core.so[0m
[62.032s] [ 92%] Built target amcl_core
[62.052s] [35m[1mScanning dependencies of target amcl[0m
[62.110s] [ 96%] [32mBuilding CXX object CMakeFiles/amcl.dir/src/main.cpp.o[0m
[66.212s] [100%] [32m[1mLinking CXX executable amcl[0m
[66.680s] [100%] Built target amcl
[66.706s] Invoked command in '/home/student/sjowmm_ws/build/nav2_amcl' returned '0': AMENT_PREFIX_PATH=/home/student/sjowmm_ws/install/nav2_util:/home/student/sjowmm_ws/install/nav2_msgs:/home/student/sjowmm_ws/install/nav2_common:${AMENT_PREFIX_PATH} CMAKE_PREFIX_PATH=/home/student/sjowmm_ws/install/nav2_util:/home/student/sjowmm_ws/install/nav2_msgs:/home/student/sjowmm_ws/install/nav2_common:/home/student/sjowmm_ws/install/simulation:/home/student/sjowmm_ws/install/dede:/opt/ros/foxy LD_LIBRARY_PATH=/home/student/sjowmm_ws/install/nav2_util/lib:/home/student/sjowmm_ws/install/nav2_msgs/lib:${LD_LIBRARY_PATH} PYTHONPATH=/home/student/sjowmm_ws/install/nav2_msgs/lib/python3.8/site-packages:/home/student/sjowmm_ws/install/nav2_common/lib/python3.8/site-packages:${PYTHONPATH} /usr/bin/cmake --build /home/student/sjowmm_ws/build/nav2_amcl -- -j12 -l12
[66.757s] Invoking command in '/home/student/sjowmm_ws/build/nav2_amcl': AMENT_PREFIX_PATH=/home/student/sjowmm_ws/install/nav2_util:/home/student/sjowmm_ws/install/nav2_msgs:/home/student/sjowmm_ws/install/nav2_common:${AMENT_PREFIX_PATH} CMAKE_PREFIX_PATH=/home/student/sjowmm_ws/install/nav2_util:/home/student/sjowmm_ws/install/nav2_msgs:/home/student/sjowmm_ws/install/nav2_common:/home/student/sjowmm_ws/install/simulation:/home/student/sjowmm_ws/install/dede:/opt/ros/foxy LD_LIBRARY_PATH=/home/student/sjowmm_ws/install/nav2_util/lib:/home/student/sjowmm_ws/install/nav2_msgs/lib:${LD_LIBRARY_PATH} PYTHONPATH=/home/student/sjowmm_ws/install/nav2_msgs/lib/python3.8/site-packages:/home/student/sjowmm_ws/install/nav2_common/lib/python3.8/site-packages:${PYTHONPATH} /usr/bin/cmake --install /home/student/sjowmm_ws/build/nav2_amcl
[66.778s] -- Install configuration: "Release"
[66.779s] -- Installing: /home/student/sjowmm_ws/install/nav2_amcl/lib/libamcl_core.so
[66.783s] -- Set runtime path of "/home/student/sjowmm_ws/install/nav2_amcl/lib/libamcl_core.so" to ""
[66.783s] -- Installing: /home/student/sjowmm_ws/install/nav2_amcl/lib/nav2_amcl/amcl
[66.784s] -- Set runtime path of "/home/student/sjowmm_ws/install/nav2_amcl/lib/nav2_amcl/amcl" to ""
[66.784s] -- Installing: /home/student/sjowmm_ws/install/nav2_amcl/include/
[66.784s] -- Installing: /home/student/sjowmm_ws/install/nav2_amcl/include//nav2_amcl
[66.784s] -- Installing: /home/student/sjowmm_ws/install/nav2_amcl/include//nav2_amcl/amcl_node.hpp
[66.784s] -- Installing: /home/student/sjowmm_ws/install/nav2_amcl/include//nav2_amcl/pf
[66.785s] -- Installing: /home/student/sjowmm_ws/install/nav2_amcl/include//nav2_amcl/pf/pf_vector.hpp
[66.785s] -- Installing: /home/student/sjowmm_ws/install/nav2_amcl/include//nav2_amcl/pf/eig3.hpp
[66.785s] -- Installing: /home/student/sjowmm_ws/install/nav2_amcl/include//nav2_amcl/pf/pf.hpp
[66.785s] -- Installing: /home/student/sjowmm_ws/install/nav2_amcl/include//nav2_amcl/pf/pf_kdtree.hpp
[66.785s] -- Installing: /home/student/sjowmm_ws/install/nav2_amcl/include//nav2_amcl/pf/pf_pdf.hpp
[66.786s] -- Installing: /home/student/sjowmm_ws/install/nav2_amcl/include//nav2_amcl/angleutils.hpp
[66.786s] -- Installing: /home/student/sjowmm_ws/install/nav2_amcl/include//nav2_amcl/sensors
[66.786s] -- Installing: /home/student/sjowmm_ws/install/nav2_amcl/include//nav2_amcl/sensors/laser
[66.786s] -- Installing: /home/student/sjowmm_ws/install/nav2_amcl/include//nav2_amcl/sensors/laser/laser.hpp
[66.786s] -- Installing: /home/student/sjowmm_ws/install/nav2_amcl/include//nav2_amcl/map
[66.786s] -- Installing: /home/student/sjowmm_ws/install/nav2_amcl/include//nav2_amcl/map/map.hpp
[66.786s] -- Installing: /home/student/sjowmm_ws/install/nav2_amcl/include//nav2_amcl/motion_model
[66.786s] -- Installing: /home/student/sjowmm_ws/install/nav2_amcl/include//nav2_amcl/motion_model/motion_model.hpp
[66.786s] -- Installing: /home/student/sjowmm_ws/install/nav2_amcl/share/nav2_amcl/environment/library_path.sh
[66.786s] -- Installing: /home/student/sjowmm_ws/install/nav2_amcl/share/nav2_amcl/environment/library_path.dsv
[66.787s] -- Installing: /home/student/sjowmm_ws/install/nav2_amcl/share/ament_index/resource_index/package_run_dependencies/nav2_amcl
[66.787s] -- Installing: /home/student/sjowmm_ws/install/nav2_amcl/share/ament_index/resource_index/parent_prefix_path/nav2_amcl
[66.787s] -- Installing: /home/student/sjowmm_ws/install/nav2_amcl/share/nav2_amcl/environment/ament_prefix_path.sh
[66.787s] -- Installing: /home/student/sjowmm_ws/install/nav2_amcl/share/nav2_amcl/environment/ament_prefix_path.dsv
[66.787s] -- Installing: /home/student/sjowmm_ws/install/nav2_amcl/share/nav2_amcl/environment/path.sh
[66.787s] -- Installing: /home/student/sjowmm_ws/install/nav2_amcl/share/nav2_amcl/environment/path.dsv
[66.788s] -- Installing: /home/student/sjowmm_ws/install/nav2_amcl/share/nav2_amcl/local_setup.bash
[66.788s] -- Installing: /home/student/sjowmm_ws/install/nav2_amcl/share/nav2_amcl/local_setup.sh
[66.788s] -- Installing: /home/student/sjowmm_ws/install/nav2_amcl/share/nav2_amcl/local_setup.zsh
[66.788s] -- Installing: /home/student/sjowmm_ws/install/nav2_amcl/share/nav2_amcl/local_setup.dsv
[66.788s] -- Installing: /home/student/sjowmm_ws/install/nav2_amcl/share/nav2_amcl/package.dsv
[66.788s] -- Installing: /home/student/sjowmm_ws/install/nav2_amcl/share/ament_index/resource_index/packages/nav2_amcl
[66.789s] -- Installing: /home/student/sjowmm_ws/install/nav2_amcl/share/nav2_amcl/cmake/ament_cmake_export_include_directories-extras.cmake
[66.789s] -- Installing: /home/student/sjowmm_ws/install/nav2_amcl/share/nav2_amcl/cmake/ament_cmake_export_libraries-extras.cmake
[66.789s] -- Installing: /home/student/sjowmm_ws/install/nav2_amcl/share/nav2_amcl/cmake/ament_cmake_export_dependencies-extras.cmake
[66.790s] -- Installing: /home/student/sjowmm_ws/install/nav2_amcl/share/nav2_amcl/cmake/nav2_amclConfig.cmake
[66.790s] -- Installing: /home/student/sjowmm_ws/install/nav2_amcl/share/nav2_amcl/cmake/nav2_amclConfig-version.cmake
[66.790s] -- Installing: /home/student/sjowmm_ws/install/nav2_amcl/share/nav2_amcl/package.xml
[66.790s] -- Installing: /home/student/sjowmm_ws/install/nav2_amcl/lib/libpf_lib.so
[66.791s] -- Installing: /home/student/sjowmm_ws/install/nav2_amcl/lib/libmap_lib.so
[66.792s] -- Installing: /home/student/sjowmm_ws/install/nav2_amcl/lib/libmotions_lib.so
[66.793s] -- Set runtime path of "/home/student/sjowmm_ws/install/nav2_amcl/lib/libmotions_lib.so" to ""
[66.793s] -- Installing: /home/student/sjowmm_ws/install/nav2_amcl/lib/libsensors_lib.so
[66.793s] -- Set runtime path of "/home/student/sjowmm_ws/install/nav2_amcl/lib/libsensors_lib.so" to ""
[66.799s] Invoked command in '/home/student/sjowmm_ws/build/nav2_amcl' returned '0': AMENT_PREFIX_PATH=/home/student/sjowmm_ws/install/nav2_util:/home/student/sjowmm_ws/install/nav2_msgs:/home/student/sjowmm_ws/install/nav2_common:${AMENT_PREFIX_PATH} CMAKE_PREFIX_PATH=/home/student/sjowmm_ws/install/nav2_util:/home/student/sjowmm_ws/install/nav2_msgs:/home/student/sjowmm_ws/install/nav2_common:/home/student/sjowmm_ws/install/simulation:/home/student/sjowmm_ws/install/dede:/opt/ros/foxy LD_LIBRARY_PATH=/home/student/sjowmm_ws/install/nav2_util/lib:/home/student/sjowmm_ws/install/nav2_msgs/lib:${LD_LIBRARY_PATH} PYTHONPATH=/home/student/sjowmm_ws/install/nav2_msgs/lib/python3.8/site-packages:/home/student/sjowmm_ws/install/nav2_common/lib/python3.8/site-packages:${PYTHONPATH} /usr/bin/cmake --install /home/student/sjowmm_ws/build/nav2_amcl
