[0.102s] Invoking command in '/home/student/sjowmm_ws/build/dwb_plugins': AMENT_PREFIX_PATH=/home/student/sjowmm_ws/install/dwb_core:/home/student/sjowmm_ws/install/nav2_core:/home/student/sjowmm_ws/install/nav2_costmap_2d:/home/student/sjowmm_ws/install/nav_2d_utils:/home/student/sjowmm_ws/install/nav2_util:/home/student/sjowmm_ws/install/nav2_voxel_grid:/home/student/sjowmm_ws/install/nav2_msgs:/home/student/sjowmm_ws/install/dwb_msgs:/home/student/sjowmm_ws/install/nav_2d_msgs:/home/student/sjowmm_ws/install/nav2_common:${AMENT_PREFIX_PATH} CMAKE_PREFIX_PATH=/home/student/sjowmm_ws/install/dwb_core:/home/student/sjowmm_ws/install/nav2_core:/home/student/sjowmm_ws/install/nav2_costmap_2d:/home/student/sjowmm_ws/install/nav_2d_utils:/home/student/sjowmm_ws/install/nav2_util:/home/student/sjowmm_ws/install/nav2_voxel_grid:/home/student/sjowmm_ws/install/nav2_msgs:/home/student/sjowmm_ws/install/dwb_msgs:/home/student/sjowmm_ws/install/nav_2d_msgs:/home/student/sjowmm_ws/install/nav2_common:/opt/ros/foxy LD_LIBRARY_PATH=/home/student/sjowmm_ws/install/dwb_core/lib:/home/student/sjowmm_ws/install/nav2_costmap_2d/lib:/home/student/sjowmm_ws/install/nav_2d_utils/lib:/home/student/sjowmm_ws/install/nav2_util/lib:/home/student/sjowmm_ws/install/nav2_voxel_grid/lib:/home/student/sjowmm_ws/install/nav2_msgs/lib:/home/student/sjowmm_ws/install/dwb_msgs/lib:/home/student/sjowmm_ws/install/nav_2d_msgs/lib:${LD_LIBRARY_PATH} PYTHONPATH=/home/student/sjowmm_ws/install/nav2_msgs/lib/python3.8/site-packages:/home/student/sjowmm_ws/install/dwb_msgs/lib/python3.8/site-packages:/home/student/sjowmm_ws/install/nav_2d_msgs/lib/python3.8/site-packages:/home/student/sjowmm_ws/install/nav2_common/lib/python3.8/site-packages:${PYTHONPATH} /usr/bin/cmake --build /home/student/sjowmm_ws/build/dwb_plugins -- -j12 -l12
[0.202s] [ 15%] Built target gtest_main
[0.207s] [ 30%] Built target gtest
[0.212s] [ 69%] Built target standard_traj_generator
[0.239s] [ 84%] Built target vtest
[0.250s] [100%] Built target twist_gen_test
[0.260s] Invoked command in '/home/student/sjowmm_ws/build/dwb_plugins' returned '0': AMENT_PREFIX_PATH=/home/student/sjowmm_ws/install/dwb_core:/home/student/sjowmm_ws/install/nav2_core:/home/student/sjowmm_ws/install/nav2_costmap_2d:/home/student/sjowmm_ws/install/nav_2d_utils:/home/student/sjowmm_ws/install/nav2_util:/home/student/sjowmm_ws/install/nav2_voxel_grid:/home/student/sjowmm_ws/install/nav2_msgs:/home/student/sjowmm_ws/install/dwb_msgs:/home/student/sjowmm_ws/install/nav_2d_msgs:/home/student/sjowmm_ws/install/nav2_common:${AMENT_PREFIX_PATH} CMAKE_PREFIX_PATH=/home/student/sjowmm_ws/install/dwb_core:/home/student/sjowmm_ws/install/nav2_core:/home/student/sjowmm_ws/install/nav2_costmap_2d:/home/student/sjowmm_ws/install/nav_2d_utils:/home/student/sjowmm_ws/install/nav2_util:/home/student/sjowmm_ws/install/nav2_voxel_grid:/home/student/sjowmm_ws/install/nav2_msgs:/home/student/sjowmm_ws/install/dwb_msgs:/home/student/sjowmm_ws/install/nav_2d_msgs:/home/student/sjowmm_ws/install/nav2_common:/opt/ros/foxy LD_LIBRARY_PATH=/home/student/sjowmm_ws/install/dwb_core/lib:/home/student/sjowmm_ws/install/nav2_costmap_2d/lib:/home/student/sjowmm_ws/install/nav_2d_utils/lib:/home/student/sjowmm_ws/install/nav2_util/lib:/home/student/sjowmm_ws/install/nav2_voxel_grid/lib:/home/student/sjowmm_ws/install/nav2_msgs/lib:/home/student/sjowmm_ws/install/dwb_msgs/lib:/home/student/sjowmm_ws/install/nav_2d_msgs/lib:${LD_LIBRARY_PATH} PYTHONPATH=/home/student/sjowmm_ws/install/nav2_msgs/lib/python3.8/site-packages:/home/student/sjowmm_ws/install/dwb_msgs/lib/python3.8/site-packages:/home/student/sjowmm_ws/install/nav_2d_msgs/lib/python3.8/site-packages:/home/student/sjowmm_ws/install/nav2_common/lib/python3.8/site-packages:${PYTHONPATH} /usr/bin/cmake --build /home/student/sjowmm_ws/build/dwb_plugins -- -j12 -l12
[0.298s] Invoking command in '/home/student/sjowmm_ws/build/dwb_plugins': AMENT_PREFIX_PATH=/home/student/sjowmm_ws/install/dwb_core:/home/student/sjowmm_ws/install/nav2_core:/home/student/sjowmm_ws/install/nav2_costmap_2d:/home/student/sjowmm_ws/install/nav_2d_utils:/home/student/sjowmm_ws/install/nav2_util:/home/student/sjowmm_ws/install/nav2_voxel_grid:/home/student/sjowmm_ws/install/nav2_msgs:/home/student/sjowmm_ws/install/dwb_msgs:/home/student/sjowmm_ws/install/nav_2d_msgs:/home/student/sjowmm_ws/install/nav2_common:${AMENT_PREFIX_PATH} CMAKE_PREFIX_PATH=/home/student/sjowmm_ws/install/dwb_core:/home/student/sjowmm_ws/install/nav2_core:/home/student/sjowmm_ws/install/nav2_costmap_2d:/home/student/sjowmm_ws/install/nav_2d_utils:/home/student/sjowmm_ws/install/nav2_util:/home/student/sjowmm_ws/install/nav2_voxel_grid:/home/student/sjowmm_ws/install/nav2_msgs:/home/student/sjowmm_ws/install/dwb_msgs:/home/student/sjowmm_ws/install/nav_2d_msgs:/home/student/sjowmm_ws/install/nav2_common:/opt/ros/foxy LD_LIBRARY_PATH=/home/student/sjowmm_ws/install/dwb_core/lib:/home/student/sjowmm_ws/install/nav2_costmap_2d/lib:/home/student/sjowmm_ws/install/nav_2d_utils/lib:/home/student/sjowmm_ws/install/nav2_util/lib:/home/student/sjowmm_ws/install/nav2_voxel_grid/lib:/home/student/sjowmm_ws/install/nav2_msgs/lib:/home/student/sjowmm_ws/install/dwb_msgs/lib:/home/student/sjowmm_ws/install/nav_2d_msgs/lib:${LD_LIBRARY_PATH} PYTHONPATH=/home/student/sjowmm_ws/install/nav2_msgs/lib/python3.8/site-packages:/home/student/sjowmm_ws/install/dwb_msgs/lib/python3.8/site-packages:/home/student/sjowmm_ws/install/nav_2d_msgs/lib/python3.8/site-packages:/home/student/sjowmm_ws/install/nav2_common/lib/python3.8/site-packages:${PYTHONPATH} /usr/bin/cmake --install /home/student/sjowmm_ws/build/dwb_plugins
[0.308s] -- Install configuration: "Release"
[0.308s] -- Up-to-date: /home/student/sjowmm_ws/install/dwb_plugins/lib/libstandard_traj_generator.so
[0.308s] -- Up-to-date: /home/student/sjowmm_ws/install/dwb_plugins/include/
[0.309s] -- Up-to-date: /home/student/sjowmm_ws/install/dwb_plugins/include//dwb_plugins
[0.309s] -- Up-to-date: /home/student/sjowmm_ws/install/dwb_plugins/include//dwb_plugins/one_d_velocity_iterator.hpp
[0.309s] -- Up-to-date: /home/student/sjowmm_ws/install/dwb_plugins/include//dwb_plugins/velocity_iterator.hpp
[0.309s] -- Up-to-date: /home/student/sjowmm_ws/install/dwb_plugins/include//dwb_plugins/standard_traj_generator.hpp
[0.309s] -- Up-to-date: /home/student/sjowmm_ws/install/dwb_plugins/include//dwb_plugins/limited_accel_generator.hpp
[0.309s] -- Up-to-date: /home/student/sjowmm_ws/install/dwb_plugins/include//dwb_plugins/kinematic_parameters.hpp
[0.309s] -- Up-to-date: /home/student/sjowmm_ws/install/dwb_plugins/include//dwb_plugins/xy_theta_iterator.hpp
[0.309s] -- Up-to-date: /home/student/sjowmm_ws/install/dwb_plugins/share/dwb_plugins/plugins.xml
[0.310s] -- Up-to-date: /home/student/sjowmm_ws/install/dwb_plugins/share/dwb_plugins/environment/library_path.sh
[0.310s] -- Up-to-date: /home/student/sjowmm_ws/install/dwb_plugins/share/dwb_plugins/environment/library_path.dsv
[0.310s] -- Up-to-date: /home/student/sjowmm_ws/install/dwb_plugins/share/dwb_plugins/plugins.xml
[0.310s] -- Up-to-date: /home/student/sjowmm_ws/install/dwb_plugins/share/ament_index/resource_index/package_run_dependencies/dwb_plugins
[0.310s] -- Up-to-date: /home/student/sjowmm_ws/install/dwb_plugins/share/ament_index/resource_index/parent_prefix_path/dwb_plugins
[0.310s] -- Up-to-date: /home/student/sjowmm_ws/install/dwb_plugins/share/dwb_plugins/environment/ament_prefix_path.sh
[0.310s] -- Up-to-date: /home/student/sjowmm_ws/install/dwb_plugins/share/dwb_plugins/environment/ament_prefix_path.dsv
[0.310s] -- Up-to-date: /home/student/sjowmm_ws/install/dwb_plugins/share/dwb_plugins/environment/path.sh
[0.310s] -- Up-to-date: /home/student/sjowmm_ws/install/dwb_plugins/share/dwb_plugins/environment/path.dsv
[0.310s] -- Up-to-date: /home/student/sjowmm_ws/install/dwb_plugins/share/dwb_plugins/local_setup.bash
[0.310s] -- Up-to-date: /home/student/sjowmm_ws/install/dwb_plugins/share/dwb_plugins/local_setup.sh
[0.311s] -- Up-to-date: /home/student/sjowmm_ws/install/dwb_plugins/share/dwb_plugins/local_setup.zsh
[0.311s] -- Up-to-date: /home/student/sjowmm_ws/install/dwb_plugins/share/dwb_plugins/local_setup.dsv
[0.311s] -- Installing: /home/student/sjowmm_ws/install/dwb_plugins/share/dwb_plugins/package.dsv
[0.311s] -- Up-to-date: /home/student/sjowmm_ws/install/dwb_plugins/share/ament_index/resource_index/packages/dwb_plugins
[0.311s] -- Up-to-date: /home/student/sjowmm_ws/install/dwb_plugins/share/ament_index/resource_index/dwb_core__pluginlib__plugin/dwb_plugins
[0.311s] -- Up-to-date: /home/student/sjowmm_ws/install/dwb_plugins/share/dwb_plugins/cmake/ament_cmake_export_include_directories-extras.cmake
[0.311s] -- Up-to-date: /home/student/sjowmm_ws/install/dwb_plugins/share/dwb_plugins/cmake/ament_cmake_export_libraries-extras.cmake
[0.311s] -- Up-to-date: /home/student/sjowmm_ws/install/dwb_plugins/share/dwb_plugins/cmake/ament_cmake_export_definitions-extras.cmake
[0.311s] -- Up-to-date: /home/student/sjowmm_ws/install/dwb_plugins/share/dwb_plugins/cmake/dwb_pluginsConfig.cmake
[0.311s] -- Up-to-date: /home/student/sjowmm_ws/install/dwb_plugins/share/dwb_plugins/cmake/dwb_pluginsConfig-version.cmake
[0.311s] -- Up-to-date: /home/student/sjowmm_ws/install/dwb_plugins/share/dwb_plugins/package.xml
[0.314s] Invoked command in '/home/student/sjowmm_ws/build/dwb_plugins' returned '0': AMENT_PREFIX_PATH=/home/student/sjowmm_ws/install/dwb_core:/home/student/sjowmm_ws/install/nav2_core:/home/student/sjowmm_ws/install/nav2_costmap_2d:/home/student/sjowmm_ws/install/nav_2d_utils:/home/student/sjowmm_ws/install/nav2_util:/home/student/sjowmm_ws/install/nav2_voxel_grid:/home/student/sjowmm_ws/install/nav2_msgs:/home/student/sjowmm_ws/install/dwb_msgs:/home/student/sjowmm_ws/install/nav_2d_msgs:/home/student/sjowmm_ws/install/nav2_common:${AMENT_PREFIX_PATH} CMAKE_PREFIX_PATH=/home/student/sjowmm_ws/install/dwb_core:/home/student/sjowmm_ws/install/nav2_core:/home/student/sjowmm_ws/install/nav2_costmap_2d:/home/student/sjowmm_ws/install/nav_2d_utils:/home/student/sjowmm_ws/install/nav2_util:/home/student/sjowmm_ws/install/nav2_voxel_grid:/home/student/sjowmm_ws/install/nav2_msgs:/home/student/sjowmm_ws/install/dwb_msgs:/home/student/sjowmm_ws/install/nav_2d_msgs:/home/student/sjowmm_ws/install/nav2_common:/opt/ros/foxy LD_LIBRARY_PATH=/home/student/sjowmm_ws/install/dwb_core/lib:/home/student/sjowmm_ws/install/nav2_costmap_2d/lib:/home/student/sjowmm_ws/install/nav_2d_utils/lib:/home/student/sjowmm_ws/install/nav2_util/lib:/home/student/sjowmm_ws/install/nav2_voxel_grid/lib:/home/student/sjowmm_ws/install/nav2_msgs/lib:/home/student/sjowmm_ws/install/dwb_msgs/lib:/home/student/sjowmm_ws/install/nav_2d_msgs/lib:${LD_LIBRARY_PATH} PYTHONPATH=/home/student/sjowmm_ws/install/nav2_msgs/lib/python3.8/site-packages:/home/student/sjowmm_ws/install/dwb_msgs/lib/python3.8/site-packages:/home/student/sjowmm_ws/install/nav_2d_msgs/lib/python3.8/site-packages:/home/student/sjowmm_ws/install/nav2_common/lib/python3.8/site-packages:${PYTHONPATH} /usr/bin/cmake --install /home/student/sjowmm_ws/build/dwb_plugins
