[1.465s] Invoking command in '/home/student/sjowmm_ws/src/green_turtle': PYTHONPATH=/home/student/sjowmm_ws/install/green_turtle/lib/python3.8/site-packages:${PYTHONPATH} /usr/bin/python3 setup.py egg_info --egg-base ../../build/green_turtle build --build-base /home/student/sjowmm_ws/build/green_turtle/build install --prefix /home/student/sjowmm_ws/install/green_turtle --record /home/student/sjowmm_ws/build/green_turtle/install.log --single-version-externally-managed
[1.772s] running egg_info
[1.773s] writing ../../build/green_turtle/green_turtle.egg-info/PKG-INFO
[1.773s] writing dependency_links to ../../build/green_turtle/green_turtle.egg-info/dependency_links.txt
[1.774s] writing entry points to ../../build/green_turtle/green_turtle.egg-info/entry_points.txt
[1.774s] writing requirements to ../../build/green_turtle/green_turtle.egg-info/requires.txt
[1.774s] writing top-level names to ../../build/green_turtle/green_turtle.egg-info/top_level.txt
[1.822s] reading manifest file '../../build/green_turtle/green_turtle.egg-info/SOURCES.txt'
[1.825s] writing manifest file '../../build/green_turtle/green_turtle.egg-info/SOURCES.txt'
[1.825s] running build
[1.825s] running build_py
[1.833s] running install
[1.835s] running install_lib
[1.838s] running install_data
[1.843s] running install_egg_info
[1.846s] removing '/home/student/sjowmm_ws/install/green_turtle/lib/python3.8/site-packages/green_turtle-0.0.0-py3.8.egg-info' (and everything under it)
[1.846s] Copying ../../build/green_turtle/green_turtle.egg-info to /home/student/sjowmm_ws/install/green_turtle/lib/python3.8/site-packages/green_turtle-0.0.0-py3.8.egg-info
[1.848s] running install_scripts
[1.878s] Installing node script to /home/student/sjowmm_ws/install/green_turtle/lib/green_turtle
[1.880s] writing list of installed files to '/home/student/sjowmm_ws/build/green_turtle/install.log'
[2.139s] Invoked command in '/home/student/sjowmm_ws/src/green_turtle' returned '0': PYTHONPATH=/home/student/sjowmm_ws/install/green_turtle/lib/python3.8/site-packages:${PYTHONPATH} /usr/bin/python3 setup.py egg_info --egg-base ../../build/green_turtle build --build-base /home/student/sjowmm_ws/build/green_turtle/build install --prefix /home/student/sjowmm_ws/install/green_turtle --record /home/student/sjowmm_ws/build/green_turtle/install.log --single-version-externally-managed
