[1.464s] Invoking command in '/home/student/sjowmm_ws/src/dede': PYTHONPATH=/home/student/sjowmm_ws/install/dede/lib/python3.8/site-packages:${PYTHONPATH} /usr/bin/python3 setup.py egg_info --egg-base ../../build/dede build --build-base /home/student/sjowmm_ws/build/dede/build install --prefix /home/student/sjowmm_ws/install/dede --record /home/student/sjowmm_ws/build/dede/install.log --single-version-externally-managed
[1.763s] running egg_info
[1.764s] writing ../../build/dede/dede.egg-info/PKG-INFO
[1.764s] writing dependency_links to ../../build/dede/dede.egg-info/dependency_links.txt
[1.764s] writing entry points to ../../build/dede/dede.egg-info/entry_points.txt
[1.764s] writing requirements to ../../build/dede/dede.egg-info/requires.txt
[1.764s] writing top-level names to ../../build/dede/dede.egg-info/top_level.txt
[1.808s] reading manifest file '../../build/dede/dede.egg-info/SOURCES.txt'
[1.810s] writing manifest file '../../build/dede/dede.egg-info/SOURCES.txt'
[1.810s] running build
[1.810s] running build_py
[1.810s] running install
[1.811s] running install_lib
[1.812s] running install_data
[1.814s] running install_egg_info
[1.815s] removing '/home/student/sjowmm_ws/install/dede/lib/python3.8/site-packages/dede-0.0.0-py3.8.egg-info' (and everything under it)
[1.816s] Copying ../../build/dede/dede.egg-info to /home/student/sjowmm_ws/install/dede/lib/python3.8/site-packages/dede-0.0.0-py3.8.egg-info
[1.817s] running install_scripts
[1.833s] writing list of installed files to '/home/student/sjowmm_ws/build/dede/install.log'
[2.048s] Invoked command in '/home/student/sjowmm_ws/src/dede' returned '0': PYTHONPATH=/home/student/sjowmm_ws/install/dede/lib/python3.8/site-packages:${PYTHONPATH} /usr/bin/python3 setup.py egg_info --egg-base ../../build/dede build --build-base /home/student/sjowmm_ws/build/dede/build install --prefix /home/student/sjowmm_ws/install/dede --record /home/student/sjowmm_ws/build/dede/install.log --single-version-externally-managed
