[0.018s] Invoking command in '/home/student/sjowmm_ws/build/dwb_msgs': AMENT_PREFIX_PATH=/home/student/sjowmm_ws/install/nav_2d_msgs:${AMENT_PREFIX_PATH} CMAKE_PREFIX_PATH=/home/student/sjowmm_ws/install/nav_2d_msgs:/home/student/sjowmm_ws/install/simulation:/home/student/sjowmm_ws/install/dede:/opt/ros/foxy LD_LIBRARY_PATH=/home/student/sjowmm_ws/install/nav_2d_msgs/lib:${LD_LIBRARY_PATH} PYTHONPATH=/home/student/sjowmm_ws/install/nav_2d_msgs/lib/python3.8/site-packages:${PYTHONPATH} /usr/bin/cmake /home/student/sjowmm_ws/src/navigation2/nav2_dwb_controller/dwb_msgs -DCMAKE_INSTALL_PREFIX=/home/student/sjowmm_ws/install/dwb_msgs
[0.118s] -- The C compiler identification is GNU 9.4.0
[0.216s] -- The CXX compiler identification is GNU 9.4.0
[0.223s] -- Check for working C compiler: /usr/bin/cc
[0.324s] -- Check for working C compiler: /usr/bin/cc -- works
[0.325s] -- Detecting C compiler ABI info
[0.426s] -- Detecting C compiler ABI info - done
[0.449s] -- Detecting C compile features
[0.449s] -- Detecting C compile features - done
[0.453s] -- Check for working CXX compiler: /usr/bin/c++
[0.605s] -- Check for working CXX compiler: /usr/bin/c++ -- works
[0.609s] -- Detecting CXX compiler ABI info
[0.738s] -- Detecting CXX compiler ABI info - done
[0.755s] -- Detecting CXX compile features
[0.756s] -- Detecting CXX compile features - done
[0.758s] -- Found builtin_interfaces: 1.0.0 (/opt/ros/foxy/share/builtin_interfaces/cmake)
[0.799s] -- Found PythonInterp: /usr/bin/python3 (found suitable version "3.8.10", minimum required is "3") 
[0.801s] -- Using PYTHON_EXECUTABLE: /usr/bin/python3
[1.279s] -- Using all available rosidl_typesupport_c: rosidl_typesupport_fastrtps_c;rosidl_typesupport_introspection_c
[1.294s] -- Found rosidl_adapter: 1.2.0 (/opt/ros/foxy/share/rosidl_adapter/cmake)
[1.473s] -- Found OpenSSL: /usr/lib/x86_64-linux-gnu/libcrypto.so (found version "1.1.1f")  
[1.541s] -- Found FastRTPS: /opt/ros/foxy/include  
[1.693s] -- Using all available rosidl_typesupport_cpp: rosidl_typesupport_fastrtps_cpp;rosidl_typesupport_introspection_cpp
[1.752s] -- Found geometry_msgs: 2.0.3 (/opt/ros/foxy/share/geometry_msgs/cmake)
[1.876s] -- Found nav_2d_msgs: 0.4.7 (/home/student/sjowmm_ws/install/nav_2d_msgs/share/nav_2d_msgs/cmake)
[2.018s] -- Found nav_msgs: 2.0.3 (/opt/ros/foxy/share/nav_msgs/cmake)
[2.169s] -- Found rosidl_default_generators: 1.0.0 (/opt/ros/foxy/share/rosidl_default_generators/cmake)
[2.239s] -- Found PythonInterp: /usr/bin/python3 (found version "3.8.10") 
[2.916s] -- Found ament_cmake_ros: 0.9.1 (/opt/ros/foxy/share/ament_cmake_ros/cmake)
[3.901s] -- Using all available rosidl_typesupport_c: rosidl_typesupport_fastrtps_c;rosidl_typesupport_introspection_c
[4.443s] -- Using all available rosidl_typesupport_cpp: rosidl_typesupport_fastrtps_cpp;rosidl_typesupport_introspection_cpp
[4.525s] -- Found PythonInterp: /usr/bin/python3 (found suitable version "3.8.10", minimum required is "3.5") 
[4.533s] -- Found python_cmake_module: 0.8.0 (/opt/ros/foxy/share/python_cmake_module/cmake)
[4.646s] -- Found PythonLibs: /usr/lib/x86_64-linux-gnu/libpython3.8.so (found suitable version "3.8.10", minimum required is "3.5") 
[4.648s] -- Using PYTHON_EXECUTABLE: /usr/bin/python3
[4.648s] -- Using PYTHON_INCLUDE_DIRS: /usr/include/python3.8
[4.648s] -- Using PYTHON_LIBRARIES: /usr/lib/x86_64-linux-gnu/libpython3.8.so
[4.745s] -- Found PythonExtra: .so  
[5.044s] -- Configuring done
[5.278s] -- Generating done
[5.287s] -- Build files have been written to: /home/student/sjowmm_ws/build/dwb_msgs
[5.341s] Invoked command in '/home/student/sjowmm_ws/build/dwb_msgs' returned '0': AMENT_PREFIX_PATH=/home/student/sjowmm_ws/install/nav_2d_msgs:${AMENT_PREFIX_PATH} CMAKE_PREFIX_PATH=/home/student/sjowmm_ws/install/nav_2d_msgs:/home/student/sjowmm_ws/install/simulation:/home/student/sjowmm_ws/install/dede:/opt/ros/foxy LD_LIBRARY_PATH=/home/student/sjowmm_ws/install/nav_2d_msgs/lib:${LD_LIBRARY_PATH} PYTHONPATH=/home/student/sjowmm_ws/install/nav_2d_msgs/lib/python3.8/site-packages:${PYTHONPATH} /usr/bin/cmake /home/student/sjowmm_ws/src/navigation2/nav2_dwb_controller/dwb_msgs -DCMAKE_INSTALL_PREFIX=/home/student/sjowmm_ws/install/dwb_msgs
[5.343s] Invoking command in '/home/student/sjowmm_ws/build/dwb_msgs': AMENT_PREFIX_PATH=/home/student/sjowmm_ws/install/nav_2d_msgs:${AMENT_PREFIX_PATH} CMAKE_PREFIX_PATH=/home/student/sjowmm_ws/install/nav_2d_msgs:/home/student/sjowmm_ws/install/simulation:/home/student/sjowmm_ws/install/dede:/opt/ros/foxy LD_LIBRARY_PATH=/home/student/sjowmm_ws/install/nav_2d_msgs/lib:${LD_LIBRARY_PATH} PYTHONPATH=/home/student/sjowmm_ws/install/nav_2d_msgs/lib/python3.8/site-packages:${PYTHONPATH} /usr/bin/cmake --build /home/student/sjowmm_ws/build/dwb_msgs -- -j12 -l12
[5.646s] [35m[1mScanning dependencies of target dwb_msgs__cpp[0m
[5.680s] [  1%] [34m[1mGenerating C code for ROS interfaces[0m
[5.739s] [  2%] [34m[1mGenerating C++ code for ROS interfaces[0m
[8.661s] [  2%] Built target dwb_msgs__cpp
[8.775s] [  3%] [34m[1mGenerating C++ type support for eProsima Fast-RTPS[0m
[8.800s] [  4%] [34m[1mGenerating C++ type support dispatch for ROS interfaces[0m
[8.823s] [  5%] [34m[1mGenerating C++ introspection for ROS interfaces[0m
[9.376s] [35m[1mScanning dependencies of target dwb_msgs__rosidl_generator_c[0m
[9.481s] [  6%] [32mBuilding C object CMakeFiles/dwb_msgs__rosidl_generator_c.dir/rosidl_generator_c/dwb_msgs/msg/detail/critic_score__functions.c.o[0m
[9.515s] [  7%] [32mBuilding C object CMakeFiles/dwb_msgs__rosidl_generator_c.dir/rosidl_generator_c/dwb_msgs/msg/detail/local_plan_evaluation__functions.c.o[0m
[9.525s] [  9%] [32mBuilding C object CMakeFiles/dwb_msgs__rosidl_generator_c.dir/rosidl_generator_c/dwb_msgs/msg/detail/trajectory2_d__functions.c.o[0m
[9.526s] [  9%] [32mBuilding C object CMakeFiles/dwb_msgs__rosidl_generator_c.dir/rosidl_generator_c/dwb_msgs/msg/detail/trajectory_score__functions.c.o[0m
[9.585s] [ 10%] [32mBuilding C object CMakeFiles/dwb_msgs__rosidl_generator_c.dir/rosidl_generator_c/dwb_msgs/srv/detail/debug_local_plan__functions.c.o[0m
[9.625s] [ 11%] [32mBuilding C object CMakeFiles/dwb_msgs__rosidl_generator_c.dir/rosidl_generator_c/dwb_msgs/srv/detail/generate_trajectory__functions.c.o[0m
[9.666s] [ 12%] [32mBuilding C object CMakeFiles/dwb_msgs__rosidl_generator_c.dir/rosidl_generator_c/dwb_msgs/srv/detail/generate_twists__functions.c.o[0m
[9.669s] [ 13%] [32mBuilding C object CMakeFiles/dwb_msgs__rosidl_generator_c.dir/rosidl_generator_c/dwb_msgs/srv/detail/get_critic_score__functions.c.o[0m
[9.671s] [ 14%] [32mBuilding C object CMakeFiles/dwb_msgs__rosidl_generator_c.dir/rosidl_generator_c/dwb_msgs/srv/detail/score_trajectory__functions.c.o[0m
[10.010s] [ 15%] [32m[1mLinking C shared library libdwb_msgs__rosidl_generator_c.so[0m
[10.232s] [ 15%] Built target dwb_msgs__rosidl_generator_c
[10.329s] [ 16%] [34m[1mGenerating C introspection for ROS interfaces[0m
[10.363s] [ 17%] [34m[1mGenerating C type support dispatch for ROS interfaces[0m
[11.543s] [35m[1mScanning dependencies of target dwb_msgs__rosidl_typesupport_cpp[0m
[11.693s] [ 18%] [32mBuilding CXX object CMakeFiles/dwb_msgs__rosidl_typesupport_cpp.dir/rosidl_typesupport_cpp/dwb_msgs/msg/trajectory2_d__type_support.cpp.o[0m
[11.696s] [ 21%] [32mBuilding CXX object CMakeFiles/dwb_msgs__rosidl_typesupport_cpp.dir/rosidl_typesupport_cpp/dwb_msgs/msg/critic_score__type_support.cpp.o[0m
[11.696s] [ 21%] [32mBuilding CXX object CMakeFiles/dwb_msgs__rosidl_typesupport_cpp.dir/rosidl_typesupport_cpp/dwb_msgs/msg/local_plan_evaluation__type_support.cpp.o[0m
[11.749s] [ 22%] [32mBuilding CXX object CMakeFiles/dwb_msgs__rosidl_typesupport_cpp.dir/rosidl_typesupport_cpp/dwb_msgs/srv/debug_local_plan__type_support.cpp.o[0m
[11.749s] [ 23%] [32mBuilding CXX object CMakeFiles/dwb_msgs__rosidl_typesupport_cpp.dir/rosidl_typesupport_cpp/dwb_msgs/msg/trajectory_score__type_support.cpp.o[0m
[11.769s] [ 24%] [32mBuilding CXX object CMakeFiles/dwb_msgs__rosidl_typesupport_cpp.dir/rosidl_typesupport_cpp/dwb_msgs/srv/generate_trajectory__type_support.cpp.o[0m
[11.783s] [ 25%] [32mBuilding CXX object CMakeFiles/dwb_msgs__rosidl_typesupport_cpp.dir/rosidl_typesupport_cpp/dwb_msgs/srv/generate_twists__type_support.cpp.o[0m
[11.931s] [ 26%] [32mBuilding CXX object CMakeFiles/dwb_msgs__rosidl_typesupport_cpp.dir/rosidl_typesupport_cpp/dwb_msgs/srv/get_critic_score__type_support.cpp.o[0m
[12.815s] [ 27%] [32mBuilding CXX object CMakeFiles/dwb_msgs__rosidl_typesupport_cpp.dir/rosidl_typesupport_cpp/dwb_msgs/srv/score_trajectory__type_support.cpp.o[0m
[13.028s] [35m[1mScanning dependencies of target dwb_msgs__rosidl_typesupport_fastrtps_cpp[0m
[13.104s] [35m[1mScanning dependencies of target dwb_msgs__rosidl_typesupport_introspection_cpp[0m
[13.116s] [ 28%] [32mBuilding CXX object CMakeFiles/dwb_msgs__rosidl_typesupport_fastrtps_cpp.dir/rosidl_typesupport_fastrtps_cpp/dwb_msgs/msg/detail/dds_fastrtps/critic_score__type_support.cpp.o[0m
[13.136s] [ 29%] [32mBuilding CXX object CMakeFiles/dwb_msgs__rosidl_typesupport_fastrtps_cpp.dir/rosidl_typesupport_fastrtps_cpp/dwb_msgs/msg/detail/dds_fastrtps/local_plan_evaluation__type_support.cpp.o[0m
[13.145s] [ 30%] [32mBuilding CXX object CMakeFiles/dwb_msgs__rosidl_typesupport_fastrtps_cpp.dir/rosidl_typesupport_fastrtps_cpp/dwb_msgs/msg/detail/dds_fastrtps/trajectory2_d__type_support.cpp.o[0m
[13.165s] [ 31%] [32mBuilding CXX object CMakeFiles/dwb_msgs__rosidl_typesupport_fastrtps_cpp.dir/rosidl_typesupport_fastrtps_cpp/dwb_msgs/msg/detail/dds_fastrtps/trajectory_score__type_support.cpp.o[0m
[13.203s] [ 32%] [32mBuilding CXX object CMakeFiles/dwb_msgs__rosidl_typesupport_introspection_cpp.dir/rosidl_typesupport_introspection_cpp/dwb_msgs/msg/detail/critic_score__type_support.cpp.o[0m
[13.484s] [ 33%] [32mBuilding CXX object CMakeFiles/dwb_msgs__rosidl_typesupport_introspection_cpp.dir/rosidl_typesupport_introspection_cpp/dwb_msgs/msg/detail/local_plan_evaluation__type_support.cpp.o[0m
[13.512s] [ 34%] [32mBuilding CXX object CMakeFiles/dwb_msgs__rosidl_typesupport_introspection_cpp.dir/rosidl_typesupport_introspection_cpp/dwb_msgs/msg/detail/trajectory2_d__type_support.cpp.o[0m
[13.536s] [ 35%] [32mBuilding CXX object CMakeFiles/dwb_msgs__rosidl_typesupport_fastrtps_cpp.dir/rosidl_typesupport_fastrtps_cpp/dwb_msgs/srv/detail/dds_fastrtps/debug_local_plan__type_support.cpp.o[0m
[13.552s] [ 36%] [32mBuilding CXX object CMakeFiles/dwb_msgs__rosidl_typesupport_introspection_cpp.dir/rosidl_typesupport_introspection_cpp/dwb_msgs/msg/detail/trajectory_score__type_support.cpp.o[0m
[13.668s] [ 37%] [32m[1mLinking CXX shared library libdwb_msgs__rosidl_typesupport_cpp.so[0m
[13.779s] [35m[1mScanning dependencies of target dwb_msgs__rosidl_typesupport_c[0m
[13.852s] [ 37%] Built target dwb_msgs__rosidl_typesupport_cpp
[13.868s] [ 38%] [32mBuilding CXX object CMakeFiles/dwb_msgs__rosidl_typesupport_c.dir/rosidl_typesupport_c/dwb_msgs/msg/critic_score__type_support.cpp.o[0m
[13.905s] [ 40%] [32mBuilding CXX object CMakeFiles/dwb_msgs__rosidl_typesupport_introspection_cpp.dir/rosidl_typesupport_introspection_cpp/dwb_msgs/srv/detail/debug_local_plan__type_support.cpp.o[0m
[14.092s] [ 41%] [32mBuilding CXX object CMakeFiles/dwb_msgs__rosidl_typesupport_c.dir/rosidl_typesupport_c/dwb_msgs/msg/local_plan_evaluation__type_support.cpp.o[0m
[14.274s] [ 42%] [32mBuilding CXX object CMakeFiles/dwb_msgs__rosidl_typesupport_c.dir/rosidl_typesupport_c/dwb_msgs/msg/trajectory2_d__type_support.cpp.o[0m
[14.333s] [ 43%] [32mBuilding CXX object CMakeFiles/dwb_msgs__rosidl_typesupport_c.dir/rosidl_typesupport_c/dwb_msgs/msg/trajectory_score__type_support.cpp.o[0m
[14.468s] [ 44%] [32mBuilding CXX object CMakeFiles/dwb_msgs__rosidl_typesupport_c.dir/rosidl_typesupport_c/dwb_msgs/srv/debug_local_plan__type_support.cpp.o[0m
[14.503s] [ 45%] [32mBuilding CXX object CMakeFiles/dwb_msgs__rosidl_typesupport_c.dir/rosidl_typesupport_c/dwb_msgs/srv/generate_trajectory__type_support.cpp.o[0m
[14.513s] [ 46%] [32mBuilding CXX object CMakeFiles/dwb_msgs__rosidl_typesupport_c.dir/rosidl_typesupport_c/dwb_msgs/srv/generate_twists__type_support.cpp.o[0m
[14.601s] [ 47%] [32mBuilding CXX object CMakeFiles/dwb_msgs__rosidl_typesupport_introspection_cpp.dir/rosidl_typesupport_introspection_cpp/dwb_msgs/srv/detail/generate_twists__type_support.cpp.o[0m
[14.603s] [ 48%] [32mBuilding CXX object CMakeFiles/dwb_msgs__rosidl_typesupport_introspection_cpp.dir/rosidl_typesupport_introspection_cpp/dwb_msgs/srv/detail/generate_trajectory__type_support.cpp.o[0m
[14.621s] [ 49%] [32mBuilding CXX object CMakeFiles/dwb_msgs__rosidl_typesupport_introspection_cpp.dir/rosidl_typesupport_introspection_cpp/dwb_msgs/srv/detail/get_critic_score__type_support.cpp.o[0m
[14.631s] [ 50%] [32mBuilding CXX object CMakeFiles/dwb_msgs__rosidl_typesupport_fastrtps_cpp.dir/rosidl_typesupport_fastrtps_cpp/dwb_msgs/srv/detail/dds_fastrtps/generate_trajectory__type_support.cpp.o[0m
[14.653s] [ 51%] [32mBuilding CXX object CMakeFiles/dwb_msgs__rosidl_typesupport_c.dir/rosidl_typesupport_c/dwb_msgs/srv/get_critic_score__type_support.cpp.o[0m
[14.718s] [ 52%] [32mBuilding CXX object CMakeFiles/dwb_msgs__rosidl_typesupport_fastrtps_cpp.dir/rosidl_typesupport_fastrtps_cpp/dwb_msgs/srv/detail/dds_fastrtps/generate_twists__type_support.cpp.o[0m
[14.801s] [ 53%] [32mBuilding CXX object CMakeFiles/dwb_msgs__rosidl_typesupport_fastrtps_cpp.dir/rosidl_typesupport_fastrtps_cpp/dwb_msgs/srv/detail/dds_fastrtps/get_critic_score__type_support.cpp.o[0m
[14.901s] [ 54%] [32mBuilding CXX object CMakeFiles/dwb_msgs__rosidl_typesupport_c.dir/rosidl_typesupport_c/dwb_msgs/srv/score_trajectory__type_support.cpp.o[0m
[15.012s] [35m[1mScanning dependencies of target dwb_msgs__rosidl_typesupport_introspection_c[0m
[15.017s] [ 55%] [32mBuilding CXX object CMakeFiles/dwb_msgs__rosidl_typesupport_introspection_cpp.dir/rosidl_typesupport_introspection_cpp/dwb_msgs/srv/detail/score_trajectory__type_support.cpp.o[0m
[15.046s] [ 56%] [32m[1mLinking CXX shared library libdwb_msgs__rosidl_typesupport_c.so[0m
[15.058s] [ 57%] [32mBuilding CXX object CMakeFiles/dwb_msgs__rosidl_typesupport_fastrtps_cpp.dir/rosidl_typesupport_fastrtps_cpp/dwb_msgs/srv/detail/dds_fastrtps/score_trajectory__type_support.cpp.o[0m
[15.102s] [ 58%] [32mBuilding C object CMakeFiles/dwb_msgs__rosidl_typesupport_introspection_c.dir/rosidl_typesupport_introspection_c/dwb_msgs/msg/detail/critic_score__type_support.c.o[0m
[15.176s] [ 60%] [32mBuilding C object CMakeFiles/dwb_msgs__rosidl_typesupport_introspection_c.dir/rosidl_typesupport_introspection_c/dwb_msgs/msg/detail/local_plan_evaluation__type_support.c.o[0m
[15.230s] [ 60%] Built target dwb_msgs__rosidl_typesupport_c
[15.251s] [ 61%] [32mBuilding C object CMakeFiles/dwb_msgs__rosidl_typesupport_introspection_c.dir/rosidl_typesupport_introspection_c/dwb_msgs/msg/detail/trajectory2_d__type_support.c.o[0m
[15.298s] [ 62%] [32mBuilding C object CMakeFiles/dwb_msgs__rosidl_typesupport_introspection_c.dir/rosidl_typesupport_introspection_c/dwb_msgs/msg/detail/trajectory_score__type_support.c.o[0m
[15.339s] [ 63%] [32mBuilding C object CMakeFiles/dwb_msgs__rosidl_typesupport_introspection_c.dir/rosidl_typesupport_introspection_c/dwb_msgs/srv/detail/debug_local_plan__type_support.c.o[0m
[15.412s] [ 64%] [32mBuilding C object CMakeFiles/dwb_msgs__rosidl_typesupport_introspection_c.dir/rosidl_typesupport_introspection_c/dwb_msgs/srv/detail/generate_trajectory__type_support.c.o[0m
[15.418s] [ 65%] [32mBuilding C object CMakeFiles/dwb_msgs__rosidl_typesupport_introspection_c.dir/rosidl_typesupport_introspection_c/dwb_msgs/srv/detail/generate_twists__type_support.c.o[0m
[15.534s] [ 66%] [32mBuilding C object CMakeFiles/dwb_msgs__rosidl_typesupport_introspection_c.dir/rosidl_typesupport_introspection_c/dwb_msgs/srv/detail/get_critic_score__type_support.c.o[0m
[15.558s] [ 67%] [32mBuilding C object CMakeFiles/dwb_msgs__rosidl_typesupport_introspection_c.dir/rosidl_typesupport_introspection_c/dwb_msgs/srv/detail/score_trajectory__type_support.c.o[0m
[15.662s] [ 68%] [32m[1mLinking C shared library libdwb_msgs__rosidl_typesupport_introspection_c.so[0m
[15.738s] [ 68%] Built target dwb_msgs__rosidl_typesupport_introspection_c
[15.920s] [ 69%] [32m[1mLinking CXX shared library libdwb_msgs__rosidl_typesupport_introspection_cpp.so[0m
[16.066s] [ 69%] Built target dwb_msgs__rosidl_typesupport_introspection_cpp
[16.081s] [ 70%] [32m[1mLinking CXX shared library libdwb_msgs__rosidl_typesupport_fastrtps_cpp.so[0m
[16.257s] [ 70%] Built target dwb_msgs__rosidl_typesupport_fastrtps_cpp
[16.273s] [ 71%] [34m[1mGenerating C type support for eProsima Fast-RTPS[0m
[17.207s] [35m[1mScanning dependencies of target dwb_msgs__rosidl_typesupport_fastrtps_c[0m
[17.257s] [ 72%] [32mBuilding CXX object CMakeFiles/dwb_msgs__rosidl_typesupport_fastrtps_c.dir/rosidl_typesupport_fastrtps_c/dwb_msgs/msg/detail/trajectory_score__type_support_c.cpp.o[0m
[17.257s] [ 73%] [32mBuilding CXX object CMakeFiles/dwb_msgs__rosidl_typesupport_fastrtps_c.dir/rosidl_typesupport_fastrtps_c/dwb_msgs/msg/detail/critic_score__type_support_c.cpp.o[0m
[17.258s] [ 74%] [32mBuilding CXX object CMakeFiles/dwb_msgs__rosidl_typesupport_fastrtps_c.dir/rosidl_typesupport_fastrtps_c/dwb_msgs/srv/detail/debug_local_plan__type_support_c.cpp.o[0m
[17.260s] [ 76%] [32mBuilding CXX object CMakeFiles/dwb_msgs__rosidl_typesupport_fastrtps_c.dir/rosidl_typesupport_fastrtps_c/dwb_msgs/srv/detail/generate_twists__type_support_c.cpp.o[0m
[17.260s] [ 76%] [32mBuilding CXX object CMakeFiles/dwb_msgs__rosidl_typesupport_fastrtps_c.dir/rosidl_typesupport_fastrtps_c/dwb_msgs/msg/detail/trajectory2_d__type_support_c.cpp.o[0m
[17.260s] [ 77%] [32mBuilding CXX object CMakeFiles/dwb_msgs__rosidl_typesupport_fastrtps_c.dir/rosidl_typesupport_fastrtps_c/dwb_msgs/srv/detail/get_critic_score__type_support_c.cpp.o[0m
[17.266s] [ 78%] [32mBuilding CXX object CMakeFiles/dwb_msgs__rosidl_typesupport_fastrtps_c.dir/rosidl_typesupport_fastrtps_c/dwb_msgs/srv/detail/generate_trajectory__type_support_c.cpp.o[0m
[17.266s] [ 80%] [32mBuilding CXX object CMakeFiles/dwb_msgs__rosidl_typesupport_fastrtps_c.dir/rosidl_typesupport_fastrtps_c/dwb_msgs/msg/detail/local_plan_evaluation__type_support_c.cpp.o[0m
[17.297s] [ 81%] [32mBuilding CXX object CMakeFiles/dwb_msgs__rosidl_typesupport_fastrtps_c.dir/rosidl_typesupport_fastrtps_c/dwb_msgs/srv/detail/score_trajectory__type_support_c.cpp.o[0m
[18.157s] [ 82%] [32m[1mLinking CXX shared library libdwb_msgs__rosidl_typesupport_fastrtps_c.so[0m
[18.291s] [ 82%] Built target dwb_msgs__rosidl_typesupport_fastrtps_c
[18.303s] [35m[1mScanning dependencies of target dwb_msgs[0m
[18.319s] [ 82%] Built target dwb_msgs
[18.332s] [35m[1mScanning dependencies of target dwb_msgs__py[0m
[18.346s] [ 83%] [34m[1mGenerating Python code for ROS interfaces[0m
[21.871s] [ 83%] Built target dwb_msgs__py
[21.887s] [35m[1mScanning dependencies of target dwb_msgs__python[0m
[21.939s] [ 84%] [32mBuilding C object CMakeFiles/dwb_msgs__python.dir/rosidl_generator_py/dwb_msgs/msg/_local_plan_evaluation_s.c.o[0m
[21.939s] [ 85%] [32mBuilding C object CMakeFiles/dwb_msgs__python.dir/rosidl_generator_py/dwb_msgs/msg/_critic_score_s.c.o[0m
[21.944s] [ 88%] [32mBuilding C object CMakeFiles/dwb_msgs__python.dir/rosidl_generator_py/dwb_msgs/msg/_trajectory2_d_s.c.o[0m
[21.944s] [ 88%] [32mBuilding C object CMakeFiles/dwb_msgs__python.dir/rosidl_generator_py/dwb_msgs/srv/_generate_trajectory_s.c.o[0m
[21.945s] [ 88%] [32mBuilding C object CMakeFiles/dwb_msgs__python.dir/rosidl_generator_py/dwb_msgs/srv/_get_critic_score_s.c.o[0m
[21.951s] [ 90%] [32mBuilding C object CMakeFiles/dwb_msgs__python.dir/rosidl_generator_py/dwb_msgs/msg/_trajectory_score_s.c.o[0m
[21.951s] [ 90%] [32mBuilding C object CMakeFiles/dwb_msgs__python.dir/rosidl_generator_py/dwb_msgs/srv/_debug_local_plan_s.c.o[0m
[21.966s] [ 91%] [32mBuilding C object CMakeFiles/dwb_msgs__python.dir/rosidl_generator_py/dwb_msgs/srv/_score_trajectory_s.c.o[0m
[21.972s] [ 92%] [32mBuilding C object CMakeFiles/dwb_msgs__python.dir/rosidl_generator_py/dwb_msgs/srv/_generate_twists_s.c.o[0m
[22.215s] [ 93%] [32m[1mLinking C shared library rosidl_generator_py/dwb_msgs/libdwb_msgs__python.so[0m
[22.296s] [ 93%] Built target dwb_msgs__python
[22.309s] [35m[1mScanning dependencies of target dwb_msgs__rosidl_typesupport_introspection_c__pyext[0m
[22.309s] [35m[1mScanning dependencies of target dwb_msgs__rosidl_typesupport_c__pyext[0m
[22.310s] [35m[1mScanning dependencies of target dwb_msgs__rosidl_typesupport_fastrtps_c__pyext[0m
[22.336s] [ 95%] [32mBuilding C object CMakeFiles/dwb_msgs__rosidl_typesupport_c__pyext.dir/rosidl_generator_py/dwb_msgs/_dwb_msgs_s.ep.rosidl_typesupport_c.c.o[0m
[22.336s] [ 95%] [32mBuilding C object CMakeFiles/dwb_msgs__rosidl_typesupport_introspection_c__pyext.dir/rosidl_generator_py/dwb_msgs/_dwb_msgs_s.ep.rosidl_typesupport_introspection_c.c.o[0m
[22.339s] [ 96%] [32mBuilding C object CMakeFiles/dwb_msgs__rosidl_typesupport_fastrtps_c__pyext.dir/rosidl_generator_py/dwb_msgs/_dwb_msgs_s.ep.rosidl_typesupport_fastrtps_c.c.o[0m
[22.496s] [ 97%] [32m[1mLinking C shared library rosidl_generator_py/dwb_msgs/dwb_msgs_s__rosidl_typesupport_introspection_c.cpython-38-x86_64-linux-gnu.so[0m
[22.497s] [ 98%] [32m[1mLinking C shared library rosidl_generator_py/dwb_msgs/dwb_msgs_s__rosidl_typesupport_c.cpython-38-x86_64-linux-gnu.so[0m
[22.507s] [100%] [32m[1mLinking CXX shared library rosidl_generator_py/dwb_msgs/dwb_msgs_s__rosidl_typesupport_fastrtps_c.cpython-38-x86_64-linux-gnu.so[0m
[22.555s] [100%] Built target dwb_msgs__rosidl_typesupport_introspection_c__pyext
[22.555s] [100%] Built target dwb_msgs__rosidl_typesupport_c__pyext
[22.626s] [100%] Built target dwb_msgs__rosidl_typesupport_fastrtps_c__pyext
[22.677s] Invoked command in '/home/student/sjowmm_ws/build/dwb_msgs' returned '0': AMENT_PREFIX_PATH=/home/student/sjowmm_ws/install/nav_2d_msgs:${AMENT_PREFIX_PATH} CMAKE_PREFIX_PATH=/home/student/sjowmm_ws/install/nav_2d_msgs:/home/student/sjowmm_ws/install/simulation:/home/student/sjowmm_ws/install/dede:/opt/ros/foxy LD_LIBRARY_PATH=/home/student/sjowmm_ws/install/nav_2d_msgs/lib:${LD_LIBRARY_PATH} PYTHONPATH=/home/student/sjowmm_ws/install/nav_2d_msgs/lib/python3.8/site-packages:${PYTHONPATH} /usr/bin/cmake --build /home/student/sjowmm_ws/build/dwb_msgs -- -j12 -l12
[22.832s] Invoking command in '/home/student/sjowmm_ws/build/dwb_msgs': AMENT_PREFIX_PATH=/home/student/sjowmm_ws/install/nav_2d_msgs:${AMENT_PREFIX_PATH} CMAKE_PREFIX_PATH=/home/student/sjowmm_ws/install/nav_2d_msgs:/home/student/sjowmm_ws/install/simulation:/home/student/sjowmm_ws/install/dede:/opt/ros/foxy LD_LIBRARY_PATH=/home/student/sjowmm_ws/install/nav_2d_msgs/lib:${LD_LIBRARY_PATH} PYTHONPATH=/home/student/sjowmm_ws/install/nav_2d_msgs/lib/python3.8/site-packages:${PYTHONPATH} /usr/bin/cmake --install /home/student/sjowmm_ws/build/dwb_msgs
[22.842s] -- Install configuration: ""
[22.842s] -- Installing: /home/student/sjowmm_ws/install/dwb_msgs/share/ament_index/resource_index/rosidl_interfaces/dwb_msgs
[22.842s] -- Installing: /home/student/sjowmm_ws/install/dwb_msgs/include/dwb_msgs
[22.842s] -- Installing: /home/student/sjowmm_ws/install/dwb_msgs/include/dwb_msgs/msg
[22.842s] -- Installing: /home/student/sjowmm_ws/install/dwb_msgs/include/dwb_msgs/msg/detail
[22.842s] -- Installing: /home/student/sjowmm_ws/install/dwb_msgs/include/dwb_msgs/msg/detail/trajectory_score__functions.h
[22.843s] -- Installing: /home/student/sjowmm_ws/install/dwb_msgs/include/dwb_msgs/msg/detail/trajectory2_d__struct.h
[22.843s] -- Installing: /home/student/sjowmm_ws/install/dwb_msgs/include/dwb_msgs/msg/detail/critic_score__functions.h
[22.843s] -- Installing: /home/student/sjowmm_ws/install/dwb_msgs/include/dwb_msgs/msg/detail/trajectory2_d__functions.h
[22.843s] -- Installing: /home/student/sjowmm_ws/install/dwb_msgs/include/dwb_msgs/msg/detail/trajectory2_d__functions.c
[22.843s] -- Installing: /home/student/sjowmm_ws/install/dwb_msgs/include/dwb_msgs/msg/detail/local_plan_evaluation__type_support.h
[22.843s] -- Installing: /home/student/sjowmm_ws/install/dwb_msgs/include/dwb_msgs/msg/detail/trajectory_score__functions.c
[22.843s] -- Installing: /home/student/sjowmm_ws/install/dwb_msgs/include/dwb_msgs/msg/detail/critic_score__struct.h
[22.843s] -- Installing: /home/student/sjowmm_ws/install/dwb_msgs/include/dwb_msgs/msg/detail/local_plan_evaluation__struct.h
[22.843s] -- Installing: /home/student/sjowmm_ws/install/dwb_msgs/include/dwb_msgs/msg/detail/trajectory2_d__type_support.h
[22.843s] -- Installing: /home/student/sjowmm_ws/install/dwb_msgs/include/dwb_msgs/msg/detail/critic_score__type_support.h
[22.843s] -- Installing: /home/student/sjowmm_ws/install/dwb_msgs/include/dwb_msgs/msg/detail/local_plan_evaluation__functions.c
[22.843s] -- Installing: /home/student/sjowmm_ws/install/dwb_msgs/include/dwb_msgs/msg/detail/critic_score__functions.c
[22.844s] -- Installing: /home/student/sjowmm_ws/install/dwb_msgs/include/dwb_msgs/msg/detail/trajectory_score__struct.h
[22.844s] -- Installing: /home/student/sjowmm_ws/install/dwb_msgs/include/dwb_msgs/msg/detail/local_plan_evaluation__functions.h
[22.844s] -- Installing: /home/student/sjowmm_ws/install/dwb_msgs/include/dwb_msgs/msg/detail/trajectory_score__type_support.h
[22.844s] -- Installing: /home/student/sjowmm_ws/install/dwb_msgs/include/dwb_msgs/msg/critic_score.h
[22.844s] -- Installing: /home/student/sjowmm_ws/install/dwb_msgs/include/dwb_msgs/msg/trajectory_score.h
[22.844s] -- Installing: /home/student/sjowmm_ws/install/dwb_msgs/include/dwb_msgs/msg/rosidl_generator_c__visibility_control.h
[22.844s] -- Installing: /home/student/sjowmm_ws/install/dwb_msgs/include/dwb_msgs/msg/trajectory2_d.h
[22.844s] -- Installing: /home/student/sjowmm_ws/install/dwb_msgs/include/dwb_msgs/msg/local_plan_evaluation.h
[22.844s] -- Installing: /home/student/sjowmm_ws/install/dwb_msgs/include/dwb_msgs/srv
[22.844s] -- Installing: /home/student/sjowmm_ws/install/dwb_msgs/include/dwb_msgs/srv/generate_twists.h
[22.844s] -- Installing: /home/student/sjowmm_ws/install/dwb_msgs/include/dwb_msgs/srv/get_critic_score.h
[22.844s] -- Installing: /home/student/sjowmm_ws/install/dwb_msgs/include/dwb_msgs/srv/detail
[22.845s] -- Installing: /home/student/sjowmm_ws/install/dwb_msgs/include/dwb_msgs/srv/detail/generate_trajectory__functions.c
[22.845s] -- Installing: /home/student/sjowmm_ws/install/dwb_msgs/include/dwb_msgs/srv/detail/get_critic_score__functions.h
[22.845s] -- Installing: /home/student/sjowmm_ws/install/dwb_msgs/include/dwb_msgs/srv/detail/get_critic_score__type_support.h
[22.845s] -- Installing: /home/student/sjowmm_ws/install/dwb_msgs/include/dwb_msgs/srv/detail/generate_twists__struct.h
[22.845s] -- Installing: /home/student/sjowmm_ws/install/dwb_msgs/include/dwb_msgs/srv/detail/score_trajectory__struct.h
[22.845s] -- Installing: /home/student/sjowmm_ws/install/dwb_msgs/include/dwb_msgs/srv/detail/get_critic_score__struct.h
[22.845s] -- Installing: /home/student/sjowmm_ws/install/dwb_msgs/include/dwb_msgs/srv/detail/debug_local_plan__type_support.h
[22.845s] -- Installing: /home/student/sjowmm_ws/install/dwb_msgs/include/dwb_msgs/srv/detail/generate_twists__type_support.h
[22.846s] -- Installing: /home/student/sjowmm_ws/install/dwb_msgs/include/dwb_msgs/srv/detail/generate_twists__functions.c
[22.846s] -- Installing: /home/student/sjowmm_ws/install/dwb_msgs/include/dwb_msgs/srv/detail/debug_local_plan__functions.c
[22.846s] -- Installing: /home/student/sjowmm_ws/install/dwb_msgs/include/dwb_msgs/srv/detail/score_trajectory__functions.c
[22.846s] -- Installing: /home/student/sjowmm_ws/install/dwb_msgs/include/dwb_msgs/srv/detail/debug_local_plan__struct.h
[22.846s] -- Installing: /home/student/sjowmm_ws/install/dwb_msgs/include/dwb_msgs/srv/detail/debug_local_plan__functions.h
[22.846s] -- Installing: /home/student/sjowmm_ws/install/dwb_msgs/include/dwb_msgs/srv/detail/score_trajectory__functions.h
[22.846s] -- Installing: /home/student/sjowmm_ws/install/dwb_msgs/include/dwb_msgs/srv/detail/generate_trajectory__type_support.h
[22.846s] -- Installing: /home/student/sjowmm_ws/install/dwb_msgs/include/dwb_msgs/srv/detail/generate_trajectory__functions.h
[22.847s] -- Installing: /home/student/sjowmm_ws/install/dwb_msgs/include/dwb_msgs/srv/detail/score_trajectory__type_support.h
[22.847s] -- Installing: /home/student/sjowmm_ws/install/dwb_msgs/include/dwb_msgs/srv/detail/get_critic_score__functions.c
[22.847s] -- Installing: /home/student/sjowmm_ws/install/dwb_msgs/include/dwb_msgs/srv/detail/generate_trajectory__struct.h
[22.847s] -- Installing: /home/student/sjowmm_ws/install/dwb_msgs/include/dwb_msgs/srv/detail/generate_twists__functions.h
[22.847s] -- Installing: /home/student/sjowmm_ws/install/dwb_msgs/include/dwb_msgs/srv/score_trajectory.h
[22.847s] -- Installing: /home/student/sjowmm_ws/install/dwb_msgs/include/dwb_msgs/srv/generate_trajectory.h
[22.847s] -- Installing: /home/student/sjowmm_ws/install/dwb_msgs/include/dwb_msgs/srv/debug_local_plan.h
[22.848s] -- Installing: /home/student/sjowmm_ws/install/dwb_msgs/share/dwb_msgs/environment/library_path.sh
[22.848s] -- Installing: /home/student/sjowmm_ws/install/dwb_msgs/share/dwb_msgs/environment/library_path.dsv
[22.848s] -- Installing: /home/student/sjowmm_ws/install/dwb_msgs/lib/libdwb_msgs__rosidl_generator_c.so
[22.848s] -- Set runtime path of "/home/student/sjowmm_ws/install/dwb_msgs/lib/libdwb_msgs__rosidl_generator_c.so" to ""
[22.848s] -- Up-to-date: /home/student/sjowmm_ws/install/dwb_msgs/include/dwb_msgs
[22.848s] -- Up-to-date: /home/student/sjowmm_ws/install/dwb_msgs/include/dwb_msgs/msg
[22.848s] -- Up-to-date: /home/student/sjowmm_ws/install/dwb_msgs/include/dwb_msgs/msg/detail
[22.848s] -- Installing: /home/student/sjowmm_ws/install/dwb_msgs/include/dwb_msgs/msg/detail/trajectory2_d__rosidl_typesupport_fastrtps_c.h
[22.849s] -- Installing: /home/student/sjowmm_ws/install/dwb_msgs/include/dwb_msgs/msg/detail/local_plan_evaluation__rosidl_typesupport_fastrtps_c.h
[22.849s] -- Installing: /home/student/sjowmm_ws/install/dwb_msgs/include/dwb_msgs/msg/detail/critic_score__rosidl_typesupport_fastrtps_c.h
[22.849s] -- Installing: /home/student/sjowmm_ws/install/dwb_msgs/include/dwb_msgs/msg/detail/trajectory_score__rosidl_typesupport_fastrtps_c.h
[22.849s] -- Installing: /home/student/sjowmm_ws/install/dwb_msgs/include/dwb_msgs/msg/rosidl_typesupport_fastrtps_c__visibility_control.h
[22.849s] -- Up-to-date: /home/student/sjowmm_ws/install/dwb_msgs/include/dwb_msgs/srv
[22.850s] -- Up-to-date: /home/student/sjowmm_ws/install/dwb_msgs/include/dwb_msgs/srv/detail
[22.850s] -- Installing: /home/student/sjowmm_ws/install/dwb_msgs/include/dwb_msgs/srv/detail/get_critic_score__rosidl_typesupport_fastrtps_c.h
[22.850s] -- Installing: /home/student/sjowmm_ws/install/dwb_msgs/include/dwb_msgs/srv/detail/generate_trajectory__rosidl_typesupport_fastrtps_c.h
[22.850s] -- Installing: /home/student/sjowmm_ws/install/dwb_msgs/include/dwb_msgs/srv/detail/score_trajectory__rosidl_typesupport_fastrtps_c.h
[22.851s] -- Installing: /home/student/sjowmm_ws/install/dwb_msgs/include/dwb_msgs/srv/detail/debug_local_plan__rosidl_typesupport_fastrtps_c.h
[22.851s] -- Installing: /home/student/sjowmm_ws/install/dwb_msgs/include/dwb_msgs/srv/detail/generate_twists__rosidl_typesupport_fastrtps_c.h
[22.851s] -- Installing: /home/student/sjowmm_ws/install/dwb_msgs/lib/libdwb_msgs__rosidl_typesupport_fastrtps_c.so
[22.851s] -- Set runtime path of "/home/student/sjowmm_ws/install/dwb_msgs/lib/libdwb_msgs__rosidl_typesupport_fastrtps_c.so" to ""
[22.851s] -- Up-to-date: /home/student/sjowmm_ws/install/dwb_msgs/include/dwb_msgs
[22.851s] -- Up-to-date: /home/student/sjowmm_ws/install/dwb_msgs/include/dwb_msgs/msg
[22.851s] -- Installing: /home/student/sjowmm_ws/install/dwb_msgs/include/dwb_msgs/msg/rosidl_typesupport_fastrtps_cpp__visibility_control.h
[22.852s] -- Up-to-date: /home/student/sjowmm_ws/install/dwb_msgs/include/dwb_msgs/msg/detail
[22.852s] -- Installing: /home/student/sjowmm_ws/install/dwb_msgs/include/dwb_msgs/msg/detail/dds_fastrtps
[22.852s] -- Installing: /home/student/sjowmm_ws/install/dwb_msgs/include/dwb_msgs/msg/detail/local_plan_evaluation__rosidl_typesupport_fastrtps_cpp.hpp
[22.852s] -- Installing: /home/student/sjowmm_ws/install/dwb_msgs/include/dwb_msgs/msg/detail/trajectory2_d__rosidl_typesupport_fastrtps_cpp.hpp
[22.852s] -- Installing: /home/student/sjowmm_ws/install/dwb_msgs/include/dwb_msgs/msg/detail/critic_score__rosidl_typesupport_fastrtps_cpp.hpp
[22.852s] -- Installing: /home/student/sjowmm_ws/install/dwb_msgs/include/dwb_msgs/msg/detail/trajectory_score__rosidl_typesupport_fastrtps_cpp.hpp
[22.852s] -- Up-to-date: /home/student/sjowmm_ws/install/dwb_msgs/include/dwb_msgs/srv
[22.852s] -- Up-to-date: /home/student/sjowmm_ws/install/dwb_msgs/include/dwb_msgs/srv/detail
[22.853s] -- Installing: /home/student/sjowmm_ws/install/dwb_msgs/include/dwb_msgs/srv/detail/dds_fastrtps
[22.853s] -- Installing: /home/student/sjowmm_ws/install/dwb_msgs/include/dwb_msgs/srv/detail/debug_local_plan__rosidl_typesupport_fastrtps_cpp.hpp
[22.853s] -- Installing: /home/student/sjowmm_ws/install/dwb_msgs/include/dwb_msgs/srv/detail/generate_twists__rosidl_typesupport_fastrtps_cpp.hpp
[22.853s] -- Installing: /home/student/sjowmm_ws/install/dwb_msgs/include/dwb_msgs/srv/detail/score_trajectory__rosidl_typesupport_fastrtps_cpp.hpp
[22.853s] -- Installing: /home/student/sjowmm_ws/install/dwb_msgs/include/dwb_msgs/srv/detail/get_critic_score__rosidl_typesupport_fastrtps_cpp.hpp
[22.853s] -- Installing: /home/student/sjowmm_ws/install/dwb_msgs/include/dwb_msgs/srv/detail/generate_trajectory__rosidl_typesupport_fastrtps_cpp.hpp
[22.853s] -- Installing: /home/student/sjowmm_ws/install/dwb_msgs/lib/libdwb_msgs__rosidl_typesupport_fastrtps_cpp.so
[22.853s] -- Set runtime path of "/home/student/sjowmm_ws/install/dwb_msgs/lib/libdwb_msgs__rosidl_typesupport_fastrtps_cpp.so" to ""
[22.853s] -- Up-to-date: /home/student/sjowmm_ws/install/dwb_msgs/include/dwb_msgs
[22.854s] -- Up-to-date: /home/student/sjowmm_ws/install/dwb_msgs/include/dwb_msgs/msg
[22.854s] -- Up-to-date: /home/student/sjowmm_ws/install/dwb_msgs/include/dwb_msgs/msg/detail
[22.854s] -- Installing: /home/student/sjowmm_ws/install/dwb_msgs/include/dwb_msgs/msg/detail/trajectory_score__rosidl_typesupport_introspection_c.h
[22.854s] -- Installing: /home/student/sjowmm_ws/install/dwb_msgs/include/dwb_msgs/msg/detail/local_plan_evaluation__type_support.c
[22.854s] -- Installing: /home/student/sjowmm_ws/install/dwb_msgs/include/dwb_msgs/msg/detail/trajectory2_d__rosidl_typesupport_introspection_c.h
[22.854s] -- Installing: /home/student/sjowmm_ws/install/dwb_msgs/include/dwb_msgs/msg/detail/trajectory2_d__type_support.c
[22.854s] -- Installing: /home/student/sjowmm_ws/install/dwb_msgs/include/dwb_msgs/msg/detail/critic_score__type_support.c
[22.854s] -- Installing: /home/student/sjowmm_ws/install/dwb_msgs/include/dwb_msgs/msg/detail/trajectory_score__type_support.c
[22.854s] -- Installing: /home/student/sjowmm_ws/install/dwb_msgs/include/dwb_msgs/msg/detail/local_plan_evaluation__rosidl_typesupport_introspection_c.h
[22.854s] -- Installing: /home/student/sjowmm_ws/install/dwb_msgs/include/dwb_msgs/msg/detail/critic_score__rosidl_typesupport_introspection_c.h
[22.855s] -- Installing: /home/student/sjowmm_ws/install/dwb_msgs/include/dwb_msgs/msg/rosidl_typesupport_introspection_c__visibility_control.h
[22.855s] -- Up-to-date: /home/student/sjowmm_ws/install/dwb_msgs/include/dwb_msgs/srv
[22.855s] -- Up-to-date: /home/student/sjowmm_ws/install/dwb_msgs/include/dwb_msgs/srv/detail
[22.855s] -- Installing: /home/student/sjowmm_ws/install/dwb_msgs/include/dwb_msgs/srv/detail/score_trajectory__type_support.c
[22.855s] -- Installing: /home/student/sjowmm_ws/install/dwb_msgs/include/dwb_msgs/srv/detail/score_trajectory__rosidl_typesupport_introspection_c.h
[22.855s] -- Installing: /home/student/sjowmm_ws/install/dwb_msgs/include/dwb_msgs/srv/detail/debug_local_plan__type_support.c
[22.855s] -- Installing: /home/student/sjowmm_ws/install/dwb_msgs/include/dwb_msgs/srv/detail/generate_twists__rosidl_typesupport_introspection_c.h
[22.855s] -- Installing: /home/student/sjowmm_ws/install/dwb_msgs/include/dwb_msgs/srv/detail/generate_trajectory__rosidl_typesupport_introspection_c.h
[22.855s] -- Installing: /home/student/sjowmm_ws/install/dwb_msgs/include/dwb_msgs/srv/detail/generate_trajectory__type_support.c
[22.855s] -- Installing: /home/student/sjowmm_ws/install/dwb_msgs/include/dwb_msgs/srv/detail/generate_twists__type_support.c
[22.855s] -- Installing: /home/student/sjowmm_ws/install/dwb_msgs/include/dwb_msgs/srv/detail/get_critic_score__rosidl_typesupport_introspection_c.h
[22.855s] -- Installing: /home/student/sjowmm_ws/install/dwb_msgs/include/dwb_msgs/srv/detail/debug_local_plan__rosidl_typesupport_introspection_c.h
[22.855s] -- Installing: /home/student/sjowmm_ws/install/dwb_msgs/include/dwb_msgs/srv/detail/get_critic_score__type_support.c
[22.856s] -- Installing: /home/student/sjowmm_ws/install/dwb_msgs/lib/libdwb_msgs__rosidl_typesupport_introspection_c.so
[22.856s] -- Set runtime path of "/home/student/sjowmm_ws/install/dwb_msgs/lib/libdwb_msgs__rosidl_typesupport_introspection_c.so" to ""
[22.856s] -- Installing: /home/student/sjowmm_ws/install/dwb_msgs/lib/libdwb_msgs__rosidl_typesupport_c.so
[22.856s] -- Set runtime path of "/home/student/sjowmm_ws/install/dwb_msgs/lib/libdwb_msgs__rosidl_typesupport_c.so" to ""
[22.856s] -- Up-to-date: /home/student/sjowmm_ws/install/dwb_msgs/include/dwb_msgs
[22.856s] -- Up-to-date: /home/student/sjowmm_ws/install/dwb_msgs/include/dwb_msgs/msg
[22.856s] -- Up-to-date: /home/student/sjowmm_ws/install/dwb_msgs/include/dwb_msgs/msg/detail
[22.856s] -- Installing: /home/student/sjowmm_ws/install/dwb_msgs/include/dwb_msgs/msg/detail/local_plan_evaluation__struct.hpp
[22.856s] -- Installing: /home/student/sjowmm_ws/install/dwb_msgs/include/dwb_msgs/msg/detail/trajectory_score__struct.hpp
[22.856s] -- Installing: /home/student/sjowmm_ws/install/dwb_msgs/include/dwb_msgs/msg/detail/local_plan_evaluation__builder.hpp
[22.856s] -- Installing: /home/student/sjowmm_ws/install/dwb_msgs/include/dwb_msgs/msg/detail/local_plan_evaluation__traits.hpp
[22.856s] -- Installing: /home/student/sjowmm_ws/install/dwb_msgs/include/dwb_msgs/msg/detail/critic_score__traits.hpp
[22.857s] -- Installing: /home/student/sjowmm_ws/install/dwb_msgs/include/dwb_msgs/msg/detail/trajectory2_d__struct.hpp
[22.857s] -- Installing: /home/student/sjowmm_ws/install/dwb_msgs/include/dwb_msgs/msg/detail/trajectory_score__builder.hpp
[22.857s] -- Installing: /home/student/sjowmm_ws/install/dwb_msgs/include/dwb_msgs/msg/detail/critic_score__struct.hpp
[22.857s] -- Installing: /home/student/sjowmm_ws/install/dwb_msgs/include/dwb_msgs/msg/detail/trajectory2_d__builder.hpp
[22.857s] -- Installing: /home/student/sjowmm_ws/install/dwb_msgs/include/dwb_msgs/msg/detail/trajectory2_d__traits.hpp
[22.857s] -- Installing: /home/student/sjowmm_ws/install/dwb_msgs/include/dwb_msgs/msg/detail/trajectory_score__traits.hpp
[22.857s] -- Installing: /home/student/sjowmm_ws/install/dwb_msgs/include/dwb_msgs/msg/detail/critic_score__builder.hpp
[22.858s] -- Installing: /home/student/sjowmm_ws/install/dwb_msgs/include/dwb_msgs/msg/local_plan_evaluation.hpp
[22.858s] -- Installing: /home/student/sjowmm_ws/install/dwb_msgs/include/dwb_msgs/msg/critic_score.hpp
[22.858s] -- Installing: /home/student/sjowmm_ws/install/dwb_msgs/include/dwb_msgs/msg/trajectory_score.hpp
[22.858s] -- Installing: /home/student/sjowmm_ws/install/dwb_msgs/include/dwb_msgs/msg/trajectory2_d.hpp
[22.858s] -- Up-to-date: /home/student/sjowmm_ws/install/dwb_msgs/include/dwb_msgs/srv
[22.858s] -- Up-to-date: /home/student/sjowmm_ws/install/dwb_msgs/include/dwb_msgs/srv/detail
[22.858s] -- Installing: /home/student/sjowmm_ws/install/dwb_msgs/include/dwb_msgs/srv/detail/score_trajectory__traits.hpp
[22.858s] -- Installing: /home/student/sjowmm_ws/install/dwb_msgs/include/dwb_msgs/srv/detail/debug_local_plan__builder.hpp
[22.858s] -- Installing: /home/student/sjowmm_ws/install/dwb_msgs/include/dwb_msgs/srv/detail/generate_trajectory__traits.hpp
[22.858s] -- Installing: /home/student/sjowmm_ws/install/dwb_msgs/include/dwb_msgs/srv/detail/get_critic_score__builder.hpp
[22.858s] -- Installing: /home/student/sjowmm_ws/install/dwb_msgs/include/dwb_msgs/srv/detail/generate_twists__struct.hpp
[22.859s] -- Installing: /home/student/sjowmm_ws/install/dwb_msgs/include/dwb_msgs/srv/detail/generate_trajectory__builder.hpp
[22.859s] -- Installing: /home/student/sjowmm_ws/install/dwb_msgs/include/dwb_msgs/srv/detail/score_trajectory__builder.hpp
[22.859s] -- Installing: /home/student/sjowmm_ws/install/dwb_msgs/include/dwb_msgs/srv/detail/generate_twists__builder.hpp
[22.859s] -- Installing: /home/student/sjowmm_ws/install/dwb_msgs/include/dwb_msgs/srv/detail/get_critic_score__struct.hpp
[22.859s] -- Installing: /home/student/sjowmm_ws/install/dwb_msgs/include/dwb_msgs/srv/detail/get_critic_score__traits.hpp
[22.859s] -- Installing: /home/student/sjowmm_ws/install/dwb_msgs/include/dwb_msgs/srv/detail/debug_local_plan__struct.hpp
[22.859s] -- Installing: /home/student/sjowmm_ws/install/dwb_msgs/include/dwb_msgs/srv/detail/score_trajectory__struct.hpp
[22.859s] -- Installing: /home/student/sjowmm_ws/install/dwb_msgs/include/dwb_msgs/srv/detail/generate_trajectory__struct.hpp
[22.859s] -- Installing: /home/student/sjowmm_ws/install/dwb_msgs/include/dwb_msgs/srv/detail/debug_local_plan__traits.hpp
[22.859s] -- Installing: /home/student/sjowmm_ws/install/dwb_msgs/include/dwb_msgs/srv/detail/generate_twists__traits.hpp
[22.859s] -- Installing: /home/student/sjowmm_ws/install/dwb_msgs/include/dwb_msgs/srv/generate_trajectory.hpp
[22.859s] -- Installing: /home/student/sjowmm_ws/install/dwb_msgs/include/dwb_msgs/srv/score_trajectory.hpp
[22.860s] -- Installing: /home/student/sjowmm_ws/install/dwb_msgs/include/dwb_msgs/srv/get_critic_score.hpp
[22.860s] -- Installing: /home/student/sjowmm_ws/install/dwb_msgs/include/dwb_msgs/srv/debug_local_plan.hpp
[22.860s] -- Installing: /home/student/sjowmm_ws/install/dwb_msgs/include/dwb_msgs/srv/generate_twists.hpp
[22.860s] -- Up-to-date: /home/student/sjowmm_ws/install/dwb_msgs/include/dwb_msgs
[22.860s] -- Up-to-date: /home/student/sjowmm_ws/install/dwb_msgs/include/dwb_msgs/msg
[22.860s] -- Up-to-date: /home/student/sjowmm_ws/install/dwb_msgs/include/dwb_msgs/msg/detail
[22.860s] -- Installing: /home/student/sjowmm_ws/install/dwb_msgs/include/dwb_msgs/msg/detail/local_plan_evaluation__type_support.cpp
[22.860s] -- Installing: /home/student/sjowmm_ws/install/dwb_msgs/include/dwb_msgs/msg/detail/trajectory2_d__rosidl_typesupport_introspection_cpp.hpp
[22.860s] -- Installing: /home/student/sjowmm_ws/install/dwb_msgs/include/dwb_msgs/msg/detail/trajectory_score__rosidl_typesupport_introspection_cpp.hpp
[22.860s] -- Installing: /home/student/sjowmm_ws/install/dwb_msgs/include/dwb_msgs/msg/detail/trajectory_score__type_support.cpp
[22.860s] -- Installing: /home/student/sjowmm_ws/install/dwb_msgs/include/dwb_msgs/msg/detail/critic_score__rosidl_typesupport_introspection_cpp.hpp
[22.860s] -- Installing: /home/student/sjowmm_ws/install/dwb_msgs/include/dwb_msgs/msg/detail/critic_score__type_support.cpp
[22.860s] -- Installing: /home/student/sjowmm_ws/install/dwb_msgs/include/dwb_msgs/msg/detail/trajectory2_d__type_support.cpp
[22.860s] -- Installing: /home/student/sjowmm_ws/install/dwb_msgs/include/dwb_msgs/msg/detail/local_plan_evaluation__rosidl_typesupport_introspection_cpp.hpp
[22.860s] -- Up-to-date: /home/student/sjowmm_ws/install/dwb_msgs/include/dwb_msgs/srv
[22.860s] -- Up-to-date: /home/student/sjowmm_ws/install/dwb_msgs/include/dwb_msgs/srv/detail
[22.860s] -- Installing: /home/student/sjowmm_ws/install/dwb_msgs/include/dwb_msgs/srv/detail/score_trajectory__rosidl_typesupport_introspection_cpp.hpp
[22.861s] -- Installing: /home/student/sjowmm_ws/install/dwb_msgs/include/dwb_msgs/srv/detail/generate_twists__type_support.cpp
[22.861s] -- Installing: /home/student/sjowmm_ws/install/dwb_msgs/include/dwb_msgs/srv/detail/generate_twists__rosidl_typesupport_introspection_cpp.hpp
[22.861s] -- Installing: /home/student/sjowmm_ws/install/dwb_msgs/include/dwb_msgs/srv/detail/debug_local_plan__type_support.cpp
[22.861s] -- Installing: /home/student/sjowmm_ws/install/dwb_msgs/include/dwb_msgs/srv/detail/get_critic_score__rosidl_typesupport_introspection_cpp.hpp
[22.861s] -- Installing: /home/student/sjowmm_ws/install/dwb_msgs/include/dwb_msgs/srv/detail/score_trajectory__type_support.cpp
[22.861s] -- Installing: /home/student/sjowmm_ws/install/dwb_msgs/include/dwb_msgs/srv/detail/generate_trajectory__rosidl_typesupport_introspection_cpp.hpp
[22.861s] -- Installing: /home/student/sjowmm_ws/install/dwb_msgs/include/dwb_msgs/srv/detail/generate_trajectory__type_support.cpp
[22.861s] -- Installing: /home/student/sjowmm_ws/install/dwb_msgs/include/dwb_msgs/srv/detail/get_critic_score__type_support.cpp
[22.861s] -- Installing: /home/student/sjowmm_ws/install/dwb_msgs/include/dwb_msgs/srv/detail/debug_local_plan__rosidl_typesupport_introspection_cpp.hpp
[22.861s] -- Installing: /home/student/sjowmm_ws/install/dwb_msgs/lib/libdwb_msgs__rosidl_typesupport_introspection_cpp.so
[22.861s] -- Set runtime path of "/home/student/sjowmm_ws/install/dwb_msgs/lib/libdwb_msgs__rosidl_typesupport_introspection_cpp.so" to ""
[22.861s] -- Installing: /home/student/sjowmm_ws/install/dwb_msgs/lib/libdwb_msgs__rosidl_typesupport_cpp.so
[22.861s] -- Set runtime path of "/home/student/sjowmm_ws/install/dwb_msgs/lib/libdwb_msgs__rosidl_typesupport_cpp.so" to ""
[22.861s] -- Installing: /home/student/sjowmm_ws/install/dwb_msgs/share/dwb_msgs/environment/pythonpath.sh
[22.862s] -- Installing: /home/student/sjowmm_ws/install/dwb_msgs/share/dwb_msgs/environment/pythonpath.dsv
[22.862s] -- Installing: /home/student/sjowmm_ws/install/dwb_msgs/lib/python3.8/site-packages/dwb_msgs/__init__.py
[22.898s] Compiling '/home/student/sjowmm_ws/install/dwb_msgs/lib/python3.8/site-packages/dwb_msgs/__init__.py'...
[22.905s] -- Installing: /home/student/sjowmm_ws/install/dwb_msgs/lib/python3.8/site-packages/dwb_msgs/msg
[22.905s] -- Installing: /home/student/sjowmm_ws/install/dwb_msgs/lib/python3.8/site-packages/dwb_msgs/msg/_critic_score_s.c
[22.905s] -- Installing: /home/student/sjowmm_ws/install/dwb_msgs/lib/python3.8/site-packages/dwb_msgs/msg/_local_plan_evaluation.py
[22.905s] -- Installing: /home/student/sjowmm_ws/install/dwb_msgs/lib/python3.8/site-packages/dwb_msgs/msg/_trajectory2_d_s.c
[22.905s] -- Installing: /home/student/sjowmm_ws/install/dwb_msgs/lib/python3.8/site-packages/dwb_msgs/msg/_trajectory_score.py
[22.905s] -- Installing: /home/student/sjowmm_ws/install/dwb_msgs/lib/python3.8/site-packages/dwb_msgs/msg/_trajectory_score_s.c
[22.905s] -- Installing: /home/student/sjowmm_ws/install/dwb_msgs/lib/python3.8/site-packages/dwb_msgs/msg/_critic_score.py
[22.906s] -- Installing: /home/student/sjowmm_ws/install/dwb_msgs/lib/python3.8/site-packages/dwb_msgs/msg/_local_plan_evaluation_s.c
[22.906s] -- Installing: /home/student/sjowmm_ws/install/dwb_msgs/lib/python3.8/site-packages/dwb_msgs/msg/_trajectory2_d.py
[22.906s] -- Installing: /home/student/sjowmm_ws/install/dwb_msgs/lib/python3.8/site-packages/dwb_msgs/msg/__init__.py
[22.906s] -- Installing: /home/student/sjowmm_ws/install/dwb_msgs/lib/python3.8/site-packages/dwb_msgs/srv
[22.906s] -- Installing: /home/student/sjowmm_ws/install/dwb_msgs/lib/python3.8/site-packages/dwb_msgs/srv/_score_trajectory_s.c
[22.906s] -- Installing: /home/student/sjowmm_ws/install/dwb_msgs/lib/python3.8/site-packages/dwb_msgs/srv/_generate_trajectory.py
[22.906s] -- Installing: /home/student/sjowmm_ws/install/dwb_msgs/lib/python3.8/site-packages/dwb_msgs/srv/_generate_trajectory_s.c
[22.906s] -- Installing: /home/student/sjowmm_ws/install/dwb_msgs/lib/python3.8/site-packages/dwb_msgs/srv/_debug_local_plan.py
[22.907s] -- Installing: /home/student/sjowmm_ws/install/dwb_msgs/lib/python3.8/site-packages/dwb_msgs/srv/_generate_twists.py
[22.907s] -- Installing: /home/student/sjowmm_ws/install/dwb_msgs/lib/python3.8/site-packages/dwb_msgs/srv/_get_critic_score_s.c
[22.907s] -- Installing: /home/student/sjowmm_ws/install/dwb_msgs/lib/python3.8/site-packages/dwb_msgs/srv/_get_critic_score.py
[22.907s] -- Installing: /home/student/sjowmm_ws/install/dwb_msgs/lib/python3.8/site-packages/dwb_msgs/srv/_generate_twists_s.c
[22.907s] -- Installing: /home/student/sjowmm_ws/install/dwb_msgs/lib/python3.8/site-packages/dwb_msgs/srv/_debug_local_plan_s.c
[22.907s] -- Installing: /home/student/sjowmm_ws/install/dwb_msgs/lib/python3.8/site-packages/dwb_msgs/srv/_score_trajectory.py
[22.907s] -- Installing: /home/student/sjowmm_ws/install/dwb_msgs/lib/python3.8/site-packages/dwb_msgs/srv/__init__.py
[22.908s] -- Installing: /home/student/sjowmm_ws/install/dwb_msgs/lib/python3.8/site-packages/dwb_msgs/dwb_msgs_s__rosidl_typesupport_fastrtps_c.cpython-38-x86_64-linux-gnu.so
[22.908s] -- Set runtime path of "/home/student/sjowmm_ws/install/dwb_msgs/lib/python3.8/site-packages/dwb_msgs/dwb_msgs_s__rosidl_typesupport_fastrtps_c.cpython-38-x86_64-linux-gnu.so" to ""
[22.909s] -- Installing: /home/student/sjowmm_ws/install/dwb_msgs/lib/python3.8/site-packages/dwb_msgs/dwb_msgs_s__rosidl_typesupport_introspection_c.cpython-38-x86_64-linux-gnu.so
[22.910s] -- Set runtime path of "/home/student/sjowmm_ws/install/dwb_msgs/lib/python3.8/site-packages/dwb_msgs/dwb_msgs_s__rosidl_typesupport_introspection_c.cpython-38-x86_64-linux-gnu.so" to ""
[22.910s] -- Installing: /home/student/sjowmm_ws/install/dwb_msgs/lib/python3.8/site-packages/dwb_msgs/dwb_msgs_s__rosidl_typesupport_c.cpython-38-x86_64-linux-gnu.so
[22.910s] -- Set runtime path of "/home/student/sjowmm_ws/install/dwb_msgs/lib/python3.8/site-packages/dwb_msgs/dwb_msgs_s__rosidl_typesupport_c.cpython-38-x86_64-linux-gnu.so" to ""
[22.910s] -- Installing: /home/student/sjowmm_ws/install/dwb_msgs/lib/libdwb_msgs__python.so
[22.911s] -- Set runtime path of "/home/student/sjowmm_ws/install/dwb_msgs/lib/libdwb_msgs__python.so" to ""
[22.911s] -- Installing: /home/student/sjowmm_ws/install/dwb_msgs/share/dwb_msgs/msg/CriticScore.idl
[22.911s] -- Installing: /home/student/sjowmm_ws/install/dwb_msgs/share/dwb_msgs/msg/LocalPlanEvaluation.idl
[22.911s] -- Installing: /home/student/sjowmm_ws/install/dwb_msgs/share/dwb_msgs/msg/Trajectory2D.idl
[22.911s] -- Installing: /home/student/sjowmm_ws/install/dwb_msgs/share/dwb_msgs/msg/TrajectoryScore.idl
[22.911s] -- Installing: /home/student/sjowmm_ws/install/dwb_msgs/share/dwb_msgs/srv/DebugLocalPlan.idl
[22.911s] -- Installing: /home/student/sjowmm_ws/install/dwb_msgs/share/dwb_msgs/srv/GenerateTrajectory.idl
[22.911s] -- Installing: /home/student/sjowmm_ws/install/dwb_msgs/share/dwb_msgs/srv/GenerateTwists.idl
[22.912s] -- Installing: /home/student/sjowmm_ws/install/dwb_msgs/share/dwb_msgs/srv/GetCriticScore.idl
[22.912s] -- Installing: /home/student/sjowmm_ws/install/dwb_msgs/share/dwb_msgs/srv/ScoreTrajectory.idl
[22.912s] -- Installing: /home/student/sjowmm_ws/install/dwb_msgs/share/dwb_msgs/msg/CriticScore.msg
[22.912s] -- Installing: /home/student/sjowmm_ws/install/dwb_msgs/share/dwb_msgs/msg/LocalPlanEvaluation.msg
[22.912s] -- Installing: /home/student/sjowmm_ws/install/dwb_msgs/share/dwb_msgs/msg/Trajectory2D.msg
[22.912s] -- Installing: /home/student/sjowmm_ws/install/dwb_msgs/share/dwb_msgs/msg/TrajectoryScore.msg
[22.912s] -- Installing: /home/student/sjowmm_ws/install/dwb_msgs/share/dwb_msgs/srv/DebugLocalPlan.srv
[22.913s] -- Installing: /home/student/sjowmm_ws/install/dwb_msgs/share/dwb_msgs/srv/DebugLocalPlan_Request.msg
[22.913s] -- Installing: /home/student/sjowmm_ws/install/dwb_msgs/share/dwb_msgs/srv/DebugLocalPlan_Response.msg
[22.913s] -- Installing: /home/student/sjowmm_ws/install/dwb_msgs/share/dwb_msgs/srv/GenerateTrajectory.srv
[22.913s] -- Installing: /home/student/sjowmm_ws/install/dwb_msgs/share/dwb_msgs/srv/GenerateTrajectory_Request.msg
[22.913s] -- Installing: /home/student/sjowmm_ws/install/dwb_msgs/share/dwb_msgs/srv/GenerateTrajectory_Response.msg
[22.913s] -- Installing: /home/student/sjowmm_ws/install/dwb_msgs/share/dwb_msgs/srv/GenerateTwists.srv
[22.914s] -- Installing: /home/student/sjowmm_ws/install/dwb_msgs/share/dwb_msgs/srv/GenerateTwists_Request.msg
[22.914s] -- Installing: /home/student/sjowmm_ws/install/dwb_msgs/share/dwb_msgs/srv/GenerateTwists_Response.msg
[22.914s] -- Installing: /home/student/sjowmm_ws/install/dwb_msgs/share/dwb_msgs/srv/GetCriticScore.srv
[22.914s] -- Installing: /home/student/sjowmm_ws/install/dwb_msgs/share/dwb_msgs/srv/GetCriticScore_Request.msg
[22.914s] -- Installing: /home/student/sjowmm_ws/install/dwb_msgs/share/dwb_msgs/srv/GetCriticScore_Response.msg
[22.914s] -- Installing: /home/student/sjowmm_ws/install/dwb_msgs/share/dwb_msgs/srv/ScoreTrajectory.srv
[22.914s] -- Installing: /home/student/sjowmm_ws/install/dwb_msgs/share/dwb_msgs/srv/ScoreTrajectory_Request.msg
[22.915s] -- Installing: /home/student/sjowmm_ws/install/dwb_msgs/share/dwb_msgs/srv/ScoreTrajectory_Response.msg
[22.915s] -- Installing: /home/student/sjowmm_ws/install/dwb_msgs/share/ament_index/resource_index/package_run_dependencies/dwb_msgs
[22.915s] -- Installing: /home/student/sjowmm_ws/install/dwb_msgs/share/ament_index/resource_index/parent_prefix_path/dwb_msgs
[22.915s] -- Installing: /home/student/sjowmm_ws/install/dwb_msgs/share/dwb_msgs/environment/ament_prefix_path.sh
[22.915s] -- Installing: /home/student/sjowmm_ws/install/dwb_msgs/share/dwb_msgs/environment/ament_prefix_path.dsv
[22.916s] -- Installing: /home/student/sjowmm_ws/install/dwb_msgs/share/dwb_msgs/environment/path.sh
[22.916s] -- Installing: /home/student/sjowmm_ws/install/dwb_msgs/share/dwb_msgs/environment/path.dsv
[22.916s] -- Installing: /home/student/sjowmm_ws/install/dwb_msgs/share/dwb_msgs/local_setup.bash
[22.916s] -- Installing: /home/student/sjowmm_ws/install/dwb_msgs/share/dwb_msgs/local_setup.sh
[22.917s] -- Installing: /home/student/sjowmm_ws/install/dwb_msgs/share/dwb_msgs/local_setup.zsh
[22.917s] -- Installing: /home/student/sjowmm_ws/install/dwb_msgs/share/dwb_msgs/local_setup.dsv
[22.918s] -- Installing: /home/student/sjowmm_ws/install/dwb_msgs/share/dwb_msgs/package.dsv
[22.918s] -- Installing: /home/student/sjowmm_ws/install/dwb_msgs/share/ament_index/resource_index/packages/dwb_msgs
[22.918s] -- Installing: /home/student/sjowmm_ws/install/dwb_msgs/share/dwb_msgs/cmake/dwb_msgs__rosidl_generator_cExport.cmake
[22.918s] -- Installing: /home/student/sjowmm_ws/install/dwb_msgs/share/dwb_msgs/cmake/dwb_msgs__rosidl_generator_cExport-noconfig.cmake
[22.918s] -- Installing: /home/student/sjowmm_ws/install/dwb_msgs/share/dwb_msgs/cmake/dwb_msgs__rosidl_typesupport_introspection_cExport.cmake
[22.918s] -- Installing: /home/student/sjowmm_ws/install/dwb_msgs/share/dwb_msgs/cmake/dwb_msgs__rosidl_typesupport_introspection_cExport-noconfig.cmake
[22.918s] -- Installing: /home/student/sjowmm_ws/install/dwb_msgs/share/dwb_msgs/cmake/dwb_msgs__rosidl_typesupport_cExport.cmake
[22.919s] -- Installing: /home/student/sjowmm_ws/install/dwb_msgs/share/dwb_msgs/cmake/dwb_msgs__rosidl_typesupport_cExport-noconfig.cmake
[22.919s] -- Installing: /home/student/sjowmm_ws/install/dwb_msgs/share/dwb_msgs/cmake/dwb_msgs__rosidl_generator_cppExport.cmake
[22.919s] -- Installing: /home/student/sjowmm_ws/install/dwb_msgs/share/dwb_msgs/cmake/dwb_msgs__rosidl_typesupport_introspection_cppExport.cmake
[22.919s] -- Installing: /home/student/sjowmm_ws/install/dwb_msgs/share/dwb_msgs/cmake/dwb_msgs__rosidl_typesupport_introspection_cppExport-noconfig.cmake
[22.919s] -- Installing: /home/student/sjowmm_ws/install/dwb_msgs/share/dwb_msgs/cmake/dwb_msgs__rosidl_typesupport_cppExport.cmake
[22.919s] -- Installing: /home/student/sjowmm_ws/install/dwb_msgs/share/dwb_msgs/cmake/dwb_msgs__rosidl_typesupport_cppExport-noconfig.cmake
[22.920s] -- Installing: /home/student/sjowmm_ws/install/dwb_msgs/share/dwb_msgs/cmake/rosidl_cmake-extras.cmake
[22.920s] -- Installing: /home/student/sjowmm_ws/install/dwb_msgs/share/dwb_msgs/cmake/ament_cmake_export_dependencies-extras.cmake
[22.920s] -- Installing: /home/student/sjowmm_ws/install/dwb_msgs/share/dwb_msgs/cmake/ament_cmake_export_libraries-extras.cmake
[22.920s] -- Installing: /home/student/sjowmm_ws/install/dwb_msgs/share/dwb_msgs/cmake/ament_cmake_export_targets-extras.cmake
[22.920s] -- Installing: /home/student/sjowmm_ws/install/dwb_msgs/share/dwb_msgs/cmake/ament_cmake_export_include_directories-extras.cmake
[22.920s] -- Installing: /home/student/sjowmm_ws/install/dwb_msgs/share/dwb_msgs/cmake/rosidl_cmake_export_typesupport_libraries-extras.cmake
[22.920s] -- Installing: /home/student/sjowmm_ws/install/dwb_msgs/share/dwb_msgs/cmake/rosidl_cmake_export_typesupport_targets-extras.cmake
[22.920s] -- Installing: /home/student/sjowmm_ws/install/dwb_msgs/share/dwb_msgs/cmake/dwb_msgsConfig.cmake
[22.920s] -- Installing: /home/student/sjowmm_ws/install/dwb_msgs/share/dwb_msgs/cmake/dwb_msgsConfig-version.cmake
[22.920s] -- Installing: /home/student/sjowmm_ws/install/dwb_msgs/share/dwb_msgs/package.xml
[22.926s] Invoked command in '/home/student/sjowmm_ws/build/dwb_msgs' returned '0': AMENT_PREFIX_PATH=/home/student/sjowmm_ws/install/nav_2d_msgs:${AMENT_PREFIX_PATH} CMAKE_PREFIX_PATH=/home/student/sjowmm_ws/install/nav_2d_msgs:/home/student/sjowmm_ws/install/simulation:/home/student/sjowmm_ws/install/dede:/opt/ros/foxy LD_LIBRARY_PATH=/home/student/sjowmm_ws/install/nav_2d_msgs/lib:${LD_LIBRARY_PATH} PYTHONPATH=/home/student/sjowmm_ws/install/nav_2d_msgs/lib/python3.8/site-packages:${PYTHONPATH} /usr/bin/cmake --install /home/student/sjowmm_ws/build/dwb_msgs
