[0.879s] Invoking command in '/home/student/sjowmm_ws/src/simulation': PYTHONPATH=/home/student/sjowmm_ws/install/simulation/lib/python3.8/site-packages:${PYTHONPATH} /usr/bin/python3 setup.py egg_info --egg-base ../../build/simulation build --build-base /home/student/sjowmm_ws/build/simulation/build install --prefix /home/student/sjowmm_ws/install/simulation --record /home/student/sjowmm_ws/build/simulation/install.log --single-version-externally-managed
[1.633s] running egg_info
[1.635s] writing ../../build/simulation/simulation.egg-info/PKG-INFO
[1.635s] writing dependency_links to ../../build/simulation/simulation.egg-info/dependency_links.txt
[1.635s] writing entry points to ../../build/simulation/simulation.egg-info/entry_points.txt
[1.636s] writing requirements to ../../build/simulation/simulation.egg-info/requires.txt
[1.636s] writing top-level names to ../../build/simulation/simulation.egg-info/top_level.txt
[1.733s] reading manifest file '../../build/simulation/simulation.egg-info/SOURCES.txt'
[1.736s] writing manifest file '../../build/simulation/simulation.egg-info/SOURCES.txt'
[1.737s] running build
[1.737s] running build_py
[1.737s] copying simulation/readMapData.py -> /home/student/sjowmm_ws/build/simulation/build/lib/simulation
[1.739s] running install
[1.742s] running install_lib
[1.744s] copying /home/student/sjowmm_ws/build/simulation/build/lib/simulation/readMapData.py -> /home/student/sjowmm_ws/install/simulation/lib/python3.8/site-packages/simulation
[1.745s] byte-compiling /home/student/sjowmm_ws/install/simulation/lib/python3.8/site-packages/simulation/readMapData.py to readMapData.cpython-38.pyc
[1.751s] running install_data
[1.754s] running install_egg_info
[1.763s] removing '/home/student/sjowmm_ws/install/simulation/lib/python3.8/site-packages/simulation-0.0.0-py3.8.egg-info' (and everything under it)
[1.763s] Copying ../../build/simulation/simulation.egg-info to /home/student/sjowmm_ws/install/simulation/lib/python3.8/site-packages/simulation-0.0.0-py3.8.egg-info
[1.765s] running install_scripts
[1.829s] Installing readMapData script to /home/student/sjowmm_ws/install/simulation/lib/simulation
[1.829s] Installing spawn_robot_srv script to /home/student/sjowmm_ws/install/simulation/lib/simulation
[1.830s] writing list of installed files to '/home/student/sjowmm_ws/build/simulation/install.log'
[1.947s] Invoked command in '/home/student/sjowmm_ws/src/simulation' returned '0': PYTHONPATH=/home/student/sjowmm_ws/install/simulation/lib/python3.8/site-packages:${PYTHONPATH} /usr/bin/python3 setup.py egg_info --egg-base ../../build/simulation build --build-base /home/student/sjowmm_ws/build/simulation/build install --prefix /home/student/sjowmm_ws/install/simulation --record /home/student/sjowmm_ws/build/simulation/install.log --single-version-externally-managed
