[0.413s] Invoking command in '/home/student/sjowmm_ws/src/simulation': PYTHONPATH=/home/student/sjowmm_ws/install/simulation/lib/python3.8/site-packages:${PYTHONPATH} /usr/bin/python3 setup.py egg_info --egg-base ../../build/simulation build --build-base /home/student/sjowmm_ws/build/simulation/build install --prefix /home/student/sjowmm_ws/install/simulation --record /home/student/sjowmm_ws/build/simulation/install.log --single-version-externally-managed
[0.687s] running egg_info
[0.688s] writing ../../build/simulation/simulation.egg-info/PKG-INFO
[0.688s] writing dependency_links to ../../build/simulation/simulation.egg-info/dependency_links.txt
[0.689s] writing entry points to ../../build/simulation/simulation.egg-info/entry_points.txt
[0.689s] writing requirements to ../../build/simulation/simulation.egg-info/requires.txt
[0.689s] writing top-level names to ../../build/simulation/simulation.egg-info/top_level.txt
[0.730s] reading manifest file '../../build/simulation/simulation.egg-info/SOURCES.txt'
[0.730s] writing manifest file '../../build/simulation/simulation.egg-info/SOURCES.txt'
[0.730s] running build
[0.730s] running build_py
[0.731s] running install
[0.731s] running install_lib
[0.731s] running install_data
[0.732s] running install_egg_info
[0.733s] removing '/home/student/sjowmm_ws/install/simulation/lib/python3.8/site-packages/simulation-0.0.0-py3.8.egg-info' (and everything under it)
[0.734s] Copying ../../build/simulation/simulation.egg-info to /home/student/sjowmm_ws/install/simulation/lib/python3.8/site-packages/simulation-0.0.0-py3.8.egg-info
[0.734s] running install_scripts
[0.753s] Installing readMapData script to /home/student/sjowmm_ws/install/simulation/lib/simulation
[0.753s] Installing spawn_robot_srv script to /home/student/sjowmm_ws/install/simulation/lib/simulation
[0.753s] writing list of installed files to '/home/student/sjowmm_ws/build/simulation/install.log'
[0.798s] Invoked command in '/home/student/sjowmm_ws/src/simulation' returned '0': PYTHONPATH=/home/student/sjowmm_ws/install/simulation/lib/python3.8/site-packages:${PYTHONPATH} /usr/bin/python3 setup.py egg_info --egg-base ../../build/simulation build --build-base /home/student/sjowmm_ws/build/simulation/build install --prefix /home/student/sjowmm_ws/install/simulation --record /home/student/sjowmm_ws/build/simulation/install.log --single-version-externally-managed
