[0.433s] Invoking command in '/home/student/sjowmm_ws/src/simulation': PYTHONPATH=/home/student/sjowmm_ws/install/simulation/lib/python3.8/site-packages:${PYTHONPATH} /usr/bin/python3 setup.py egg_info --egg-base ../../build/simulation build --build-base /home/student/sjowmm_ws/build/simulation/build install --prefix /home/student/sjowmm_ws/install/simulation --record /home/student/sjowmm_ws/build/simulation/install.log --single-version-externally-managed
[0.629s] running egg_info
[0.630s] writing ../../build/simulation/simulation.egg-info/PKG-INFO
[0.630s] writing dependency_links to ../../build/simulation/simulation.egg-info/dependency_links.txt
[0.631s] writing entry points to ../../build/simulation/simulation.egg-info/entry_points.txt
[0.631s] writing requirements to ../../build/simulation/simulation.egg-info/requires.txt
[0.631s] writing top-level names to ../../build/simulation/simulation.egg-info/top_level.txt
[0.672s] reading manifest file '../../build/simulation/simulation.egg-info/SOURCES.txt'
[0.673s] writing manifest file '../../build/simulation/simulation.egg-info/SOURCES.txt'
[0.673s] running build
[0.673s] running build_py
[0.674s] copying simulation/map.py -> /home/student/sjowmm_ws/build/simulation/build/lib/simulation
[0.675s] copying simulation/readMapData.py -> /home/student/sjowmm_ws/build/simulation/build/lib/simulation
[0.675s] running install
[0.676s] running install_lib
[0.677s] copying /home/student/sjowmm_ws/build/simulation/build/lib/simulation/map.py -> /home/student/sjowmm_ws/install/simulation/lib/python3.8/site-packages/simulation
[0.678s] copying /home/student/sjowmm_ws/build/simulation/build/lib/simulation/readMapData.py -> /home/student/sjowmm_ws/install/simulation/lib/python3.8/site-packages/simulation
[0.678s] byte-compiling /home/student/sjowmm_ws/install/simulation/lib/python3.8/site-packages/simulation/map.py to map.cpython-38.pyc
[0.679s] byte-compiling /home/student/sjowmm_ws/install/simulation/lib/python3.8/site-packages/simulation/readMapData.py to readMapData.cpython-38.pyc
[0.680s] running install_data
[0.682s] running install_egg_info
[0.684s] removing '/home/student/sjowmm_ws/install/simulation/lib/python3.8/site-packages/simulation-0.0.0-py3.8.egg-info' (and everything under it)
[0.684s] Copying ../../build/simulation/simulation.egg-info to /home/student/sjowmm_ws/install/simulation/lib/python3.8/site-packages/simulation-0.0.0-py3.8.egg-info
[0.685s] running install_scripts
[0.704s] Installing readMapData script to /home/student/sjowmm_ws/install/simulation/lib/simulation
[0.705s] Installing spawn_robot_srv script to /home/student/sjowmm_ws/install/simulation/lib/simulation
[0.705s] writing list of installed files to '/home/student/sjowmm_ws/build/simulation/install.log'
[0.723s] Invoked command in '/home/student/sjowmm_ws/src/simulation' returned '0': PYTHONPATH=/home/student/sjowmm_ws/install/simulation/lib/python3.8/site-packages:${PYTHONPATH} /usr/bin/python3 setup.py egg_info --egg-base ../../build/simulation build --build-base /home/student/sjowmm_ws/build/simulation/build install --prefix /home/student/sjowmm_ws/install/simulation --record /home/student/sjowmm_ws/build/simulation/install.log --single-version-externally-managed
