[0.056s] Invoking command in '/home/student/sjowmm_ws/build/nav2_lifecycle_manager': AMENT_PREFIX_PATH=/home/student/sjowmm_ws/install/nav2_util:/home/student/sjowmm_ws/install/nav2_msgs:/home/student/sjowmm_ws/install/nav2_common:${AMENT_PREFIX_PATH} CMAKE_PREFIX_PATH=/home/student/sjowmm_ws/install/nav2_util:/home/student/sjowmm_ws/install/nav2_msgs:/home/student/sjowmm_ws/install/nav2_common:/home/student/sjowmm_ws/install/simulation:/home/student/sjowmm_ws/install/dede:/opt/ros/foxy LD_LIBRARY_PATH=/home/student/sjowmm_ws/install/nav2_util/lib:/home/student/sjowmm_ws/install/nav2_msgs/lib:${LD_LIBRARY_PATH} PYTHONPATH=/home/student/sjowmm_ws/install/nav2_msgs/lib/python3.8/site-packages:/home/student/sjowmm_ws/install/nav2_common/lib/python3.8/site-packages:${PYTHONPATH} /usr/bin/cmake /home/student/sjowmm_ws/src/navigation2/nav2_lifecycle_manager -DCMAKE_INSTALL_PREFIX=/home/student/sjowmm_ws/install/nav2_lifecycle_manager
[0.171s] -- The C compiler identification is GNU 9.4.0
[0.282s] -- The CXX compiler identification is GNU 9.4.0
[0.293s] -- Check for working C compiler: /usr/bin/cc
[0.432s] -- Check for working C compiler: /usr/bin/cc -- works
[0.434s] -- Detecting C compiler ABI info
[0.566s] -- Detecting C compiler ABI info - done
[0.587s] -- Detecting C compile features
[0.588s] -- Detecting C compile features - done
[0.592s] -- Check for working CXX compiler: /usr/bin/c++
[0.741s] -- Check for working CXX compiler: /usr/bin/c++ -- works
[0.743s] -- Detecting CXX compiler ABI info
[0.886s] -- Detecting CXX compiler ABI info - done
[0.902s] -- Detecting CXX compile features
[0.903s] -- Detecting CXX compile features - done
[0.907s] -- Found ament_cmake: 0.9.8 (/opt/ros/foxy/share/ament_cmake/cmake)
[0.951s] -- Found PythonInterp: /usr/bin/python3 (found suitable version "3.8.10", minimum required is "3") 
[0.951s] -- Using PYTHON_EXECUTABLE: /usr/bin/python3
[1.313s] -- Found geometry_msgs: 2.0.3 (/opt/ros/foxy/share/geometry_msgs/cmake)
[1.361s] -- Using all available rosidl_typesupport_c: rosidl_typesupport_fastrtps_c;rosidl_typesupport_introspection_c
[1.369s] -- Found rosidl_adapter: 1.2.0 (/opt/ros/foxy/share/rosidl_adapter/cmake)
[1.487s] -- Found OpenSSL: /usr/lib/x86_64-linux-gnu/libcrypto.so (found version "1.1.1f")  
[1.537s] -- Found FastRTPS: /opt/ros/foxy/include  
[1.664s] -- Using all available rosidl_typesupport_cpp: rosidl_typesupport_fastrtps_cpp;rosidl_typesupport_introspection_cpp
[1.769s] -- Found lifecycle_msgs: 1.0.0 (/opt/ros/foxy/share/lifecycle_msgs/cmake)
[1.780s] -- Found nav2_common: 0.4.7 (/home/student/sjowmm_ws/install/nav2_common/share/nav2_common/cmake)
[1.780s] -- Found nav2_msgs: 0.4.7 (/home/student/sjowmm_ws/install/nav2_msgs/share/nav2_msgs/cmake)
[2.258s] -- Found nav2_util: 0.4.7 (/home/student/sjowmm_ws/install/nav2_util/share/nav2_util/cmake)
[2.409s] -- Found rmw_implementation_cmake: 1.0.2 (/opt/ros/foxy/share/rmw_implementation_cmake/cmake)
[2.412s] -- Using RMW implementation 'rmw_fastrtps_cpp' as default
[2.414s] -- Looking for pthread.h
[2.516s] -- Looking for pthread.h - found
[2.516s] -- Performing Test CMAKE_HAVE_LIBC_PTHREAD
[2.617s] -- Performing Test CMAKE_HAVE_LIBC_PTHREAD - Failed
[2.617s] -- Looking for pthread_create in pthreads
[2.694s] -- Looking for pthread_create in pthreads - not found
[2.694s] -- Looking for pthread_create in pthread
[2.785s] -- Looking for pthread_create in pthread - found
[2.786s] -- Found Threads: TRUE  
[3.587s] -- Found eigen3_cmake_module: 0.1.1 (/opt/ros/foxy/share/eigen3_cmake_module/cmake)
[3.591s] -- Found Eigen3: TRUE (found version "3.3.7") 
[3.902s] -- Found std_srvs: 2.0.3 (/opt/ros/foxy/share/std_srvs/cmake)
[3.920s] -- Setting build type to Release as none was specified.
[4.481s] -- Found ament_lint_auto: 0.9.6 (/opt/ros/foxy/share/ament_lint_auto/cmake)
[4.639s] -- Found ament_cmake_gtest: 0.9.8 (/opt/ros/foxy/share/ament_cmake_gtest/cmake)
[4.644s] -- Found ament_cmake_pytest: 0.9.8 (/opt/ros/foxy/share/ament_cmake_pytest/cmake)
[4.652s] -- Found gtest sources under '/opt/ros/foxy/src/gtest_vendor': C++ tests using 'Google Test' will be built
[4.656s] -- Check if compiler accepts -pthread
[4.797s] -- Check if compiler accepts -pthread - yes
[5.095s] -- Added test 'copyright' to check source files copyright and LICENSE
[5.098s] -- Added test 'cppcheck' to perform static code analysis on C / C++ code
[5.098s] -- Configured cppcheck include dirs: /home/student/sjowmm_ws/src/navigation2/nav2_lifecycle_manager/include
[5.098s] -- Configured cppcheck exclude dirs and/or files: 
[5.100s] -- Added test 'cpplint' to check C / C++ code against the Google style
[5.100s] -- Configured cpplint exclude dirs and/or files: 
[5.101s] -- Added test 'flake8' to check Python code syntax and style conventions
[5.101s] -- Added test 'lint_cmake' to check CMake code style
[5.102s] -- Added test 'pep257' to check Python code against some of the style conventions in PEP 257
[5.103s] -- Added test 'uncrustify' to check C / C++ code style
[5.103s] -- Configured uncrustify additional arguments: 
[5.104s] -- Added test 'xmllint' to check XML markup files
[5.115s] -- Configuring done
[5.245s] -- Generating done
[5.249s] -- Build files have been written to: /home/student/sjowmm_ws/build/nav2_lifecycle_manager
[5.282s] Invoked command in '/home/student/sjowmm_ws/build/nav2_lifecycle_manager' returned '0': AMENT_PREFIX_PATH=/home/student/sjowmm_ws/install/nav2_util:/home/student/sjowmm_ws/install/nav2_msgs:/home/student/sjowmm_ws/install/nav2_common:${AMENT_PREFIX_PATH} CMAKE_PREFIX_PATH=/home/student/sjowmm_ws/install/nav2_util:/home/student/sjowmm_ws/install/nav2_msgs:/home/student/sjowmm_ws/install/nav2_common:/home/student/sjowmm_ws/install/simulation:/home/student/sjowmm_ws/install/dede:/opt/ros/foxy LD_LIBRARY_PATH=/home/student/sjowmm_ws/install/nav2_util/lib:/home/student/sjowmm_ws/install/nav2_msgs/lib:${LD_LIBRARY_PATH} PYTHONPATH=/home/student/sjowmm_ws/install/nav2_msgs/lib/python3.8/site-packages:/home/student/sjowmm_ws/install/nav2_common/lib/python3.8/site-packages:${PYTHONPATH} /usr/bin/cmake /home/student/sjowmm_ws/src/navigation2/nav2_lifecycle_manager -DCMAKE_INSTALL_PREFIX=/home/student/sjowmm_ws/install/nav2_lifecycle_manager
[5.288s] Invoking command in '/home/student/sjowmm_ws/build/nav2_lifecycle_manager': AMENT_PREFIX_PATH=/home/student/sjowmm_ws/install/nav2_util:/home/student/sjowmm_ws/install/nav2_msgs:/home/student/sjowmm_ws/install/nav2_common:${AMENT_PREFIX_PATH} CMAKE_PREFIX_PATH=/home/student/sjowmm_ws/install/nav2_util:/home/student/sjowmm_ws/install/nav2_msgs:/home/student/sjowmm_ws/install/nav2_common:/home/student/sjowmm_ws/install/simulation:/home/student/sjowmm_ws/install/dede:/opt/ros/foxy LD_LIBRARY_PATH=/home/student/sjowmm_ws/install/nav2_util/lib:/home/student/sjowmm_ws/install/nav2_msgs/lib:${LD_LIBRARY_PATH} PYTHONPATH=/home/student/sjowmm_ws/install/nav2_msgs/lib/python3.8/site-packages:/home/student/sjowmm_ws/install/nav2_common/lib/python3.8/site-packages:${PYTHONPATH} /usr/bin/cmake --build /home/student/sjowmm_ws/build/nav2_lifecycle_manager -- -j12 -l12
[5.375s] [35m[1mScanning dependencies of target gtest[0m
[5.381s] [35m[1mScanning dependencies of target nav2_lifecycle_manager_core[0m
[5.415s] [35m[1mScanning dependencies of target gtest_main[0m
[5.424s] [  9%] [32mBuilding CXX object gtest/CMakeFiles/gtest.dir/src/gtest-all.cc.o[0m
[5.447s] [ 18%] [32mBuilding CXX object gtest/CMakeFiles/gtest_main.dir/src/gtest_main.cc.o[0m
[5.525s] [ 27%] [32mBuilding CXX object CMakeFiles/nav2_lifecycle_manager_core.dir/src/lifecycle_manager.cpp.o[0m
[5.525s] [ 36%] [32mBuilding CXX object CMakeFiles/nav2_lifecycle_manager_core.dir/src/lifecycle_manager_client.cpp.o[0m
[7.644s] [ 45%] [32m[1mLinking CXX static library libgtest_main.a[0m
[7.886s] [ 45%] Built target gtest_main
[16.736s] [ 54%] [32m[1mLinking CXX shared library libnav2_lifecycle_manager_core.so[0m
[17.205s] [ 54%] Built target nav2_lifecycle_manager_core
[17.228s] [35m[1mScanning dependencies of target lifecycle_manager[0m
[17.286s] [ 63%] [32mBuilding CXX object CMakeFiles/lifecycle_manager.dir/src/main.cpp.o[0m
[21.446s] [ 72%] [32m[1mLinking CXX executable lifecycle_manager[0m
[22.051s] [ 72%] Built target lifecycle_manager
[22.581s] [ 81%] [32m[1mLinking CXX static library libgtest.a[0m
[22.653s] [ 81%] Built target gtest
[22.674s] [35m[1mScanning dependencies of target test_lifecycle_gtest[0m
[22.783s] [ 90%] [32mBuilding CXX object test/CMakeFiles/test_lifecycle_gtest.dir/test_lifecycle_manager.cpp.o[0m
[36.040s] [100%] [32m[1mLinking CXX executable test_lifecycle_gtest[0m
[37.628s] [100%] Built target test_lifecycle_gtest
[37.723s] Invoked command in '/home/student/sjowmm_ws/build/nav2_lifecycle_manager' returned '0': AMENT_PREFIX_PATH=/home/student/sjowmm_ws/install/nav2_util:/home/student/sjowmm_ws/install/nav2_msgs:/home/student/sjowmm_ws/install/nav2_common:${AMENT_PREFIX_PATH} CMAKE_PREFIX_PATH=/home/student/sjowmm_ws/install/nav2_util:/home/student/sjowmm_ws/install/nav2_msgs:/home/student/sjowmm_ws/install/nav2_common:/home/student/sjowmm_ws/install/simulation:/home/student/sjowmm_ws/install/dede:/opt/ros/foxy LD_LIBRARY_PATH=/home/student/sjowmm_ws/install/nav2_util/lib:/home/student/sjowmm_ws/install/nav2_msgs/lib:${LD_LIBRARY_PATH} PYTHONPATH=/home/student/sjowmm_ws/install/nav2_msgs/lib/python3.8/site-packages:/home/student/sjowmm_ws/install/nav2_common/lib/python3.8/site-packages:${PYTHONPATH} /usr/bin/cmake --build /home/student/sjowmm_ws/build/nav2_lifecycle_manager -- -j12 -l12
[37.952s] Invoking command in '/home/student/sjowmm_ws/build/nav2_lifecycle_manager': AMENT_PREFIX_PATH=/home/student/sjowmm_ws/install/nav2_util:/home/student/sjowmm_ws/install/nav2_msgs:/home/student/sjowmm_ws/install/nav2_common:${AMENT_PREFIX_PATH} CMAKE_PREFIX_PATH=/home/student/sjowmm_ws/install/nav2_util:/home/student/sjowmm_ws/install/nav2_msgs:/home/student/sjowmm_ws/install/nav2_common:/home/student/sjowmm_ws/install/simulation:/home/student/sjowmm_ws/install/dede:/opt/ros/foxy LD_LIBRARY_PATH=/home/student/sjowmm_ws/install/nav2_util/lib:/home/student/sjowmm_ws/install/nav2_msgs/lib:${LD_LIBRARY_PATH} PYTHONPATH=/home/student/sjowmm_ws/install/nav2_msgs/lib/python3.8/site-packages:/home/student/sjowmm_ws/install/nav2_common/lib/python3.8/site-packages:${PYTHONPATH} /usr/bin/cmake --install /home/student/sjowmm_ws/build/nav2_lifecycle_manager
[37.982s] -- Install configuration: "Release"
[37.983s] -- Installing: /home/student/sjowmm_ws/install/nav2_lifecycle_manager/lib/libnav2_lifecycle_manager_core.so
[37.984s] -- Set runtime path of "/home/student/sjowmm_ws/install/nav2_lifecycle_manager/lib/libnav2_lifecycle_manager_core.so" to ""
[37.984s] -- Installing: /home/student/sjowmm_ws/install/nav2_lifecycle_manager/lib/nav2_lifecycle_manager/lifecycle_manager
[37.984s] -- Set runtime path of "/home/student/sjowmm_ws/install/nav2_lifecycle_manager/lib/nav2_lifecycle_manager/lifecycle_manager" to ""
[37.985s] -- Installing: /home/student/sjowmm_ws/install/nav2_lifecycle_manager/include/
[37.985s] -- Installing: /home/student/sjowmm_ws/install/nav2_lifecycle_manager/include//nav2_lifecycle_manager
[37.985s] -- Installing: /home/student/sjowmm_ws/install/nav2_lifecycle_manager/include//nav2_lifecycle_manager/lifecycle_manager.hpp
[37.985s] -- Installing: /home/student/sjowmm_ws/install/nav2_lifecycle_manager/include//nav2_lifecycle_manager/lifecycle_manager_client.hpp
[37.985s] -- Installing: /home/student/sjowmm_ws/install/nav2_lifecycle_manager/share/nav2_lifecycle_manager/environment/library_path.sh
[37.986s] -- Installing: /home/student/sjowmm_ws/install/nav2_lifecycle_manager/share/nav2_lifecycle_manager/environment/library_path.dsv
[37.986s] -- Installing: /home/student/sjowmm_ws/install/nav2_lifecycle_manager/share/ament_index/resource_index/package_run_dependencies/nav2_lifecycle_manager
[37.986s] -- Installing: /home/student/sjowmm_ws/install/nav2_lifecycle_manager/share/ament_index/resource_index/parent_prefix_path/nav2_lifecycle_manager
[37.987s] -- Installing: /home/student/sjowmm_ws/install/nav2_lifecycle_manager/share/nav2_lifecycle_manager/environment/ament_prefix_path.sh
[37.987s] -- Installing: /home/student/sjowmm_ws/install/nav2_lifecycle_manager/share/nav2_lifecycle_manager/environment/ament_prefix_path.dsv
[37.987s] -- Installing: /home/student/sjowmm_ws/install/nav2_lifecycle_manager/share/nav2_lifecycle_manager/environment/path.sh
[37.987s] -- Installing: /home/student/sjowmm_ws/install/nav2_lifecycle_manager/share/nav2_lifecycle_manager/environment/path.dsv
[37.987s] -- Installing: /home/student/sjowmm_ws/install/nav2_lifecycle_manager/share/nav2_lifecycle_manager/local_setup.bash
[37.989s] -- Installing: /home/student/sjowmm_ws/install/nav2_lifecycle_manager/share/nav2_lifecycle_manager/local_setup.sh
[37.990s] -- Installing: /home/student/sjowmm_ws/install/nav2_lifecycle_manager/share/nav2_lifecycle_manager/local_setup.zsh
[37.990s] -- Installing: /home/student/sjowmm_ws/install/nav2_lifecycle_manager/share/nav2_lifecycle_manager/local_setup.dsv
[37.990s] -- Installing: /home/student/sjowmm_ws/install/nav2_lifecycle_manager/share/nav2_lifecycle_manager/package.dsv
[37.990s] -- Installing: /home/student/sjowmm_ws/install/nav2_lifecycle_manager/share/ament_index/resource_index/packages/nav2_lifecycle_manager
[37.991s] -- Installing: /home/student/sjowmm_ws/install/nav2_lifecycle_manager/share/nav2_lifecycle_manager/cmake/ament_cmake_export_include_directories-extras.cmake
[37.991s] -- Installing: /home/student/sjowmm_ws/install/nav2_lifecycle_manager/share/nav2_lifecycle_manager/cmake/ament_cmake_export_libraries-extras.cmake
[37.991s] -- Installing: /home/student/sjowmm_ws/install/nav2_lifecycle_manager/share/nav2_lifecycle_manager/cmake/ament_cmake_export_dependencies-extras.cmake
[37.991s] -- Installing: /home/student/sjowmm_ws/install/nav2_lifecycle_manager/share/nav2_lifecycle_manager/cmake/nav2_lifecycle_managerConfig.cmake
[37.991s] -- Installing: /home/student/sjowmm_ws/install/nav2_lifecycle_manager/share/nav2_lifecycle_manager/cmake/nav2_lifecycle_managerConfig-version.cmake
[37.991s] -- Installing: /home/student/sjowmm_ws/install/nav2_lifecycle_manager/share/nav2_lifecycle_manager/package.xml
[38.023s] Invoked command in '/home/student/sjowmm_ws/build/nav2_lifecycle_manager' returned '0': AMENT_PREFIX_PATH=/home/student/sjowmm_ws/install/nav2_util:/home/student/sjowmm_ws/install/nav2_msgs:/home/student/sjowmm_ws/install/nav2_common:${AMENT_PREFIX_PATH} CMAKE_PREFIX_PATH=/home/student/sjowmm_ws/install/nav2_util:/home/student/sjowmm_ws/install/nav2_msgs:/home/student/sjowmm_ws/install/nav2_common:/home/student/sjowmm_ws/install/simulation:/home/student/sjowmm_ws/install/dede:/opt/ros/foxy LD_LIBRARY_PATH=/home/student/sjowmm_ws/install/nav2_util/lib:/home/student/sjowmm_ws/install/nav2_msgs/lib:${LD_LIBRARY_PATH} PYTHONPATH=/home/student/sjowmm_ws/install/nav2_msgs/lib/python3.8/site-packages:/home/student/sjowmm_ws/install/nav2_common/lib/python3.8/site-packages:${PYTHONPATH} /usr/bin/cmake --install /home/student/sjowmm_ws/build/nav2_lifecycle_manager
