[0.034s] Invoking command in '/home/student/sjowmm_ws/build/nav2_util': AMENT_PREFIX_PATH=/home/student/sjowmm_ws/install/nav2_msgs:/home/student/sjowmm_ws/install/nav2_common:${AMENT_PREFIX_PATH} CMAKE_PREFIX_PATH=/home/student/sjowmm_ws/install/nav2_msgs:/home/student/sjowmm_ws/install/nav2_common:/opt/ros/foxy LD_LIBRARY_PATH=/home/student/sjowmm_ws/install/nav2_msgs/lib:${LD_LIBRARY_PATH} PYTHONPATH=/home/student/sjowmm_ws/install/nav2_msgs/lib/python3.8/site-packages:/home/student/sjowmm_ws/install/nav2_common/lib/python3.8/site-packages:${PYTHONPATH} /usr/bin/cmake --build /home/student/sjowmm_ws/build/nav2_util -- -j12 -l12
[0.091s] [  5%] Built target gtest_main
[0.091s] [ 10%] Built target gtest
[0.098s] [ 15%] Built target dump_params
[0.109s] [ 20%] Built target test_execution_timer
[0.115s] [ 45%] Built target nav2_util_core
[0.149s] [ 50%] Built target test_string_utils
[0.155s] [ 55%] Built target test_actions
[0.155s] [ 77%] Built target test_node_utils
[0.155s] [ 77%] Built target lifecycle_bringup
[0.155s] [ 77%] Built target test_lifecycle_cli_node
[0.155s] [ 82%] Built target test_service_client
[0.155s] [ 82%] Built target test_lifecycle_node
[0.155s] [ 85%] Built target test_odometry_utils
[0.158s] [ 90%] Built target test_robot_utils
[0.162s] [ 95%] Built target test_lifecycle_utils
[0.163s] [100%] Built target test_geometry_utils
[0.172s] Invoked command in '/home/student/sjowmm_ws/build/nav2_util' returned '0': AMENT_PREFIX_PATH=/home/student/sjowmm_ws/install/nav2_msgs:/home/student/sjowmm_ws/install/nav2_common:${AMENT_PREFIX_PATH} CMAKE_PREFIX_PATH=/home/student/sjowmm_ws/install/nav2_msgs:/home/student/sjowmm_ws/install/nav2_common:/opt/ros/foxy LD_LIBRARY_PATH=/home/student/sjowmm_ws/install/nav2_msgs/lib:${LD_LIBRARY_PATH} PYTHONPATH=/home/student/sjowmm_ws/install/nav2_msgs/lib/python3.8/site-packages:/home/student/sjowmm_ws/install/nav2_common/lib/python3.8/site-packages:${PYTHONPATH} /usr/bin/cmake --build /home/student/sjowmm_ws/build/nav2_util -- -j12 -l12
[0.195s] Invoking command in '/home/student/sjowmm_ws/build/nav2_util': AMENT_PREFIX_PATH=/home/student/sjowmm_ws/install/nav2_msgs:/home/student/sjowmm_ws/install/nav2_common:${AMENT_PREFIX_PATH} CMAKE_PREFIX_PATH=/home/student/sjowmm_ws/install/nav2_msgs:/home/student/sjowmm_ws/install/nav2_common:/opt/ros/foxy LD_LIBRARY_PATH=/home/student/sjowmm_ws/install/nav2_msgs/lib:${LD_LIBRARY_PATH} PYTHONPATH=/home/student/sjowmm_ws/install/nav2_msgs/lib/python3.8/site-packages:/home/student/sjowmm_ws/install/nav2_common/lib/python3.8/site-packages:${PYTHONPATH} /usr/bin/cmake --install /home/student/sjowmm_ws/build/nav2_util
[0.203s] -- Install configuration: "Release"
[0.204s] -- Up-to-date: /home/student/sjowmm_ws/install/nav2_util/include/
[0.204s] -- Up-to-date: /home/student/sjowmm_ws/install/nav2_util/include//nav2_util
[0.204s] -- Up-to-date: /home/student/sjowmm_ws/install/nav2_util/include//nav2_util/lifecycle_node.hpp
[0.204s] -- Up-to-date: /home/student/sjowmm_ws/install/nav2_util/include//nav2_util/lifecycle_service_client.hpp
[0.205s] -- Up-to-date: /home/student/sjowmm_ws/install/nav2_util/include//nav2_util/string_utils.hpp
[0.205s] -- Up-to-date: /home/student/sjowmm_ws/install/nav2_util/include//nav2_util/execution_timer.hpp
[0.205s] -- Up-to-date: /home/student/sjowmm_ws/install/nav2_util/include//nav2_util/node_utils.hpp
[0.205s] -- Up-to-date: /home/student/sjowmm_ws/install/nav2_util/include//nav2_util/line_iterator.hpp
[0.205s] -- Up-to-date: /home/student/sjowmm_ws/install/nav2_util/include//nav2_util/costmap.hpp
[0.205s] -- Up-to-date: /home/student/sjowmm_ws/install/nav2_util/include//nav2_util/service_client.hpp
[0.205s] -- Up-to-date: /home/student/sjowmm_ws/install/nav2_util/include//nav2_util/node_thread.hpp
[0.205s] -- Up-to-date: /home/student/sjowmm_ws/install/nav2_util/include//nav2_util/robot_utils.hpp
[0.205s] -- Up-to-date: /home/student/sjowmm_ws/install/nav2_util/include//nav2_util/clear_entirely_costmap_service_client.hpp
[0.205s] -- Up-to-date: /home/student/sjowmm_ws/install/nav2_util/include//nav2_util/simple_action_server.hpp
[0.205s] -- Up-to-date: /home/student/sjowmm_ws/install/nav2_util/include//nav2_util/lifecycle_utils.hpp
[0.205s] -- Up-to-date: /home/student/sjowmm_ws/install/nav2_util/include//nav2_util/geometry_utils.hpp
[0.205s] -- Up-to-date: /home/student/sjowmm_ws/install/nav2_util/include//nav2_util/odometry_utils.hpp
[0.205s] -- Up-to-date: /home/student/sjowmm_ws/install/nav2_util/share/nav2_util/environment/library_path.sh
[0.205s] -- Up-to-date: /home/student/sjowmm_ws/install/nav2_util/share/nav2_util/environment/library_path.dsv
[0.206s] -- Up-to-date: /home/student/sjowmm_ws/install/nav2_util/share/ament_index/resource_index/package_run_dependencies/nav2_util
[0.206s] -- Up-to-date: /home/student/sjowmm_ws/install/nav2_util/share/ament_index/resource_index/parent_prefix_path/nav2_util
[0.206s] -- Up-to-date: /home/student/sjowmm_ws/install/nav2_util/share/nav2_util/environment/ament_prefix_path.sh
[0.206s] -- Up-to-date: /home/student/sjowmm_ws/install/nav2_util/share/nav2_util/environment/ament_prefix_path.dsv
[0.206s] -- Up-to-date: /home/student/sjowmm_ws/install/nav2_util/share/nav2_util/environment/path.sh
[0.206s] -- Up-to-date: /home/student/sjowmm_ws/install/nav2_util/share/nav2_util/environment/path.dsv
[0.206s] -- Up-to-date: /home/student/sjowmm_ws/install/nav2_util/share/nav2_util/local_setup.bash
[0.206s] -- Up-to-date: /home/student/sjowmm_ws/install/nav2_util/share/nav2_util/local_setup.sh
[0.206s] -- Up-to-date: /home/student/sjowmm_ws/install/nav2_util/share/nav2_util/local_setup.zsh
[0.206s] -- Up-to-date: /home/student/sjowmm_ws/install/nav2_util/share/nav2_util/local_setup.dsv
[0.206s] -- Installing: /home/student/sjowmm_ws/install/nav2_util/share/nav2_util/package.dsv
[0.207s] -- Up-to-date: /home/student/sjowmm_ws/install/nav2_util/share/ament_index/resource_index/packages/nav2_util
[0.207s] -- Up-to-date: /home/student/sjowmm_ws/install/nav2_util/share/nav2_util/cmake/ament_cmake_export_include_directories-extras.cmake
[0.207s] -- Up-to-date: /home/student/sjowmm_ws/install/nav2_util/share/nav2_util/cmake/ament_cmake_export_libraries-extras.cmake
[0.207s] -- Up-to-date: /home/student/sjowmm_ws/install/nav2_util/share/nav2_util/cmake/ament_cmake_export_dependencies-extras.cmake
[0.207s] -- Up-to-date: /home/student/sjowmm_ws/install/nav2_util/share/nav2_util/cmake/nav2_utilConfig.cmake
[0.207s] -- Up-to-date: /home/student/sjowmm_ws/install/nav2_util/share/nav2_util/cmake/nav2_utilConfig-version.cmake
[0.207s] -- Up-to-date: /home/student/sjowmm_ws/install/nav2_util/share/nav2_util/package.xml
[0.209s] -- Up-to-date: /home/student/sjowmm_ws/install/nav2_util/lib/libnav2_util_core.so
[0.210s] -- Up-to-date: /home/student/sjowmm_ws/install/nav2_util/lib/nav2_util/lifecycle_bringup
[0.212s] -- Up-to-date: /home/student/sjowmm_ws/install/nav2_util/lib/nav2_util/dump_params
[0.215s] Invoked command in '/home/student/sjowmm_ws/build/nav2_util' returned '0': AMENT_PREFIX_PATH=/home/student/sjowmm_ws/install/nav2_msgs:/home/student/sjowmm_ws/install/nav2_common:${AMENT_PREFIX_PATH} CMAKE_PREFIX_PATH=/home/student/sjowmm_ws/install/nav2_msgs:/home/student/sjowmm_ws/install/nav2_common:/opt/ros/foxy LD_LIBRARY_PATH=/home/student/sjowmm_ws/install/nav2_msgs/lib:${LD_LIBRARY_PATH} PYTHONPATH=/home/student/sjowmm_ws/install/nav2_msgs/lib/python3.8/site-packages:/home/student/sjowmm_ws/install/nav2_common/lib/python3.8/site-packages:${PYTHONPATH} /usr/bin/cmake --install /home/student/sjowmm_ws/build/nav2_util
