[1.452s] Invoking command in '/home/student/sjowmm_ws/src/green_turtle': PYTHONPATH=/home/student/sjowmm_ws/install/green_turtle/lib/python3.8/site-packages:${PYTHONPATH} /usr/bin/python3 setup.py egg_info --egg-base ../../build/green_turtle build --build-base /home/student/sjowmm_ws/build/green_turtle/build install --prefix /home/student/sjowmm_ws/install/green_turtle --record /home/student/sjowmm_ws/build/green_turtle/install.log --single-version-externally-managed
[1.835s] running egg_info
[1.836s] writing ../../build/green_turtle/green_turtle.egg-info/PKG-INFO
[1.836s] writing dependency_links to ../../build/green_turtle/green_turtle.egg-info/dependency_links.txt
[1.836s] writing entry points to ../../build/green_turtle/green_turtle.egg-info/entry_points.txt
[1.836s] writing requirements to ../../build/green_turtle/green_turtle.egg-info/requires.txt
[1.836s] writing top-level names to ../../build/green_turtle/green_turtle.egg-info/top_level.txt
[1.890s] reading manifest file '../../build/green_turtle/green_turtle.egg-info/SOURCES.txt'
[1.891s] writing manifest file '../../build/green_turtle/green_turtle.egg-info/SOURCES.txt'
[1.891s] running build
[1.891s] running build_py
[1.892s] running install
[1.892s] running install_lib
[1.893s] running install_data
[1.894s] copying launch/simulation_world.launch.py -> /home/student/sjowmm_ws/install/green_turtle/share/green_turtle/launch
[1.894s] running install_egg_info
[1.895s] removing '/home/student/sjowmm_ws/install/green_turtle/lib/python3.8/site-packages/green_turtle-0.0.0-py3.8.egg-info' (and everything under it)
[1.896s] Copying ../../build/green_turtle/green_turtle.egg-info to /home/student/sjowmm_ws/install/green_turtle/lib/python3.8/site-packages/green_turtle-0.0.0-py3.8.egg-info
[1.896s] running install_scripts
[1.911s] Installing node script to /home/student/sjowmm_ws/install/green_turtle/lib/green_turtle
[1.911s] writing list of installed files to '/home/student/sjowmm_ws/build/green_turtle/install.log'
[2.066s] Invoked command in '/home/student/sjowmm_ws/src/green_turtle' returned '0': PYTHONPATH=/home/student/sjowmm_ws/install/green_turtle/lib/python3.8/site-packages:${PYTHONPATH} /usr/bin/python3 setup.py egg_info --egg-base ../../build/green_turtle build --build-base /home/student/sjowmm_ws/build/green_turtle/build install --prefix /home/student/sjowmm_ws/install/green_turtle --record /home/student/sjowmm_ws/build/green_turtle/install.log --single-version-externally-managed
