[0.008s] Invoking command in '/home/student/sjowmm_ws/build/turtlebot3_simulations': AMENT_PREFIX_PATH=/home/student/sjowmm_ws/install/turtlebot3_gazebo:/home/student/sjowmm_ws/install/turtlebot3_fake_node:/home/student/sjowmm_ws/install/turtlebot3_description:${AMENT_PREFIX_PATH} CMAKE_PREFIX_PATH=/home/student/sjowmm_ws/install/turtlebot3_gazebo:/home/student/sjowmm_ws/install/turtlebot3_fake_node:/home/student/sjowmm_ws/install/turtlebot3_description:/opt/ros/foxy /usr/bin/cmake /home/student/sjowmm_ws/src/turtlebot3_simulations/turtlebot3_simulations -DCMAKE_INSTALL_PREFIX=/home/student/sjowmm_ws/install/turtlebot3_simulations
[0.052s] -- The C compiler identification is GNU 9.4.0
[0.097s] -- The CXX compiler identification is GNU 9.4.0
[0.101s] -- Check for working C compiler: /usr/bin/cc
[0.156s] -- Check for working C compiler: /usr/bin/cc -- works
[0.156s] -- Detecting C compiler ABI info
[0.212s] -- Detecting C compiler ABI info - done
[0.222s] -- Detecting C compile features
[0.223s] -- Detecting C compile features - done
[0.225s] -- Check for working CXX compiler: /usr/bin/c++
[0.290s] -- Check for working CXX compiler: /usr/bin/c++ -- works
[0.291s] -- Detecting CXX compiler ABI info
[0.357s] -- Detecting CXX compiler ABI info - done
[0.375s] -- Detecting CXX compile features
[0.375s] -- Detecting CXX compile features - done
[0.377s] -- Found ament_cmake: 0.9.8 (/opt/ros/foxy/share/ament_cmake/cmake)
[0.400s] -- Found PythonInterp: /usr/bin/python3 (found suitable version "3.8.10", minimum required is "3") 
[0.400s] -- Using PYTHON_EXECUTABLE: /usr/bin/python3
[0.660s] -- Configuring done
[0.662s] -- Generating done
[0.663s] -- Build files have been written to: /home/student/sjowmm_ws/build/turtlebot3_simulations
[0.666s] Invoked command in '/home/student/sjowmm_ws/build/turtlebot3_simulations' returned '0': AMENT_PREFIX_PATH=/home/student/sjowmm_ws/install/turtlebot3_gazebo:/home/student/sjowmm_ws/install/turtlebot3_fake_node:/home/student/sjowmm_ws/install/turtlebot3_description:${AMENT_PREFIX_PATH} CMAKE_PREFIX_PATH=/home/student/sjowmm_ws/install/turtlebot3_gazebo:/home/student/sjowmm_ws/install/turtlebot3_fake_node:/home/student/sjowmm_ws/install/turtlebot3_description:/opt/ros/foxy /usr/bin/cmake /home/student/sjowmm_ws/src/turtlebot3_simulations/turtlebot3_simulations -DCMAKE_INSTALL_PREFIX=/home/student/sjowmm_ws/install/turtlebot3_simulations
[0.668s] Invoking command in '/home/student/sjowmm_ws/build/turtlebot3_simulations': AMENT_PREFIX_PATH=/home/student/sjowmm_ws/install/turtlebot3_gazebo:/home/student/sjowmm_ws/install/turtlebot3_fake_node:/home/student/sjowmm_ws/install/turtlebot3_description:${AMENT_PREFIX_PATH} CMAKE_PREFIX_PATH=/home/student/sjowmm_ws/install/turtlebot3_gazebo:/home/student/sjowmm_ws/install/turtlebot3_fake_node:/home/student/sjowmm_ws/install/turtlebot3_description:/opt/ros/foxy /usr/bin/cmake --build /home/student/sjowmm_ws/build/turtlebot3_simulations -- -j12 -l12
[0.701s] Invoked command in '/home/student/sjowmm_ws/build/turtlebot3_simulations' returned '0': AMENT_PREFIX_PATH=/home/student/sjowmm_ws/install/turtlebot3_gazebo:/home/student/sjowmm_ws/install/turtlebot3_fake_node:/home/student/sjowmm_ws/install/turtlebot3_description:${AMENT_PREFIX_PATH} CMAKE_PREFIX_PATH=/home/student/sjowmm_ws/install/turtlebot3_gazebo:/home/student/sjowmm_ws/install/turtlebot3_fake_node:/home/student/sjowmm_ws/install/turtlebot3_description:/opt/ros/foxy /usr/bin/cmake --build /home/student/sjowmm_ws/build/turtlebot3_simulations -- -j12 -l12
[0.718s] Invoking command in '/home/student/sjowmm_ws/build/turtlebot3_simulations': AMENT_PREFIX_PATH=/home/student/sjowmm_ws/install/turtlebot3_gazebo:/home/student/sjowmm_ws/install/turtlebot3_fake_node:/home/student/sjowmm_ws/install/turtlebot3_description:${AMENT_PREFIX_PATH} CMAKE_PREFIX_PATH=/home/student/sjowmm_ws/install/turtlebot3_gazebo:/home/student/sjowmm_ws/install/turtlebot3_fake_node:/home/student/sjowmm_ws/install/turtlebot3_description:/opt/ros/foxy /usr/bin/cmake --install /home/student/sjowmm_ws/build/turtlebot3_simulations
[0.725s] -- Install configuration: ""
[0.725s] -- Installing: /home/student/sjowmm_ws/install/turtlebot3_simulations/share/ament_index/resource_index/package_run_dependencies/turtlebot3_simulations
[0.725s] -- Installing: /home/student/sjowmm_ws/install/turtlebot3_simulations/share/ament_index/resource_index/parent_prefix_path/turtlebot3_simulations
[0.725s] -- Installing: /home/student/sjowmm_ws/install/turtlebot3_simulations/share/turtlebot3_simulations/environment/ament_prefix_path.sh
[0.725s] -- Installing: /home/student/sjowmm_ws/install/turtlebot3_simulations/share/turtlebot3_simulations/environment/ament_prefix_path.dsv
[0.725s] -- Installing: /home/student/sjowmm_ws/install/turtlebot3_simulations/share/turtlebot3_simulations/environment/path.sh
[0.725s] -- Installing: /home/student/sjowmm_ws/install/turtlebot3_simulations/share/turtlebot3_simulations/environment/path.dsv
[0.725s] -- Installing: /home/student/sjowmm_ws/install/turtlebot3_simulations/share/turtlebot3_simulations/local_setup.bash
[0.726s] -- Installing: /home/student/sjowmm_ws/install/turtlebot3_simulations/share/turtlebot3_simulations/local_setup.sh
[0.726s] -- Installing: /home/student/sjowmm_ws/install/turtlebot3_simulations/share/turtlebot3_simulations/local_setup.zsh
[0.726s] -- Installing: /home/student/sjowmm_ws/install/turtlebot3_simulations/share/turtlebot3_simulations/local_setup.dsv
[0.726s] -- Installing: /home/student/sjowmm_ws/install/turtlebot3_simulations/share/turtlebot3_simulations/package.dsv
[0.726s] -- Installing: /home/student/sjowmm_ws/install/turtlebot3_simulations/share/ament_index/resource_index/packages/turtlebot3_simulations
[0.726s] -- Installing: /home/student/sjowmm_ws/install/turtlebot3_simulations/share/turtlebot3_simulations/cmake/turtlebot3_simulationsConfig.cmake
[0.726s] -- Installing: /home/student/sjowmm_ws/install/turtlebot3_simulations/share/turtlebot3_simulations/cmake/turtlebot3_simulationsConfig-version.cmake
[0.726s] -- Installing: /home/student/sjowmm_ws/install/turtlebot3_simulations/share/turtlebot3_simulations/package.xml
[0.728s] Invoked command in '/home/student/sjowmm_ws/build/turtlebot3_simulations' returned '0': AMENT_PREFIX_PATH=/home/student/sjowmm_ws/install/turtlebot3_gazebo:/home/student/sjowmm_ws/install/turtlebot3_fake_node:/home/student/sjowmm_ws/install/turtlebot3_description:${AMENT_PREFIX_PATH} CMAKE_PREFIX_PATH=/home/student/sjowmm_ws/install/turtlebot3_gazebo:/home/student/sjowmm_ws/install/turtlebot3_fake_node:/home/student/sjowmm_ws/install/turtlebot3_description:/opt/ros/foxy /usr/bin/cmake --install /home/student/sjowmm_ws/build/turtlebot3_simulations
