[1.458s] Invoking command in '/home/student/sjowmm_ws/src/dede': PYTHONPATH=/home/student/sjowmm_ws/install/dede/lib/python3.8/site-packages:${PYTHONPATH} /usr/bin/python3 setup.py egg_info --egg-base ../../build/dede build --build-base /home/student/sjowmm_ws/build/dede/build install --prefix /home/student/sjowmm_ws/install/dede --record /home/student/sjowmm_ws/build/dede/install.log --single-version-externally-managed
[1.759s] running egg_info
[1.760s] writing ../../build/dede/dede.egg-info/PKG-INFO
[1.760s] writing dependency_links to ../../build/dede/dede.egg-info/dependency_links.txt
[1.760s] writing entry points to ../../build/dede/dede.egg-info/entry_points.txt
[1.761s] writing requirements to ../../build/dede/dede.egg-info/requires.txt
[1.761s] writing top-level names to ../../build/dede/dede.egg-info/top_level.txt
[1.816s] reading manifest file '../../build/dede/dede.egg-info/SOURCES.txt'
[1.818s] writing manifest file '../../build/dede/dede.egg-info/SOURCES.txt'
[1.818s] running build
[1.818s] running build_py
[1.818s] running install
[1.820s] running install_lib
[1.822s] running install_data
[1.823s] running install_egg_info
[1.828s] removing '/home/student/sjowmm_ws/install/dede/lib/python3.8/site-packages/dede-0.0.0-py3.8.egg-info' (and everything under it)
[1.828s] Copying ../../build/dede/dede.egg-info to /home/student/sjowmm_ws/install/dede/lib/python3.8/site-packages/dede-0.0.0-py3.8.egg-info
[1.828s] running install_scripts
[1.854s] writing list of installed files to '/home/student/sjowmm_ws/build/dede/install.log'
[2.109s] Invoked command in '/home/student/sjowmm_ws/src/dede' returned '0': PYTHONPATH=/home/student/sjowmm_ws/install/dede/lib/python3.8/site-packages:${PYTHONPATH} /usr/bin/python3 setup.py egg_info --egg-base ../../build/dede build --build-base /home/student/sjowmm_ws/build/dede/build install --prefix /home/student/sjowmm_ws/install/dede --record /home/student/sjowmm_ws/build/dede/install.log --single-version-externally-managed
