[0.095s] Invoking command in '/home/student/sjowmm_ws/build/nav2_common': CMAKE_PREFIX_PATH=${CMAKE_PREFIX_PATH}:/home/student/sjowmm_ws/install/turtlebot3_teleop:/home/student/sjowmm_ws/install/turtlebot3_example:/home/student/sjowmm_ws/install/simulation:/home/student/sjowmm_ws/install/path_projection:/home/student/sjowmm_ws/install/nav2_gazebo_spawner:/home/student/sjowmm_ws/install/green_turtle:/home/student/sjowmm_ws/install/dede:/opt/ros/foxy /usr/bin/cmake --build /home/student/sjowmm_ws/build/nav2_common -- -j12 -l12
[1.488s] Invoked command in '/home/student/sjowmm_ws/build/nav2_common' returned '0': CMAKE_PREFIX_PATH=${CMAKE_PREFIX_PATH}:/home/student/sjowmm_ws/install/turtlebot3_teleop:/home/student/sjowmm_ws/install/turtlebot3_example:/home/student/sjowmm_ws/install/simulation:/home/student/sjowmm_ws/install/path_projection:/home/student/sjowmm_ws/install/nav2_gazebo_spawner:/home/student/sjowmm_ws/install/green_turtle:/home/student/sjowmm_ws/install/dede:/opt/ros/foxy /usr/bin/cmake --build /home/student/sjowmm_ws/build/nav2_common -- -j12 -l12
[1.546s] Invoking command in '/home/student/sjowmm_ws/build/nav2_common': CMAKE_PREFIX_PATH=${CMAKE_PREFIX_PATH}:/home/student/sjowmm_ws/install/turtlebot3_teleop:/home/student/sjowmm_ws/install/turtlebot3_example:/home/student/sjowmm_ws/install/simulation:/home/student/sjowmm_ws/install/path_projection:/home/student/sjowmm_ws/install/nav2_gazebo_spawner:/home/student/sjowmm_ws/install/green_turtle:/home/student/sjowmm_ws/install/dede:/opt/ros/foxy /usr/bin/cmake --install /home/student/sjowmm_ws/build/nav2_common
[1.561s] -- Install configuration: ""
[1.561s] -- Up-to-date: /home/student/sjowmm_ws/install/nav2_common/share/nav2_common/environment/pythonpath.sh
[1.562s] -- Up-to-date: /home/student/sjowmm_ws/install/nav2_common/share/nav2_common/environment/pythonpath.dsv
[1.562s] -- Up-to-date: /home/student/sjowmm_ws/install/nav2_common/lib/python3.8/site-packages/nav2_common
[1.562s] -- Up-to-date: /home/student/sjowmm_ws/install/nav2_common/lib/python3.8/site-packages/nav2_common/launch
[1.562s] -- Up-to-date: /home/student/sjowmm_ws/install/nav2_common/lib/python3.8/site-packages/nav2_common/launch/has_node_params.py
[1.562s] -- Up-to-date: /home/student/sjowmm_ws/install/nav2_common/lib/python3.8/site-packages/nav2_common/launch/rewritten_yaml.py
[1.562s] -- Up-to-date: /home/student/sjowmm_ws/install/nav2_common/lib/python3.8/site-packages/nav2_common/launch/replace_string.py
[1.562s] -- Up-to-date: /home/student/sjowmm_ws/install/nav2_common/lib/python3.8/site-packages/nav2_common/launch/__init__.py
[1.563s] -- Up-to-date: /home/student/sjowmm_ws/install/nav2_common/lib/python3.8/site-packages/nav2_common/__init__.py
[1.608s] Listing '/home/student/sjowmm_ws/install/nav2_common/lib/python3.8/site-packages/nav2_common'...
[1.608s] Listing '/home/student/sjowmm_ws/install/nav2_common/lib/python3.8/site-packages/nav2_common/launch'...
[1.608s] -- Up-to-date: /home/student/sjowmm_ws/install/nav2_common/share/ament_index/resource_index/package_run_dependencies/nav2_common
[1.608s] -- Up-to-date: /home/student/sjowmm_ws/install/nav2_common/share/ament_index/resource_index/parent_prefix_path/nav2_common
[1.609s] -- Up-to-date: /home/student/sjowmm_ws/install/nav2_common/share/nav2_common/environment/ament_prefix_path.sh
[1.609s] -- Up-to-date: /home/student/sjowmm_ws/install/nav2_common/share/nav2_common/environment/ament_prefix_path.dsv
[1.610s] -- Up-to-date: /home/student/sjowmm_ws/install/nav2_common/share/nav2_common/environment/path.sh
[1.611s] -- Up-to-date: /home/student/sjowmm_ws/install/nav2_common/share/nav2_common/environment/path.dsv
[1.611s] -- Up-to-date: /home/student/sjowmm_ws/install/nav2_common/share/nav2_common/local_setup.bash
[1.611s] -- Up-to-date: /home/student/sjowmm_ws/install/nav2_common/share/nav2_common/local_setup.sh
[1.611s] -- Up-to-date: /home/student/sjowmm_ws/install/nav2_common/share/nav2_common/local_setup.zsh
[1.612s] -- Up-to-date: /home/student/sjowmm_ws/install/nav2_common/share/nav2_common/local_setup.dsv
[1.612s] -- Installing: /home/student/sjowmm_ws/install/nav2_common/share/nav2_common/package.dsv
[1.612s] -- Up-to-date: /home/student/sjowmm_ws/install/nav2_common/share/ament_index/resource_index/packages/nav2_common
[1.612s] -- Up-to-date: /home/student/sjowmm_ws/install/nav2_common/share/nav2_common/cmake/nav2_common-extras.cmake
[1.613s] -- Up-to-date: /home/student/sjowmm_ws/install/nav2_common/share/nav2_common/cmake/nav2_commonConfig.cmake
[1.613s] -- Up-to-date: /home/student/sjowmm_ws/install/nav2_common/share/nav2_common/cmake/nav2_commonConfig-version.cmake
[1.613s] -- Up-to-date: /home/student/sjowmm_ws/install/nav2_common/share/nav2_common/package.xml
[1.613s] -- Up-to-date: /home/student/sjowmm_ws/install/nav2_common/share/nav2_common/cmake
[1.614s] -- Up-to-date: /home/student/sjowmm_ws/install/nav2_common/share/nav2_common/cmake/nav2_package.cmake
[1.653s] Invoked command in '/home/student/sjowmm_ws/build/nav2_common' returned '0': CMAKE_PREFIX_PATH=${CMAKE_PREFIX_PATH}:/home/student/sjowmm_ws/install/turtlebot3_teleop:/home/student/sjowmm_ws/install/turtlebot3_example:/home/student/sjowmm_ws/install/simulation:/home/student/sjowmm_ws/install/path_projection:/home/student/sjowmm_ws/install/nav2_gazebo_spawner:/home/student/sjowmm_ws/install/green_turtle:/home/student/sjowmm_ws/install/dede:/opt/ros/foxy /usr/bin/cmake --install /home/student/sjowmm_ws/build/nav2_common
