[0.229s] Invoking command in '/home/student/sjowmm_ws/src/simulation': PYTHONPATH=/home/student/sjowmm_ws/install/simulation/lib/python3.8/site-packages:${PYTHONPATH} /usr/bin/python3 setup.py egg_info --egg-base ../../build/simulation build --build-base /home/student/sjowmm_ws/build/simulation/build install --prefix /home/student/sjowmm_ws/install/simulation --record /home/student/sjowmm_ws/build/simulation/install.log --single-version-externally-managed
[0.428s] running egg_info
[0.428s] writing ../../build/simulation/simulation.egg-info/PKG-INFO
[0.429s] writing dependency_links to ../../build/simulation/simulation.egg-info/dependency_links.txt
[0.429s] writing entry points to ../../build/simulation/simulation.egg-info/entry_points.txt
[0.429s] writing requirements to ../../build/simulation/simulation.egg-info/requires.txt
[0.429s] writing top-level names to ../../build/simulation/simulation.egg-info/top_level.txt
[0.458s] reading manifest file '../../build/simulation/simulation.egg-info/SOURCES.txt'
[0.459s] writing manifest file '../../build/simulation/simulation.egg-info/SOURCES.txt'
[0.459s] running build
[0.459s] running build_py
[0.459s] running install
[0.460s] running install_lib
[0.461s] running install_data
[0.461s] copying models/turtlebot3_burger/meshes/tire.dae -> /home/student/sjowmm_ws/install/simulation/share/simulation/models
[0.461s] copying models/turtlebot3_burger/meshes/lds.dae -> /home/student/sjowmm_ws/install/simulation/share/simulation/models
[0.462s] copying models/turtlebot3_burger/meshes/burger_base.dae -> /home/student/sjowmm_ws/install/simulation/share/simulation/models
[0.462s] copying models/turtlebot3_burger/model-1_4.sdf -> /home/student/sjowmm_ws/install/simulation/share/simulation/models
[0.462s] running install_egg_info
[0.463s] removing '/home/student/sjowmm_ws/install/simulation/lib/python3.8/site-packages/simulation-0.0.0-py3.8.egg-info' (and everything under it)
[0.463s] Copying ../../build/simulation/simulation.egg-info to /home/student/sjowmm_ws/install/simulation/lib/python3.8/site-packages/simulation-0.0.0-py3.8.egg-info
[0.464s] running install_scripts
[0.477s] Installing spawn_robot_srv script to /home/student/sjowmm_ws/install/simulation/lib/simulation
[0.478s] writing list of installed files to '/home/student/sjowmm_ws/build/simulation/install.log'
[0.492s] Invoked command in '/home/student/sjowmm_ws/src/simulation' returned '0': PYTHONPATH=/home/student/sjowmm_ws/install/simulation/lib/python3.8/site-packages:${PYTHONPATH} /usr/bin/python3 setup.py egg_info --egg-base ../../build/simulation build --build-base /home/student/sjowmm_ws/build/simulation/build install --prefix /home/student/sjowmm_ws/install/simulation --record /home/student/sjowmm_ws/build/simulation/install.log --single-version-externally-managed
