[1.749s] Invoking command in '/home/student/sjowmm_ws/src/dede': PYTHONPATH=/home/student/sjowmm_ws/install/dede/lib/python3.8/site-packages:${PYTHONPATH} /usr/bin/python3 setup.py egg_info --egg-base ../../build/dede build --build-base /home/student/sjowmm_ws/build/dede/build install --prefix /home/student/sjowmm_ws/install/dede --record /home/student/sjowmm_ws/build/dede/install.log --single-version-externally-managed
[2.157s] running egg_info
[2.159s] writing ../../build/dede/dede.egg-info/PKG-INFO
[2.171s] writing dependency_links to ../../build/dede/dede.egg-info/dependency_links.txt
[2.172s] writing entry points to ../../build/dede/dede.egg-info/entry_points.txt
[2.172s] writing requirements to ../../build/dede/dede.egg-info/requires.txt
[2.172s] writing top-level names to ../../build/dede/dede.egg-info/top_level.txt
[2.212s] reading manifest file '../../build/dede/dede.egg-info/SOURCES.txt'
[2.213s] writing manifest file '../../build/dede/dede.egg-info/SOURCES.txt'
[2.214s] running build
[2.214s] running build_py
[2.214s] running install
[2.215s] running install_lib
[2.218s] running install_data
[2.221s] running install_egg_info
[2.225s] removing '/home/student/sjowmm_ws/install/dede/lib/python3.8/site-packages/dede-0.0.0-py3.8.egg-info' (and everything under it)
[2.225s] Copying ../../build/dede/dede.egg-info to /home/student/sjowmm_ws/install/dede/lib/python3.8/site-packages/dede-0.0.0-py3.8.egg-info
[2.226s] running install_scripts
[2.253s] writing list of installed files to '/home/student/sjowmm_ws/build/dede/install.log'
[2.541s] Invoked command in '/home/student/sjowmm_ws/src/dede' returned '0': PYTHONPATH=/home/student/sjowmm_ws/install/dede/lib/python3.8/site-packages:${PYTHONPATH} /usr/bin/python3 setup.py egg_info --egg-base ../../build/dede build --build-base /home/student/sjowmm_ws/build/dede/build install --prefix /home/student/sjowmm_ws/install/dede --record /home/student/sjowmm_ws/build/dede/install.log --single-version-externally-managed
