[0.048s] Invoking command in '/home/student/sjowmm_ws/build/nav2_waypoint_follower': AMENT_PREFIX_PATH=/home/student/sjowmm_ws/install/nav2_util:/home/student/sjowmm_ws/install/nav2_msgs:/home/student/sjowmm_ws/install/nav2_common:${AMENT_PREFIX_PATH} CMAKE_PREFIX_PATH=/home/student/sjowmm_ws/install/nav2_util:/home/student/sjowmm_ws/install/nav2_msgs:/home/student/sjowmm_ws/install/nav2_common:/opt/ros/foxy LD_LIBRARY_PATH=/home/student/sjowmm_ws/install/nav2_util/lib:/home/student/sjowmm_ws/install/nav2_msgs/lib:${LD_LIBRARY_PATH} PYTHONPATH=/home/student/sjowmm_ws/install/nav2_msgs/lib/python3.8/site-packages:/home/student/sjowmm_ws/install/nav2_common/lib/python3.8/site-packages:${PYTHONPATH} /usr/bin/cmake --build /home/student/sjowmm_ws/build/nav2_waypoint_follower -- -j12 -l12
[0.324s] [ 50%] Built target waypoint_follower_core
[0.348s] [100%] Built target waypoint_follower
[0.384s] Invoked command in '/home/student/sjowmm_ws/build/nav2_waypoint_follower' returned '0': AMENT_PREFIX_PATH=/home/student/sjowmm_ws/install/nav2_util:/home/student/sjowmm_ws/install/nav2_msgs:/home/student/sjowmm_ws/install/nav2_common:${AMENT_PREFIX_PATH} CMAKE_PREFIX_PATH=/home/student/sjowmm_ws/install/nav2_util:/home/student/sjowmm_ws/install/nav2_msgs:/home/student/sjowmm_ws/install/nav2_common:/opt/ros/foxy LD_LIBRARY_PATH=/home/student/sjowmm_ws/install/nav2_util/lib:/home/student/sjowmm_ws/install/nav2_msgs/lib:${LD_LIBRARY_PATH} PYTHONPATH=/home/student/sjowmm_ws/install/nav2_msgs/lib/python3.8/site-packages:/home/student/sjowmm_ws/install/nav2_common/lib/python3.8/site-packages:${PYTHONPATH} /usr/bin/cmake --build /home/student/sjowmm_ws/build/nav2_waypoint_follower -- -j12 -l12
[0.499s] Invoking command in '/home/student/sjowmm_ws/build/nav2_waypoint_follower': AMENT_PREFIX_PATH=/home/student/sjowmm_ws/install/nav2_util:/home/student/sjowmm_ws/install/nav2_msgs:/home/student/sjowmm_ws/install/nav2_common:${AMENT_PREFIX_PATH} CMAKE_PREFIX_PATH=/home/student/sjowmm_ws/install/nav2_util:/home/student/sjowmm_ws/install/nav2_msgs:/home/student/sjowmm_ws/install/nav2_common:/opt/ros/foxy LD_LIBRARY_PATH=/home/student/sjowmm_ws/install/nav2_util/lib:/home/student/sjowmm_ws/install/nav2_msgs/lib:${LD_LIBRARY_PATH} PYTHONPATH=/home/student/sjowmm_ws/install/nav2_msgs/lib/python3.8/site-packages:/home/student/sjowmm_ws/install/nav2_common/lib/python3.8/site-packages:${PYTHONPATH} /usr/bin/cmake --install /home/student/sjowmm_ws/build/nav2_waypoint_follower
[0.521s] -- Install configuration: "Release"
[0.522s] -- Up-to-date: /home/student/sjowmm_ws/install/nav2_waypoint_follower/lib/libwaypoint_follower_core.so
[0.522s] -- Up-to-date: /home/student/sjowmm_ws/install/nav2_waypoint_follower/lib/nav2_waypoint_follower/waypoint_follower
[0.522s] -- Up-to-date: /home/student/sjowmm_ws/install/nav2_waypoint_follower/include/
[0.522s] -- Up-to-date: /home/student/sjowmm_ws/install/nav2_waypoint_follower/include//nav2_waypoint_follower
[0.522s] -- Up-to-date: /home/student/sjowmm_ws/install/nav2_waypoint_follower/include//nav2_waypoint_follower/waypoint_follower.hpp
[0.522s] -- Up-to-date: /home/student/sjowmm_ws/install/nav2_waypoint_follower/share/ament_index/resource_index/package_run_dependencies/nav2_waypoint_follower
[0.522s] -- Up-to-date: /home/student/sjowmm_ws/install/nav2_waypoint_follower/share/ament_index/resource_index/parent_prefix_path/nav2_waypoint_follower
[0.523s] -- Up-to-date: /home/student/sjowmm_ws/install/nav2_waypoint_follower/share/nav2_waypoint_follower/environment/ament_prefix_path.sh
[0.523s] -- Up-to-date: /home/student/sjowmm_ws/install/nav2_waypoint_follower/share/nav2_waypoint_follower/environment/ament_prefix_path.dsv
[0.523s] -- Up-to-date: /home/student/sjowmm_ws/install/nav2_waypoint_follower/share/nav2_waypoint_follower/environment/path.sh
[0.523s] -- Up-to-date: /home/student/sjowmm_ws/install/nav2_waypoint_follower/share/nav2_waypoint_follower/environment/path.dsv
[0.523s] -- Up-to-date: /home/student/sjowmm_ws/install/nav2_waypoint_follower/share/nav2_waypoint_follower/local_setup.bash
[0.523s] -- Up-to-date: /home/student/sjowmm_ws/install/nav2_waypoint_follower/share/nav2_waypoint_follower/local_setup.sh
[0.524s] -- Up-to-date: /home/student/sjowmm_ws/install/nav2_waypoint_follower/share/nav2_waypoint_follower/local_setup.zsh
[0.524s] -- Up-to-date: /home/student/sjowmm_ws/install/nav2_waypoint_follower/share/nav2_waypoint_follower/local_setup.dsv
[0.524s] -- Installing: /home/student/sjowmm_ws/install/nav2_waypoint_follower/share/nav2_waypoint_follower/package.dsv
[0.524s] -- Up-to-date: /home/student/sjowmm_ws/install/nav2_waypoint_follower/share/ament_index/resource_index/packages/nav2_waypoint_follower
[0.525s] -- Up-to-date: /home/student/sjowmm_ws/install/nav2_waypoint_follower/share/nav2_waypoint_follower/cmake/ament_cmake_export_include_directories-extras.cmake
[0.525s] -- Up-to-date: /home/student/sjowmm_ws/install/nav2_waypoint_follower/share/nav2_waypoint_follower/cmake/nav2_waypoint_followerConfig.cmake
[0.525s] -- Up-to-date: /home/student/sjowmm_ws/install/nav2_waypoint_follower/share/nav2_waypoint_follower/cmake/nav2_waypoint_followerConfig-version.cmake
[0.525s] -- Up-to-date: /home/student/sjowmm_ws/install/nav2_waypoint_follower/share/nav2_waypoint_follower/package.xml
[0.564s] Invoked command in '/home/student/sjowmm_ws/build/nav2_waypoint_follower' returned '0': AMENT_PREFIX_PATH=/home/student/sjowmm_ws/install/nav2_util:/home/student/sjowmm_ws/install/nav2_msgs:/home/student/sjowmm_ws/install/nav2_common:${AMENT_PREFIX_PATH} CMAKE_PREFIX_PATH=/home/student/sjowmm_ws/install/nav2_util:/home/student/sjowmm_ws/install/nav2_msgs:/home/student/sjowmm_ws/install/nav2_common:/opt/ros/foxy LD_LIBRARY_PATH=/home/student/sjowmm_ws/install/nav2_util/lib:/home/student/sjowmm_ws/install/nav2_msgs/lib:${LD_LIBRARY_PATH} PYTHONPATH=/home/student/sjowmm_ws/install/nav2_msgs/lib/python3.8/site-packages:/home/student/sjowmm_ws/install/nav2_common/lib/python3.8/site-packages:${PYTHONPATH} /usr/bin/cmake --install /home/student/sjowmm_ws/build/nav2_waypoint_follower
