running egg_info
creating ../../build/path_projection/path_projection.egg-info
writing ../../build/path_projection/path_projection.egg-info/PKG-INFO
writing dependency_links to ../../build/path_projection/path_projection.egg-info/dependency_links.txt
writing entry points to ../../build/path_projection/path_projection.egg-info/entry_points.txt
writing requirements to ../../build/path_projection/path_projection.egg-info/requires.txt
writing top-level names to ../../build/path_projection/path_projection.egg-info/top_level.txt
writing manifest file '../../build/path_projection/path_projection.egg-info/SOURCES.txt'
reading manifest file '../../build/path_projection/path_projection.egg-info/SOURCES.txt'
writing manifest file '../../build/path_projection/path_projection.egg-info/SOURCES.txt'
running build
running build_py
creating /home/student/sjowmm_ws/build/path_projection/build
creating /home/student/sjowmm_ws/build/path_projection/build/lib
creating /home/student/sjowmm_ws/build/path_projection/build/lib/path_projection
copying path_projection/path_projection_node.py -> /home/student/sjowmm_ws/build/path_projection/build/lib/path_projection
copying path_projection/__init__.py -> /home/student/sjowmm_ws/build/path_projection/build/lib/path_projection
running install
running install_lib
creating /home/student/sjowmm_ws/install/path_projection/lib/python3.8/site-packages/path_projection
copying /home/student/sjowmm_ws/build/path_projection/build/lib/path_projection/path_projection_node.py -> /home/student/sjowmm_ws/install/path_projection/lib/python3.8/site-packages/path_projection
copying /home/student/sjowmm_ws/build/path_projection/build/lib/path_projection/__init__.py -> /home/student/sjowmm_ws/install/path_projection/lib/python3.8/site-packages/path_projection
byte-compiling /home/student/sjowmm_ws/install/path_projection/lib/python3.8/site-packages/path_projection/path_projection_node.py to path_projection_node.cpython-38.pyc
byte-compiling /home/student/sjowmm_ws/install/path_projection/lib/python3.8/site-packages/path_projection/__init__.py to __init__.cpython-38.pyc
running install_data
creating /home/student/sjowmm_ws/install/path_projection/share/ament_index
creating /home/student/sjowmm_ws/install/path_projection/share/ament_index/resource_index
creating /home/student/sjowmm_ws/install/path_projection/share/ament_index/resource_index/packages
copying resource/path_projection -> /home/student/sjowmm_ws/install/path_projection/share/ament_index/resource_index/packages
copying package.xml -> /home/student/sjowmm_ws/install/path_projection/share/path_projection
running install_egg_info
Copying ../../build/path_projection/path_projection.egg-info to /home/student/sjowmm_ws/install/path_projection/lib/python3.8/site-packages/path_projection-0.0.0-py3.8.egg-info
running install_scripts
Installing PathProjection script to /home/student/sjowmm_ws/install/path_projection/lib/path_projection
writing list of installed files to '/home/student/sjowmm_ws/build/path_projection/install.log'
