[1.447s] Invoking command in '/home/student/sjowmm_ws/src/path_projection': PYTHONPATH=/home/student/sjowmm_ws/install/path_projection/lib/python3.8/site-packages:${PYTHONPATH} /usr/bin/python3 setup.py egg_info --egg-base ../../build/path_projection build --build-base /home/student/sjowmm_ws/build/path_projection/build install --prefix /home/student/sjowmm_ws/install/path_projection --record /home/student/sjowmm_ws/build/path_projection/install.log --single-version-externally-managed
[1.812s] running egg_info
[1.812s] creating ../../build/path_projection/path_projection.egg-info
[1.813s] writing ../../build/path_projection/path_projection.egg-info/PKG-INFO
[1.814s] writing dependency_links to ../../build/path_projection/path_projection.egg-info/dependency_links.txt
[1.814s] writing entry points to ../../build/path_projection/path_projection.egg-info/entry_points.txt
[1.815s] writing requirements to ../../build/path_projection/path_projection.egg-info/requires.txt
[1.815s] writing top-level names to ../../build/path_projection/path_projection.egg-info/top_level.txt
[1.816s] writing manifest file '../../build/path_projection/path_projection.egg-info/SOURCES.txt'
[1.856s] reading manifest file '../../build/path_projection/path_projection.egg-info/SOURCES.txt'
[1.856s] writing manifest file '../../build/path_projection/path_projection.egg-info/SOURCES.txt'
[1.856s] running build
[1.856s] running build_py
[1.856s] creating /home/student/sjowmm_ws/build/path_projection/build
[1.856s] creating /home/student/sjowmm_ws/build/path_projection/build/lib
[1.856s] creating /home/student/sjowmm_ws/build/path_projection/build/lib/path_projection
[1.856s] copying path_projection/path_projection_node.py -> /home/student/sjowmm_ws/build/path_projection/build/lib/path_projection
[1.856s] copying path_projection/__init__.py -> /home/student/sjowmm_ws/build/path_projection/build/lib/path_projection
[1.857s] running install
[1.857s] running install_lib
[1.857s] creating /home/student/sjowmm_ws/install/path_projection/lib/python3.8/site-packages/path_projection
[1.857s] copying /home/student/sjowmm_ws/build/path_projection/build/lib/path_projection/path_projection_node.py -> /home/student/sjowmm_ws/install/path_projection/lib/python3.8/site-packages/path_projection
[1.857s] copying /home/student/sjowmm_ws/build/path_projection/build/lib/path_projection/__init__.py -> /home/student/sjowmm_ws/install/path_projection/lib/python3.8/site-packages/path_projection
[1.859s] byte-compiling /home/student/sjowmm_ws/install/path_projection/lib/python3.8/site-packages/path_projection/path_projection_node.py to path_projection_node.cpython-38.pyc
[1.860s] byte-compiling /home/student/sjowmm_ws/install/path_projection/lib/python3.8/site-packages/path_projection/__init__.py to __init__.cpython-38.pyc
[1.860s] running install_data
[1.861s] creating /home/student/sjowmm_ws/install/path_projection/share/ament_index
[1.861s] creating /home/student/sjowmm_ws/install/path_projection/share/ament_index/resource_index
[1.861s] creating /home/student/sjowmm_ws/install/path_projection/share/ament_index/resource_index/packages
[1.861s] copying resource/path_projection -> /home/student/sjowmm_ws/install/path_projection/share/ament_index/resource_index/packages
[1.862s] copying package.xml -> /home/student/sjowmm_ws/install/path_projection/share/path_projection
[1.862s] running install_egg_info
[1.868s] Copying ../../build/path_projection/path_projection.egg-info to /home/student/sjowmm_ws/install/path_projection/lib/python3.8/site-packages/path_projection-0.0.0-py3.8.egg-info
[1.868s] running install_scripts
[1.895s] Installing PathProjection script to /home/student/sjowmm_ws/install/path_projection/lib/path_projection
[1.895s] writing list of installed files to '/home/student/sjowmm_ws/build/path_projection/install.log'
[2.192s] Invoked command in '/home/student/sjowmm_ws/src/path_projection' returned '0': PYTHONPATH=/home/student/sjowmm_ws/install/path_projection/lib/python3.8/site-packages:${PYTHONPATH} /usr/bin/python3 setup.py egg_info --egg-base ../../build/path_projection build --build-base /home/student/sjowmm_ws/build/path_projection/build install --prefix /home/student/sjowmm_ws/install/path_projection --record /home/student/sjowmm_ws/build/path_projection/install.log --single-version-externally-managed
