[1.716s] Invoking command in '/home/student/sjowmm_ws/src/dede': PYTHONPATH=/home/student/sjowmm_ws/install/dede/lib/python3.8/site-packages:${PYTHONPATH} /usr/bin/python3 setup.py egg_info --egg-base ../../build/dede build --build-base /home/student/sjowmm_ws/build/dede/build install --prefix /home/student/sjowmm_ws/install/dede --record /home/student/sjowmm_ws/build/dede/install.log --single-version-externally-managed
[1.969s] running egg_info
[1.969s] writing ../../build/dede/dede.egg-info/PKG-INFO
[2.004s] writing dependency_links to ../../build/dede/dede.egg-info/dependency_links.txt
[2.004s] writing entry points to ../../build/dede/dede.egg-info/entry_points.txt
[2.004s] writing requirements to ../../build/dede/dede.egg-info/requires.txt
[2.004s] writing top-level names to ../../build/dede/dede.egg-info/top_level.txt
[2.081s] reading manifest file '../../build/dede/dede.egg-info/SOURCES.txt'
[2.082s] writing manifest file '../../build/dede/dede.egg-info/SOURCES.txt'
[2.087s] running build
[2.091s] running build_py
[2.091s] running install
[2.097s] running install_lib
[2.097s] running install_data
[2.097s] running install_egg_info
[2.097s] removing '/home/student/sjowmm_ws/install/dede/lib/python3.8/site-packages/dede-0.0.0-py3.8.egg-info' (and everything under it)
[2.097s] Copying ../../build/dede/dede.egg-info to /home/student/sjowmm_ws/install/dede/lib/python3.8/site-packages/dede-0.0.0-py3.8.egg-info
[2.097s] running install_scripts
[2.121s] writing list of installed files to '/home/student/sjowmm_ws/build/dede/install.log'
[2.371s] Invoked command in '/home/student/sjowmm_ws/src/dede' returned '0': PYTHONPATH=/home/student/sjowmm_ws/install/dede/lib/python3.8/site-packages:${PYTHONPATH} /usr/bin/python3 setup.py egg_info --egg-base ../../build/dede build --build-base /home/student/sjowmm_ws/build/dede/build install --prefix /home/student/sjowmm_ws/install/dede --record /home/student/sjowmm_ws/build/dede/install.log --single-version-externally-managed
