[0.169s] Invoking command in '/home/student/sjowmm_ws/build/turtlebot3_description': CMAKE_PREFIX_PATH=${CMAKE_PREFIX_PATH}:/home/student/sjowmm_ws/install/turtlebot3_teleop:/home/student/sjowmm_ws/install/turtlebot3_example:/home/student/sjowmm_ws/install/simulation:/home/student/sjowmm_ws/install/path_projection:/home/student/sjowmm_ws/install/nav2_gazebo_spawner:/home/student/sjowmm_ws/install/green_turtle:/home/student/sjowmm_ws/install/dede:/opt/ros/foxy /usr/bin/cmake --build /home/student/sjowmm_ws/build/turtlebot3_description -- -j12 -l12
[2.233s] Invoked command in '/home/student/sjowmm_ws/build/turtlebot3_description' returned '0': CMAKE_PREFIX_PATH=${CMAKE_PREFIX_PATH}:/home/student/sjowmm_ws/install/turtlebot3_teleop:/home/student/sjowmm_ws/install/turtlebot3_example:/home/student/sjowmm_ws/install/simulation:/home/student/sjowmm_ws/install/path_projection:/home/student/sjowmm_ws/install/nav2_gazebo_spawner:/home/student/sjowmm_ws/install/green_turtle:/home/student/sjowmm_ws/install/dede:/opt/ros/foxy /usr/bin/cmake --build /home/student/sjowmm_ws/build/turtlebot3_description -- -j12 -l12
[2.391s] Invoking command in '/home/student/sjowmm_ws/build/turtlebot3_description': CMAKE_PREFIX_PATH=${CMAKE_PREFIX_PATH}:/home/student/sjowmm_ws/install/turtlebot3_teleop:/home/student/sjowmm_ws/install/turtlebot3_example:/home/student/sjowmm_ws/install/simulation:/home/student/sjowmm_ws/install/path_projection:/home/student/sjowmm_ws/install/nav2_gazebo_spawner:/home/student/sjowmm_ws/install/green_turtle:/home/student/sjowmm_ws/install/dede:/opt/ros/foxy /usr/bin/cmake --install /home/student/sjowmm_ws/build/turtlebot3_description
[2.453s] -- Install configuration: ""
[2.454s] -- Up-to-date: /home/student/sjowmm_ws/install/turtlebot3_description/share/turtlebot3_description/meshes
[2.454s] -- Up-to-date: /home/student/sjowmm_ws/install/turtlebot3_description/share/turtlebot3_description/meshes/wheels
[2.454s] -- Up-to-date: /home/student/sjowmm_ws/install/turtlebot3_description/share/turtlebot3_description/meshes/wheels/right_tire.stl
[2.454s] -- Up-to-date: /home/student/sjowmm_ws/install/turtlebot3_description/share/turtlebot3_description/meshes/wheels/left_tire.stl
[2.454s] -- Up-to-date: /home/student/sjowmm_ws/install/turtlebot3_description/share/turtlebot3_description/meshes/sensors
[2.454s] -- Up-to-date: /home/student/sjowmm_ws/install/turtlebot3_description/share/turtlebot3_description/meshes/sensors/astra.dae
[2.454s] -- Up-to-date: /home/student/sjowmm_ws/install/turtlebot3_description/share/turtlebot3_description/meshes/sensors/lds.stl
[2.454s] -- Up-to-date: /home/student/sjowmm_ws/install/turtlebot3_description/share/turtlebot3_description/meshes/sensors/r200.dae
[2.454s] -- Up-to-date: /home/student/sjowmm_ws/install/turtlebot3_description/share/turtlebot3_description/meshes/sensors/astra.jpg
[2.454s] -- Up-to-date: /home/student/sjowmm_ws/install/turtlebot3_description/share/turtlebot3_description/meshes/sensors/r200.jpg
[2.454s] -- Up-to-date: /home/student/sjowmm_ws/install/turtlebot3_description/share/turtlebot3_description/meshes/bases
[2.455s] -- Up-to-date: /home/student/sjowmm_ws/install/turtlebot3_description/share/turtlebot3_description/meshes/bases/waffle_base.stl
[2.455s] -- Up-to-date: /home/student/sjowmm_ws/install/turtlebot3_description/share/turtlebot3_description/meshes/bases/waffle_pi_base.stl
[2.455s] -- Up-to-date: /home/student/sjowmm_ws/install/turtlebot3_description/share/turtlebot3_description/meshes/bases/burger_base.stl
[2.455s] -- Up-to-date: /home/student/sjowmm_ws/install/turtlebot3_description/share/turtlebot3_description/rviz
[2.455s] -- Up-to-date: /home/student/sjowmm_ws/install/turtlebot3_description/share/turtlebot3_description/rviz/model.rviz
[2.455s] -- Up-to-date: /home/student/sjowmm_ws/install/turtlebot3_description/share/turtlebot3_description/urdf
[2.455s] -- Up-to-date: /home/student/sjowmm_ws/install/turtlebot3_description/share/turtlebot3_description/urdf/turtlebot3_waffle.urdf
[2.455s] -- Up-to-date: /home/student/sjowmm_ws/install/turtlebot3_description/share/turtlebot3_description/urdf/common_properties.urdf
[2.455s] -- Up-to-date: /home/student/sjowmm_ws/install/turtlebot3_description/share/turtlebot3_description/urdf/turtlebot3_burger.urdf
[2.456s] -- Up-to-date: /home/student/sjowmm_ws/install/turtlebot3_description/share/turtlebot3_description/urdf/turtlebot3_waffle_pi.urdf
[2.458s] -- Up-to-date: /home/student/sjowmm_ws/install/turtlebot3_description/share/ament_index/resource_index/package_run_dependencies/turtlebot3_description
[2.461s] -- Up-to-date: /home/student/sjowmm_ws/install/turtlebot3_description/share/ament_index/resource_index/parent_prefix_path/turtlebot3_description
[2.462s] -- Up-to-date: /home/student/sjowmm_ws/install/turtlebot3_description/share/turtlebot3_description/environment/ament_prefix_path.sh
[2.462s] -- Up-to-date: /home/student/sjowmm_ws/install/turtlebot3_description/share/turtlebot3_description/environment/ament_prefix_path.dsv
[2.462s] -- Up-to-date: /home/student/sjowmm_ws/install/turtlebot3_description/share/turtlebot3_description/environment/path.sh
[2.462s] -- Up-to-date: /home/student/sjowmm_ws/install/turtlebot3_description/share/turtlebot3_description/environment/path.dsv
[2.462s] -- Up-to-date: /home/student/sjowmm_ws/install/turtlebot3_description/share/turtlebot3_description/local_setup.bash
[2.462s] -- Up-to-date: /home/student/sjowmm_ws/install/turtlebot3_description/share/turtlebot3_description/local_setup.sh
[2.462s] -- Up-to-date: /home/student/sjowmm_ws/install/turtlebot3_description/share/turtlebot3_description/local_setup.zsh
[2.462s] -- Up-to-date: /home/student/sjowmm_ws/install/turtlebot3_description/share/turtlebot3_description/local_setup.dsv
[2.463s] -- Installing: /home/student/sjowmm_ws/install/turtlebot3_description/share/turtlebot3_description/package.dsv
[2.463s] -- Up-to-date: /home/student/sjowmm_ws/install/turtlebot3_description/share/ament_index/resource_index/packages/turtlebot3_description
[2.463s] -- Up-to-date: /home/student/sjowmm_ws/install/turtlebot3_description/share/turtlebot3_description/cmake/turtlebot3_descriptionConfig.cmake
[2.463s] -- Up-to-date: /home/student/sjowmm_ws/install/turtlebot3_description/share/turtlebot3_description/cmake/turtlebot3_descriptionConfig-version.cmake
[2.464s] -- Up-to-date: /home/student/sjowmm_ws/install/turtlebot3_description/share/turtlebot3_description/package.xml
[2.474s] Invoked command in '/home/student/sjowmm_ws/build/turtlebot3_description' returned '0': CMAKE_PREFIX_PATH=${CMAKE_PREFIX_PATH}:/home/student/sjowmm_ws/install/turtlebot3_teleop:/home/student/sjowmm_ws/install/turtlebot3_example:/home/student/sjowmm_ws/install/simulation:/home/student/sjowmm_ws/install/path_projection:/home/student/sjowmm_ws/install/nav2_gazebo_spawner:/home/student/sjowmm_ws/install/green_turtle:/home/student/sjowmm_ws/install/dede:/opt/ros/foxy /usr/bin/cmake --install /home/student/sjowmm_ws/build/turtlebot3_description
