[0.471s] Invoking command in '/home/student/sjowmm_ws/src/simulation': PYTHONPATH=/home/student/sjowmm_ws/install/simulation/lib/python3.8/site-packages:${PYTHONPATH} /usr/bin/python3 setup.py egg_info --egg-base ../../build/simulation build --build-base /home/student/sjowmm_ws/build/simulation/build install --prefix /home/student/sjowmm_ws/install/simulation --record /home/student/sjowmm_ws/build/simulation/install.log --single-version-externally-managed
[0.795s] running egg_info
[0.796s] writing ../../build/simulation/simulation.egg-info/PKG-INFO
[0.796s] writing dependency_links to ../../build/simulation/simulation.egg-info/dependency_links.txt
[0.797s] writing entry points to ../../build/simulation/simulation.egg-info/entry_points.txt
[0.797s] writing requirements to ../../build/simulation/simulation.egg-info/requires.txt
[0.797s] writing top-level names to ../../build/simulation/simulation.egg-info/top_level.txt
[0.857s] reading manifest file '../../build/simulation/simulation.egg-info/SOURCES.txt'
[0.859s] writing manifest file '../../build/simulation/simulation.egg-info/SOURCES.txt'
[0.860s] running build
[0.860s] running build_py
[0.862s] running install
[0.863s] running install_lib
[0.869s] running install_data
[0.873s] running install_egg_info
[0.876s] removing '/home/student/sjowmm_ws/install/simulation/lib/python3.8/site-packages/simulation-0.0.0-py3.8.egg-info' (and everything under it)
[0.876s] Copying ../../build/simulation/simulation.egg-info to /home/student/sjowmm_ws/install/simulation/lib/python3.8/site-packages/simulation-0.0.0-py3.8.egg-info
[0.879s] running install_scripts
[0.910s] Installing readMapData script to /home/student/sjowmm_ws/install/simulation/lib/simulation
[0.910s] Installing spawn_robot_srv script to /home/student/sjowmm_ws/install/simulation/lib/simulation
[0.911s] writing list of installed files to '/home/student/sjowmm_ws/build/simulation/install.log'
[0.940s] Invoked command in '/home/student/sjowmm_ws/src/simulation' returned '0': PYTHONPATH=/home/student/sjowmm_ws/install/simulation/lib/python3.8/site-packages:${PYTHONPATH} /usr/bin/python3 setup.py egg_info --egg-base ../../build/simulation build --build-base /home/student/sjowmm_ws/build/simulation/build install --prefix /home/student/sjowmm_ws/install/simulation --record /home/student/sjowmm_ws/build/simulation/install.log --single-version-externally-managed
