[0.013s] Invoking command in '/home/student/sjowmm_ws/build/nav2_bt_navigator': AMENT_PREFIX_PATH=/home/student/sjowmm_ws/install/nav2_behavior_tree:/home/student/sjowmm_ws/install/nav2_util:/home/student/sjowmm_ws/install/nav2_msgs:/home/student/sjowmm_ws/install/nav2_common:${AMENT_PREFIX_PATH} CMAKE_PREFIX_PATH=/home/student/sjowmm_ws/install/nav2_behavior_tree:/home/student/sjowmm_ws/install/nav2_util:/home/student/sjowmm_ws/install/nav2_msgs:/home/student/sjowmm_ws/install/nav2_common:/home/student/sjowmm_ws/install/simulation:/home/student/sjowmm_ws/install/dede:/opt/ros/foxy LD_LIBRARY_PATH=/home/student/sjowmm_ws/install/nav2_behavior_tree/lib:/home/student/sjowmm_ws/install/nav2_util/lib:/home/student/sjowmm_ws/install/nav2_msgs/lib:${LD_LIBRARY_PATH} PYTHONPATH=/home/student/sjowmm_ws/install/nav2_msgs/lib/python3.8/site-packages:/home/student/sjowmm_ws/install/nav2_common/lib/python3.8/site-packages:${PYTHONPATH} /usr/bin/cmake /home/student/sjowmm_ws/src/navigation2/nav2_bt_navigator -DCMAKE_INSTALL_PREFIX=/home/student/sjowmm_ws/install/nav2_bt_navigator
[0.063s] -- The C compiler identification is GNU 9.4.0
[0.111s] -- The CXX compiler identification is GNU 9.4.0
[0.115s] -- Check for working C compiler: /usr/bin/cc
[0.175s] -- Check for working C compiler: /usr/bin/cc -- works
[0.176s] -- Detecting C compiler ABI info
[0.237s] -- Detecting C compiler ABI info - done
[0.248s] -- Detecting C compile features
[0.248s] -- Detecting C compile features - done
[0.250s] -- Check for working CXX compiler: /usr/bin/c++
[0.322s] -- Check for working CXX compiler: /usr/bin/c++ -- works
[0.323s] -- Detecting CXX compiler ABI info
[0.393s] -- Detecting CXX compiler ABI info - done
[0.405s] -- Detecting CXX compile features
[0.405s] -- Detecting CXX compile features - done
[0.407s] -- Found ament_cmake: 0.9.8 (/opt/ros/foxy/share/ament_cmake/cmake)
[0.433s] -- Found PythonInterp: /usr/bin/python3 (found suitable version "3.8.10", minimum required is "3") 
[0.433s] -- Using PYTHON_EXECUTABLE: /usr/bin/python3
[0.649s] -- Found nav2_common: 0.4.7 (/home/student/sjowmm_ws/install/nav2_common/share/nav2_common/cmake)
[0.651s] -- Found rclcpp: 2.3.0 (/opt/ros/foxy/share/rclcpp/cmake)
[0.695s] -- Using all available rosidl_typesupport_c: rosidl_typesupport_fastrtps_c;rosidl_typesupport_introspection_c
[0.702s] -- Found rosidl_adapter: 1.2.0 (/opt/ros/foxy/share/rosidl_adapter/cmake)
[0.775s] -- Found OpenSSL: /usr/lib/x86_64-linux-gnu/libcrypto.so (found version "1.1.1f")  
[0.803s] -- Found FastRTPS: /opt/ros/foxy/include  
[0.878s] -- Using all available rosidl_typesupport_cpp: rosidl_typesupport_fastrtps_cpp;rosidl_typesupport_introspection_cpp
[0.932s] -- Found rmw_implementation_cmake: 1.0.2 (/opt/ros/foxy/share/rmw_implementation_cmake/cmake)
[0.933s] -- Using RMW implementation 'rmw_fastrtps_cpp' as default
[0.934s] -- Looking for pthread.h
[0.998s] -- Looking for pthread.h - found
[0.998s] -- Performing Test CMAKE_HAVE_LIBC_PTHREAD
[1.065s] -- Performing Test CMAKE_HAVE_LIBC_PTHREAD - Failed
[1.065s] -- Looking for pthread_create in pthreads
[1.120s] -- Looking for pthread_create in pthreads - not found
[1.121s] -- Looking for pthread_create in pthread
[1.182s] -- Looking for pthread_create in pthread - found
[1.183s] -- Found Threads: TRUE  
[1.331s] -- Found rclcpp_action: 2.3.0 (/opt/ros/foxy/share/rclcpp_action/cmake)
[1.406s] -- Found rclcpp_lifecycle: 2.3.0 (/opt/ros/foxy/share/rclcpp_lifecycle/cmake)
[1.436s] -- Found geometry_msgs: 2.0.3 (/opt/ros/foxy/share/geometry_msgs/cmake)
[1.468s] -- Found nav2_behavior_tree: 0.4.7 (/home/student/sjowmm_ws/install/nav2_behavior_tree/share/nav2_behavior_tree/cmake)
[2.241s] -- Found eigen3_cmake_module: 0.1.1 (/opt/ros/foxy/share/eigen3_cmake_module/cmake)
[2.244s] -- Found Eigen3: TRUE (found version "3.3.7") 
[2.606s] -- Setting build type to Release as none was specified.
[3.892s] -- Found ament_lint_auto: 0.9.6 (/opt/ros/foxy/share/ament_lint_auto/cmake)
[3.968s] -- Added test 'copyright' to check source files copyright and LICENSE
[3.969s] -- Added test 'cppcheck' to perform static code analysis on C / C++ code
[3.969s] -- Configured cppcheck include dirs: /home/student/sjowmm_ws/src/navigation2/nav2_bt_navigator/include
[3.970s] -- Configured cppcheck exclude dirs and/or files: 
[3.971s] -- Added test 'cpplint' to check C / C++ code against the Google style
[3.971s] -- Configured cpplint exclude dirs and/or files: 
[3.971s] -- Added test 'lint_cmake' to check CMake code style
[3.973s] -- Added test 'uncrustify' to check C / C++ code style
[3.973s] -- Configured uncrustify additional arguments: 
[3.973s] -- Added test 'xmllint' to check XML markup files
[3.978s] -- Configuring done
[4.069s] -- Generating done
[4.071s] -- Build files have been written to: /home/student/sjowmm_ws/build/nav2_bt_navigator
[4.080s] Invoked command in '/home/student/sjowmm_ws/build/nav2_bt_navigator' returned '0': AMENT_PREFIX_PATH=/home/student/sjowmm_ws/install/nav2_behavior_tree:/home/student/sjowmm_ws/install/nav2_util:/home/student/sjowmm_ws/install/nav2_msgs:/home/student/sjowmm_ws/install/nav2_common:${AMENT_PREFIX_PATH} CMAKE_PREFIX_PATH=/home/student/sjowmm_ws/install/nav2_behavior_tree:/home/student/sjowmm_ws/install/nav2_util:/home/student/sjowmm_ws/install/nav2_msgs:/home/student/sjowmm_ws/install/nav2_common:/home/student/sjowmm_ws/install/simulation:/home/student/sjowmm_ws/install/dede:/opt/ros/foxy LD_LIBRARY_PATH=/home/student/sjowmm_ws/install/nav2_behavior_tree/lib:/home/student/sjowmm_ws/install/nav2_util/lib:/home/student/sjowmm_ws/install/nav2_msgs/lib:${LD_LIBRARY_PATH} PYTHONPATH=/home/student/sjowmm_ws/install/nav2_msgs/lib/python3.8/site-packages:/home/student/sjowmm_ws/install/nav2_common/lib/python3.8/site-packages:${PYTHONPATH} /usr/bin/cmake /home/student/sjowmm_ws/src/navigation2/nav2_bt_navigator -DCMAKE_INSTALL_PREFIX=/home/student/sjowmm_ws/install/nav2_bt_navigator
[4.083s] Invoking command in '/home/student/sjowmm_ws/build/nav2_bt_navigator': AMENT_PREFIX_PATH=/home/student/sjowmm_ws/install/nav2_behavior_tree:/home/student/sjowmm_ws/install/nav2_util:/home/student/sjowmm_ws/install/nav2_msgs:/home/student/sjowmm_ws/install/nav2_common:${AMENT_PREFIX_PATH} CMAKE_PREFIX_PATH=/home/student/sjowmm_ws/install/nav2_behavior_tree:/home/student/sjowmm_ws/install/nav2_util:/home/student/sjowmm_ws/install/nav2_msgs:/home/student/sjowmm_ws/install/nav2_common:/home/student/sjowmm_ws/install/simulation:/home/student/sjowmm_ws/install/dede:/opt/ros/foxy LD_LIBRARY_PATH=/home/student/sjowmm_ws/install/nav2_behavior_tree/lib:/home/student/sjowmm_ws/install/nav2_util/lib:/home/student/sjowmm_ws/install/nav2_msgs/lib:${LD_LIBRARY_PATH} PYTHONPATH=/home/student/sjowmm_ws/install/nav2_msgs/lib/python3.8/site-packages:/home/student/sjowmm_ws/install/nav2_common/lib/python3.8/site-packages:${PYTHONPATH} /usr/bin/cmake --build /home/student/sjowmm_ws/build/nav2_bt_navigator -- -j12 -l12
[4.123s] [35m[1mScanning dependencies of target bt_navigator_core[0m
[4.176s] [ 40%] [32mBuilding CXX object CMakeFiles/bt_navigator_core.dir/src/ros_topic_logger.cpp.o[0m
[4.177s] [ 40%] [32mBuilding CXX object CMakeFiles/bt_navigator_core.dir/src/bt_navigator.cpp.o[0m
[20.365s] [ 60%] [32m[1mLinking CXX shared library libbt_navigator_core.so[0m
[20.651s] [ 60%] Built target bt_navigator_core
[20.662s] [35m[1mScanning dependencies of target bt_navigator[0m
[20.709s] [ 80%] [32mBuilding CXX object CMakeFiles/bt_navigator.dir/src/main.cpp.o[0m
[23.883s] [100%] [32m[1mLinking CXX executable bt_navigator[0m
[24.283s] [100%] Built target bt_navigator
[24.295s] Invoked command in '/home/student/sjowmm_ws/build/nav2_bt_navigator' returned '0': AMENT_PREFIX_PATH=/home/student/sjowmm_ws/install/nav2_behavior_tree:/home/student/sjowmm_ws/install/nav2_util:/home/student/sjowmm_ws/install/nav2_msgs:/home/student/sjowmm_ws/install/nav2_common:${AMENT_PREFIX_PATH} CMAKE_PREFIX_PATH=/home/student/sjowmm_ws/install/nav2_behavior_tree:/home/student/sjowmm_ws/install/nav2_util:/home/student/sjowmm_ws/install/nav2_msgs:/home/student/sjowmm_ws/install/nav2_common:/home/student/sjowmm_ws/install/simulation:/home/student/sjowmm_ws/install/dede:/opt/ros/foxy LD_LIBRARY_PATH=/home/student/sjowmm_ws/install/nav2_behavior_tree/lib:/home/student/sjowmm_ws/install/nav2_util/lib:/home/student/sjowmm_ws/install/nav2_msgs/lib:${LD_LIBRARY_PATH} PYTHONPATH=/home/student/sjowmm_ws/install/nav2_msgs/lib/python3.8/site-packages:/home/student/sjowmm_ws/install/nav2_common/lib/python3.8/site-packages:${PYTHONPATH} /usr/bin/cmake --build /home/student/sjowmm_ws/build/nav2_bt_navigator -- -j12 -l12
[24.322s] Invoking command in '/home/student/sjowmm_ws/build/nav2_bt_navigator': AMENT_PREFIX_PATH=/home/student/sjowmm_ws/install/nav2_behavior_tree:/home/student/sjowmm_ws/install/nav2_util:/home/student/sjowmm_ws/install/nav2_msgs:/home/student/sjowmm_ws/install/nav2_common:${AMENT_PREFIX_PATH} CMAKE_PREFIX_PATH=/home/student/sjowmm_ws/install/nav2_behavior_tree:/home/student/sjowmm_ws/install/nav2_util:/home/student/sjowmm_ws/install/nav2_msgs:/home/student/sjowmm_ws/install/nav2_common:/home/student/sjowmm_ws/install/simulation:/home/student/sjowmm_ws/install/dede:/opt/ros/foxy LD_LIBRARY_PATH=/home/student/sjowmm_ws/install/nav2_behavior_tree/lib:/home/student/sjowmm_ws/install/nav2_util/lib:/home/student/sjowmm_ws/install/nav2_msgs/lib:${LD_LIBRARY_PATH} PYTHONPATH=/home/student/sjowmm_ws/install/nav2_msgs/lib/python3.8/site-packages:/home/student/sjowmm_ws/install/nav2_common/lib/python3.8/site-packages:${PYTHONPATH} /usr/bin/cmake --install /home/student/sjowmm_ws/build/nav2_bt_navigator
[24.332s] -- Install configuration: "Release"
[24.332s] -- Installing: /home/student/sjowmm_ws/install/nav2_bt_navigator/lib/libbt_navigator_core.so
[24.333s] -- Set runtime path of "/home/student/sjowmm_ws/install/nav2_bt_navigator/lib/libbt_navigator_core.so" to ""
[24.333s] -- Installing: /home/student/sjowmm_ws/install/nav2_bt_navigator/lib/nav2_bt_navigator/bt_navigator
[24.334s] -- Set runtime path of "/home/student/sjowmm_ws/install/nav2_bt_navigator/lib/nav2_bt_navigator/bt_navigator" to ""
[24.334s] -- Installing: /home/student/sjowmm_ws/install/nav2_bt_navigator/include/
[24.334s] -- Installing: /home/student/sjowmm_ws/install/nav2_bt_navigator/include//nav2_bt_navigator
[24.334s] -- Installing: /home/student/sjowmm_ws/install/nav2_bt_navigator/include//nav2_bt_navigator/ros_topic_logger.hpp
[24.334s] -- Installing: /home/student/sjowmm_ws/install/nav2_bt_navigator/include//nav2_bt_navigator/bt_navigator.hpp
[24.334s] -- Installing: /home/student/sjowmm_ws/install/nav2_bt_navigator/share/nav2_bt_navigator/behavior_trees
[24.334s] -- Installing: /home/student/sjowmm_ws/install/nav2_bt_navigator/share/nav2_bt_navigator/behavior_trees/navigate_w_replanning_distance.xml
[24.334s] -- Installing: /home/student/sjowmm_ws/install/nav2_bt_navigator/share/nav2_bt_navigator/behavior_trees/navigate_w_replanning_and_round_robin_recovery.xml
[24.334s] -- Installing: /home/student/sjowmm_ws/install/nav2_bt_navigator/share/nav2_bt_navigator/behavior_trees/navigate_w_replanning_speed.xml
[24.334s] -- Installing: /home/student/sjowmm_ws/install/nav2_bt_navigator/share/nav2_bt_navigator/behavior_trees/navigate_w_replanning_time.xml
[24.335s] -- Installing: /home/student/sjowmm_ws/install/nav2_bt_navigator/share/nav2_bt_navigator/behavior_trees/navigate_w_replanning_and_recovery.xml
[24.335s] -- Installing: /home/student/sjowmm_ws/install/nav2_bt_navigator/share/nav2_bt_navigator/behavior_trees/follow_point.xml
[24.335s] -- Installing: /home/student/sjowmm_ws/install/nav2_bt_navigator/share/nav2_bt_navigator/environment/library_path.sh
[24.335s] -- Installing: /home/student/sjowmm_ws/install/nav2_bt_navigator/share/nav2_bt_navigator/environment/library_path.dsv
[24.335s] -- Installing: /home/student/sjowmm_ws/install/nav2_bt_navigator/share/ament_index/resource_index/package_run_dependencies/nav2_bt_navigator
[24.335s] -- Installing: /home/student/sjowmm_ws/install/nav2_bt_navigator/share/ament_index/resource_index/parent_prefix_path/nav2_bt_navigator
[24.335s] -- Installing: /home/student/sjowmm_ws/install/nav2_bt_navigator/share/nav2_bt_navigator/environment/ament_prefix_path.sh
[24.335s] -- Installing: /home/student/sjowmm_ws/install/nav2_bt_navigator/share/nav2_bt_navigator/environment/ament_prefix_path.dsv
[24.335s] -- Installing: /home/student/sjowmm_ws/install/nav2_bt_navigator/share/nav2_bt_navigator/environment/path.sh
[24.335s] -- Installing: /home/student/sjowmm_ws/install/nav2_bt_navigator/share/nav2_bt_navigator/environment/path.dsv
[24.335s] -- Installing: /home/student/sjowmm_ws/install/nav2_bt_navigator/share/nav2_bt_navigator/local_setup.bash
[24.336s] -- Installing: /home/student/sjowmm_ws/install/nav2_bt_navigator/share/nav2_bt_navigator/local_setup.sh
[24.336s] -- Installing: /home/student/sjowmm_ws/install/nav2_bt_navigator/share/nav2_bt_navigator/local_setup.zsh
[24.336s] -- Installing: /home/student/sjowmm_ws/install/nav2_bt_navigator/share/nav2_bt_navigator/local_setup.dsv
[24.336s] -- Installing: /home/student/sjowmm_ws/install/nav2_bt_navigator/share/nav2_bt_navigator/package.dsv
[24.336s] -- Installing: /home/student/sjowmm_ws/install/nav2_bt_navigator/share/ament_index/resource_index/packages/nav2_bt_navigator
[24.336s] -- Installing: /home/student/sjowmm_ws/install/nav2_bt_navigator/share/nav2_bt_navigator/cmake/ament_cmake_export_include_directories-extras.cmake
[24.336s] -- Installing: /home/student/sjowmm_ws/install/nav2_bt_navigator/share/nav2_bt_navigator/cmake/ament_cmake_export_libraries-extras.cmake
[24.336s] -- Installing: /home/student/sjowmm_ws/install/nav2_bt_navigator/share/nav2_bt_navigator/cmake/ament_cmake_export_dependencies-extras.cmake
[24.336s] -- Installing: /home/student/sjowmm_ws/install/nav2_bt_navigator/share/nav2_bt_navigator/cmake/nav2_bt_navigatorConfig.cmake
[24.336s] -- Installing: /home/student/sjowmm_ws/install/nav2_bt_navigator/share/nav2_bt_navigator/cmake/nav2_bt_navigatorConfig-version.cmake
[24.337s] -- Installing: /home/student/sjowmm_ws/install/nav2_bt_navigator/share/nav2_bt_navigator/package.xml
[24.340s] Invoked command in '/home/student/sjowmm_ws/build/nav2_bt_navigator' returned '0': AMENT_PREFIX_PATH=/home/student/sjowmm_ws/install/nav2_behavior_tree:/home/student/sjowmm_ws/install/nav2_util:/home/student/sjowmm_ws/install/nav2_msgs:/home/student/sjowmm_ws/install/nav2_common:${AMENT_PREFIX_PATH} CMAKE_PREFIX_PATH=/home/student/sjowmm_ws/install/nav2_behavior_tree:/home/student/sjowmm_ws/install/nav2_util:/home/student/sjowmm_ws/install/nav2_msgs:/home/student/sjowmm_ws/install/nav2_common:/home/student/sjowmm_ws/install/simulation:/home/student/sjowmm_ws/install/dede:/opt/ros/foxy LD_LIBRARY_PATH=/home/student/sjowmm_ws/install/nav2_behavior_tree/lib:/home/student/sjowmm_ws/install/nav2_util/lib:/home/student/sjowmm_ws/install/nav2_msgs/lib:${LD_LIBRARY_PATH} PYTHONPATH=/home/student/sjowmm_ws/install/nav2_msgs/lib/python3.8/site-packages:/home/student/sjowmm_ws/install/nav2_common/lib/python3.8/site-packages:${PYTHONPATH} /usr/bin/cmake --install /home/student/sjowmm_ws/build/nav2_bt_navigator
