[0.037s] Invoking command in '/home/student/sjowmm_ws/build/nav2_map_server': AMENT_PREFIX_PATH=/home/student/sjowmm_ws/install/nav2_util:/home/student/sjowmm_ws/install/nav2_msgs:/home/student/sjowmm_ws/install/nav2_common:${AMENT_PREFIX_PATH} CMAKE_PREFIX_PATH=/home/student/sjowmm_ws/install/nav2_util:/home/student/sjowmm_ws/install/nav2_msgs:/home/student/sjowmm_ws/install/nav2_common:/opt/ros/foxy LD_LIBRARY_PATH=/home/student/sjowmm_ws/install/nav2_util/lib:/home/student/sjowmm_ws/install/nav2_msgs/lib:${LD_LIBRARY_PATH} PYTHONPATH=/home/student/sjowmm_ws/install/nav2_msgs/lib/python3.8/site-packages:/home/student/sjowmm_ws/install/nav2_common/lib/python3.8/site-packages:${PYTHONPATH} /usr/bin/cmake --build /home/student/sjowmm_ws/build/nav2_map_server -- -j12 -l12
[0.122s] [  6%] Built target gtest_main
[0.132s] [ 12%] Built target gtest
[0.157s] [ 22%] Built target map_io
[0.197s] [ 32%] Built target test_map_saver_cli
[0.219s] [ 41%] Built target test_map_io
[0.229s] [ 51%] Built target test_map_saver_publisher
[0.239s] [ 61%] Built target map_server_core
[0.285s] [ 77%] Built target test_map_server_node
[0.286s] [ 80%] Built target test_map_saver_node
[0.286s] [ 93%] Built target map_server
[0.286s] [ 93%] Built target map_saver_cli
[0.286s] [100%] Built target map_saver_server
[0.311s] Invoked command in '/home/student/sjowmm_ws/build/nav2_map_server' returned '0': AMENT_PREFIX_PATH=/home/student/sjowmm_ws/install/nav2_util:/home/student/sjowmm_ws/install/nav2_msgs:/home/student/sjowmm_ws/install/nav2_common:${AMENT_PREFIX_PATH} CMAKE_PREFIX_PATH=/home/student/sjowmm_ws/install/nav2_util:/home/student/sjowmm_ws/install/nav2_msgs:/home/student/sjowmm_ws/install/nav2_common:/opt/ros/foxy LD_LIBRARY_PATH=/home/student/sjowmm_ws/install/nav2_util/lib:/home/student/sjowmm_ws/install/nav2_msgs/lib:${LD_LIBRARY_PATH} PYTHONPATH=/home/student/sjowmm_ws/install/nav2_msgs/lib/python3.8/site-packages:/home/student/sjowmm_ws/install/nav2_common/lib/python3.8/site-packages:${PYTHONPATH} /usr/bin/cmake --build /home/student/sjowmm_ws/build/nav2_map_server -- -j12 -l12
[0.404s] Invoking command in '/home/student/sjowmm_ws/build/nav2_map_server': AMENT_PREFIX_PATH=/home/student/sjowmm_ws/install/nav2_util:/home/student/sjowmm_ws/install/nav2_msgs:/home/student/sjowmm_ws/install/nav2_common:${AMENT_PREFIX_PATH} CMAKE_PREFIX_PATH=/home/student/sjowmm_ws/install/nav2_util:/home/student/sjowmm_ws/install/nav2_msgs:/home/student/sjowmm_ws/install/nav2_common:/opt/ros/foxy LD_LIBRARY_PATH=/home/student/sjowmm_ws/install/nav2_util/lib:/home/student/sjowmm_ws/install/nav2_msgs/lib:${LD_LIBRARY_PATH} PYTHONPATH=/home/student/sjowmm_ws/install/nav2_msgs/lib/python3.8/site-packages:/home/student/sjowmm_ws/install/nav2_common/lib/python3.8/site-packages:${PYTHONPATH} /usr/bin/cmake --install /home/student/sjowmm_ws/build/nav2_map_server
[0.414s] -- Install configuration: "Release"
[0.414s] -- Up-to-date: /home/student/sjowmm_ws/install/nav2_map_server/lib/libmap_server_core.so
[0.417s] -- Up-to-date: /home/student/sjowmm_ws/install/nav2_map_server/lib/libmap_io.so
[0.418s] -- Up-to-date: /home/student/sjowmm_ws/install/nav2_map_server/lib/nav2_map_server/map_server
[0.418s] -- Up-to-date: /home/student/sjowmm_ws/install/nav2_map_server/lib/nav2_map_server/map_saver_cli
[0.419s] -- Up-to-date: /home/student/sjowmm_ws/install/nav2_map_server/lib/nav2_map_server/map_saver_server
[0.421s] -- Up-to-date: /home/student/sjowmm_ws/install/nav2_map_server/include/
[0.422s] -- Up-to-date: /home/student/sjowmm_ws/install/nav2_map_server/include//nav2_map_server
[0.423s] -- Up-to-date: /home/student/sjowmm_ws/install/nav2_map_server/include//nav2_map_server/map_server.hpp
[0.423s] -- Up-to-date: /home/student/sjowmm_ws/install/nav2_map_server/include//nav2_map_server/map_io.hpp
[0.423s] -- Up-to-date: /home/student/sjowmm_ws/install/nav2_map_server/include//nav2_map_server/map_mode.hpp
[0.423s] -- Up-to-date: /home/student/sjowmm_ws/install/nav2_map_server/include//nav2_map_server/map_saver.hpp
[0.423s] -- Up-to-date: /home/student/sjowmm_ws/install/nav2_map_server/share/nav2_map_server/launch
[0.423s] -- Up-to-date: /home/student/sjowmm_ws/install/nav2_map_server/share/nav2_map_server/launch/map_saver_server.launch.py
[0.426s] -- Up-to-date: /home/student/sjowmm_ws/install/nav2_map_server/share/nav2_map_server/environment/library_path.sh
[0.427s] -- Up-to-date: /home/student/sjowmm_ws/install/nav2_map_server/share/nav2_map_server/environment/library_path.dsv
[0.427s] -- Up-to-date: /home/student/sjowmm_ws/install/nav2_map_server/share/ament_index/resource_index/package_run_dependencies/nav2_map_server
[0.427s] -- Up-to-date: /home/student/sjowmm_ws/install/nav2_map_server/share/ament_index/resource_index/parent_prefix_path/nav2_map_server
[0.427s] -- Up-to-date: /home/student/sjowmm_ws/install/nav2_map_server/share/nav2_map_server/environment/ament_prefix_path.sh
[0.427s] -- Up-to-date: /home/student/sjowmm_ws/install/nav2_map_server/share/nav2_map_server/environment/ament_prefix_path.dsv
[0.427s] -- Up-to-date: /home/student/sjowmm_ws/install/nav2_map_server/share/nav2_map_server/environment/path.sh
[0.427s] -- Up-to-date: /home/student/sjowmm_ws/install/nav2_map_server/share/nav2_map_server/environment/path.dsv
[0.427s] -- Up-to-date: /home/student/sjowmm_ws/install/nav2_map_server/share/nav2_map_server/local_setup.bash
[0.428s] -- Up-to-date: /home/student/sjowmm_ws/install/nav2_map_server/share/nav2_map_server/local_setup.sh
[0.428s] -- Up-to-date: /home/student/sjowmm_ws/install/nav2_map_server/share/nav2_map_server/local_setup.zsh
[0.428s] -- Up-to-date: /home/student/sjowmm_ws/install/nav2_map_server/share/nav2_map_server/local_setup.dsv
[0.428s] -- Installing: /home/student/sjowmm_ws/install/nav2_map_server/share/nav2_map_server/package.dsv
[0.431s] -- Up-to-date: /home/student/sjowmm_ws/install/nav2_map_server/share/ament_index/resource_index/packages/nav2_map_server
[0.433s] -- Up-to-date: /home/student/sjowmm_ws/install/nav2_map_server/share/nav2_map_server/cmake/ament_cmake_export_include_directories-extras.cmake
[0.433s] -- Up-to-date: /home/student/sjowmm_ws/install/nav2_map_server/share/nav2_map_server/cmake/ament_cmake_export_libraries-extras.cmake
[0.433s] -- Up-to-date: /home/student/sjowmm_ws/install/nav2_map_server/share/nav2_map_server/cmake/nav2_map_serverConfig.cmake
[0.433s] -- Up-to-date: /home/student/sjowmm_ws/install/nav2_map_server/share/nav2_map_server/cmake/nav2_map_serverConfig-version.cmake
[0.433s] -- Up-to-date: /home/student/sjowmm_ws/install/nav2_map_server/share/nav2_map_server/package.xml
[0.434s] Invoked command in '/home/student/sjowmm_ws/build/nav2_map_server' returned '0': AMENT_PREFIX_PATH=/home/student/sjowmm_ws/install/nav2_util:/home/student/sjowmm_ws/install/nav2_msgs:/home/student/sjowmm_ws/install/nav2_common:${AMENT_PREFIX_PATH} CMAKE_PREFIX_PATH=/home/student/sjowmm_ws/install/nav2_util:/home/student/sjowmm_ws/install/nav2_msgs:/home/student/sjowmm_ws/install/nav2_common:/opt/ros/foxy LD_LIBRARY_PATH=/home/student/sjowmm_ws/install/nav2_util/lib:/home/student/sjowmm_ws/install/nav2_msgs/lib:${LD_LIBRARY_PATH} PYTHONPATH=/home/student/sjowmm_ws/install/nav2_msgs/lib/python3.8/site-packages:/home/student/sjowmm_ws/install/nav2_common/lib/python3.8/site-packages:${PYTHONPATH} /usr/bin/cmake --install /home/student/sjowmm_ws/build/nav2_map_server
