[1.463s] Invoking command in '/home/student/sjowmm_ws/src/green_turtle': PYTHONPATH=/home/student/sjowmm_ws/install/green_turtle/lib/python3.8/site-packages:${PYTHONPATH} /usr/bin/python3 setup.py egg_info --egg-base ../../build/green_turtle build --build-base /home/student/sjowmm_ws/build/green_turtle/build install --prefix /home/student/sjowmm_ws/install/green_turtle --record /home/student/sjowmm_ws/build/green_turtle/install.log --single-version-externally-managed
[1.766s] running egg_info
[1.767s] writing ../../build/green_turtle/green_turtle.egg-info/PKG-INFO
[1.768s] writing dependency_links to ../../build/green_turtle/green_turtle.egg-info/dependency_links.txt
[1.768s] writing entry points to ../../build/green_turtle/green_turtle.egg-info/entry_points.txt
[1.768s] writing requirements to ../../build/green_turtle/green_turtle.egg-info/requires.txt
[1.768s] writing top-level names to ../../build/green_turtle/green_turtle.egg-info/top_level.txt
[1.772s] reading manifest file '../../build/green_turtle/green_turtle.egg-info/SOURCES.txt'
[1.772s] writing manifest file '../../build/green_turtle/green_turtle.egg-info/SOURCES.txt'
[1.773s] running build
[1.773s] running build_py
[1.773s] running install
[1.773s] running install_lib
[1.775s] running install_data
[1.775s] copying launch/simulation_world.launch.py -> /home/student/sjowmm_ws/install/green_turtle/share/green_turtle/launch
[1.775s] running install_egg_info
[1.778s] removing '/home/student/sjowmm_ws/install/green_turtle/lib/python3.8/site-packages/green_turtle-0.0.0-py3.8.egg-info' (and everything under it)
[1.779s] Copying ../../build/green_turtle/green_turtle.egg-info to /home/student/sjowmm_ws/install/green_turtle/lib/python3.8/site-packages/green_turtle-0.0.0-py3.8.egg-info
[1.779s] running install_scripts
[1.799s] Installing node script to /home/student/sjowmm_ws/install/green_turtle/lib/green_turtle
[1.799s] writing list of installed files to '/home/student/sjowmm_ws/build/green_turtle/install.log'
[2.087s] Invoked command in '/home/student/sjowmm_ws/src/green_turtle' returned '0': PYTHONPATH=/home/student/sjowmm_ws/install/green_turtle/lib/python3.8/site-packages:${PYTHONPATH} /usr/bin/python3 setup.py egg_info --egg-base ../../build/green_turtle build --build-base /home/student/sjowmm_ws/build/green_turtle/build install --prefix /home/student/sjowmm_ws/install/green_turtle --record /home/student/sjowmm_ws/build/green_turtle/install.log --single-version-externally-managed
