[0.022s] Invoking command in '/home/student/sjowmm_ws/build/nav2_costmap_2d': AMENT_PREFIX_PATH=/home/student/sjowmm_ws/install/nav2_map_server:/home/student/sjowmm_ws/install/nav2_lifecycle_manager:/home/student/sjowmm_ws/install/nav2_util:/home/student/sjowmm_ws/install/nav2_voxel_grid:/home/student/sjowmm_ws/install/nav2_msgs:/home/student/sjowmm_ws/install/nav2_common:${AMENT_PREFIX_PATH} CMAKE_PREFIX_PATH=/home/student/sjowmm_ws/install/nav2_map_server:/home/student/sjowmm_ws/install/nav2_lifecycle_manager:/home/student/sjowmm_ws/install/nav2_util:/home/student/sjowmm_ws/install/nav2_voxel_grid:/home/student/sjowmm_ws/install/nav2_msgs:/home/student/sjowmm_ws/install/nav2_common:/opt/ros/foxy LD_LIBRARY_PATH=/home/student/sjowmm_ws/install/nav2_map_server/lib:/home/student/sjowmm_ws/install/nav2_lifecycle_manager/lib:/home/student/sjowmm_ws/install/nav2_util/lib:/home/student/sjowmm_ws/install/nav2_voxel_grid/lib:/home/student/sjowmm_ws/install/nav2_msgs/lib:${LD_LIBRARY_PATH} PYTHONPATH=/home/student/sjowmm_ws/install/nav2_msgs/lib/python3.8/site-packages:/home/student/sjowmm_ws/install/nav2_common/lib/python3.8/site-packages:${PYTHONPATH} /usr/bin/cmake --build /home/student/sjowmm_ws/build/nav2_costmap_2d -- -j12 -l12
[0.083s] [  4%] Built target gtest
[0.086s] [  8%] Built target gtest_main
[0.120s] [ 35%] Built target nav2_costmap_2d_core
[0.155s] [ 39%] Built target array_parser_test
[0.156s] [ 43%] Built target nav2_costmap_2d_markers
[0.156s] [ 47%] Built target nav2_costmap_2d_cloud
[0.160s] [ 52%] Built target collision_footprint_test
[0.163s] [ 60%] Built target nav2_costmap_2d_client
[0.179s] [ 75%] Built target layers
[0.216s] [ 79%] Built target footprint_tests_exec
[0.221s] [ 87%] Built target inflation_tests_exec
[0.221s] [ 87%] Built target test_collision_checker_exec
[0.221s] [ 91%] Built target obstacle_tests_exec
[0.222s] [ 95%] Built target nav2_costmap_2d
[0.222s] [100%] Built target range_tests_exec
[0.232s] Invoked command in '/home/student/sjowmm_ws/build/nav2_costmap_2d' returned '0': AMENT_PREFIX_PATH=/home/student/sjowmm_ws/install/nav2_map_server:/home/student/sjowmm_ws/install/nav2_lifecycle_manager:/home/student/sjowmm_ws/install/nav2_util:/home/student/sjowmm_ws/install/nav2_voxel_grid:/home/student/sjowmm_ws/install/nav2_msgs:/home/student/sjowmm_ws/install/nav2_common:${AMENT_PREFIX_PATH} CMAKE_PREFIX_PATH=/home/student/sjowmm_ws/install/nav2_map_server:/home/student/sjowmm_ws/install/nav2_lifecycle_manager:/home/student/sjowmm_ws/install/nav2_util:/home/student/sjowmm_ws/install/nav2_voxel_grid:/home/student/sjowmm_ws/install/nav2_msgs:/home/student/sjowmm_ws/install/nav2_common:/opt/ros/foxy LD_LIBRARY_PATH=/home/student/sjowmm_ws/install/nav2_map_server/lib:/home/student/sjowmm_ws/install/nav2_lifecycle_manager/lib:/home/student/sjowmm_ws/install/nav2_util/lib:/home/student/sjowmm_ws/install/nav2_voxel_grid/lib:/home/student/sjowmm_ws/install/nav2_msgs/lib:${LD_LIBRARY_PATH} PYTHONPATH=/home/student/sjowmm_ws/install/nav2_msgs/lib/python3.8/site-packages:/home/student/sjowmm_ws/install/nav2_common/lib/python3.8/site-packages:${PYTHONPATH} /usr/bin/cmake --build /home/student/sjowmm_ws/build/nav2_costmap_2d -- -j12 -l12
[0.281s] Invoking command in '/home/student/sjowmm_ws/build/nav2_costmap_2d': AMENT_PREFIX_PATH=/home/student/sjowmm_ws/install/nav2_map_server:/home/student/sjowmm_ws/install/nav2_lifecycle_manager:/home/student/sjowmm_ws/install/nav2_util:/home/student/sjowmm_ws/install/nav2_voxel_grid:/home/student/sjowmm_ws/install/nav2_msgs:/home/student/sjowmm_ws/install/nav2_common:${AMENT_PREFIX_PATH} CMAKE_PREFIX_PATH=/home/student/sjowmm_ws/install/nav2_map_server:/home/student/sjowmm_ws/install/nav2_lifecycle_manager:/home/student/sjowmm_ws/install/nav2_util:/home/student/sjowmm_ws/install/nav2_voxel_grid:/home/student/sjowmm_ws/install/nav2_msgs:/home/student/sjowmm_ws/install/nav2_common:/opt/ros/foxy LD_LIBRARY_PATH=/home/student/sjowmm_ws/install/nav2_map_server/lib:/home/student/sjowmm_ws/install/nav2_lifecycle_manager/lib:/home/student/sjowmm_ws/install/nav2_util/lib:/home/student/sjowmm_ws/install/nav2_voxel_grid/lib:/home/student/sjowmm_ws/install/nav2_msgs/lib:${LD_LIBRARY_PATH} PYTHONPATH=/home/student/sjowmm_ws/install/nav2_msgs/lib/python3.8/site-packages:/home/student/sjowmm_ws/install/nav2_common/lib/python3.8/site-packages:${PYTHONPATH} /usr/bin/cmake --install /home/student/sjowmm_ws/build/nav2_costmap_2d
[0.288s] -- Install configuration: "Release"
[0.291s] -- Up-to-date: /home/student/sjowmm_ws/install/nav2_costmap_2d/lib/libnav2_costmap_2d_core.so
[0.293s] -- Up-to-date: /home/student/sjowmm_ws/install/nav2_costmap_2d/lib/liblayers.so
[0.295s] -- Up-to-date: /home/student/sjowmm_ws/install/nav2_costmap_2d/lib/libnav2_costmap_2d_client.so
[0.295s] -- Up-to-date: /home/student/sjowmm_ws/install/nav2_costmap_2d/lib/nav2_costmap_2d/nav2_costmap_2d
[0.297s] -- Up-to-date: /home/student/sjowmm_ws/install/nav2_costmap_2d/lib/nav2_costmap_2d/nav2_costmap_2d_markers
[0.299s] -- Up-to-date: /home/student/sjowmm_ws/install/nav2_costmap_2d/lib/nav2_costmap_2d/nav2_costmap_2d_cloud
[0.300s] -- Up-to-date: /home/student/sjowmm_ws/install/nav2_costmap_2d/share/nav2_costmap_2d/costmap_plugins.xml
[0.300s] -- Up-to-date: /home/student/sjowmm_ws/install/nav2_costmap_2d/include/
[0.300s] -- Up-to-date: /home/student/sjowmm_ws/install/nav2_costmap_2d/include//nav2_costmap_2d
[0.300s] -- Up-to-date: /home/student/sjowmm_ws/install/nav2_costmap_2d/include//nav2_costmap_2d/static_layer.hpp
[0.300s] -- Up-to-date: /home/student/sjowmm_ws/install/nav2_costmap_2d/include//nav2_costmap_2d/costmap_layer.hpp
[0.300s] -- Up-to-date: /home/student/sjowmm_ws/install/nav2_costmap_2d/include//nav2_costmap_2d/obstacle_layer.hpp
[0.300s] -- Up-to-date: /home/student/sjowmm_ws/install/nav2_costmap_2d/include//nav2_costmap_2d/costmap_2d.hpp
[0.301s] -- Up-to-date: /home/student/sjowmm_ws/install/nav2_costmap_2d/include//nav2_costmap_2d/footprint_subscriber.hpp
[0.301s] -- Up-to-date: /home/student/sjowmm_ws/install/nav2_costmap_2d/include//nav2_costmap_2d/costmap_subscriber.hpp
[0.301s] -- Up-to-date: /home/student/sjowmm_ws/install/nav2_costmap_2d/include//nav2_costmap_2d/voxel_layer.hpp
[0.301s] -- Up-to-date: /home/student/sjowmm_ws/install/nav2_costmap_2d/include//nav2_costmap_2d/layer.hpp
[0.301s] -- Up-to-date: /home/student/sjowmm_ws/install/nav2_costmap_2d/include//nav2_costmap_2d/cost_values.hpp
[0.301s] -- Up-to-date: /home/student/sjowmm_ws/install/nav2_costmap_2d/include//nav2_costmap_2d/costmap_math.hpp
[0.301s] -- Up-to-date: /home/student/sjowmm_ws/install/nav2_costmap_2d/include//nav2_costmap_2d/footprint_collision_checker.hpp
[0.301s] -- Up-to-date: /home/student/sjowmm_ws/install/nav2_costmap_2d/include//nav2_costmap_2d/inflation_layer.hpp
[0.301s] -- Up-to-date: /home/student/sjowmm_ws/install/nav2_costmap_2d/include//nav2_costmap_2d/costmap_2d_ros.hpp
[0.301s] -- Up-to-date: /home/student/sjowmm_ws/install/nav2_costmap_2d/include//nav2_costmap_2d/footprint.hpp
[0.301s] -- Up-to-date: /home/student/sjowmm_ws/install/nav2_costmap_2d/include//nav2_costmap_2d/array_parser.hpp
[0.301s] -- Up-to-date: /home/student/sjowmm_ws/install/nav2_costmap_2d/include//nav2_costmap_2d/costmap_topic_collision_checker.hpp
[0.301s] -- Up-to-date: /home/student/sjowmm_ws/install/nav2_costmap_2d/include//nav2_costmap_2d/costmap_2d_publisher.hpp
[0.301s] -- Up-to-date: /home/student/sjowmm_ws/install/nav2_costmap_2d/include//nav2_costmap_2d/exceptions.hpp
[0.301s] -- Up-to-date: /home/student/sjowmm_ws/install/nav2_costmap_2d/include//nav2_costmap_2d/observation_buffer.hpp
[0.302s] -- Up-to-date: /home/student/sjowmm_ws/install/nav2_costmap_2d/include//nav2_costmap_2d/clear_costmap_service.hpp
[0.302s] -- Up-to-date: /home/student/sjowmm_ws/install/nav2_costmap_2d/include//nav2_costmap_2d/layered_costmap.hpp
[0.302s] -- Up-to-date: /home/student/sjowmm_ws/install/nav2_costmap_2d/include//nav2_costmap_2d/observation.hpp
[0.302s] -- Up-to-date: /home/student/sjowmm_ws/install/nav2_costmap_2d/include//nav2_costmap_2d/range_sensor_layer.hpp
[0.302s] -- Up-to-date: /home/student/sjowmm_ws/install/nav2_costmap_2d/share/nav2_costmap_2d/environment/library_path.sh
[0.302s] -- Up-to-date: /home/student/sjowmm_ws/install/nav2_costmap_2d/share/nav2_costmap_2d/environment/library_path.dsv
[0.302s] -- Up-to-date: /home/student/sjowmm_ws/install/nav2_costmap_2d/share/nav2_costmap_2d/costmap_plugins.xml
[0.302s] -- Up-to-date: /home/student/sjowmm_ws/install/nav2_costmap_2d/share/ament_index/resource_index/package_run_dependencies/nav2_costmap_2d
[0.302s] -- Up-to-date: /home/student/sjowmm_ws/install/nav2_costmap_2d/share/ament_index/resource_index/parent_prefix_path/nav2_costmap_2d
[0.302s] -- Up-to-date: /home/student/sjowmm_ws/install/nav2_costmap_2d/share/nav2_costmap_2d/environment/ament_prefix_path.sh
[0.302s] -- Up-to-date: /home/student/sjowmm_ws/install/nav2_costmap_2d/share/nav2_costmap_2d/environment/ament_prefix_path.dsv
[0.302s] -- Up-to-date: /home/student/sjowmm_ws/install/nav2_costmap_2d/share/nav2_costmap_2d/environment/path.sh
[0.302s] -- Up-to-date: /home/student/sjowmm_ws/install/nav2_costmap_2d/share/nav2_costmap_2d/environment/path.dsv
[0.302s] -- Up-to-date: /home/student/sjowmm_ws/install/nav2_costmap_2d/share/nav2_costmap_2d/local_setup.bash
[0.302s] -- Up-to-date: /home/student/sjowmm_ws/install/nav2_costmap_2d/share/nav2_costmap_2d/local_setup.sh
[0.302s] -- Up-to-date: /home/student/sjowmm_ws/install/nav2_costmap_2d/share/nav2_costmap_2d/local_setup.zsh
[0.302s] -- Up-to-date: /home/student/sjowmm_ws/install/nav2_costmap_2d/share/nav2_costmap_2d/local_setup.dsv
[0.303s] -- Installing: /home/student/sjowmm_ws/install/nav2_costmap_2d/share/nav2_costmap_2d/package.dsv
[0.303s] -- Up-to-date: /home/student/sjowmm_ws/install/nav2_costmap_2d/share/ament_index/resource_index/packages/nav2_costmap_2d
[0.303s] -- Up-to-date: /home/student/sjowmm_ws/install/nav2_costmap_2d/share/ament_index/resource_index/nav2_costmap_2d__pluginlib__plugin/nav2_costmap_2d
[0.303s] -- Up-to-date: /home/student/sjowmm_ws/install/nav2_costmap_2d/share/nav2_costmap_2d/cmake/ament_cmake_export_include_directories-extras.cmake
[0.303s] -- Up-to-date: /home/student/sjowmm_ws/install/nav2_costmap_2d/share/nav2_costmap_2d/cmake/ament_cmake_export_libraries-extras.cmake
[0.303s] -- Up-to-date: /home/student/sjowmm_ws/install/nav2_costmap_2d/share/nav2_costmap_2d/cmake/ament_cmake_export_dependencies-extras.cmake
[0.303s] -- Up-to-date: /home/student/sjowmm_ws/install/nav2_costmap_2d/share/nav2_costmap_2d/cmake/ament_cmake_export_definitions-extras.cmake
[0.303s] -- Up-to-date: /home/student/sjowmm_ws/install/nav2_costmap_2d/share/nav2_costmap_2d/cmake/nav2_costmap_2dConfig.cmake
[0.303s] -- Up-to-date: /home/student/sjowmm_ws/install/nav2_costmap_2d/share/nav2_costmap_2d/cmake/nav2_costmap_2dConfig-version.cmake
[0.303s] -- Up-to-date: /home/student/sjowmm_ws/install/nav2_costmap_2d/share/nav2_costmap_2d/package.xml
[0.307s] Invoked command in '/home/student/sjowmm_ws/build/nav2_costmap_2d' returned '0': AMENT_PREFIX_PATH=/home/student/sjowmm_ws/install/nav2_map_server:/home/student/sjowmm_ws/install/nav2_lifecycle_manager:/home/student/sjowmm_ws/install/nav2_util:/home/student/sjowmm_ws/install/nav2_voxel_grid:/home/student/sjowmm_ws/install/nav2_msgs:/home/student/sjowmm_ws/install/nav2_common:${AMENT_PREFIX_PATH} CMAKE_PREFIX_PATH=/home/student/sjowmm_ws/install/nav2_map_server:/home/student/sjowmm_ws/install/nav2_lifecycle_manager:/home/student/sjowmm_ws/install/nav2_util:/home/student/sjowmm_ws/install/nav2_voxel_grid:/home/student/sjowmm_ws/install/nav2_msgs:/home/student/sjowmm_ws/install/nav2_common:/opt/ros/foxy LD_LIBRARY_PATH=/home/student/sjowmm_ws/install/nav2_map_server/lib:/home/student/sjowmm_ws/install/nav2_lifecycle_manager/lib:/home/student/sjowmm_ws/install/nav2_util/lib:/home/student/sjowmm_ws/install/nav2_voxel_grid/lib:/home/student/sjowmm_ws/install/nav2_msgs/lib:${LD_LIBRARY_PATH} PYTHONPATH=/home/student/sjowmm_ws/install/nav2_msgs/lib/python3.8/site-packages:/home/student/sjowmm_ws/install/nav2_common/lib/python3.8/site-packages:${PYTHONPATH} /usr/bin/cmake --install /home/student/sjowmm_ws/build/nav2_costmap_2d
