[0.064s] Invoking command in '/home/student/sjowmm_ws/build/nav2_common': CMAKE_PREFIX_PATH=/opt/ros/foxy /usr/bin/cmake --build /home/student/sjowmm_ws/build/nav2_common -- -j12 -l12
[1.484s] Invoked command in '/home/student/sjowmm_ws/build/nav2_common' returned '0': CMAKE_PREFIX_PATH=/opt/ros/foxy /usr/bin/cmake --build /home/student/sjowmm_ws/build/nav2_common -- -j12 -l12
[1.559s] Invoking command in '/home/student/sjowmm_ws/build/nav2_common': CMAKE_PREFIX_PATH=/opt/ros/foxy /usr/bin/cmake --install /home/student/sjowmm_ws/build/nav2_common
[1.819s] -- Install configuration: ""
[1.820s] -- Up-to-date: /home/student/sjowmm_ws/install/nav2_common/share/nav2_common/environment/pythonpath.sh
[1.820s] -- Up-to-date: /home/student/sjowmm_ws/install/nav2_common/share/nav2_common/environment/pythonpath.dsv
[1.820s] -- Up-to-date: /home/student/sjowmm_ws/install/nav2_common/lib/python3.8/site-packages/nav2_common
[1.821s] -- Up-to-date: /home/student/sjowmm_ws/install/nav2_common/lib/python3.8/site-packages/nav2_common/launch
[1.821s] -- Up-to-date: /home/student/sjowmm_ws/install/nav2_common/lib/python3.8/site-packages/nav2_common/launch/has_node_params.py
[1.821s] -- Up-to-date: /home/student/sjowmm_ws/install/nav2_common/lib/python3.8/site-packages/nav2_common/launch/rewritten_yaml.py
[1.822s] -- Up-to-date: /home/student/sjowmm_ws/install/nav2_common/lib/python3.8/site-packages/nav2_common/launch/replace_string.py
[1.822s] -- Up-to-date: /home/student/sjowmm_ws/install/nav2_common/lib/python3.8/site-packages/nav2_common/launch/__init__.py
[1.822s] -- Up-to-date: /home/student/sjowmm_ws/install/nav2_common/lib/python3.8/site-packages/nav2_common/__init__.py
[1.822s] Listing '/home/student/sjowmm_ws/install/nav2_common/lib/python3.8/site-packages/nav2_common'...
[1.823s] Listing '/home/student/sjowmm_ws/install/nav2_common/lib/python3.8/site-packages/nav2_common/launch'...
[1.823s] -- Up-to-date: /home/student/sjowmm_ws/install/nav2_common/share/ament_index/resource_index/package_run_dependencies/nav2_common
[1.823s] -- Up-to-date: /home/student/sjowmm_ws/install/nav2_common/share/ament_index/resource_index/parent_prefix_path/nav2_common
[1.823s] -- Up-to-date: /home/student/sjowmm_ws/install/nav2_common/share/nav2_common/environment/ament_prefix_path.sh
[1.823s] -- Up-to-date: /home/student/sjowmm_ws/install/nav2_common/share/nav2_common/environment/ament_prefix_path.dsv
[1.823s] -- Up-to-date: /home/student/sjowmm_ws/install/nav2_common/share/nav2_common/environment/path.sh
[1.823s] -- Up-to-date: /home/student/sjowmm_ws/install/nav2_common/share/nav2_common/environment/path.dsv
[1.824s] -- Up-to-date: /home/student/sjowmm_ws/install/nav2_common/share/nav2_common/local_setup.bash
[1.824s] -- Up-to-date: /home/student/sjowmm_ws/install/nav2_common/share/nav2_common/local_setup.sh
[1.824s] -- Up-to-date: /home/student/sjowmm_ws/install/nav2_common/share/nav2_common/local_setup.zsh
[1.824s] -- Up-to-date: /home/student/sjowmm_ws/install/nav2_common/share/nav2_common/local_setup.dsv
[1.824s] -- Installing: /home/student/sjowmm_ws/install/nav2_common/share/nav2_common/package.dsv
[1.824s] -- Up-to-date: /home/student/sjowmm_ws/install/nav2_common/share/ament_index/resource_index/packages/nav2_common
[1.824s] -- Up-to-date: /home/student/sjowmm_ws/install/nav2_common/share/nav2_common/cmake/nav2_common-extras.cmake
[1.825s] -- Up-to-date: /home/student/sjowmm_ws/install/nav2_common/share/nav2_common/cmake/nav2_commonConfig.cmake
[1.825s] -- Up-to-date: /home/student/sjowmm_ws/install/nav2_common/share/nav2_common/cmake/nav2_commonConfig-version.cmake
[1.825s] -- Up-to-date: /home/student/sjowmm_ws/install/nav2_common/share/nav2_common/package.xml
[1.825s] -- Up-to-date: /home/student/sjowmm_ws/install/nav2_common/share/nav2_common/cmake
[1.825s] -- Up-to-date: /home/student/sjowmm_ws/install/nav2_common/share/nav2_common/cmake/nav2_package.cmake
[1.867s] Invoked command in '/home/student/sjowmm_ws/build/nav2_common' returned '0': CMAKE_PREFIX_PATH=/opt/ros/foxy /usr/bin/cmake --install /home/student/sjowmm_ws/build/nav2_common
