[1.544s] Invoking command in '/home/student/sjowmm_ws/src/turtlebot3/turtlebot3_example': PYTHONPATH=/home/student/sjowmm_ws/install/turtlebot3_example/lib/python3.8/site-packages:${PYTHONPATH} /usr/bin/python3 setup.py egg_info --egg-base ../../../build/turtlebot3_example build --build-base /home/student/sjowmm_ws/build/turtlebot3_example/build install --prefix /home/student/sjowmm_ws/install/turtlebot3_example --record /home/student/sjowmm_ws/build/turtlebot3_example/install.log --single-version-externally-managed
[1.916s] running egg_info
[1.917s] writing ../../../build/turtlebot3_example/turtlebot3_example.egg-info/PKG-INFO
[1.918s] writing dependency_links to ../../../build/turtlebot3_example/turtlebot3_example.egg-info/dependency_links.txt
[1.918s] writing entry points to ../../../build/turtlebot3_example/turtlebot3_example.egg-info/entry_points.txt
[1.918s] writing requirements to ../../../build/turtlebot3_example/turtlebot3_example.egg-info/requires.txt
[1.918s] writing top-level names to ../../../build/turtlebot3_example/turtlebot3_example.egg-info/top_level.txt
[1.974s] reading manifest file '../../../build/turtlebot3_example/turtlebot3_example.egg-info/SOURCES.txt'
[1.975s] writing manifest file '../../../build/turtlebot3_example/turtlebot3_example.egg-info/SOURCES.txt'
[1.976s] running build
[1.976s] running build_py
[1.979s] running install
[1.981s] running install_lib
[1.986s] running install_data
[1.987s] running install_egg_info
[1.990s] removing '/home/student/sjowmm_ws/install/turtlebot3_example/lib/python3.8/site-packages/turtlebot3_example-2.1.4-py3.8.egg-info' (and everything under it)
[1.990s] Copying ../../../build/turtlebot3_example/turtlebot3_example.egg-info to /home/student/sjowmm_ws/install/turtlebot3_example/lib/python3.8/site-packages/turtlebot3_example-2.1.4-py3.8.egg-info
[1.994s] running install_scripts
[2.021s] Installing turtlebot3_obstacle_detection script to /home/student/sjowmm_ws/install/turtlebot3_example/lib/turtlebot3_example
[2.021s] Installing turtlebot3_patrol_client script to /home/student/sjowmm_ws/install/turtlebot3_example/lib/turtlebot3_example
[2.021s] Installing turtlebot3_patrol_server script to /home/student/sjowmm_ws/install/turtlebot3_example/lib/turtlebot3_example
[2.022s] Installing turtlebot3_position_control script to /home/student/sjowmm_ws/install/turtlebot3_example/lib/turtlebot3_example
[2.023s] writing list of installed files to '/home/student/sjowmm_ws/build/turtlebot3_example/install.log'
[2.249s] Invoked command in '/home/student/sjowmm_ws/src/turtlebot3/turtlebot3_example' returned '0': PYTHONPATH=/home/student/sjowmm_ws/install/turtlebot3_example/lib/python3.8/site-packages:${PYTHONPATH} /usr/bin/python3 setup.py egg_info --egg-base ../../../build/turtlebot3_example build --build-base /home/student/sjowmm_ws/build/turtlebot3_example/build install --prefix /home/student/sjowmm_ws/install/turtlebot3_example --record /home/student/sjowmm_ws/build/turtlebot3_example/install.log --single-version-externally-managed
