[1.482s] Invoking command in '/home/student/sjowmm_ws/src/turtlebot3/turtlebot3_example': PYTHONPATH=/home/student/sjowmm_ws/install/turtlebot3_example/lib/python3.8/site-packages:${PYTHONPATH} /usr/bin/python3 setup.py egg_info --egg-base ../../../build/turtlebot3_example build --build-base /home/student/sjowmm_ws/build/turtlebot3_example/build install --prefix /home/student/sjowmm_ws/install/turtlebot3_example --record /home/student/sjowmm_ws/build/turtlebot3_example/install.log --single-version-externally-managed
[1.808s] running egg_info
[1.809s] writing ../../../build/turtlebot3_example/turtlebot3_example.egg-info/PKG-INFO
[1.809s] writing dependency_links to ../../../build/turtlebot3_example/turtlebot3_example.egg-info/dependency_links.txt
[1.809s] writing entry points to ../../../build/turtlebot3_example/turtlebot3_example.egg-info/entry_points.txt
[1.809s] writing requirements to ../../../build/turtlebot3_example/turtlebot3_example.egg-info/requires.txt
[1.810s] writing top-level names to ../../../build/turtlebot3_example/turtlebot3_example.egg-info/top_level.txt
[1.859s] reading manifest file '../../../build/turtlebot3_example/turtlebot3_example.egg-info/SOURCES.txt'
[1.860s] writing manifest file '../../../build/turtlebot3_example/turtlebot3_example.egg-info/SOURCES.txt'
[1.860s] running build
[1.860s] running build_py
[1.862s] running install
[1.863s] running install_lib
[1.865s] running install_data
[1.866s] running install_egg_info
[1.868s] removing '/home/student/sjowmm_ws/install/turtlebot3_example/lib/python3.8/site-packages/turtlebot3_example-2.1.4-py3.8.egg-info' (and everything under it)
[1.868s] Copying ../../../build/turtlebot3_example/turtlebot3_example.egg-info to /home/student/sjowmm_ws/install/turtlebot3_example/lib/python3.8/site-packages/turtlebot3_example-2.1.4-py3.8.egg-info
[1.869s] running install_scripts
[1.886s] Installing turtlebot3_obstacle_detection script to /home/student/sjowmm_ws/install/turtlebot3_example/lib/turtlebot3_example
[1.886s] Installing turtlebot3_patrol_client script to /home/student/sjowmm_ws/install/turtlebot3_example/lib/turtlebot3_example
[1.886s] Installing turtlebot3_patrol_server script to /home/student/sjowmm_ws/install/turtlebot3_example/lib/turtlebot3_example
[1.887s] Installing turtlebot3_position_control script to /home/student/sjowmm_ws/install/turtlebot3_example/lib/turtlebot3_example
[1.887s] writing list of installed files to '/home/student/sjowmm_ws/build/turtlebot3_example/install.log'
[2.113s] Invoked command in '/home/student/sjowmm_ws/src/turtlebot3/turtlebot3_example' returned '0': PYTHONPATH=/home/student/sjowmm_ws/install/turtlebot3_example/lib/python3.8/site-packages:${PYTHONPATH} /usr/bin/python3 setup.py egg_info --egg-base ../../../build/turtlebot3_example build --build-base /home/student/sjowmm_ws/build/turtlebot3_example/build install --prefix /home/student/sjowmm_ws/install/turtlebot3_example --record /home/student/sjowmm_ws/build/turtlebot3_example/install.log --single-version-externally-managed
