[1.462s] Invoking command in '/home/student/sjowmm_ws/src/turtlebot3/turtlebot3_teleop': PYTHONPATH=/home/student/sjowmm_ws/install/turtlebot3_teleop/lib/python3.8/site-packages:${PYTHONPATH} /usr/bin/python3 setup.py egg_info --egg-base ../../../build/turtlebot3_teleop build --build-base /home/student/sjowmm_ws/build/turtlebot3_teleop/build install --prefix /home/student/sjowmm_ws/install/turtlebot3_teleop --record /home/student/sjowmm_ws/build/turtlebot3_teleop/install.log --single-version-externally-managed
[1.770s] running egg_info
[1.771s] writing ../../../build/turtlebot3_teleop/turtlebot3_teleop.egg-info/PKG-INFO
[1.775s] writing dependency_links to ../../../build/turtlebot3_teleop/turtlebot3_teleop.egg-info/dependency_links.txt
[1.775s] writing entry points to ../../../build/turtlebot3_teleop/turtlebot3_teleop.egg-info/entry_points.txt
[1.775s] writing requirements to ../../../build/turtlebot3_teleop/turtlebot3_teleop.egg-info/requires.txt
[1.775s] writing top-level names to ../../../build/turtlebot3_teleop/turtlebot3_teleop.egg-info/top_level.txt
[1.813s] reading manifest file '../../../build/turtlebot3_teleop/turtlebot3_teleop.egg-info/SOURCES.txt'
[1.814s] writing manifest file '../../../build/turtlebot3_teleop/turtlebot3_teleop.egg-info/SOURCES.txt'
[1.815s] running build
[1.815s] running build_py
[1.815s] running install
[1.817s] running install_lib
[1.819s] running install_data
[1.820s] running install_egg_info
[1.823s] removing '/home/student/sjowmm_ws/install/turtlebot3_teleop/lib/python3.8/site-packages/turtlebot3_teleop-2.1.4-py3.8.egg-info' (and everything under it)
[1.823s] Copying ../../../build/turtlebot3_teleop/turtlebot3_teleop.egg-info to /home/student/sjowmm_ws/install/turtlebot3_teleop/lib/python3.8/site-packages/turtlebot3_teleop-2.1.4-py3.8.egg-info
[1.824s] running install_scripts
[1.850s] Installing teleop_keyboard script to /home/student/sjowmm_ws/install/turtlebot3_teleop/lib/turtlebot3_teleop
[1.850s] writing list of installed files to '/home/student/sjowmm_ws/build/turtlebot3_teleop/install.log'
[2.104s] Invoked command in '/home/student/sjowmm_ws/src/turtlebot3/turtlebot3_teleop' returned '0': PYTHONPATH=/home/student/sjowmm_ws/install/turtlebot3_teleop/lib/python3.8/site-packages:${PYTHONPATH} /usr/bin/python3 setup.py egg_info --egg-base ../../../build/turtlebot3_teleop build --build-base /home/student/sjowmm_ws/build/turtlebot3_teleop/build install --prefix /home/student/sjowmm_ws/install/turtlebot3_teleop --record /home/student/sjowmm_ws/build/turtlebot3_teleop/install.log --single-version-externally-managed
