[0.081s] Invoking command in '/home/student/sjowmm_ws/build/turtlebot3_cartographer': CMAKE_PREFIX_PATH=${CMAKE_PREFIX_PATH}:/home/student/sjowmm_ws/install/turtlebot3_teleop:/home/student/sjowmm_ws/install/turtlebot3_example:/home/student/sjowmm_ws/install/simulation:/home/student/sjowmm_ws/install/path_projection:/home/student/sjowmm_ws/install/nav2_gazebo_spawner:/home/student/sjowmm_ws/install/green_turtle:/home/student/sjowmm_ws/install/dede:/opt/ros/foxy /usr/bin/cmake --build /home/student/sjowmm_ws/build/turtlebot3_cartographer -- -j12 -l12
[1.459s] Invoked command in '/home/student/sjowmm_ws/build/turtlebot3_cartographer' returned '0': CMAKE_PREFIX_PATH=${CMAKE_PREFIX_PATH}:/home/student/sjowmm_ws/install/turtlebot3_teleop:/home/student/sjowmm_ws/install/turtlebot3_example:/home/student/sjowmm_ws/install/simulation:/home/student/sjowmm_ws/install/path_projection:/home/student/sjowmm_ws/install/nav2_gazebo_spawner:/home/student/sjowmm_ws/install/green_turtle:/home/student/sjowmm_ws/install/dede:/opt/ros/foxy /usr/bin/cmake --build /home/student/sjowmm_ws/build/turtlebot3_cartographer -- -j12 -l12
[1.529s] Invoking command in '/home/student/sjowmm_ws/build/turtlebot3_cartographer': CMAKE_PREFIX_PATH=${CMAKE_PREFIX_PATH}:/home/student/sjowmm_ws/install/turtlebot3_teleop:/home/student/sjowmm_ws/install/turtlebot3_example:/home/student/sjowmm_ws/install/simulation:/home/student/sjowmm_ws/install/path_projection:/home/student/sjowmm_ws/install/nav2_gazebo_spawner:/home/student/sjowmm_ws/install/green_turtle:/home/student/sjowmm_ws/install/dede:/opt/ros/foxy /usr/bin/cmake --install /home/student/sjowmm_ws/build/turtlebot3_cartographer
[1.559s] -- Install configuration: ""
[1.559s] -- Up-to-date: /home/student/sjowmm_ws/install/turtlebot3_cartographer/share/turtlebot3_cartographer/config
[1.559s] -- Up-to-date: /home/student/sjowmm_ws/install/turtlebot3_cartographer/share/turtlebot3_cartographer/config/turtlebot3_lds_2d.lua
[1.560s] -- Up-to-date: /home/student/sjowmm_ws/install/turtlebot3_cartographer/share/turtlebot3_cartographer/launch
[1.560s] -- Up-to-date: /home/student/sjowmm_ws/install/turtlebot3_cartographer/share/turtlebot3_cartographer/launch/cartographer.launch.py
[1.560s] -- Up-to-date: /home/student/sjowmm_ws/install/turtlebot3_cartographer/share/turtlebot3_cartographer/launch/occupancy_grid.launch.py
[1.561s] -- Up-to-date: /home/student/sjowmm_ws/install/turtlebot3_cartographer/share/turtlebot3_cartographer/rviz
[1.561s] -- Up-to-date: /home/student/sjowmm_ws/install/turtlebot3_cartographer/share/turtlebot3_cartographer/rviz/tb3_cartographer.rviz
[1.561s] -- Up-to-date: /home/student/sjowmm_ws/install/turtlebot3_cartographer/share/ament_index/resource_index/package_run_dependencies/turtlebot3_cartographer
[1.562s] -- Up-to-date: /home/student/sjowmm_ws/install/turtlebot3_cartographer/share/ament_index/resource_index/parent_prefix_path/turtlebot3_cartographer
[1.562s] -- Up-to-date: /home/student/sjowmm_ws/install/turtlebot3_cartographer/share/turtlebot3_cartographer/environment/ament_prefix_path.sh
[1.562s] -- Up-to-date: /home/student/sjowmm_ws/install/turtlebot3_cartographer/share/turtlebot3_cartographer/environment/ament_prefix_path.dsv
[1.562s] -- Up-to-date: /home/student/sjowmm_ws/install/turtlebot3_cartographer/share/turtlebot3_cartographer/environment/path.sh
[1.562s] -- Up-to-date: /home/student/sjowmm_ws/install/turtlebot3_cartographer/share/turtlebot3_cartographer/environment/path.dsv
[1.563s] -- Up-to-date: /home/student/sjowmm_ws/install/turtlebot3_cartographer/share/turtlebot3_cartographer/local_setup.bash
[1.563s] -- Up-to-date: /home/student/sjowmm_ws/install/turtlebot3_cartographer/share/turtlebot3_cartographer/local_setup.sh
[1.563s] -- Up-to-date: /home/student/sjowmm_ws/install/turtlebot3_cartographer/share/turtlebot3_cartographer/local_setup.zsh
[1.565s] -- Up-to-date: /home/student/sjowmm_ws/install/turtlebot3_cartographer/share/turtlebot3_cartographer/local_setup.dsv
[1.566s] -- Installing: /home/student/sjowmm_ws/install/turtlebot3_cartographer/share/turtlebot3_cartographer/package.dsv
[1.566s] -- Up-to-date: /home/student/sjowmm_ws/install/turtlebot3_cartographer/share/ament_index/resource_index/packages/turtlebot3_cartographer
[1.566s] -- Up-to-date: /home/student/sjowmm_ws/install/turtlebot3_cartographer/share/turtlebot3_cartographer/cmake/turtlebot3_cartographerConfig.cmake
[1.571s] -- Up-to-date: /home/student/sjowmm_ws/install/turtlebot3_cartographer/share/turtlebot3_cartographer/cmake/turtlebot3_cartographerConfig-version.cmake
[1.572s] -- Up-to-date: /home/student/sjowmm_ws/install/turtlebot3_cartographer/share/turtlebot3_cartographer/package.xml
[1.611s] Invoked command in '/home/student/sjowmm_ws/build/turtlebot3_cartographer' returned '0': CMAKE_PREFIX_PATH=${CMAKE_PREFIX_PATH}:/home/student/sjowmm_ws/install/turtlebot3_teleop:/home/student/sjowmm_ws/install/turtlebot3_example:/home/student/sjowmm_ws/install/simulation:/home/student/sjowmm_ws/install/path_projection:/home/student/sjowmm_ws/install/nav2_gazebo_spawner:/home/student/sjowmm_ws/install/green_turtle:/home/student/sjowmm_ws/install/dede:/opt/ros/foxy /usr/bin/cmake --install /home/student/sjowmm_ws/build/turtlebot3_cartographer
