[0.084s] Invoking command in '/home/student/sjowmm_ws/build/nav2_navfn_planner': AMENT_PREFIX_PATH=/home/student/sjowmm_ws/install/nav2_core:/home/student/sjowmm_ws/install/nav2_costmap_2d:/home/student/sjowmm_ws/install/nav2_util:/home/student/sjowmm_ws/install/nav2_voxel_grid:/home/student/sjowmm_ws/install/nav2_msgs:/home/student/sjowmm_ws/install/nav2_common:${AMENT_PREFIX_PATH} CMAKE_PREFIX_PATH=/home/student/sjowmm_ws/install/nav2_core:/home/student/sjowmm_ws/install/nav2_costmap_2d:/home/student/sjowmm_ws/install/nav2_util:/home/student/sjowmm_ws/install/nav2_voxel_grid:/home/student/sjowmm_ws/install/nav2_msgs:/home/student/sjowmm_ws/install/nav2_common:/opt/ros/foxy LD_LIBRARY_PATH=/home/student/sjowmm_ws/install/nav2_costmap_2d/lib:/home/student/sjowmm_ws/install/nav2_util/lib:/home/student/sjowmm_ws/install/nav2_voxel_grid/lib:/home/student/sjowmm_ws/install/nav2_msgs/lib:${LD_LIBRARY_PATH} PYTHONPATH=/home/student/sjowmm_ws/install/nav2_msgs/lib/python3.8/site-packages:/home/student/sjowmm_ws/install/nav2_common/lib/python3.8/site-packages:${PYTHONPATH} /usr/bin/cmake --build /home/student/sjowmm_ws/build/nav2_navfn_planner -- -j12 -l12
[0.232s] [100%] Built target nav2_navfn_planner
[0.250s] Invoked command in '/home/student/sjowmm_ws/build/nav2_navfn_planner' returned '0': AMENT_PREFIX_PATH=/home/student/sjowmm_ws/install/nav2_core:/home/student/sjowmm_ws/install/nav2_costmap_2d:/home/student/sjowmm_ws/install/nav2_util:/home/student/sjowmm_ws/install/nav2_voxel_grid:/home/student/sjowmm_ws/install/nav2_msgs:/home/student/sjowmm_ws/install/nav2_common:${AMENT_PREFIX_PATH} CMAKE_PREFIX_PATH=/home/student/sjowmm_ws/install/nav2_core:/home/student/sjowmm_ws/install/nav2_costmap_2d:/home/student/sjowmm_ws/install/nav2_util:/home/student/sjowmm_ws/install/nav2_voxel_grid:/home/student/sjowmm_ws/install/nav2_msgs:/home/student/sjowmm_ws/install/nav2_common:/opt/ros/foxy LD_LIBRARY_PATH=/home/student/sjowmm_ws/install/nav2_costmap_2d/lib:/home/student/sjowmm_ws/install/nav2_util/lib:/home/student/sjowmm_ws/install/nav2_voxel_grid/lib:/home/student/sjowmm_ws/install/nav2_msgs/lib:${LD_LIBRARY_PATH} PYTHONPATH=/home/student/sjowmm_ws/install/nav2_msgs/lib/python3.8/site-packages:/home/student/sjowmm_ws/install/nav2_common/lib/python3.8/site-packages:${PYTHONPATH} /usr/bin/cmake --build /home/student/sjowmm_ws/build/nav2_navfn_planner -- -j12 -l12
[0.423s] Invoking command in '/home/student/sjowmm_ws/build/nav2_navfn_planner': AMENT_PREFIX_PATH=/home/student/sjowmm_ws/install/nav2_core:/home/student/sjowmm_ws/install/nav2_costmap_2d:/home/student/sjowmm_ws/install/nav2_util:/home/student/sjowmm_ws/install/nav2_voxel_grid:/home/student/sjowmm_ws/install/nav2_msgs:/home/student/sjowmm_ws/install/nav2_common:${AMENT_PREFIX_PATH} CMAKE_PREFIX_PATH=/home/student/sjowmm_ws/install/nav2_core:/home/student/sjowmm_ws/install/nav2_costmap_2d:/home/student/sjowmm_ws/install/nav2_util:/home/student/sjowmm_ws/install/nav2_voxel_grid:/home/student/sjowmm_ws/install/nav2_msgs:/home/student/sjowmm_ws/install/nav2_common:/opt/ros/foxy LD_LIBRARY_PATH=/home/student/sjowmm_ws/install/nav2_costmap_2d/lib:/home/student/sjowmm_ws/install/nav2_util/lib:/home/student/sjowmm_ws/install/nav2_voxel_grid/lib:/home/student/sjowmm_ws/install/nav2_msgs/lib:${LD_LIBRARY_PATH} PYTHONPATH=/home/student/sjowmm_ws/install/nav2_msgs/lib/python3.8/site-packages:/home/student/sjowmm_ws/install/nav2_common/lib/python3.8/site-packages:${PYTHONPATH} /usr/bin/cmake --install /home/student/sjowmm_ws/build/nav2_navfn_planner
[0.449s] -- Install configuration: "Release"
[0.449s] -- Up-to-date: /home/student/sjowmm_ws/install/nav2_navfn_planner/share/nav2_navfn_planner/global_planner_plugin.xml
[0.449s] -- Up-to-date: /home/student/sjowmm_ws/install/nav2_navfn_planner/lib/libnav2_navfn_planner.so
[0.450s] -- Up-to-date: /home/student/sjowmm_ws/install/nav2_navfn_planner/include/
[0.450s] -- Up-to-date: /home/student/sjowmm_ws/install/nav2_navfn_planner/include//nav2_navfn_planner
[0.450s] -- Up-to-date: /home/student/sjowmm_ws/install/nav2_navfn_planner/include//nav2_navfn_planner/navfn_planner.hpp
[0.450s] -- Up-to-date: /home/student/sjowmm_ws/install/nav2_navfn_planner/include//nav2_navfn_planner/navfn.hpp
[0.450s] -- Up-to-date: /home/student/sjowmm_ws/install/nav2_navfn_planner/share/nav2_navfn_planner/global_planner_plugin.xml
[0.450s] -- Up-to-date: /home/student/sjowmm_ws/install/nav2_navfn_planner/share/nav2_navfn_planner/environment/library_path.sh
[0.450s] -- Up-to-date: /home/student/sjowmm_ws/install/nav2_navfn_planner/share/nav2_navfn_planner/environment/library_path.dsv
[0.450s] -- Up-to-date: /home/student/sjowmm_ws/install/nav2_navfn_planner/share/ament_index/resource_index/package_run_dependencies/nav2_navfn_planner
[0.450s] -- Up-to-date: /home/student/sjowmm_ws/install/nav2_navfn_planner/share/ament_index/resource_index/parent_prefix_path/nav2_navfn_planner
[0.450s] -- Up-to-date: /home/student/sjowmm_ws/install/nav2_navfn_planner/share/nav2_navfn_planner/environment/ament_prefix_path.sh
[0.451s] -- Up-to-date: /home/student/sjowmm_ws/install/nav2_navfn_planner/share/nav2_navfn_planner/environment/ament_prefix_path.dsv
[0.451s] -- Up-to-date: /home/student/sjowmm_ws/install/nav2_navfn_planner/share/nav2_navfn_planner/environment/path.sh
[0.451s] -- Up-to-date: /home/student/sjowmm_ws/install/nav2_navfn_planner/share/nav2_navfn_planner/environment/path.dsv
[0.451s] -- Up-to-date: /home/student/sjowmm_ws/install/nav2_navfn_planner/share/nav2_navfn_planner/local_setup.bash
[0.451s] -- Up-to-date: /home/student/sjowmm_ws/install/nav2_navfn_planner/share/nav2_navfn_planner/local_setup.sh
[0.452s] -- Up-to-date: /home/student/sjowmm_ws/install/nav2_navfn_planner/share/nav2_navfn_planner/local_setup.zsh
[0.453s] -- Up-to-date: /home/student/sjowmm_ws/install/nav2_navfn_planner/share/nav2_navfn_planner/local_setup.dsv
[0.453s] -- Installing: /home/student/sjowmm_ws/install/nav2_navfn_planner/share/nav2_navfn_planner/package.dsv
[0.453s] -- Up-to-date: /home/student/sjowmm_ws/install/nav2_navfn_planner/share/ament_index/resource_index/packages/nav2_navfn_planner
[0.453s] -- Up-to-date: /home/student/sjowmm_ws/install/nav2_navfn_planner/share/ament_index/resource_index/nav2_core__pluginlib__plugin/nav2_navfn_planner
[0.453s] -- Up-to-date: /home/student/sjowmm_ws/install/nav2_navfn_planner/share/nav2_navfn_planner/cmake/ament_cmake_export_include_directories-extras.cmake
[0.454s] -- Up-to-date: /home/student/sjowmm_ws/install/nav2_navfn_planner/share/nav2_navfn_planner/cmake/ament_cmake_export_libraries-extras.cmake
[0.454s] -- Up-to-date: /home/student/sjowmm_ws/install/nav2_navfn_planner/share/nav2_navfn_planner/cmake/ament_cmake_export_dependencies-extras.cmake
[0.454s] -- Up-to-date: /home/student/sjowmm_ws/install/nav2_navfn_planner/share/nav2_navfn_planner/cmake/ament_cmake_export_definitions-extras.cmake
[0.454s] -- Up-to-date: /home/student/sjowmm_ws/install/nav2_navfn_planner/share/nav2_navfn_planner/cmake/nav2_navfn_plannerConfig.cmake
[0.454s] -- Up-to-date: /home/student/sjowmm_ws/install/nav2_navfn_planner/share/nav2_navfn_planner/cmake/nav2_navfn_plannerConfig-version.cmake
[0.454s] -- Up-to-date: /home/student/sjowmm_ws/install/nav2_navfn_planner/share/nav2_navfn_planner/package.xml
[0.509s] Invoked command in '/home/student/sjowmm_ws/build/nav2_navfn_planner' returned '0': AMENT_PREFIX_PATH=/home/student/sjowmm_ws/install/nav2_core:/home/student/sjowmm_ws/install/nav2_costmap_2d:/home/student/sjowmm_ws/install/nav2_util:/home/student/sjowmm_ws/install/nav2_voxel_grid:/home/student/sjowmm_ws/install/nav2_msgs:/home/student/sjowmm_ws/install/nav2_common:${AMENT_PREFIX_PATH} CMAKE_PREFIX_PATH=/home/student/sjowmm_ws/install/nav2_core:/home/student/sjowmm_ws/install/nav2_costmap_2d:/home/student/sjowmm_ws/install/nav2_util:/home/student/sjowmm_ws/install/nav2_voxel_grid:/home/student/sjowmm_ws/install/nav2_msgs:/home/student/sjowmm_ws/install/nav2_common:/opt/ros/foxy LD_LIBRARY_PATH=/home/student/sjowmm_ws/install/nav2_costmap_2d/lib:/home/student/sjowmm_ws/install/nav2_util/lib:/home/student/sjowmm_ws/install/nav2_voxel_grid/lib:/home/student/sjowmm_ws/install/nav2_msgs/lib:${LD_LIBRARY_PATH} PYTHONPATH=/home/student/sjowmm_ws/install/nav2_msgs/lib/python3.8/site-packages:/home/student/sjowmm_ws/install/nav2_common/lib/python3.8/site-packages:${PYTHONPATH} /usr/bin/cmake --install /home/student/sjowmm_ws/build/nav2_navfn_planner
