[1.112s] Invoking command in '/home/student/sjowmm_ws/src/simulation': PYTHONPATH=/home/student/sjowmm_ws/install/simulation/lib/python3.8/site-packages:${PYTHONPATH} /usr/bin/python3 setup.py egg_info --egg-base ../../build/simulation build --build-base /home/student/sjowmm_ws/build/simulation/build install --prefix /home/student/sjowmm_ws/install/simulation --record /home/student/sjowmm_ws/build/simulation/install.log --single-version-externally-managed
[1.383s] running egg_info
[1.383s] writing ../../build/simulation/simulation.egg-info/PKG-INFO
[1.392s] writing dependency_links to ../../build/simulation/simulation.egg-info/dependency_links.txt
[1.392s] writing entry points to ../../build/simulation/simulation.egg-info/entry_points.txt
[1.393s] writing requirements to ../../build/simulation/simulation.egg-info/requires.txt
[1.393s] writing top-level names to ../../build/simulation/simulation.egg-info/top_level.txt
[1.435s] reading manifest file '../../build/simulation/simulation.egg-info/SOURCES.txt'
[1.436s] writing manifest file '../../build/simulation/simulation.egg-info/SOURCES.txt'
[1.453s] running build
[1.453s] running build_py
[1.453s] running install
[1.455s] running install_lib
[1.456s] running install_data
[1.457s] running install_egg_info
[1.459s] removing '/home/student/sjowmm_ws/install/simulation/lib/python3.8/site-packages/simulation-0.0.0-py3.8.egg-info' (and everything under it)
[1.459s] Copying ../../build/simulation/simulation.egg-info to /home/student/sjowmm_ws/install/simulation/lib/python3.8/site-packages/simulation-0.0.0-py3.8.egg-info
[1.459s] running install_scripts
[1.474s] Installing readMapData script to /home/student/sjowmm_ws/install/simulation/lib/simulation
[1.496s] Installing spawn_robot_srv script to /home/student/sjowmm_ws/install/simulation/lib/simulation
[1.497s] writing list of installed files to '/home/student/sjowmm_ws/build/simulation/install.log'
[1.519s] Invoked command in '/home/student/sjowmm_ws/src/simulation' returned '0': PYTHONPATH=/home/student/sjowmm_ws/install/simulation/lib/python3.8/site-packages:${PYTHONPATH} /usr/bin/python3 setup.py egg_info --egg-base ../../build/simulation build --build-base /home/student/sjowmm_ws/build/simulation/build install --prefix /home/student/sjowmm_ws/install/simulation --record /home/student/sjowmm_ws/build/simulation/install.log --single-version-externally-managed
