/home/student/sjowmm_ws/install/green_turtle/lib/python3.8/site-packages/green_turtle/test.py
/home/student/sjowmm_ws/install/green_turtle/lib/python3.8/site-packages/green_turtle/__init__.py
/home/student/sjowmm_ws/install/green_turtle/lib/python3.8/site-packages/green_turtle/__pycache__/test.cpython-38.pyc
/home/student/sjowmm_ws/install/green_turtle/lib/python3.8/site-packages/green_turtle/__pycache__/__init__.cpython-38.pyc
/home/student/sjowmm_ws/install/green_turtle/share/ament_index/resource_index/packages/green_turtle
/home/student/sjowmm_ws/install/green_turtle/share/green_turtle/package.xml
/home/student/sjowmm_ws/install/green_turtle/share/green_turtle/launch/simulation_world.launch.py
/home/student/sjowmm_ws/install/green_turtle/share/green_turtle/worlds/maze.model
/home/student/sjowmm_ws/install/green_turtle/share/green_turtle/models/maze/model.config
/home/student/sjowmm_ws/install/green_turtle/share/green_turtle/models/maze/model.sdf
/home/student/sjowmm_ws/install/green_turtle/share/green_turtle/models/maze/meshes/maze.dae
/home/student/sjowmm_ws/install/green_turtle/share/green_turtle/models/maze/meshes/3.png
/home/student/sjowmm_ws/install/green_turtle/share/green_turtle/models/maze/meshes/6.png
/home/student/sjowmm_ws/install/green_turtle/share/green_turtle/models/maze/meshes/8.png
/home/student/sjowmm_ws/install/green_turtle/share/green_turtle/models/maze/meshes/9.png
/home/student/sjowmm_ws/install/green_turtle/share/green_turtle/models/maze/meshes/2.png
/home/student/sjowmm_ws/install/green_turtle/share/green_turtle/models/maze/meshes/4.png
/home/student/sjowmm_ws/install/green_turtle/share/green_turtle/models/maze/meshes/0.png
/home/student/sjowmm_ws/install/green_turtle/share/green_turtle/models/maze/meshes/7.png
/home/student/sjowmm_ws/install/green_turtle/share/green_turtle/models/maze/meshes/1.png
/home/student/sjowmm_ws/install/green_turtle/share/green_turtle/models/maze/meshes/5.png
/home/student/sjowmm_ws/install/green_turtle/share/green_turtle/models/turtlebot3_waffle_custom/model.config
/home/student/sjowmm_ws/install/green_turtle/share/green_turtle/models/turtlebot3_waffle_custom/model.sdf
/home/student/sjowmm_ws/install/green_turtle/lib/python3.8/site-packages/green_turtle-0.0.0-py3.8.egg-info/dependency_links.txt
/home/student/sjowmm_ws/install/green_turtle/lib/python3.8/site-packages/green_turtle-0.0.0-py3.8.egg-info/entry_points.txt
/home/student/sjowmm_ws/install/green_turtle/lib/python3.8/site-packages/green_turtle-0.0.0-py3.8.egg-info/requires.txt
/home/student/sjowmm_ws/install/green_turtle/lib/python3.8/site-packages/green_turtle-0.0.0-py3.8.egg-info/top_level.txt
/home/student/sjowmm_ws/install/green_turtle/lib/python3.8/site-packages/green_turtle-0.0.0-py3.8.egg-info/zip-safe
/home/student/sjowmm_ws/install/green_turtle/lib/python3.8/site-packages/green_turtle-0.0.0-py3.8.egg-info/PKG-INFO
/home/student/sjowmm_ws/install/green_turtle/lib/python3.8/site-packages/green_turtle-0.0.0-py3.8.egg-info/SOURCES.txt
/home/student/sjowmm_ws/install/green_turtle/lib/green_turtle/node
