[0.066s] Invoking command in '/home/student/sjowmm_ws/build/dwb_msgs': CMAKE_PREFIX_PATH=/home/student/sjowmm_ws/install/nav_2d_msgs:/home/student/sjowmm_ws/install/turtlebot3:/home/student/sjowmm_ws/install/turtlebot3_simulations:/home/student/sjowmm_ws/install/turtlebot3_bringup:/home/student/sjowmm_ws/install/turtlebot3_node:/home/student/sjowmm_ws/install/turtlebot3_navigation2:/home/student/sjowmm_ws/install/turtlebot3_gazebo:/home/student/sjowmm_ws/install/turtlebot3_fake_node:/home/student/sjowmm_ws/install/turtlebot3_description:/home/student/sjowmm_ws/install/turtlebot3_cartographer:/home/student/sjowmm_ws/install/nav2_system_tests:/home/student/sjowmm_ws/install/nav2_bringup:/home/student/sjowmm_ws/install/navigation2:/home/student/sjowmm_ws/install/smac_planner:/home/student/sjowmm_ws/install/nav2_dwb_controller:/home/student/sjowmm_ws/install/nav2_controller:/home/student/sjowmm_ws/install/dwb_plugins:/home/student/sjowmm_ws/install/dwb_critics:/home/student/sjowmm_ws/install/dwb_core:/home/student/sjowmm_ws/install/nav_2d_utils:/home/student/sjowmm_ws/install/dwb_msgs:/home/student/sjowmm_ws/install/nav2_waypoint_follower:/home/student/sjowmm_ws/install/nav2_regulated_pure_pursuit_controller:/home/student/sjowmm_ws/install/nav2_recoveries:/home/student/sjowmm_ws/install/nav2_planner:/home/student/sjowmm_ws/install/nav2_navfn_planner:/home/student/sjowmm_ws/install/nav2_core:/home/student/sjowmm_ws/install/costmap_queue:/home/student/sjowmm_ws/install/nav2_costmap_2d:/home/student/sjowmm_ws/install/nav2_voxel_grid:/home/student/sjowmm_ws/install/nav2_rviz_plugins:/home/student/sjowmm_ws/install/nav2_map_server:/home/student/sjowmm_ws/install/nav2_lifecycle_manager:/home/student/sjowmm_ws/install/nav2_bt_navigator:/home/student/sjowmm_ws/install/nav2_behavior_tree:/home/student/sjowmm_ws/install/nav2_amcl:/home/student/sjowmm_ws/install/nav2_util:/home/student/sjowmm_ws/install/nav2_msgs:/home/student/sjowmm_ws/install/nav2_common:/home/student/sjowmm_ws/install/turtlebot3_teleop:/home/student/sjowmm_ws/install/turtlebot3_example:/home/student/sjowmm_ws/install/simulation:/home/student/sjowmm_ws/install/path_projection:/home/student/sjowmm_ws/install/nav2_gazebo_spawner:/home/student/sjowmm_ws/install/green_turtle:/home/student/sjowmm_ws/install/dede:/opt/ros/foxy LD_LIBRARY_PATH=/home/student/sjowmm_ws/install/nav_2d_msgs/lib:/home/student/sjowmm_ws/install/smac_planner/lib:/home/student/sjowmm_ws/install/nav2_controller/lib:/home/student/sjowmm_ws/install/dwb_plugins/lib:/home/student/sjowmm_ws/install/dwb_critics/lib:/home/student/sjowmm_ws/install/dwb_core/lib:/home/student/sjowmm_ws/install/nav_2d_utils/lib:/home/student/sjowmm_ws/install/dwb_msgs/lib:/home/student/sjowmm_ws/install/nav2_waypoint_follower/lib:/home/student/sjowmm_ws/install/nav2_regulated_pure_pursuit_controller/lib:/home/student/sjowmm_ws/install/nav2_recoveries/lib:/home/student/sjowmm_ws/install/nav2_planner/lib:/home/student/sjowmm_ws/install/nav2_navfn_planner/lib:/home/student/sjowmm_ws/install/costmap_queue/lib:/home/student/sjowmm_ws/install/nav2_costmap_2d/lib:/home/student/sjowmm_ws/install/nav2_voxel_grid/lib:/home/student/sjowmm_ws/install/nav2_rviz_plugins/lib:/home/student/sjowmm_ws/install/nav2_map_server/lib:/home/student/sjowmm_ws/install/nav2_lifecycle_manager/lib:/home/student/sjowmm_ws/install/nav2_bt_navigator/lib:/home/student/sjowmm_ws/install/nav2_behavior_tree/lib:/home/student/sjowmm_ws/install/nav2_amcl/lib:/home/student/sjowmm_ws/install/nav2_util/lib:/home/student/sjowmm_ws/install/nav2_msgs/lib:/usr/lib/x86_64-linux-gnu/gazebo-11/plugins:/opt/ros/foxy/opt/yaml_cpp_vendor/lib:/opt/ros/foxy/opt/rviz_ogre_vendor/lib:/opt/ros/foxy/lib/x86_64-linux-gnu:/opt/ros/foxy/lib PYTHONPATH=/home/student/sjowmm_ws/install/nav_2d_msgs/lib/python3.8/site-packages:/home/student/sjowmm_ws/install/turtlebot3_teleop/lib/python3.8/site-packages:/home/student/sjowmm_ws/install/turtlebot3_example/lib/python3.8/site-packages:/home/student/sjowmm_ws/install/simulation/lib/python3.8/site-packages:/home/student/sjowmm_ws/install/path_projection/lib/python3.8/site-packages:/home/student/sjowmm_ws/install/dwb_msgs/lib/python3.8/site-packages:/home/student/sjowmm_ws/install/nav2_msgs/lib/python3.8/site-packages:/home/student/sjowmm_ws/install/nav2_gazebo_spawner/lib/python3.8/site-packages:/home/student/sjowmm_ws/install/nav2_common/lib/python3.8/site-packages:/home/student/sjowmm_ws/install/green_turtle/lib/python3.8/site-packages:/home/student/sjowmm_ws/install/dede/lib/python3.8/site-packages:/opt/ros/foxy/lib/python3.8/site-packages /usr/bin/cmake --build /home/student/sjowmm_ws/build/dwb_msgs -- -j12 -l12
[0.142s] [  1%] Built target dwb_msgs__cpp
[0.149s] [ 12%] Built target dwb_msgs__rosidl_generator_c
[0.193s] [ 24%] Built target dwb_msgs__rosidl_typesupport_cpp
[0.200s] [ 35%] Built target dwb_msgs__rosidl_typesupport_c
[0.203s] [ 47%] Built target dwb_msgs__rosidl_typesupport_introspection_cpp
[0.205s] [ 58%] Built target dwb_msgs__rosidl_typesupport_fastrtps_cpp
[0.206s] [ 70%] Built target dwb_msgs__rosidl_typesupport_introspection_c
[0.237s] [ 82%] Built target dwb_msgs__rosidl_typesupport_fastrtps_c
[0.259s] [ 82%] Built target dwb_msgs
[0.282s] [ 83%] Built target dwb_msgs__py
[0.316s] [ 93%] Built target dwb_msgs__python
[0.350s] [ 95%] Built target dwb_msgs__rosidl_typesupport_fastrtps_c__pyext
[0.350s] [ 97%] Built target dwb_msgs__rosidl_typesupport_c__pyext
[0.350s] [100%] Built target dwb_msgs__rosidl_typesupport_introspection_c__pyext
[0.371s] Invoked command in '/home/student/sjowmm_ws/build/dwb_msgs' returned '0': CMAKE_PREFIX_PATH=/home/student/sjowmm_ws/install/nav_2d_msgs:/home/student/sjowmm_ws/install/turtlebot3:/home/student/sjowmm_ws/install/turtlebot3_simulations:/home/student/sjowmm_ws/install/turtlebot3_bringup:/home/student/sjowmm_ws/install/turtlebot3_node:/home/student/sjowmm_ws/install/turtlebot3_navigation2:/home/student/sjowmm_ws/install/turtlebot3_gazebo:/home/student/sjowmm_ws/install/turtlebot3_fake_node:/home/student/sjowmm_ws/install/turtlebot3_description:/home/student/sjowmm_ws/install/turtlebot3_cartographer:/home/student/sjowmm_ws/install/nav2_system_tests:/home/student/sjowmm_ws/install/nav2_bringup:/home/student/sjowmm_ws/install/navigation2:/home/student/sjowmm_ws/install/smac_planner:/home/student/sjowmm_ws/install/nav2_dwb_controller:/home/student/sjowmm_ws/install/nav2_controller:/home/student/sjowmm_ws/install/dwb_plugins:/home/student/sjowmm_ws/install/dwb_critics:/home/student/sjowmm_ws/install/dwb_core:/home/student/sjowmm_ws/install/nav_2d_utils:/home/student/sjowmm_ws/install/dwb_msgs:/home/student/sjowmm_ws/install/nav2_waypoint_follower:/home/student/sjowmm_ws/install/nav2_regulated_pure_pursuit_controller:/home/student/sjowmm_ws/install/nav2_recoveries:/home/student/sjowmm_ws/install/nav2_planner:/home/student/sjowmm_ws/install/nav2_navfn_planner:/home/student/sjowmm_ws/install/nav2_core:/home/student/sjowmm_ws/install/costmap_queue:/home/student/sjowmm_ws/install/nav2_costmap_2d:/home/student/sjowmm_ws/install/nav2_voxel_grid:/home/student/sjowmm_ws/install/nav2_rviz_plugins:/home/student/sjowmm_ws/install/nav2_map_server:/home/student/sjowmm_ws/install/nav2_lifecycle_manager:/home/student/sjowmm_ws/install/nav2_bt_navigator:/home/student/sjowmm_ws/install/nav2_behavior_tree:/home/student/sjowmm_ws/install/nav2_amcl:/home/student/sjowmm_ws/install/nav2_util:/home/student/sjowmm_ws/install/nav2_msgs:/home/student/sjowmm_ws/install/nav2_common:/home/student/sjowmm_ws/install/turtlebot3_teleop:/home/student/sjowmm_ws/install/turtlebot3_example:/home/student/sjowmm_ws/install/simulation:/home/student/sjowmm_ws/install/path_projection:/home/student/sjowmm_ws/install/nav2_gazebo_spawner:/home/student/sjowmm_ws/install/green_turtle:/home/student/sjowmm_ws/install/dede:/opt/ros/foxy LD_LIBRARY_PATH=/home/student/sjowmm_ws/install/nav_2d_msgs/lib:/home/student/sjowmm_ws/install/smac_planner/lib:/home/student/sjowmm_ws/install/nav2_controller/lib:/home/student/sjowmm_ws/install/dwb_plugins/lib:/home/student/sjowmm_ws/install/dwb_critics/lib:/home/student/sjowmm_ws/install/dwb_core/lib:/home/student/sjowmm_ws/install/nav_2d_utils/lib:/home/student/sjowmm_ws/install/dwb_msgs/lib:/home/student/sjowmm_ws/install/nav2_waypoint_follower/lib:/home/student/sjowmm_ws/install/nav2_regulated_pure_pursuit_controller/lib:/home/student/sjowmm_ws/install/nav2_recoveries/lib:/home/student/sjowmm_ws/install/nav2_planner/lib:/home/student/sjowmm_ws/install/nav2_navfn_planner/lib:/home/student/sjowmm_ws/install/costmap_queue/lib:/home/student/sjowmm_ws/install/nav2_costmap_2d/lib:/home/student/sjowmm_ws/install/nav2_voxel_grid/lib:/home/student/sjowmm_ws/install/nav2_rviz_plugins/lib:/home/student/sjowmm_ws/install/nav2_map_server/lib:/home/student/sjowmm_ws/install/nav2_lifecycle_manager/lib:/home/student/sjowmm_ws/install/nav2_bt_navigator/lib:/home/student/sjowmm_ws/install/nav2_behavior_tree/lib:/home/student/sjowmm_ws/install/nav2_amcl/lib:/home/student/sjowmm_ws/install/nav2_util/lib:/home/student/sjowmm_ws/install/nav2_msgs/lib:/usr/lib/x86_64-linux-gnu/gazebo-11/plugins:/opt/ros/foxy/opt/yaml_cpp_vendor/lib:/opt/ros/foxy/opt/rviz_ogre_vendor/lib:/opt/ros/foxy/lib/x86_64-linux-gnu:/opt/ros/foxy/lib PYTHONPATH=/home/student/sjowmm_ws/install/nav_2d_msgs/lib/python3.8/site-packages:/home/student/sjowmm_ws/install/turtlebot3_teleop/lib/python3.8/site-packages:/home/student/sjowmm_ws/install/turtlebot3_example/lib/python3.8/site-packages:/home/student/sjowmm_ws/install/simulation/lib/python3.8/site-packages:/home/student/sjowmm_ws/install/path_projection/lib/python3.8/site-packages:/home/student/sjowmm_ws/install/dwb_msgs/lib/python3.8/site-packages:/home/student/sjowmm_ws/install/nav2_msgs/lib/python3.8/site-packages:/home/student/sjowmm_ws/install/nav2_gazebo_spawner/lib/python3.8/site-packages:/home/student/sjowmm_ws/install/nav2_common/lib/python3.8/site-packages:/home/student/sjowmm_ws/install/green_turtle/lib/python3.8/site-packages:/home/student/sjowmm_ws/install/dede/lib/python3.8/site-packages:/opt/ros/foxy/lib/python3.8/site-packages /usr/bin/cmake --build /home/student/sjowmm_ws/build/dwb_msgs -- -j12 -l12
[0.592s] Invoking command in '/home/student/sjowmm_ws/build/dwb_msgs': CMAKE_PREFIX_PATH=/home/student/sjowmm_ws/install/nav_2d_msgs:/home/student/sjowmm_ws/install/turtlebot3:/home/student/sjowmm_ws/install/turtlebot3_simulations:/home/student/sjowmm_ws/install/turtlebot3_bringup:/home/student/sjowmm_ws/install/turtlebot3_node:/home/student/sjowmm_ws/install/turtlebot3_navigation2:/home/student/sjowmm_ws/install/turtlebot3_gazebo:/home/student/sjowmm_ws/install/turtlebot3_fake_node:/home/student/sjowmm_ws/install/turtlebot3_description:/home/student/sjowmm_ws/install/turtlebot3_cartographer:/home/student/sjowmm_ws/install/nav2_system_tests:/home/student/sjowmm_ws/install/nav2_bringup:/home/student/sjowmm_ws/install/navigation2:/home/student/sjowmm_ws/install/smac_planner:/home/student/sjowmm_ws/install/nav2_dwb_controller:/home/student/sjowmm_ws/install/nav2_controller:/home/student/sjowmm_ws/install/dwb_plugins:/home/student/sjowmm_ws/install/dwb_critics:/home/student/sjowmm_ws/install/dwb_core:/home/student/sjowmm_ws/install/nav_2d_utils:/home/student/sjowmm_ws/install/dwb_msgs:/home/student/sjowmm_ws/install/nav2_waypoint_follower:/home/student/sjowmm_ws/install/nav2_regulated_pure_pursuit_controller:/home/student/sjowmm_ws/install/nav2_recoveries:/home/student/sjowmm_ws/install/nav2_planner:/home/student/sjowmm_ws/install/nav2_navfn_planner:/home/student/sjowmm_ws/install/nav2_core:/home/student/sjowmm_ws/install/costmap_queue:/home/student/sjowmm_ws/install/nav2_costmap_2d:/home/student/sjowmm_ws/install/nav2_voxel_grid:/home/student/sjowmm_ws/install/nav2_rviz_plugins:/home/student/sjowmm_ws/install/nav2_map_server:/home/student/sjowmm_ws/install/nav2_lifecycle_manager:/home/student/sjowmm_ws/install/nav2_bt_navigator:/home/student/sjowmm_ws/install/nav2_behavior_tree:/home/student/sjowmm_ws/install/nav2_amcl:/home/student/sjowmm_ws/install/nav2_util:/home/student/sjowmm_ws/install/nav2_msgs:/home/student/sjowmm_ws/install/nav2_common:/home/student/sjowmm_ws/install/turtlebot3_teleop:/home/student/sjowmm_ws/install/turtlebot3_example:/home/student/sjowmm_ws/install/simulation:/home/student/sjowmm_ws/install/path_projection:/home/student/sjowmm_ws/install/nav2_gazebo_spawner:/home/student/sjowmm_ws/install/green_turtle:/home/student/sjowmm_ws/install/dede:/opt/ros/foxy LD_LIBRARY_PATH=/home/student/sjowmm_ws/install/nav_2d_msgs/lib:/home/student/sjowmm_ws/install/smac_planner/lib:/home/student/sjowmm_ws/install/nav2_controller/lib:/home/student/sjowmm_ws/install/dwb_plugins/lib:/home/student/sjowmm_ws/install/dwb_critics/lib:/home/student/sjowmm_ws/install/dwb_core/lib:/home/student/sjowmm_ws/install/nav_2d_utils/lib:/home/student/sjowmm_ws/install/dwb_msgs/lib:/home/student/sjowmm_ws/install/nav2_waypoint_follower/lib:/home/student/sjowmm_ws/install/nav2_regulated_pure_pursuit_controller/lib:/home/student/sjowmm_ws/install/nav2_recoveries/lib:/home/student/sjowmm_ws/install/nav2_planner/lib:/home/student/sjowmm_ws/install/nav2_navfn_planner/lib:/home/student/sjowmm_ws/install/costmap_queue/lib:/home/student/sjowmm_ws/install/nav2_costmap_2d/lib:/home/student/sjowmm_ws/install/nav2_voxel_grid/lib:/home/student/sjowmm_ws/install/nav2_rviz_plugins/lib:/home/student/sjowmm_ws/install/nav2_map_server/lib:/home/student/sjowmm_ws/install/nav2_lifecycle_manager/lib:/home/student/sjowmm_ws/install/nav2_bt_navigator/lib:/home/student/sjowmm_ws/install/nav2_behavior_tree/lib:/home/student/sjowmm_ws/install/nav2_amcl/lib:/home/student/sjowmm_ws/install/nav2_util/lib:/home/student/sjowmm_ws/install/nav2_msgs/lib:/usr/lib/x86_64-linux-gnu/gazebo-11/plugins:/opt/ros/foxy/opt/yaml_cpp_vendor/lib:/opt/ros/foxy/opt/rviz_ogre_vendor/lib:/opt/ros/foxy/lib/x86_64-linux-gnu:/opt/ros/foxy/lib PYTHONPATH=/home/student/sjowmm_ws/install/nav_2d_msgs/lib/python3.8/site-packages:/home/student/sjowmm_ws/install/turtlebot3_teleop/lib/python3.8/site-packages:/home/student/sjowmm_ws/install/turtlebot3_example/lib/python3.8/site-packages:/home/student/sjowmm_ws/install/simulation/lib/python3.8/site-packages:/home/student/sjowmm_ws/install/path_projection/lib/python3.8/site-packages:/home/student/sjowmm_ws/install/dwb_msgs/lib/python3.8/site-packages:/home/student/sjowmm_ws/install/nav2_msgs/lib/python3.8/site-packages:/home/student/sjowmm_ws/install/nav2_gazebo_spawner/lib/python3.8/site-packages:/home/student/sjowmm_ws/install/nav2_common/lib/python3.8/site-packages:/home/student/sjowmm_ws/install/green_turtle/lib/python3.8/site-packages:/home/student/sjowmm_ws/install/dede/lib/python3.8/site-packages:/opt/ros/foxy/lib/python3.8/site-packages /usr/bin/cmake --install /home/student/sjowmm_ws/build/dwb_msgs
[0.602s] -- Install configuration: ""
[0.602s] -- Up-to-date: /home/student/sjowmm_ws/install/dwb_msgs/share/ament_index/resource_index/rosidl_interfaces/dwb_msgs
[0.602s] -- Up-to-date: /home/student/sjowmm_ws/install/dwb_msgs/include/dwb_msgs
[0.603s] -- Up-to-date: /home/student/sjowmm_ws/install/dwb_msgs/include/dwb_msgs/msg
[0.603s] -- Up-to-date: /home/student/sjowmm_ws/install/dwb_msgs/include/dwb_msgs/msg/detail
[0.603s] -- Up-to-date: /home/student/sjowmm_ws/install/dwb_msgs/include/dwb_msgs/msg/detail/trajectory_score__functions.h
[0.603s] -- Up-to-date: /home/student/sjowmm_ws/install/dwb_msgs/include/dwb_msgs/msg/detail/trajectory2_d__struct.h
[0.603s] -- Up-to-date: /home/student/sjowmm_ws/install/dwb_msgs/include/dwb_msgs/msg/detail/critic_score__functions.h
[0.603s] -- Up-to-date: /home/student/sjowmm_ws/install/dwb_msgs/include/dwb_msgs/msg/detail/trajectory2_d__functions.h
[0.603s] -- Up-to-date: /home/student/sjowmm_ws/install/dwb_msgs/include/dwb_msgs/msg/detail/trajectory2_d__functions.c
[0.603s] -- Up-to-date: /home/student/sjowmm_ws/install/dwb_msgs/include/dwb_msgs/msg/detail/local_plan_evaluation__type_support.h
[0.603s] -- Up-to-date: /home/student/sjowmm_ws/install/dwb_msgs/include/dwb_msgs/msg/detail/trajectory_score__functions.c
[0.604s] -- Up-to-date: /home/student/sjowmm_ws/install/dwb_msgs/include/dwb_msgs/msg/detail/critic_score__struct.h
[0.604s] -- Up-to-date: /home/student/sjowmm_ws/install/dwb_msgs/include/dwb_msgs/msg/detail/local_plan_evaluation__struct.h
[0.604s] -- Up-to-date: /home/student/sjowmm_ws/install/dwb_msgs/include/dwb_msgs/msg/detail/trajectory2_d__type_support.h
[0.604s] -- Up-to-date: /home/student/sjowmm_ws/install/dwb_msgs/include/dwb_msgs/msg/detail/critic_score__type_support.h
[0.604s] -- Up-to-date: /home/student/sjowmm_ws/install/dwb_msgs/include/dwb_msgs/msg/detail/local_plan_evaluation__functions.c
[0.604s] -- Up-to-date: /home/student/sjowmm_ws/install/dwb_msgs/include/dwb_msgs/msg/detail/critic_score__functions.c
[0.604s] -- Up-to-date: /home/student/sjowmm_ws/install/dwb_msgs/include/dwb_msgs/msg/detail/trajectory_score__struct.h
[0.604s] -- Up-to-date: /home/student/sjowmm_ws/install/dwb_msgs/include/dwb_msgs/msg/detail/local_plan_evaluation__functions.h
[0.604s] -- Up-to-date: /home/student/sjowmm_ws/install/dwb_msgs/include/dwb_msgs/msg/detail/trajectory_score__type_support.h
[0.604s] -- Up-to-date: /home/student/sjowmm_ws/install/dwb_msgs/include/dwb_msgs/msg/critic_score.h
[0.604s] -- Up-to-date: /home/student/sjowmm_ws/install/dwb_msgs/include/dwb_msgs/msg/trajectory_score.h
[0.605s] -- Up-to-date: /home/student/sjowmm_ws/install/dwb_msgs/include/dwb_msgs/msg/rosidl_generator_c__visibility_control.h
[0.605s] -- Up-to-date: /home/student/sjowmm_ws/install/dwb_msgs/include/dwb_msgs/msg/trajectory2_d.h
[0.605s] -- Up-to-date: /home/student/sjowmm_ws/install/dwb_msgs/include/dwb_msgs/msg/local_plan_evaluation.h
[0.605s] -- Up-to-date: /home/student/sjowmm_ws/install/dwb_msgs/include/dwb_msgs/srv
[0.605s] -- Up-to-date: /home/student/sjowmm_ws/install/dwb_msgs/include/dwb_msgs/srv/generate_twists.h
[0.605s] -- Up-to-date: /home/student/sjowmm_ws/install/dwb_msgs/include/dwb_msgs/srv/get_critic_score.h
[0.605s] -- Up-to-date: /home/student/sjowmm_ws/install/dwb_msgs/include/dwb_msgs/srv/detail
[0.605s] -- Up-to-date: /home/student/sjowmm_ws/install/dwb_msgs/include/dwb_msgs/srv/detail/generate_trajectory__functions.c
[0.605s] -- Up-to-date: /home/student/sjowmm_ws/install/dwb_msgs/include/dwb_msgs/srv/detail/get_critic_score__functions.h
[0.606s] -- Up-to-date: /home/student/sjowmm_ws/install/dwb_msgs/include/dwb_msgs/srv/detail/get_critic_score__type_support.h
[0.606s] -- Up-to-date: /home/student/sjowmm_ws/install/dwb_msgs/include/dwb_msgs/srv/detail/generate_twists__struct.h
[0.606s] -- Up-to-date: /home/student/sjowmm_ws/install/dwb_msgs/include/dwb_msgs/srv/detail/score_trajectory__struct.h
[0.606s] -- Up-to-date: /home/student/sjowmm_ws/install/dwb_msgs/include/dwb_msgs/srv/detail/get_critic_score__struct.h
[0.606s] -- Up-to-date: /home/student/sjowmm_ws/install/dwb_msgs/include/dwb_msgs/srv/detail/debug_local_plan__type_support.h
[0.606s] -- Up-to-date: /home/student/sjowmm_ws/install/dwb_msgs/include/dwb_msgs/srv/detail/generate_twists__type_support.h
[0.606s] -- Up-to-date: /home/student/sjowmm_ws/install/dwb_msgs/include/dwb_msgs/srv/detail/generate_twists__functions.c
[0.606s] -- Up-to-date: /home/student/sjowmm_ws/install/dwb_msgs/include/dwb_msgs/srv/detail/debug_local_plan__functions.c
[0.607s] -- Up-to-date: /home/student/sjowmm_ws/install/dwb_msgs/include/dwb_msgs/srv/detail/score_trajectory__functions.c
[0.607s] -- Up-to-date: /home/student/sjowmm_ws/install/dwb_msgs/include/dwb_msgs/srv/detail/debug_local_plan__struct.h
[0.607s] -- Up-to-date: /home/student/sjowmm_ws/install/dwb_msgs/include/dwb_msgs/srv/detail/debug_local_plan__functions.h
[0.607s] -- Up-to-date: /home/student/sjowmm_ws/install/dwb_msgs/include/dwb_msgs/srv/detail/score_trajectory__functions.h
[0.607s] -- Up-to-date: /home/student/sjowmm_ws/install/dwb_msgs/include/dwb_msgs/srv/detail/generate_trajectory__type_support.h
[0.607s] -- Up-to-date: /home/student/sjowmm_ws/install/dwb_msgs/include/dwb_msgs/srv/detail/generate_trajectory__functions.h
[0.607s] -- Up-to-date: /home/student/sjowmm_ws/install/dwb_msgs/include/dwb_msgs/srv/detail/score_trajectory__type_support.h
[0.607s] -- Up-to-date: /home/student/sjowmm_ws/install/dwb_msgs/include/dwb_msgs/srv/detail/get_critic_score__functions.c
[0.607s] -- Up-to-date: /home/student/sjowmm_ws/install/dwb_msgs/include/dwb_msgs/srv/detail/generate_trajectory__struct.h
[0.608s] -- Up-to-date: /home/student/sjowmm_ws/install/dwb_msgs/include/dwb_msgs/srv/detail/generate_twists__functions.h
[0.608s] -- Up-to-date: /home/student/sjowmm_ws/install/dwb_msgs/include/dwb_msgs/srv/score_trajectory.h
[0.608s] -- Up-to-date: /home/student/sjowmm_ws/install/dwb_msgs/include/dwb_msgs/srv/generate_trajectory.h
[0.608s] -- Up-to-date: /home/student/sjowmm_ws/install/dwb_msgs/include/dwb_msgs/srv/debug_local_plan.h
[0.608s] -- Up-to-date: /home/student/sjowmm_ws/install/dwb_msgs/share/dwb_msgs/environment/library_path.sh
[0.608s] -- Up-to-date: /home/student/sjowmm_ws/install/dwb_msgs/share/dwb_msgs/environment/library_path.dsv
[0.608s] -- Up-to-date: /home/student/sjowmm_ws/install/dwb_msgs/lib/libdwb_msgs__rosidl_generator_c.so
[0.608s] -- Up-to-date: /home/student/sjowmm_ws/install/dwb_msgs/include/dwb_msgs
[0.608s] -- Up-to-date: /home/student/sjowmm_ws/install/dwb_msgs/include/dwb_msgs/msg
[0.608s] -- Up-to-date: /home/student/sjowmm_ws/install/dwb_msgs/include/dwb_msgs/msg/detail
[0.608s] -- Up-to-date: /home/student/sjowmm_ws/install/dwb_msgs/include/dwb_msgs/msg/detail/trajectory2_d__rosidl_typesupport_fastrtps_c.h
[0.608s] -- Up-to-date: /home/student/sjowmm_ws/install/dwb_msgs/include/dwb_msgs/msg/detail/local_plan_evaluation__rosidl_typesupport_fastrtps_c.h
[0.609s] -- Up-to-date: /home/student/sjowmm_ws/install/dwb_msgs/include/dwb_msgs/msg/detail/critic_score__rosidl_typesupport_fastrtps_c.h
[0.609s] -- Up-to-date: /home/student/sjowmm_ws/install/dwb_msgs/include/dwb_msgs/msg/detail/trajectory_score__rosidl_typesupport_fastrtps_c.h
[0.609s] -- Up-to-date: /home/student/sjowmm_ws/install/dwb_msgs/include/dwb_msgs/msg/rosidl_typesupport_fastrtps_c__visibility_control.h
[0.609s] -- Up-to-date: /home/student/sjowmm_ws/install/dwb_msgs/include/dwb_msgs/srv
[0.609s] -- Up-to-date: /home/student/sjowmm_ws/install/dwb_msgs/include/dwb_msgs/srv/detail
[0.609s] -- Up-to-date: /home/student/sjowmm_ws/install/dwb_msgs/include/dwb_msgs/srv/detail/get_critic_score__rosidl_typesupport_fastrtps_c.h
[0.609s] -- Up-to-date: /home/student/sjowmm_ws/install/dwb_msgs/include/dwb_msgs/srv/detail/generate_trajectory__rosidl_typesupport_fastrtps_c.h
[0.609s] -- Up-to-date: /home/student/sjowmm_ws/install/dwb_msgs/include/dwb_msgs/srv/detail/score_trajectory__rosidl_typesupport_fastrtps_c.h
[0.609s] -- Up-to-date: /home/student/sjowmm_ws/install/dwb_msgs/include/dwb_msgs/srv/detail/debug_local_plan__rosidl_typesupport_fastrtps_c.h
[0.609s] -- Up-to-date: /home/student/sjowmm_ws/install/dwb_msgs/include/dwb_msgs/srv/detail/generate_twists__rosidl_typesupport_fastrtps_c.h
[0.609s] -- Up-to-date: /home/student/sjowmm_ws/install/dwb_msgs/lib/libdwb_msgs__rosidl_typesupport_fastrtps_c.so
[0.609s] -- Up-to-date: /home/student/sjowmm_ws/install/dwb_msgs/include/dwb_msgs
[0.609s] -- Up-to-date: /home/student/sjowmm_ws/install/dwb_msgs/include/dwb_msgs/msg
[0.610s] -- Up-to-date: /home/student/sjowmm_ws/install/dwb_msgs/include/dwb_msgs/msg/rosidl_typesupport_fastrtps_cpp__visibility_control.h
[0.610s] -- Up-to-date: /home/student/sjowmm_ws/install/dwb_msgs/include/dwb_msgs/msg/detail
[0.610s] -- Up-to-date: /home/student/sjowmm_ws/install/dwb_msgs/include/dwb_msgs/msg/detail/dds_fastrtps
[0.610s] -- Up-to-date: /home/student/sjowmm_ws/install/dwb_msgs/include/dwb_msgs/msg/detail/local_plan_evaluation__rosidl_typesupport_fastrtps_cpp.hpp
[0.612s] -- Up-to-date: /home/student/sjowmm_ws/install/dwb_msgs/include/dwb_msgs/msg/detail/trajectory2_d__rosidl_typesupport_fastrtps_cpp.hpp
[0.612s] -- Up-to-date: /home/student/sjowmm_ws/install/dwb_msgs/include/dwb_msgs/msg/detail/critic_score__rosidl_typesupport_fastrtps_cpp.hpp
[0.612s] -- Up-to-date: /home/student/sjowmm_ws/install/dwb_msgs/include/dwb_msgs/msg/detail/trajectory_score__rosidl_typesupport_fastrtps_cpp.hpp
[0.612s] -- Up-to-date: /home/student/sjowmm_ws/install/dwb_msgs/include/dwb_msgs/srv
[0.612s] -- Up-to-date: /home/student/sjowmm_ws/install/dwb_msgs/include/dwb_msgs/srv/detail
[0.613s] -- Up-to-date: /home/student/sjowmm_ws/install/dwb_msgs/include/dwb_msgs/srv/detail/dds_fastrtps
[0.613s] -- Up-to-date: /home/student/sjowmm_ws/install/dwb_msgs/include/dwb_msgs/srv/detail/debug_local_plan__rosidl_typesupport_fastrtps_cpp.hpp
[0.613s] -- Up-to-date: /home/student/sjowmm_ws/install/dwb_msgs/include/dwb_msgs/srv/detail/generate_twists__rosidl_typesupport_fastrtps_cpp.hpp
[0.613s] -- Up-to-date: /home/student/sjowmm_ws/install/dwb_msgs/include/dwb_msgs/srv/detail/score_trajectory__rosidl_typesupport_fastrtps_cpp.hpp
[0.613s] -- Up-to-date: /home/student/sjowmm_ws/install/dwb_msgs/include/dwb_msgs/srv/detail/get_critic_score__rosidl_typesupport_fastrtps_cpp.hpp
[0.613s] -- Up-to-date: /home/student/sjowmm_ws/install/dwb_msgs/include/dwb_msgs/srv/detail/generate_trajectory__rosidl_typesupport_fastrtps_cpp.hpp
[0.613s] -- Up-to-date: /home/student/sjowmm_ws/install/dwb_msgs/lib/libdwb_msgs__rosidl_typesupport_fastrtps_cpp.so
[0.613s] -- Up-to-date: /home/student/sjowmm_ws/install/dwb_msgs/include/dwb_msgs
[0.613s] -- Up-to-date: /home/student/sjowmm_ws/install/dwb_msgs/include/dwb_msgs/msg
[0.613s] -- Up-to-date: /home/student/sjowmm_ws/install/dwb_msgs/include/dwb_msgs/msg/detail
[0.613s] -- Up-to-date: /home/student/sjowmm_ws/install/dwb_msgs/include/dwb_msgs/msg/detail/trajectory_score__rosidl_typesupport_introspection_c.h
[0.614s] -- Up-to-date: /home/student/sjowmm_ws/install/dwb_msgs/include/dwb_msgs/msg/detail/local_plan_evaluation__type_support.c
[0.614s] -- Up-to-date: /home/student/sjowmm_ws/install/dwb_msgs/include/dwb_msgs/msg/detail/trajectory2_d__rosidl_typesupport_introspection_c.h
[0.614s] -- Up-to-date: /home/student/sjowmm_ws/install/dwb_msgs/include/dwb_msgs/msg/detail/trajectory2_d__type_support.c
[0.614s] -- Up-to-date: /home/student/sjowmm_ws/install/dwb_msgs/include/dwb_msgs/msg/detail/critic_score__type_support.c
[0.614s] -- Up-to-date: /home/student/sjowmm_ws/install/dwb_msgs/include/dwb_msgs/msg/detail/trajectory_score__type_support.c
[0.614s] -- Up-to-date: /home/student/sjowmm_ws/install/dwb_msgs/include/dwb_msgs/msg/detail/local_plan_evaluation__rosidl_typesupport_introspection_c.h
[0.614s] -- Up-to-date: /home/student/sjowmm_ws/install/dwb_msgs/include/dwb_msgs/msg/detail/critic_score__rosidl_typesupport_introspection_c.h
[0.614s] -- Up-to-date: /home/student/sjowmm_ws/install/dwb_msgs/include/dwb_msgs/msg/rosidl_typesupport_introspection_c__visibility_control.h
[0.614s] -- Up-to-date: /home/student/sjowmm_ws/install/dwb_msgs/include/dwb_msgs/srv
[0.615s] -- Up-to-date: /home/student/sjowmm_ws/install/dwb_msgs/include/dwb_msgs/srv/detail
[0.615s] -- Up-to-date: /home/student/sjowmm_ws/install/dwb_msgs/include/dwb_msgs/srv/detail/score_trajectory__type_support.c
[0.615s] -- Up-to-date: /home/student/sjowmm_ws/install/dwb_msgs/include/dwb_msgs/srv/detail/score_trajectory__rosidl_typesupport_introspection_c.h
[0.615s] -- Up-to-date: /home/student/sjowmm_ws/install/dwb_msgs/include/dwb_msgs/srv/detail/debug_local_plan__type_support.c
[0.615s] -- Up-to-date: /home/student/sjowmm_ws/install/dwb_msgs/include/dwb_msgs/srv/detail/generate_twists__rosidl_typesupport_introspection_c.h
[0.615s] -- Up-to-date: /home/student/sjowmm_ws/install/dwb_msgs/include/dwb_msgs/srv/detail/generate_trajectory__rosidl_typesupport_introspection_c.h
[0.616s] -- Up-to-date: /home/student/sjowmm_ws/install/dwb_msgs/include/dwb_msgs/srv/detail/generate_trajectory__type_support.c
[0.616s] -- Up-to-date: /home/student/sjowmm_ws/install/dwb_msgs/include/dwb_msgs/srv/detail/generate_twists__type_support.c
[0.616s] -- Up-to-date: /home/student/sjowmm_ws/install/dwb_msgs/include/dwb_msgs/srv/detail/get_critic_score__rosidl_typesupport_introspection_c.h
[0.616s] -- Up-to-date: /home/student/sjowmm_ws/install/dwb_msgs/include/dwb_msgs/srv/detail/debug_local_plan__rosidl_typesupport_introspection_c.h
[0.616s] -- Up-to-date: /home/student/sjowmm_ws/install/dwb_msgs/include/dwb_msgs/srv/detail/get_critic_score__type_support.c
[0.616s] -- Up-to-date: /home/student/sjowmm_ws/install/dwb_msgs/lib/libdwb_msgs__rosidl_typesupport_introspection_c.so
[0.616s] -- Up-to-date: /home/student/sjowmm_ws/install/dwb_msgs/lib/libdwb_msgs__rosidl_typesupport_c.so
[0.617s] -- Up-to-date: /home/student/sjowmm_ws/install/dwb_msgs/include/dwb_msgs
[0.617s] -- Up-to-date: /home/student/sjowmm_ws/install/dwb_msgs/include/dwb_msgs/msg
[0.617s] -- Up-to-date: /home/student/sjowmm_ws/install/dwb_msgs/include/dwb_msgs/msg/detail
[0.617s] -- Up-to-date: /home/student/sjowmm_ws/install/dwb_msgs/include/dwb_msgs/msg/detail/local_plan_evaluation__struct.hpp
[0.617s] -- Up-to-date: /home/student/sjowmm_ws/install/dwb_msgs/include/dwb_msgs/msg/detail/trajectory_score__struct.hpp
[0.617s] -- Up-to-date: /home/student/sjowmm_ws/install/dwb_msgs/include/dwb_msgs/msg/detail/local_plan_evaluation__builder.hpp
[0.617s] -- Up-to-date: /home/student/sjowmm_ws/install/dwb_msgs/include/dwb_msgs/msg/detail/local_plan_evaluation__traits.hpp
[0.617s] -- Up-to-date: /home/student/sjowmm_ws/install/dwb_msgs/include/dwb_msgs/msg/detail/critic_score__traits.hpp
[0.618s] -- Up-to-date: /home/student/sjowmm_ws/install/dwb_msgs/include/dwb_msgs/msg/detail/trajectory2_d__struct.hpp
[0.618s] -- Up-to-date: /home/student/sjowmm_ws/install/dwb_msgs/include/dwb_msgs/msg/detail/trajectory_score__builder.hpp
[0.618s] -- Up-to-date: /home/student/sjowmm_ws/install/dwb_msgs/include/dwb_msgs/msg/detail/critic_score__struct.hpp
[0.619s] -- Up-to-date: /home/student/sjowmm_ws/install/dwb_msgs/include/dwb_msgs/msg/detail/trajectory2_d__builder.hpp
[0.619s] -- Up-to-date: /home/student/sjowmm_ws/install/dwb_msgs/include/dwb_msgs/msg/detail/trajectory2_d__traits.hpp
[0.619s] -- Up-to-date: /home/student/sjowmm_ws/install/dwb_msgs/include/dwb_msgs/msg/detail/trajectory_score__traits.hpp
[0.619s] -- Up-to-date: /home/student/sjowmm_ws/install/dwb_msgs/include/dwb_msgs/msg/detail/critic_score__builder.hpp
[0.619s] -- Up-to-date: /home/student/sjowmm_ws/install/dwb_msgs/include/dwb_msgs/msg/local_plan_evaluation.hpp
[0.619s] -- Up-to-date: /home/student/sjowmm_ws/install/dwb_msgs/include/dwb_msgs/msg/critic_score.hpp
[0.619s] -- Up-to-date: /home/student/sjowmm_ws/install/dwb_msgs/include/dwb_msgs/msg/trajectory_score.hpp
[0.619s] -- Up-to-date: /home/student/sjowmm_ws/install/dwb_msgs/include/dwb_msgs/msg/trajectory2_d.hpp
[0.620s] -- Up-to-date: /home/student/sjowmm_ws/install/dwb_msgs/include/dwb_msgs/srv
[0.620s] -- Up-to-date: /home/student/sjowmm_ws/install/dwb_msgs/include/dwb_msgs/srv/detail
[0.620s] -- Up-to-date: /home/student/sjowmm_ws/install/dwb_msgs/include/dwb_msgs/srv/detail/score_trajectory__traits.hpp
[0.620s] -- Up-to-date: /home/student/sjowmm_ws/install/dwb_msgs/include/dwb_msgs/srv/detail/debug_local_plan__builder.hpp
[0.620s] -- Up-to-date: /home/student/sjowmm_ws/install/dwb_msgs/include/dwb_msgs/srv/detail/generate_trajectory__traits.hpp
[0.620s] -- Up-to-date: /home/student/sjowmm_ws/install/dwb_msgs/include/dwb_msgs/srv/detail/get_critic_score__builder.hpp
[0.620s] -- Up-to-date: /home/student/sjowmm_ws/install/dwb_msgs/include/dwb_msgs/srv/detail/generate_twists__struct.hpp
[0.620s] -- Up-to-date: /home/student/sjowmm_ws/install/dwb_msgs/include/dwb_msgs/srv/detail/generate_trajectory__builder.hpp
[0.620s] -- Up-to-date: /home/student/sjowmm_ws/install/dwb_msgs/include/dwb_msgs/srv/detail/score_trajectory__builder.hpp
[0.620s] -- Up-to-date: /home/student/sjowmm_ws/install/dwb_msgs/include/dwb_msgs/srv/detail/generate_twists__builder.hpp
[0.620s] -- Up-to-date: /home/student/sjowmm_ws/install/dwb_msgs/include/dwb_msgs/srv/detail/get_critic_score__struct.hpp
[0.620s] -- Up-to-date: /home/student/sjowmm_ws/install/dwb_msgs/include/dwb_msgs/srv/detail/get_critic_score__traits.hpp
[0.620s] -- Up-to-date: /home/student/sjowmm_ws/install/dwb_msgs/include/dwb_msgs/srv/detail/debug_local_plan__struct.hpp
[0.620s] -- Up-to-date: /home/student/sjowmm_ws/install/dwb_msgs/include/dwb_msgs/srv/detail/score_trajectory__struct.hpp
[0.620s] -- Up-to-date: /home/student/sjowmm_ws/install/dwb_msgs/include/dwb_msgs/srv/detail/generate_trajectory__struct.hpp
[0.620s] -- Up-to-date: /home/student/sjowmm_ws/install/dwb_msgs/include/dwb_msgs/srv/detail/debug_local_plan__traits.hpp
[0.620s] -- Up-to-date: /home/student/sjowmm_ws/install/dwb_msgs/include/dwb_msgs/srv/detail/generate_twists__traits.hpp
[0.621s] -- Up-to-date: /home/student/sjowmm_ws/install/dwb_msgs/include/dwb_msgs/srv/generate_trajectory.hpp
[0.621s] -- Up-to-date: /home/student/sjowmm_ws/install/dwb_msgs/include/dwb_msgs/srv/score_trajectory.hpp
[0.621s] -- Up-to-date: /home/student/sjowmm_ws/install/dwb_msgs/include/dwb_msgs/srv/get_critic_score.hpp
[0.621s] -- Up-to-date: /home/student/sjowmm_ws/install/dwb_msgs/include/dwb_msgs/srv/debug_local_plan.hpp
[0.621s] -- Up-to-date: /home/student/sjowmm_ws/install/dwb_msgs/include/dwb_msgs/srv/generate_twists.hpp
[0.621s] -- Up-to-date: /home/student/sjowmm_ws/install/dwb_msgs/include/dwb_msgs
[0.621s] -- Up-to-date: /home/student/sjowmm_ws/install/dwb_msgs/include/dwb_msgs/msg
[0.621s] -- Up-to-date: /home/student/sjowmm_ws/install/dwb_msgs/include/dwb_msgs/msg/detail
[0.621s] -- Up-to-date: /home/student/sjowmm_ws/install/dwb_msgs/include/dwb_msgs/msg/detail/local_plan_evaluation__type_support.cpp
[0.621s] -- Up-to-date: /home/student/sjowmm_ws/install/dwb_msgs/include/dwb_msgs/msg/detail/trajectory2_d__rosidl_typesupport_introspection_cpp.hpp
[0.621s] -- Up-to-date: /home/student/sjowmm_ws/install/dwb_msgs/include/dwb_msgs/msg/detail/trajectory_score__rosidl_typesupport_introspection_cpp.hpp
[0.621s] -- Up-to-date: /home/student/sjowmm_ws/install/dwb_msgs/include/dwb_msgs/msg/detail/trajectory_score__type_support.cpp
[0.621s] -- Up-to-date: /home/student/sjowmm_ws/install/dwb_msgs/include/dwb_msgs/msg/detail/critic_score__rosidl_typesupport_introspection_cpp.hpp
[0.621s] -- Up-to-date: /home/student/sjowmm_ws/install/dwb_msgs/include/dwb_msgs/msg/detail/critic_score__type_support.cpp
[0.621s] -- Up-to-date: /home/student/sjowmm_ws/install/dwb_msgs/include/dwb_msgs/msg/detail/trajectory2_d__type_support.cpp
[0.621s] -- Up-to-date: /home/student/sjowmm_ws/install/dwb_msgs/include/dwb_msgs/msg/detail/local_plan_evaluation__rosidl_typesupport_introspection_cpp.hpp
[0.621s] -- Up-to-date: /home/student/sjowmm_ws/install/dwb_msgs/include/dwb_msgs/srv
[0.621s] -- Up-to-date: /home/student/sjowmm_ws/install/dwb_msgs/include/dwb_msgs/srv/detail
[0.622s] -- Up-to-date: /home/student/sjowmm_ws/install/dwb_msgs/include/dwb_msgs/srv/detail/score_trajectory__rosidl_typesupport_introspection_cpp.hpp
[0.622s] -- Up-to-date: /home/student/sjowmm_ws/install/dwb_msgs/include/dwb_msgs/srv/detail/generate_twists__type_support.cpp
[0.622s] -- Up-to-date: /home/student/sjowmm_ws/install/dwb_msgs/include/dwb_msgs/srv/detail/generate_twists__rosidl_typesupport_introspection_cpp.hpp
[0.622s] -- Up-to-date: /home/student/sjowmm_ws/install/dwb_msgs/include/dwb_msgs/srv/detail/debug_local_plan__type_support.cpp
[0.622s] -- Up-to-date: /home/student/sjowmm_ws/install/dwb_msgs/include/dwb_msgs/srv/detail/get_critic_score__rosidl_typesupport_introspection_cpp.hpp
[0.622s] -- Up-to-date: /home/student/sjowmm_ws/install/dwb_msgs/include/dwb_msgs/srv/detail/score_trajectory__type_support.cpp
[0.622s] -- Up-to-date: /home/student/sjowmm_ws/install/dwb_msgs/include/dwb_msgs/srv/detail/generate_trajectory__rosidl_typesupport_introspection_cpp.hpp
[0.622s] -- Up-to-date: /home/student/sjowmm_ws/install/dwb_msgs/include/dwb_msgs/srv/detail/generate_trajectory__type_support.cpp
[0.622s] -- Up-to-date: /home/student/sjowmm_ws/install/dwb_msgs/include/dwb_msgs/srv/detail/get_critic_score__type_support.cpp
[0.622s] -- Up-to-date: /home/student/sjowmm_ws/install/dwb_msgs/include/dwb_msgs/srv/detail/debug_local_plan__rosidl_typesupport_introspection_cpp.hpp
[0.622s] -- Up-to-date: /home/student/sjowmm_ws/install/dwb_msgs/lib/libdwb_msgs__rosidl_typesupport_introspection_cpp.so
[0.622s] -- Up-to-date: /home/student/sjowmm_ws/install/dwb_msgs/lib/libdwb_msgs__rosidl_typesupport_cpp.so
[0.622s] -- Up-to-date: /home/student/sjowmm_ws/install/dwb_msgs/share/dwb_msgs/environment/pythonpath.sh
[0.622s] -- Up-to-date: /home/student/sjowmm_ws/install/dwb_msgs/share/dwb_msgs/environment/pythonpath.dsv
[0.622s] -- Up-to-date: /home/student/sjowmm_ws/install/dwb_msgs/lib/python3.8/site-packages/dwb_msgs/__init__.py
[0.642s] -- Up-to-date: /home/student/sjowmm_ws/install/dwb_msgs/lib/python3.8/site-packages/dwb_msgs/msg
[0.642s] -- Up-to-date: /home/student/sjowmm_ws/install/dwb_msgs/lib/python3.8/site-packages/dwb_msgs/msg/_critic_score_s.c
[0.642s] -- Up-to-date: /home/student/sjowmm_ws/install/dwb_msgs/lib/python3.8/site-packages/dwb_msgs/msg/_local_plan_evaluation.py
[0.642s] -- Up-to-date: /home/student/sjowmm_ws/install/dwb_msgs/lib/python3.8/site-packages/dwb_msgs/msg/_trajectory2_d_s.c
[0.642s] -- Up-to-date: /home/student/sjowmm_ws/install/dwb_msgs/lib/python3.8/site-packages/dwb_msgs/msg/_trajectory_score.py
[0.642s] -- Up-to-date: /home/student/sjowmm_ws/install/dwb_msgs/lib/python3.8/site-packages/dwb_msgs/msg/_trajectory_score_s.c
[0.642s] -- Up-to-date: /home/student/sjowmm_ws/install/dwb_msgs/lib/python3.8/site-packages/dwb_msgs/msg/_critic_score.py
[0.643s] -- Up-to-date: /home/student/sjowmm_ws/install/dwb_msgs/lib/python3.8/site-packages/dwb_msgs/msg/_local_plan_evaluation_s.c
[0.643s] -- Up-to-date: /home/student/sjowmm_ws/install/dwb_msgs/lib/python3.8/site-packages/dwb_msgs/msg/_trajectory2_d.py
[0.643s] -- Up-to-date: /home/student/sjowmm_ws/install/dwb_msgs/lib/python3.8/site-packages/dwb_msgs/msg/__init__.py
[0.643s] -- Up-to-date: /home/student/sjowmm_ws/install/dwb_msgs/lib/python3.8/site-packages/dwb_msgs/srv
[0.643s] -- Up-to-date: /home/student/sjowmm_ws/install/dwb_msgs/lib/python3.8/site-packages/dwb_msgs/srv/_score_trajectory_s.c
[0.643s] -- Up-to-date: /home/student/sjowmm_ws/install/dwb_msgs/lib/python3.8/site-packages/dwb_msgs/srv/_generate_trajectory.py
[0.643s] -- Up-to-date: /home/student/sjowmm_ws/install/dwb_msgs/lib/python3.8/site-packages/dwb_msgs/srv/_generate_trajectory_s.c
[0.643s] -- Up-to-date: /home/student/sjowmm_ws/install/dwb_msgs/lib/python3.8/site-packages/dwb_msgs/srv/_debug_local_plan.py
[0.643s] -- Up-to-date: /home/student/sjowmm_ws/install/dwb_msgs/lib/python3.8/site-packages/dwb_msgs/srv/_generate_twists.py
[0.643s] -- Up-to-date: /home/student/sjowmm_ws/install/dwb_msgs/lib/python3.8/site-packages/dwb_msgs/srv/_get_critic_score_s.c
[0.643s] -- Up-to-date: /home/student/sjowmm_ws/install/dwb_msgs/lib/python3.8/site-packages/dwb_msgs/srv/_get_critic_score.py
[0.643s] -- Up-to-date: /home/student/sjowmm_ws/install/dwb_msgs/lib/python3.8/site-packages/dwb_msgs/srv/_generate_twists_s.c
[0.643s] -- Up-to-date: /home/student/sjowmm_ws/install/dwb_msgs/lib/python3.8/site-packages/dwb_msgs/srv/_debug_local_plan_s.c
[0.644s] -- Up-to-date: /home/student/sjowmm_ws/install/dwb_msgs/lib/python3.8/site-packages/dwb_msgs/srv/_score_trajectory.py
[0.644s] -- Up-to-date: /home/student/sjowmm_ws/install/dwb_msgs/lib/python3.8/site-packages/dwb_msgs/srv/__init__.py
[0.644s] -- Up-to-date: /home/student/sjowmm_ws/install/dwb_msgs/lib/python3.8/site-packages/dwb_msgs/dwb_msgs_s__rosidl_typesupport_fastrtps_c.cpython-38-x86_64-linux-gnu.so
[0.644s] -- Up-to-date: /home/student/sjowmm_ws/install/dwb_msgs/lib/python3.8/site-packages/dwb_msgs/dwb_msgs_s__rosidl_typesupport_introspection_c.cpython-38-x86_64-linux-gnu.so
[0.644s] -- Up-to-date: /home/student/sjowmm_ws/install/dwb_msgs/lib/python3.8/site-packages/dwb_msgs/dwb_msgs_s__rosidl_typesupport_c.cpython-38-x86_64-linux-gnu.so
[0.644s] -- Up-to-date: /home/student/sjowmm_ws/install/dwb_msgs/lib/libdwb_msgs__python.so
[0.644s] -- Up-to-date: /home/student/sjowmm_ws/install/dwb_msgs/share/dwb_msgs/msg/CriticScore.idl
[0.644s] -- Up-to-date: /home/student/sjowmm_ws/install/dwb_msgs/share/dwb_msgs/msg/LocalPlanEvaluation.idl
[0.644s] -- Up-to-date: /home/student/sjowmm_ws/install/dwb_msgs/share/dwb_msgs/msg/Trajectory2D.idl
[0.644s] -- Up-to-date: /home/student/sjowmm_ws/install/dwb_msgs/share/dwb_msgs/msg/TrajectoryScore.idl
[0.644s] -- Up-to-date: /home/student/sjowmm_ws/install/dwb_msgs/share/dwb_msgs/srv/DebugLocalPlan.idl
[0.644s] -- Up-to-date: /home/student/sjowmm_ws/install/dwb_msgs/share/dwb_msgs/srv/GenerateTrajectory.idl
[0.645s] -- Up-to-date: /home/student/sjowmm_ws/install/dwb_msgs/share/dwb_msgs/srv/GenerateTwists.idl
[0.645s] -- Up-to-date: /home/student/sjowmm_ws/install/dwb_msgs/share/dwb_msgs/srv/GetCriticScore.idl
[0.645s] -- Up-to-date: /home/student/sjowmm_ws/install/dwb_msgs/share/dwb_msgs/srv/ScoreTrajectory.idl
[0.645s] -- Up-to-date: /home/student/sjowmm_ws/install/dwb_msgs/share/dwb_msgs/msg/CriticScore.msg
[0.645s] -- Up-to-date: /home/student/sjowmm_ws/install/dwb_msgs/share/dwb_msgs/msg/LocalPlanEvaluation.msg
[0.645s] -- Up-to-date: /home/student/sjowmm_ws/install/dwb_msgs/share/dwb_msgs/msg/Trajectory2D.msg
[0.645s] -- Up-to-date: /home/student/sjowmm_ws/install/dwb_msgs/share/dwb_msgs/msg/TrajectoryScore.msg
[0.645s] -- Up-to-date: /home/student/sjowmm_ws/install/dwb_msgs/share/dwb_msgs/srv/DebugLocalPlan.srv
[0.645s] -- Up-to-date: /home/student/sjowmm_ws/install/dwb_msgs/share/dwb_msgs/srv/DebugLocalPlan_Request.msg
[0.645s] -- Up-to-date: /home/student/sjowmm_ws/install/dwb_msgs/share/dwb_msgs/srv/DebugLocalPlan_Response.msg
[0.645s] -- Up-to-date: /home/student/sjowmm_ws/install/dwb_msgs/share/dwb_msgs/srv/GenerateTrajectory.srv
[0.646s] -- Up-to-date: /home/student/sjowmm_ws/install/dwb_msgs/share/dwb_msgs/srv/GenerateTrajectory_Request.msg
[0.646s] -- Up-to-date: /home/student/sjowmm_ws/install/dwb_msgs/share/dwb_msgs/srv/GenerateTrajectory_Response.msg
[0.646s] -- Up-to-date: /home/student/sjowmm_ws/install/dwb_msgs/share/dwb_msgs/srv/GenerateTwists.srv
[0.646s] -- Up-to-date: /home/student/sjowmm_ws/install/dwb_msgs/share/dwb_msgs/srv/GenerateTwists_Request.msg
[0.646s] -- Up-to-date: /home/student/sjowmm_ws/install/dwb_msgs/share/dwb_msgs/srv/GenerateTwists_Response.msg
[0.646s] -- Up-to-date: /home/student/sjowmm_ws/install/dwb_msgs/share/dwb_msgs/srv/GetCriticScore.srv
[0.646s] -- Up-to-date: /home/student/sjowmm_ws/install/dwb_msgs/share/dwb_msgs/srv/GetCriticScore_Request.msg
[0.646s] -- Up-to-date: /home/student/sjowmm_ws/install/dwb_msgs/share/dwb_msgs/srv/GetCriticScore_Response.msg
[0.646s] -- Up-to-date: /home/student/sjowmm_ws/install/dwb_msgs/share/dwb_msgs/srv/ScoreTrajectory.srv
[0.646s] -- Up-to-date: /home/student/sjowmm_ws/install/dwb_msgs/share/dwb_msgs/srv/ScoreTrajectory_Request.msg
[0.646s] -- Up-to-date: /home/student/sjowmm_ws/install/dwb_msgs/share/dwb_msgs/srv/ScoreTrajectory_Response.msg
[0.646s] -- Up-to-date: /home/student/sjowmm_ws/install/dwb_msgs/share/ament_index/resource_index/package_run_dependencies/dwb_msgs
[0.647s] -- Up-to-date: /home/student/sjowmm_ws/install/dwb_msgs/share/ament_index/resource_index/parent_prefix_path/dwb_msgs
[0.647s] -- Up-to-date: /home/student/sjowmm_ws/install/dwb_msgs/share/dwb_msgs/environment/ament_prefix_path.sh
[0.647s] -- Up-to-date: /home/student/sjowmm_ws/install/dwb_msgs/share/dwb_msgs/environment/ament_prefix_path.dsv
[0.647s] -- Up-to-date: /home/student/sjowmm_ws/install/dwb_msgs/share/dwb_msgs/environment/path.sh
[0.647s] -- Up-to-date: /home/student/sjowmm_ws/install/dwb_msgs/share/dwb_msgs/environment/path.dsv
[0.647s] -- Up-to-date: /home/student/sjowmm_ws/install/dwb_msgs/share/dwb_msgs/local_setup.bash
[0.647s] -- Up-to-date: /home/student/sjowmm_ws/install/dwb_msgs/share/dwb_msgs/local_setup.sh
[0.647s] -- Up-to-date: /home/student/sjowmm_ws/install/dwb_msgs/share/dwb_msgs/local_setup.zsh
[0.647s] -- Up-to-date: /home/student/sjowmm_ws/install/dwb_msgs/share/dwb_msgs/local_setup.dsv
[0.647s] -- Installing: /home/student/sjowmm_ws/install/dwb_msgs/share/dwb_msgs/package.dsv
[0.647s] -- Up-to-date: /home/student/sjowmm_ws/install/dwb_msgs/share/ament_index/resource_index/packages/dwb_msgs
[0.647s] -- Up-to-date: /home/student/sjowmm_ws/install/dwb_msgs/share/dwb_msgs/cmake/dwb_msgs__rosidl_generator_cExport.cmake
[0.647s] -- Up-to-date: /home/student/sjowmm_ws/install/dwb_msgs/share/dwb_msgs/cmake/dwb_msgs__rosidl_generator_cExport-noconfig.cmake
[0.647s] -- Up-to-date: /home/student/sjowmm_ws/install/dwb_msgs/share/dwb_msgs/cmake/dwb_msgs__rosidl_typesupport_introspection_cExport.cmake
[0.648s] -- Up-to-date: /home/student/sjowmm_ws/install/dwb_msgs/share/dwb_msgs/cmake/dwb_msgs__rosidl_typesupport_introspection_cExport-noconfig.cmake
[0.648s] -- Up-to-date: /home/student/sjowmm_ws/install/dwb_msgs/share/dwb_msgs/cmake/dwb_msgs__rosidl_typesupport_cExport.cmake
[0.648s] -- Up-to-date: /home/student/sjowmm_ws/install/dwb_msgs/share/dwb_msgs/cmake/dwb_msgs__rosidl_typesupport_cExport-noconfig.cmake
[0.648s] -- Up-to-date: /home/student/sjowmm_ws/install/dwb_msgs/share/dwb_msgs/cmake/dwb_msgs__rosidl_generator_cppExport.cmake
[0.648s] -- Up-to-date: /home/student/sjowmm_ws/install/dwb_msgs/share/dwb_msgs/cmake/dwb_msgs__rosidl_typesupport_introspection_cppExport.cmake
[0.648s] -- Up-to-date: /home/student/sjowmm_ws/install/dwb_msgs/share/dwb_msgs/cmake/dwb_msgs__rosidl_typesupport_introspection_cppExport-noconfig.cmake
[0.648s] -- Up-to-date: /home/student/sjowmm_ws/install/dwb_msgs/share/dwb_msgs/cmake/dwb_msgs__rosidl_typesupport_cppExport.cmake
[0.648s] -- Up-to-date: /home/student/sjowmm_ws/install/dwb_msgs/share/dwb_msgs/cmake/dwb_msgs__rosidl_typesupport_cppExport-noconfig.cmake
[0.648s] -- Up-to-date: /home/student/sjowmm_ws/install/dwb_msgs/share/dwb_msgs/cmake/rosidl_cmake-extras.cmake
[0.648s] -- Up-to-date: /home/student/sjowmm_ws/install/dwb_msgs/share/dwb_msgs/cmake/ament_cmake_export_dependencies-extras.cmake
[0.648s] -- Up-to-date: /home/student/sjowmm_ws/install/dwb_msgs/share/dwb_msgs/cmake/ament_cmake_export_libraries-extras.cmake
[0.648s] -- Up-to-date: /home/student/sjowmm_ws/install/dwb_msgs/share/dwb_msgs/cmake/ament_cmake_export_targets-extras.cmake
[0.648s] -- Up-to-date: /home/student/sjowmm_ws/install/dwb_msgs/share/dwb_msgs/cmake/ament_cmake_export_include_directories-extras.cmake
[0.649s] -- Up-to-date: /home/student/sjowmm_ws/install/dwb_msgs/share/dwb_msgs/cmake/rosidl_cmake_export_typesupport_libraries-extras.cmake
[0.649s] -- Up-to-date: /home/student/sjowmm_ws/install/dwb_msgs/share/dwb_msgs/cmake/rosidl_cmake_export_typesupport_targets-extras.cmake
[0.649s] -- Up-to-date: /home/student/sjowmm_ws/install/dwb_msgs/share/dwb_msgs/cmake/dwb_msgsConfig.cmake
[0.649s] -- Up-to-date: /home/student/sjowmm_ws/install/dwb_msgs/share/dwb_msgs/cmake/dwb_msgsConfig-version.cmake
[0.649s] -- Up-to-date: /home/student/sjowmm_ws/install/dwb_msgs/share/dwb_msgs/package.xml
[0.677s] Invoked command in '/home/student/sjowmm_ws/build/dwb_msgs' returned '0': CMAKE_PREFIX_PATH=/home/student/sjowmm_ws/install/nav_2d_msgs:/home/student/sjowmm_ws/install/turtlebot3:/home/student/sjowmm_ws/install/turtlebot3_simulations:/home/student/sjowmm_ws/install/turtlebot3_bringup:/home/student/sjowmm_ws/install/turtlebot3_node:/home/student/sjowmm_ws/install/turtlebot3_navigation2:/home/student/sjowmm_ws/install/turtlebot3_gazebo:/home/student/sjowmm_ws/install/turtlebot3_fake_node:/home/student/sjowmm_ws/install/turtlebot3_description:/home/student/sjowmm_ws/install/turtlebot3_cartographer:/home/student/sjowmm_ws/install/nav2_system_tests:/home/student/sjowmm_ws/install/nav2_bringup:/home/student/sjowmm_ws/install/navigation2:/home/student/sjowmm_ws/install/smac_planner:/home/student/sjowmm_ws/install/nav2_dwb_controller:/home/student/sjowmm_ws/install/nav2_controller:/home/student/sjowmm_ws/install/dwb_plugins:/home/student/sjowmm_ws/install/dwb_critics:/home/student/sjowmm_ws/install/dwb_core:/home/student/sjowmm_ws/install/nav_2d_utils:/home/student/sjowmm_ws/install/dwb_msgs:/home/student/sjowmm_ws/install/nav2_waypoint_follower:/home/student/sjowmm_ws/install/nav2_regulated_pure_pursuit_controller:/home/student/sjowmm_ws/install/nav2_recoveries:/home/student/sjowmm_ws/install/nav2_planner:/home/student/sjowmm_ws/install/nav2_navfn_planner:/home/student/sjowmm_ws/install/nav2_core:/home/student/sjowmm_ws/install/costmap_queue:/home/student/sjowmm_ws/install/nav2_costmap_2d:/home/student/sjowmm_ws/install/nav2_voxel_grid:/home/student/sjowmm_ws/install/nav2_rviz_plugins:/home/student/sjowmm_ws/install/nav2_map_server:/home/student/sjowmm_ws/install/nav2_lifecycle_manager:/home/student/sjowmm_ws/install/nav2_bt_navigator:/home/student/sjowmm_ws/install/nav2_behavior_tree:/home/student/sjowmm_ws/install/nav2_amcl:/home/student/sjowmm_ws/install/nav2_util:/home/student/sjowmm_ws/install/nav2_msgs:/home/student/sjowmm_ws/install/nav2_common:/home/student/sjowmm_ws/install/turtlebot3_teleop:/home/student/sjowmm_ws/install/turtlebot3_example:/home/student/sjowmm_ws/install/simulation:/home/student/sjowmm_ws/install/path_projection:/home/student/sjowmm_ws/install/nav2_gazebo_spawner:/home/student/sjowmm_ws/install/green_turtle:/home/student/sjowmm_ws/install/dede:/opt/ros/foxy LD_LIBRARY_PATH=/home/student/sjowmm_ws/install/nav_2d_msgs/lib:/home/student/sjowmm_ws/install/smac_planner/lib:/home/student/sjowmm_ws/install/nav2_controller/lib:/home/student/sjowmm_ws/install/dwb_plugins/lib:/home/student/sjowmm_ws/install/dwb_critics/lib:/home/student/sjowmm_ws/install/dwb_core/lib:/home/student/sjowmm_ws/install/nav_2d_utils/lib:/home/student/sjowmm_ws/install/dwb_msgs/lib:/home/student/sjowmm_ws/install/nav2_waypoint_follower/lib:/home/student/sjowmm_ws/install/nav2_regulated_pure_pursuit_controller/lib:/home/student/sjowmm_ws/install/nav2_recoveries/lib:/home/student/sjowmm_ws/install/nav2_planner/lib:/home/student/sjowmm_ws/install/nav2_navfn_planner/lib:/home/student/sjowmm_ws/install/costmap_queue/lib:/home/student/sjowmm_ws/install/nav2_costmap_2d/lib:/home/student/sjowmm_ws/install/nav2_voxel_grid/lib:/home/student/sjowmm_ws/install/nav2_rviz_plugins/lib:/home/student/sjowmm_ws/install/nav2_map_server/lib:/home/student/sjowmm_ws/install/nav2_lifecycle_manager/lib:/home/student/sjowmm_ws/install/nav2_bt_navigator/lib:/home/student/sjowmm_ws/install/nav2_behavior_tree/lib:/home/student/sjowmm_ws/install/nav2_amcl/lib:/home/student/sjowmm_ws/install/nav2_util/lib:/home/student/sjowmm_ws/install/nav2_msgs/lib:/usr/lib/x86_64-linux-gnu/gazebo-11/plugins:/opt/ros/foxy/opt/yaml_cpp_vendor/lib:/opt/ros/foxy/opt/rviz_ogre_vendor/lib:/opt/ros/foxy/lib/x86_64-linux-gnu:/opt/ros/foxy/lib PYTHONPATH=/home/student/sjowmm_ws/install/nav_2d_msgs/lib/python3.8/site-packages:/home/student/sjowmm_ws/install/turtlebot3_teleop/lib/python3.8/site-packages:/home/student/sjowmm_ws/install/turtlebot3_example/lib/python3.8/site-packages:/home/student/sjowmm_ws/install/simulation/lib/python3.8/site-packages:/home/student/sjowmm_ws/install/path_projection/lib/python3.8/site-packages:/home/student/sjowmm_ws/install/dwb_msgs/lib/python3.8/site-packages:/home/student/sjowmm_ws/install/nav2_msgs/lib/python3.8/site-packages:/home/student/sjowmm_ws/install/nav2_gazebo_spawner/lib/python3.8/site-packages:/home/student/sjowmm_ws/install/nav2_common/lib/python3.8/site-packages:/home/student/sjowmm_ws/install/green_turtle/lib/python3.8/site-packages:/home/student/sjowmm_ws/install/dede/lib/python3.8/site-packages:/opt/ros/foxy/lib/python3.8/site-packages /usr/bin/cmake --install /home/student/sjowmm_ws/build/dwb_msgs
