running egg_info
writing ../../build/simulation/simulation.egg-info/PKG-INFO
writing dependency_links to ../../build/simulation/simulation.egg-info/dependency_links.txt
writing entry points to ../../build/simulation/simulation.egg-info/entry_points.txt
writing requirements to ../../build/simulation/simulation.egg-info/requires.txt
writing top-level names to ../../build/simulation/simulation.egg-info/top_level.txt
reading manifest file '../../build/simulation/simulation.egg-info/SOURCES.txt'
writing manifest file '../../build/simulation/simulation.egg-info/SOURCES.txt'
running build
running build_py
running install
running install_lib
running install_data
copying launch/sim_launch.py -> /home/student/sjowmm_ws/install/simulation/share/simulation/launch
copying launch/spawn_launch.py -> /home/student/sjowmm_ws/install/simulation/share/simulation/launch
copying launch/spawn_robot_launch.py -> /home/student/sjowmm_ws/install/simulation/share/simulation/launch
copying worlds/waffle_pi.model -> /home/student/sjowmm_ws/install/simulation/share/simulation/worlds
creating /home/student/sjowmm_ws/install/simulation/share/simulation/models
copying models/model.sdf -> /home/student/sjowmm_ws/install/simulation/share/simulation/models
copying models/model.config -> /home/student/sjowmm_ws/install/simulation/share/simulation/models
copying models/turtlebot3_burger/meshes/tire.dae -> /home/student/sjowmm_ws/install/simulation/share/simulation/models
copying models/turtlebot3_burger/meshes/lds.dae -> /home/student/sjowmm_ws/install/simulation/share/simulation/models
copying models/turtlebot3_burger/meshes/burger_base.dae -> /home/student/sjowmm_ws/install/simulation/share/simulation/models
copying models/turtlebot3_burger/model-1_4.sdf -> /home/student/sjowmm_ws/install/simulation/share/simulation/models
creating /home/student/sjowmm_ws/install/simulation/share/simulation/urdf
copying urdf/turtlebot3_burger.urdf -> /home/student/sjowmm_ws/install/simulation/share/simulation/urdf
copying urdf/turtlebot3_waffle_pi.urdf -> /home/student/sjowmm_ws/install/simulation/share/simulation/urdf
running install_egg_info
removing '/home/student/sjowmm_ws/install/simulation/lib/python3.8/site-packages/simulation-0.0.0-py3.8.egg-info' (and everything under it)
Copying ../../build/simulation/simulation.egg-info to /home/student/sjowmm_ws/install/simulation/lib/python3.8/site-packages/simulation-0.0.0-py3.8.egg-info
running install_scripts
Installing spawn_robot_srv script to /home/student/sjowmm_ws/install/simulation/lib/simulation
writing list of installed files to '/home/student/sjowmm_ws/build/simulation/install.log'
