[2.211s] Invoking command in '/home/student/sjowmm_ws/src/turtlebot3/turtlebot3_teleop': PYTHONPATH=/home/student/sjowmm_ws/install/turtlebot3_teleop/lib/python3.8/site-packages:${PYTHONPATH} /usr/bin/python3 setup.py egg_info --egg-base ../../../build/turtlebot3_teleop build --build-base /home/student/sjowmm_ws/build/turtlebot3_teleop/build install --prefix /home/student/sjowmm_ws/install/turtlebot3_teleop --record /home/student/sjowmm_ws/build/turtlebot3_teleop/install.log --single-version-externally-managed
[2.730s] running egg_info
[2.730s] writing ../../../build/turtlebot3_teleop/turtlebot3_teleop.egg-info/PKG-INFO
[2.730s] writing dependency_links to ../../../build/turtlebot3_teleop/turtlebot3_teleop.egg-info/dependency_links.txt
[2.730s] writing entry points to ../../../build/turtlebot3_teleop/turtlebot3_teleop.egg-info/entry_points.txt
[2.731s] writing requirements to ../../../build/turtlebot3_teleop/turtlebot3_teleop.egg-info/requires.txt
[2.731s] writing top-level names to ../../../build/turtlebot3_teleop/turtlebot3_teleop.egg-info/top_level.txt
[2.791s] reading manifest file '../../../build/turtlebot3_teleop/turtlebot3_teleop.egg-info/SOURCES.txt'
[2.792s] writing manifest file '../../../build/turtlebot3_teleop/turtlebot3_teleop.egg-info/SOURCES.txt'
[2.792s] running build
[2.795s] running build_py
[2.796s] running install
[2.800s] running install_lib
[2.800s] running install_data
[2.800s] running install_egg_info
[2.801s] removing '/home/student/sjowmm_ws/install/turtlebot3_teleop/lib/python3.8/site-packages/turtlebot3_teleop-2.1.4-py3.8.egg-info' (and everything under it)
[2.801s] Copying ../../../build/turtlebot3_teleop/turtlebot3_teleop.egg-info to /home/student/sjowmm_ws/install/turtlebot3_teleop/lib/python3.8/site-packages/turtlebot3_teleop-2.1.4-py3.8.egg-info
[2.801s] running install_scripts
[2.847s] Installing teleop_keyboard script to /home/student/sjowmm_ws/install/turtlebot3_teleop/lib/turtlebot3_teleop
[2.848s] writing list of installed files to '/home/student/sjowmm_ws/build/turtlebot3_teleop/install.log'
[3.269s] Invoked command in '/home/student/sjowmm_ws/src/turtlebot3/turtlebot3_teleop' returned '0': PYTHONPATH=/home/student/sjowmm_ws/install/turtlebot3_teleop/lib/python3.8/site-packages:${PYTHONPATH} /usr/bin/python3 setup.py egg_info --egg-base ../../../build/turtlebot3_teleop build --build-base /home/student/sjowmm_ws/build/turtlebot3_teleop/build install --prefix /home/student/sjowmm_ws/install/turtlebot3_teleop --record /home/student/sjowmm_ws/build/turtlebot3_teleop/install.log --single-version-externally-managed
