[0.244s] Invoking command in '/home/student/sjowmm_ws/src/simulation': PYTHONPATH=/home/student/sjowmm_ws/install/simulation/lib/python3.8/site-packages:${PYTHONPATH} /usr/bin/python3 setup.py egg_info --egg-base ../../build/simulation build --build-base /home/student/sjowmm_ws/build/simulation/build install --prefix /home/student/sjowmm_ws/install/simulation --record /home/student/sjowmm_ws/build/simulation/install.log --single-version-externally-managed
[0.449s] running egg_info
[0.450s] writing ../../build/simulation/simulation.egg-info/PKG-INFO
[0.450s] writing dependency_links to ../../build/simulation/simulation.egg-info/dependency_links.txt
[0.450s] writing entry points to ../../build/simulation/simulation.egg-info/entry_points.txt
[0.451s] writing requirements to ../../build/simulation/simulation.egg-info/requires.txt
[0.451s] writing top-level names to ../../build/simulation/simulation.egg-info/top_level.txt
[0.490s] reading manifest file '../../build/simulation/simulation.egg-info/SOURCES.txt'
[0.491s] writing manifest file '../../build/simulation/simulation.egg-info/SOURCES.txt'
[0.491s] running build
[0.491s] running build_py
[0.492s] running install
[0.493s] running install_lib
[0.495s] running install_data
[0.496s] copying launch/spawn_launch.py -> /home/student/sjowmm_ws/install/simulation/share/simulation/launch
[0.496s] running install_egg_info
[0.498s] removing '/home/student/sjowmm_ws/install/simulation/lib/python3.8/site-packages/simulation-0.0.0-py3.8.egg-info' (and everything under it)
[0.498s] Copying ../../build/simulation/simulation.egg-info to /home/student/sjowmm_ws/install/simulation/lib/python3.8/site-packages/simulation-0.0.0-py3.8.egg-info
[0.499s] running install_scripts
[0.517s] Installing spawn_robot_srv script to /home/student/sjowmm_ws/install/simulation/lib/simulation
[0.518s] writing list of installed files to '/home/student/sjowmm_ws/build/simulation/install.log'
[0.533s] Invoked command in '/home/student/sjowmm_ws/src/simulation' returned '0': PYTHONPATH=/home/student/sjowmm_ws/install/simulation/lib/python3.8/site-packages:${PYTHONPATH} /usr/bin/python3 setup.py egg_info --egg-base ../../build/simulation build --build-base /home/student/sjowmm_ws/build/simulation/build install --prefix /home/student/sjowmm_ws/install/simulation --record /home/student/sjowmm_ws/build/simulation/install.log --single-version-externally-managed
