[0.013s] Invoking command in '/home/student/sjowmm_ws/build/turtlebot3_simulations': AMENT_PREFIX_PATH=/home/student/sjowmm_ws/install/turtlebot3_gazebo:/home/student/sjowmm_ws/install/turtlebot3_fake_node:/home/student/sjowmm_ws/install/turtlebot3_description:${AMENT_PREFIX_PATH} CMAKE_PREFIX_PATH=/home/student/sjowmm_ws/install/turtlebot3_gazebo:/home/student/sjowmm_ws/install/turtlebot3_fake_node:/home/student/sjowmm_ws/install/turtlebot3_description:/opt/ros/foxy /usr/bin/cmake --build /home/student/sjowmm_ws/build/turtlebot3_simulations -- -j12 -l12
[0.051s] Invoked command in '/home/student/sjowmm_ws/build/turtlebot3_simulations' returned '0': AMENT_PREFIX_PATH=/home/student/sjowmm_ws/install/turtlebot3_gazebo:/home/student/sjowmm_ws/install/turtlebot3_fake_node:/home/student/sjowmm_ws/install/turtlebot3_description:${AMENT_PREFIX_PATH} CMAKE_PREFIX_PATH=/home/student/sjowmm_ws/install/turtlebot3_gazebo:/home/student/sjowmm_ws/install/turtlebot3_fake_node:/home/student/sjowmm_ws/install/turtlebot3_description:/opt/ros/foxy /usr/bin/cmake --build /home/student/sjowmm_ws/build/turtlebot3_simulations -- -j12 -l12
[0.070s] Invoking command in '/home/student/sjowmm_ws/build/turtlebot3_simulations': AMENT_PREFIX_PATH=/home/student/sjowmm_ws/install/turtlebot3_gazebo:/home/student/sjowmm_ws/install/turtlebot3_fake_node:/home/student/sjowmm_ws/install/turtlebot3_description:${AMENT_PREFIX_PATH} CMAKE_PREFIX_PATH=/home/student/sjowmm_ws/install/turtlebot3_gazebo:/home/student/sjowmm_ws/install/turtlebot3_fake_node:/home/student/sjowmm_ws/install/turtlebot3_description:/opt/ros/foxy /usr/bin/cmake --install /home/student/sjowmm_ws/build/turtlebot3_simulations
[0.077s] -- Install configuration: ""
[0.078s] -- Up-to-date: /home/student/sjowmm_ws/install/turtlebot3_simulations/share/ament_index/resource_index/package_run_dependencies/turtlebot3_simulations
[0.079s] -- Up-to-date: /home/student/sjowmm_ws/install/turtlebot3_simulations/share/ament_index/resource_index/parent_prefix_path/turtlebot3_simulations
[0.079s] -- Up-to-date: /home/student/sjowmm_ws/install/turtlebot3_simulations/share/turtlebot3_simulations/environment/ament_prefix_path.sh
[0.079s] -- Up-to-date: /home/student/sjowmm_ws/install/turtlebot3_simulations/share/turtlebot3_simulations/environment/ament_prefix_path.dsv
[0.079s] -- Up-to-date: /home/student/sjowmm_ws/install/turtlebot3_simulations/share/turtlebot3_simulations/environment/path.sh
[0.080s] -- Up-to-date: /home/student/sjowmm_ws/install/turtlebot3_simulations/share/turtlebot3_simulations/environment/path.dsv
[0.080s] -- Up-to-date: /home/student/sjowmm_ws/install/turtlebot3_simulations/share/turtlebot3_simulations/local_setup.bash
[0.080s] -- Up-to-date: /home/student/sjowmm_ws/install/turtlebot3_simulations/share/turtlebot3_simulations/local_setup.sh
[0.080s] -- Up-to-date: /home/student/sjowmm_ws/install/turtlebot3_simulations/share/turtlebot3_simulations/local_setup.zsh
[0.080s] -- Up-to-date: /home/student/sjowmm_ws/install/turtlebot3_simulations/share/turtlebot3_simulations/local_setup.dsv
[0.080s] -- Installing: /home/student/sjowmm_ws/install/turtlebot3_simulations/share/turtlebot3_simulations/package.dsv
[0.081s] -- Up-to-date: /home/student/sjowmm_ws/install/turtlebot3_simulations/share/ament_index/resource_index/packages/turtlebot3_simulations
[0.081s] -- Up-to-date: /home/student/sjowmm_ws/install/turtlebot3_simulations/share/turtlebot3_simulations/cmake/turtlebot3_simulationsConfig.cmake
[0.081s] -- Up-to-date: /home/student/sjowmm_ws/install/turtlebot3_simulations/share/turtlebot3_simulations/cmake/turtlebot3_simulationsConfig-version.cmake
[0.082s] -- Up-to-date: /home/student/sjowmm_ws/install/turtlebot3_simulations/share/turtlebot3_simulations/package.xml
[0.085s] Invoked command in '/home/student/sjowmm_ws/build/turtlebot3_simulations' returned '0': AMENT_PREFIX_PATH=/home/student/sjowmm_ws/install/turtlebot3_gazebo:/home/student/sjowmm_ws/install/turtlebot3_fake_node:/home/student/sjowmm_ws/install/turtlebot3_description:${AMENT_PREFIX_PATH} CMAKE_PREFIX_PATH=/home/student/sjowmm_ws/install/turtlebot3_gazebo:/home/student/sjowmm_ws/install/turtlebot3_fake_node:/home/student/sjowmm_ws/install/turtlebot3_description:/opt/ros/foxy /usr/bin/cmake --install /home/student/sjowmm_ws/build/turtlebot3_simulations
