[0.050s] Invoking command in '/home/student/sjowmm_ws/build/nav2_planner': AMENT_PREFIX_PATH=/home/student/sjowmm_ws/install/nav2_core:/home/student/sjowmm_ws/install/nav2_costmap_2d:/home/student/sjowmm_ws/install/nav2_util:/home/student/sjowmm_ws/install/nav2_voxel_grid:/home/student/sjowmm_ws/install/nav2_msgs:/home/student/sjowmm_ws/install/nav2_common:${AMENT_PREFIX_PATH} CMAKE_PREFIX_PATH=/home/student/sjowmm_ws/install/nav2_core:/home/student/sjowmm_ws/install/nav2_costmap_2d:/home/student/sjowmm_ws/install/nav2_util:/home/student/sjowmm_ws/install/nav2_voxel_grid:/home/student/sjowmm_ws/install/nav2_msgs:/home/student/sjowmm_ws/install/nav2_common:/home/student/sjowmm_ws/install/simulation:/home/student/sjowmm_ws/install/dede:/opt/ros/foxy LD_LIBRARY_PATH=/home/student/sjowmm_ws/install/nav2_costmap_2d/lib:/home/student/sjowmm_ws/install/nav2_util/lib:/home/student/sjowmm_ws/install/nav2_voxel_grid/lib:/home/student/sjowmm_ws/install/nav2_msgs/lib:${LD_LIBRARY_PATH} PYTHONPATH=/home/student/sjowmm_ws/install/nav2_msgs/lib/python3.8/site-packages:/home/student/sjowmm_ws/install/nav2_common/lib/python3.8/site-packages:${PYTHONPATH} /usr/bin/cmake /home/student/sjowmm_ws/src/navigation2/nav2_planner -DCMAKE_INSTALL_PREFIX=/home/student/sjowmm_ws/install/nav2_planner
[0.130s] -- The C compiler identification is GNU 9.4.0
[0.217s] -- The CXX compiler identification is GNU 9.4.0
[0.225s] -- Check for working C compiler: /usr/bin/cc
[0.321s] -- Check for working C compiler: /usr/bin/cc -- works
[0.321s] -- Detecting C compiler ABI info
[0.426s] -- Detecting C compiler ABI info - done
[0.447s] -- Detecting C compile features
[0.448s] -- Detecting C compile features - done
[0.451s] -- Check for working CXX compiler: /usr/bin/c++
[0.564s] -- Check for working CXX compiler: /usr/bin/c++ -- works
[0.565s] -- Detecting CXX compiler ABI info
[0.693s] -- Detecting CXX compiler ABI info - done
[0.716s] -- Detecting CXX compile features
[0.717s] -- Detecting CXX compile features - done
[0.721s] -- Found ament_cmake: 0.9.8 (/opt/ros/foxy/share/ament_cmake/cmake)
[0.765s] -- Found PythonInterp: /usr/bin/python3 (found suitable version "3.8.10", minimum required is "3") 
[0.765s] -- Using PYTHON_EXECUTABLE: /usr/bin/python3
[1.133s] -- Found nav2_common: 0.4.7 (/home/student/sjowmm_ws/install/nav2_common/share/nav2_common/cmake)
[1.135s] -- Found rclcpp: 2.3.0 (/opt/ros/foxy/share/rclcpp/cmake)
[1.194s] -- Using all available rosidl_typesupport_c: rosidl_typesupport_fastrtps_c;rosidl_typesupport_introspection_c
[1.204s] -- Found rosidl_adapter: 1.2.0 (/opt/ros/foxy/share/rosidl_adapter/cmake)
[1.308s] -- Found OpenSSL: /usr/lib/x86_64-linux-gnu/libcrypto.so (found version "1.1.1f")  
[1.345s] -- Found FastRTPS: /opt/ros/foxy/include  
[1.440s] -- Using all available rosidl_typesupport_cpp: rosidl_typesupport_fastrtps_cpp;rosidl_typesupport_introspection_cpp
[1.517s] -- Found rmw_implementation_cmake: 1.0.2 (/opt/ros/foxy/share/rmw_implementation_cmake/cmake)
[1.520s] -- Using RMW implementation 'rmw_fastrtps_cpp' as default
[1.521s] -- Looking for pthread.h
[1.644s] -- Looking for pthread.h - found
[1.645s] -- Performing Test CMAKE_HAVE_LIBC_PTHREAD
[1.767s] -- Performing Test CMAKE_HAVE_LIBC_PTHREAD - Failed
[1.768s] -- Looking for pthread_create in pthreads
[1.877s] -- Looking for pthread_create in pthreads - not found
[1.878s] -- Looking for pthread_create in pthread
[2.019s] -- Looking for pthread_create in pthread - found
[2.020s] -- Found Threads: TRUE  
[2.386s] -- Found rclcpp_action: 2.3.0 (/opt/ros/foxy/share/rclcpp_action/cmake)
[2.538s] -- Found rclcpp_lifecycle: 2.3.0 (/opt/ros/foxy/share/rclcpp_lifecycle/cmake)
[2.599s] -- Found visualization_msgs: 2.0.3 (/opt/ros/foxy/share/visualization_msgs/cmake)
[2.828s] -- Found nav2_util: 0.4.7 (/home/student/sjowmm_ws/install/nav2_util/share/nav2_util/cmake)
[3.667s] -- Found eigen3_cmake_module: 0.1.1 (/opt/ros/foxy/share/eigen3_cmake_module/cmake)
[3.670s] -- Found Eigen3: TRUE (found version "3.3.7") 
[3.838s] -- Found nav2_costmap_2d: 0.4.7 (/home/student/sjowmm_ws/install/nav2_costmap_2d/share/nav2_costmap_2d/cmake)
[4.624s] -- Found nav2_core: 0.4.7 (/home/student/sjowmm_ws/install/nav2_core/share/nav2_core/cmake)
[5.248s] -- Setting build type to Release as none was specified.
[11.760s] -- Found ament_lint_auto: 0.9.6 (/opt/ros/foxy/share/ament_lint_auto/cmake)
[12.081s] -- Added test 'copyright' to check source files copyright and LICENSE
[12.084s] -- Added test 'cppcheck' to perform static code analysis on C / C++ code
[12.086s] -- Configured cppcheck include dirs: /home/student/sjowmm_ws/src/navigation2/nav2_planner/include
[12.086s] -- Configured cppcheck exclude dirs and/or files: 
[12.088s] -- Added test 'cpplint' to check C / C++ code against the Google style
[12.088s] -- Configured cpplint exclude dirs and/or files: 
[12.090s] -- Added test 'lint_cmake' to check CMake code style
[12.092s] -- Added test 'uncrustify' to check C / C++ code style
[12.092s] -- Configured uncrustify additional arguments: 
[12.094s] -- Added test 'xmllint' to check XML markup files
[12.106s] -- Configuring done
[12.258s] -- Generating done
[12.263s] -- Build files have been written to: /home/student/sjowmm_ws/build/nav2_planner
[12.296s] Invoked command in '/home/student/sjowmm_ws/build/nav2_planner' returned '0': AMENT_PREFIX_PATH=/home/student/sjowmm_ws/install/nav2_core:/home/student/sjowmm_ws/install/nav2_costmap_2d:/home/student/sjowmm_ws/install/nav2_util:/home/student/sjowmm_ws/install/nav2_voxel_grid:/home/student/sjowmm_ws/install/nav2_msgs:/home/student/sjowmm_ws/install/nav2_common:${AMENT_PREFIX_PATH} CMAKE_PREFIX_PATH=/home/student/sjowmm_ws/install/nav2_core:/home/student/sjowmm_ws/install/nav2_costmap_2d:/home/student/sjowmm_ws/install/nav2_util:/home/student/sjowmm_ws/install/nav2_voxel_grid:/home/student/sjowmm_ws/install/nav2_msgs:/home/student/sjowmm_ws/install/nav2_common:/home/student/sjowmm_ws/install/simulation:/home/student/sjowmm_ws/install/dede:/opt/ros/foxy LD_LIBRARY_PATH=/home/student/sjowmm_ws/install/nav2_costmap_2d/lib:/home/student/sjowmm_ws/install/nav2_util/lib:/home/student/sjowmm_ws/install/nav2_voxel_grid/lib:/home/student/sjowmm_ws/install/nav2_msgs/lib:${LD_LIBRARY_PATH} PYTHONPATH=/home/student/sjowmm_ws/install/nav2_msgs/lib/python3.8/site-packages:/home/student/sjowmm_ws/install/nav2_common/lib/python3.8/site-packages:${PYTHONPATH} /usr/bin/cmake /home/student/sjowmm_ws/src/navigation2/nav2_planner -DCMAKE_INSTALL_PREFIX=/home/student/sjowmm_ws/install/nav2_planner
[12.299s] Invoking command in '/home/student/sjowmm_ws/build/nav2_planner': AMENT_PREFIX_PATH=/home/student/sjowmm_ws/install/nav2_core:/home/student/sjowmm_ws/install/nav2_costmap_2d:/home/student/sjowmm_ws/install/nav2_util:/home/student/sjowmm_ws/install/nav2_voxel_grid:/home/student/sjowmm_ws/install/nav2_msgs:/home/student/sjowmm_ws/install/nav2_common:${AMENT_PREFIX_PATH} CMAKE_PREFIX_PATH=/home/student/sjowmm_ws/install/nav2_core:/home/student/sjowmm_ws/install/nav2_costmap_2d:/home/student/sjowmm_ws/install/nav2_util:/home/student/sjowmm_ws/install/nav2_voxel_grid:/home/student/sjowmm_ws/install/nav2_msgs:/home/student/sjowmm_ws/install/nav2_common:/home/student/sjowmm_ws/install/simulation:/home/student/sjowmm_ws/install/dede:/opt/ros/foxy LD_LIBRARY_PATH=/home/student/sjowmm_ws/install/nav2_costmap_2d/lib:/home/student/sjowmm_ws/install/nav2_util/lib:/home/student/sjowmm_ws/install/nav2_voxel_grid/lib:/home/student/sjowmm_ws/install/nav2_msgs/lib:${LD_LIBRARY_PATH} PYTHONPATH=/home/student/sjowmm_ws/install/nav2_msgs/lib/python3.8/site-packages:/home/student/sjowmm_ws/install/nav2_common/lib/python3.8/site-packages:${PYTHONPATH} /usr/bin/cmake --build /home/student/sjowmm_ws/build/nav2_planner -- -j12 -l12
[12.468s] [35m[1mScanning dependencies of target planner_server_core[0m
[12.584s] [ 25%] [32mBuilding CXX object CMakeFiles/planner_server_core.dir/src/planner_server.cpp.o[0m
[38.171s] [ 50%] [32m[1mLinking CXX shared library libplanner_server_core.so[0m
[38.979s] [ 50%] Built target planner_server_core
[38.997s] [35m[1mScanning dependencies of target planner_server[0m
[39.073s] [ 75%] [32mBuilding CXX object CMakeFiles/planner_server.dir/src/main.cpp.o[0m
[44.257s] [100%] [32m[1mLinking CXX executable planner_server[0m
[44.688s] [100%] Built target planner_server
[44.714s] Invoked command in '/home/student/sjowmm_ws/build/nav2_planner' returned '0': AMENT_PREFIX_PATH=/home/student/sjowmm_ws/install/nav2_core:/home/student/sjowmm_ws/install/nav2_costmap_2d:/home/student/sjowmm_ws/install/nav2_util:/home/student/sjowmm_ws/install/nav2_voxel_grid:/home/student/sjowmm_ws/install/nav2_msgs:/home/student/sjowmm_ws/install/nav2_common:${AMENT_PREFIX_PATH} CMAKE_PREFIX_PATH=/home/student/sjowmm_ws/install/nav2_core:/home/student/sjowmm_ws/install/nav2_costmap_2d:/home/student/sjowmm_ws/install/nav2_util:/home/student/sjowmm_ws/install/nav2_voxel_grid:/home/student/sjowmm_ws/install/nav2_msgs:/home/student/sjowmm_ws/install/nav2_common:/home/student/sjowmm_ws/install/simulation:/home/student/sjowmm_ws/install/dede:/opt/ros/foxy LD_LIBRARY_PATH=/home/student/sjowmm_ws/install/nav2_costmap_2d/lib:/home/student/sjowmm_ws/install/nav2_util/lib:/home/student/sjowmm_ws/install/nav2_voxel_grid/lib:/home/student/sjowmm_ws/install/nav2_msgs/lib:${LD_LIBRARY_PATH} PYTHONPATH=/home/student/sjowmm_ws/install/nav2_msgs/lib/python3.8/site-packages:/home/student/sjowmm_ws/install/nav2_common/lib/python3.8/site-packages:${PYTHONPATH} /usr/bin/cmake --build /home/student/sjowmm_ws/build/nav2_planner -- -j12 -l12
[44.782s] Invoking command in '/home/student/sjowmm_ws/build/nav2_planner': AMENT_PREFIX_PATH=/home/student/sjowmm_ws/install/nav2_core:/home/student/sjowmm_ws/install/nav2_costmap_2d:/home/student/sjowmm_ws/install/nav2_util:/home/student/sjowmm_ws/install/nav2_voxel_grid:/home/student/sjowmm_ws/install/nav2_msgs:/home/student/sjowmm_ws/install/nav2_common:${AMENT_PREFIX_PATH} CMAKE_PREFIX_PATH=/home/student/sjowmm_ws/install/nav2_core:/home/student/sjowmm_ws/install/nav2_costmap_2d:/home/student/sjowmm_ws/install/nav2_util:/home/student/sjowmm_ws/install/nav2_voxel_grid:/home/student/sjowmm_ws/install/nav2_msgs:/home/student/sjowmm_ws/install/nav2_common:/home/student/sjowmm_ws/install/simulation:/home/student/sjowmm_ws/install/dede:/opt/ros/foxy LD_LIBRARY_PATH=/home/student/sjowmm_ws/install/nav2_costmap_2d/lib:/home/student/sjowmm_ws/install/nav2_util/lib:/home/student/sjowmm_ws/install/nav2_voxel_grid/lib:/home/student/sjowmm_ws/install/nav2_msgs/lib:${LD_LIBRARY_PATH} PYTHONPATH=/home/student/sjowmm_ws/install/nav2_msgs/lib/python3.8/site-packages:/home/student/sjowmm_ws/install/nav2_common/lib/python3.8/site-packages:${PYTHONPATH} /usr/bin/cmake --install /home/student/sjowmm_ws/build/nav2_planner
[44.798s] -- Install configuration: "Release"
[44.799s] -- Installing: /home/student/sjowmm_ws/install/nav2_planner/lib/libplanner_server_core.so
[44.800s] -- Set runtime path of "/home/student/sjowmm_ws/install/nav2_planner/lib/libplanner_server_core.so" to ""
[44.800s] -- Installing: /home/student/sjowmm_ws/install/nav2_planner/lib/nav2_planner/planner_server
[44.801s] -- Set runtime path of "/home/student/sjowmm_ws/install/nav2_planner/lib/nav2_planner/planner_server" to ""
[44.802s] -- Installing: /home/student/sjowmm_ws/install/nav2_planner/include/
[44.802s] -- Installing: /home/student/sjowmm_ws/install/nav2_planner/include//nav2_planner
[44.802s] -- Installing: /home/student/sjowmm_ws/install/nav2_planner/include//nav2_planner/planner_server.hpp
[44.802s] -- Installing: /home/student/sjowmm_ws/install/nav2_planner/share/nav2_planner/environment/library_path.sh
[44.802s] -- Installing: /home/student/sjowmm_ws/install/nav2_planner/share/nav2_planner/environment/library_path.dsv
[44.802s] -- Installing: /home/student/sjowmm_ws/install/nav2_planner/share/ament_index/resource_index/package_run_dependencies/nav2_planner
[44.803s] -- Installing: /home/student/sjowmm_ws/install/nav2_planner/share/ament_index/resource_index/parent_prefix_path/nav2_planner
[44.803s] -- Installing: /home/student/sjowmm_ws/install/nav2_planner/share/nav2_planner/environment/ament_prefix_path.sh
[44.803s] -- Installing: /home/student/sjowmm_ws/install/nav2_planner/share/nav2_planner/environment/ament_prefix_path.dsv
[44.803s] -- Installing: /home/student/sjowmm_ws/install/nav2_planner/share/nav2_planner/environment/path.sh
[44.803s] -- Installing: /home/student/sjowmm_ws/install/nav2_planner/share/nav2_planner/environment/path.dsv
[44.803s] -- Installing: /home/student/sjowmm_ws/install/nav2_planner/share/nav2_planner/local_setup.bash
[44.803s] -- Installing: /home/student/sjowmm_ws/install/nav2_planner/share/nav2_planner/local_setup.sh
[44.804s] -- Installing: /home/student/sjowmm_ws/install/nav2_planner/share/nav2_planner/local_setup.zsh
[44.804s] -- Installing: /home/student/sjowmm_ws/install/nav2_planner/share/nav2_planner/local_setup.dsv
[44.804s] -- Installing: /home/student/sjowmm_ws/install/nav2_planner/share/nav2_planner/package.dsv
[44.805s] -- Installing: /home/student/sjowmm_ws/install/nav2_planner/share/ament_index/resource_index/packages/nav2_planner
[44.805s] -- Installing: /home/student/sjowmm_ws/install/nav2_planner/share/nav2_planner/cmake/ament_cmake_export_include_directories-extras.cmake
[44.806s] -- Installing: /home/student/sjowmm_ws/install/nav2_planner/share/nav2_planner/cmake/ament_cmake_export_libraries-extras.cmake
[44.807s] -- Installing: /home/student/sjowmm_ws/install/nav2_planner/share/nav2_planner/cmake/ament_cmake_export_dependencies-extras.cmake
[44.807s] -- Installing: /home/student/sjowmm_ws/install/nav2_planner/share/nav2_planner/cmake/ament_cmake_export_definitions-extras.cmake
[44.808s] -- Installing: /home/student/sjowmm_ws/install/nav2_planner/share/nav2_planner/cmake/nav2_plannerConfig.cmake
[44.808s] -- Installing: /home/student/sjowmm_ws/install/nav2_planner/share/nav2_planner/cmake/nav2_plannerConfig-version.cmake
[44.809s] -- Installing: /home/student/sjowmm_ws/install/nav2_planner/share/nav2_planner/package.xml
[44.817s] Invoked command in '/home/student/sjowmm_ws/build/nav2_planner' returned '0': AMENT_PREFIX_PATH=/home/student/sjowmm_ws/install/nav2_core:/home/student/sjowmm_ws/install/nav2_costmap_2d:/home/student/sjowmm_ws/install/nav2_util:/home/student/sjowmm_ws/install/nav2_voxel_grid:/home/student/sjowmm_ws/install/nav2_msgs:/home/student/sjowmm_ws/install/nav2_common:${AMENT_PREFIX_PATH} CMAKE_PREFIX_PATH=/home/student/sjowmm_ws/install/nav2_core:/home/student/sjowmm_ws/install/nav2_costmap_2d:/home/student/sjowmm_ws/install/nav2_util:/home/student/sjowmm_ws/install/nav2_voxel_grid:/home/student/sjowmm_ws/install/nav2_msgs:/home/student/sjowmm_ws/install/nav2_common:/home/student/sjowmm_ws/install/simulation:/home/student/sjowmm_ws/install/dede:/opt/ros/foxy LD_LIBRARY_PATH=/home/student/sjowmm_ws/install/nav2_costmap_2d/lib:/home/student/sjowmm_ws/install/nav2_util/lib:/home/student/sjowmm_ws/install/nav2_voxel_grid/lib:/home/student/sjowmm_ws/install/nav2_msgs/lib:${LD_LIBRARY_PATH} PYTHONPATH=/home/student/sjowmm_ws/install/nav2_msgs/lib/python3.8/site-packages:/home/student/sjowmm_ws/install/nav2_common/lib/python3.8/site-packages:${PYTHONPATH} /usr/bin/cmake --install /home/student/sjowmm_ws/build/nav2_planner
