[1.745s] Invoking command in '/home/student/sjowmm_ws/src/path_projection': PYTHONPATH=/home/student/sjowmm_ws/install/path_projection/lib/python3.8/site-packages:${PYTHONPATH} /usr/bin/python3 setup.py egg_info --egg-base ../../build/path_projection build --build-base /home/student/sjowmm_ws/build/path_projection/build install --prefix /home/student/sjowmm_ws/install/path_projection --record /home/student/sjowmm_ws/build/path_projection/install.log --single-version-externally-managed
[2.078s] running egg_info
[2.079s] writing ../../build/path_projection/path_projection.egg-info/PKG-INFO
[2.079s] writing dependency_links to ../../build/path_projection/path_projection.egg-info/dependency_links.txt
[2.079s] writing entry points to ../../build/path_projection/path_projection.egg-info/entry_points.txt
[2.079s] writing requirements to ../../build/path_projection/path_projection.egg-info/requires.txt
[2.079s] writing top-level names to ../../build/path_projection/path_projection.egg-info/top_level.txt
[2.143s] reading manifest file '../../build/path_projection/path_projection.egg-info/SOURCES.txt'
[2.143s] writing manifest file '../../build/path_projection/path_projection.egg-info/SOURCES.txt'
[2.143s] running build
[2.143s] running build_py
[2.143s] running install
[2.144s] running install_lib
[2.144s] running install_data
[2.146s] running install_egg_info
[2.148s] removing '/home/student/sjowmm_ws/install/path_projection/lib/python3.8/site-packages/path_projection-0.0.0-py3.8.egg-info' (and everything under it)
[2.151s] Copying ../../build/path_projection/path_projection.egg-info to /home/student/sjowmm_ws/install/path_projection/lib/python3.8/site-packages/path_projection-0.0.0-py3.8.egg-info
[2.154s] running install_scripts
[2.178s] Installing PathProjection script to /home/student/sjowmm_ws/install/path_projection/lib/path_projection
[2.178s] writing list of installed files to '/home/student/sjowmm_ws/build/path_projection/install.log'
[2.497s] Invoked command in '/home/student/sjowmm_ws/src/path_projection' returned '0': PYTHONPATH=/home/student/sjowmm_ws/install/path_projection/lib/python3.8/site-packages:${PYTHONPATH} /usr/bin/python3 setup.py egg_info --egg-base ../../build/path_projection build --build-base /home/student/sjowmm_ws/build/path_projection/build install --prefix /home/student/sjowmm_ws/install/path_projection --record /home/student/sjowmm_ws/build/path_projection/install.log --single-version-externally-managed
