[1.452s] Invoking command in '/home/student/sjowmm_ws/src/path_projection': PYTHONPATH=/home/student/sjowmm_ws/install/path_projection/lib/python3.8/site-packages:${PYTHONPATH} /usr/bin/python3 setup.py egg_info --egg-base ../../build/path_projection build --build-base /home/student/sjowmm_ws/build/path_projection/build install --prefix /home/student/sjowmm_ws/install/path_projection --record /home/student/sjowmm_ws/build/path_projection/install.log --single-version-externally-managed
[1.752s] running egg_info
[1.753s] writing ../../build/path_projection/path_projection.egg-info/PKG-INFO
[1.753s] writing dependency_links to ../../build/path_projection/path_projection.egg-info/dependency_links.txt
[1.753s] writing entry points to ../../build/path_projection/path_projection.egg-info/entry_points.txt
[1.754s] writing requirements to ../../build/path_projection/path_projection.egg-info/requires.txt
[1.754s] writing top-level names to ../../build/path_projection/path_projection.egg-info/top_level.txt
[1.800s] reading manifest file '../../build/path_projection/path_projection.egg-info/SOURCES.txt'
[1.800s] writing manifest file '../../build/path_projection/path_projection.egg-info/SOURCES.txt'
[1.801s] running build
[1.801s] running build_py
[1.801s] running install
[1.801s] running install_lib
[1.802s] running install_data
[1.803s] running install_egg_info
[1.804s] removing '/home/student/sjowmm_ws/install/path_projection/lib/python3.8/site-packages/path_projection-0.0.0-py3.8.egg-info' (and everything under it)
[1.805s] Copying ../../build/path_projection/path_projection.egg-info to /home/student/sjowmm_ws/install/path_projection/lib/python3.8/site-packages/path_projection-0.0.0-py3.8.egg-info
[1.806s] running install_scripts
[1.826s] Installing PathProjection script to /home/student/sjowmm_ws/install/path_projection/lib/path_projection
[1.826s] writing list of installed files to '/home/student/sjowmm_ws/build/path_projection/install.log'
[2.097s] Invoked command in '/home/student/sjowmm_ws/src/path_projection' returned '0': PYTHONPATH=/home/student/sjowmm_ws/install/path_projection/lib/python3.8/site-packages:${PYTHONPATH} /usr/bin/python3 setup.py egg_info --egg-base ../../build/path_projection build --build-base /home/student/sjowmm_ws/build/path_projection/build install --prefix /home/student/sjowmm_ws/install/path_projection --record /home/student/sjowmm_ws/build/path_projection/install.log --single-version-externally-managed
