[0.055s] Invoking command in '/home/student/sjowmm_ws/build/nav2_controller': AMENT_PREFIX_PATH=/home/student/sjowmm_ws/install/nav2_core:/home/student/sjowmm_ws/install/nav2_costmap_2d:/home/student/sjowmm_ws/install/nav_2d_utils:/home/student/sjowmm_ws/install/nav2_util:/home/student/sjowmm_ws/install/nav2_voxel_grid:/home/student/sjowmm_ws/install/nav2_msgs:/home/student/sjowmm_ws/install/nav_2d_msgs:/home/student/sjowmm_ws/install/nav2_common:${AMENT_PREFIX_PATH} CMAKE_PREFIX_PATH=/home/student/sjowmm_ws/install/nav2_core:/home/student/sjowmm_ws/install/nav2_costmap_2d:/home/student/sjowmm_ws/install/nav_2d_utils:/home/student/sjowmm_ws/install/nav2_util:/home/student/sjowmm_ws/install/nav2_voxel_grid:/home/student/sjowmm_ws/install/nav2_msgs:/home/student/sjowmm_ws/install/nav_2d_msgs:/home/student/sjowmm_ws/install/nav2_common:/home/student/sjowmm_ws/install/simulation:/home/student/sjowmm_ws/install/dede:/opt/ros/foxy LD_LIBRARY_PATH=/home/student/sjowmm_ws/install/nav2_costmap_2d/lib:/home/student/sjowmm_ws/install/nav_2d_utils/lib:/home/student/sjowmm_ws/install/nav2_util/lib:/home/student/sjowmm_ws/install/nav2_voxel_grid/lib:/home/student/sjowmm_ws/install/nav2_msgs/lib:/home/student/sjowmm_ws/install/nav_2d_msgs/lib:${LD_LIBRARY_PATH} PYTHONPATH=/home/student/sjowmm_ws/install/nav2_msgs/lib/python3.8/site-packages:/home/student/sjowmm_ws/install/nav_2d_msgs/lib/python3.8/site-packages:/home/student/sjowmm_ws/install/nav2_common/lib/python3.8/site-packages:${PYTHONPATH} /usr/bin/cmake /home/student/sjowmm_ws/src/navigation2/nav2_controller -DCMAKE_INSTALL_PREFIX=/home/student/sjowmm_ws/install/nav2_controller
[0.137s] -- The C compiler identification is GNU 9.4.0
[0.216s] -- The CXX compiler identification is GNU 9.4.0
[0.222s] -- Check for working C compiler: /usr/bin/cc
[0.321s] -- Check for working C compiler: /usr/bin/cc -- works
[0.322s] -- Detecting C compiler ABI info
[0.430s] -- Detecting C compiler ABI info - done
[0.444s] -- Detecting C compile features
[0.445s] -- Detecting C compile features - done
[0.448s] -- Check for working CXX compiler: /usr/bin/c++
[0.572s] -- Check for working CXX compiler: /usr/bin/c++ -- works
[0.573s] -- Detecting CXX compiler ABI info
[0.698s] -- Detecting CXX compiler ABI info - done
[0.722s] -- Detecting CXX compile features
[0.723s] -- Detecting CXX compile features - done
[0.727s] -- Found ament_cmake: 0.9.8 (/opt/ros/foxy/share/ament_cmake/cmake)
[0.768s] -- Found PythonInterp: /usr/bin/python3 (found suitable version "3.8.10", minimum required is "3") 
[0.768s] -- Using PYTHON_EXECUTABLE: /usr/bin/python3
[1.046s] -- Found nav2_core: 0.4.7 (/home/student/sjowmm_ws/install/nav2_core/share/nav2_core/cmake)
[1.106s] -- Using all available rosidl_typesupport_c: rosidl_typesupport_fastrtps_c;rosidl_typesupport_introspection_c
[1.115s] -- Found rosidl_adapter: 1.2.0 (/opt/ros/foxy/share/rosidl_adapter/cmake)
[1.223s] -- Found OpenSSL: /usr/lib/x86_64-linux-gnu/libcrypto.so (found version "1.1.1f")  
[1.269s] -- Found FastRTPS: /opt/ros/foxy/include  
[1.386s] -- Using all available rosidl_typesupport_cpp: rosidl_typesupport_fastrtps_cpp;rosidl_typesupport_introspection_cpp
[1.475s] -- Found rmw_implementation_cmake: 1.0.2 (/opt/ros/foxy/share/rmw_implementation_cmake/cmake)
[1.478s] -- Using RMW implementation 'rmw_fastrtps_cpp' as default
[1.480s] -- Looking for pthread.h
[1.577s] -- Looking for pthread.h - found
[1.577s] -- Performing Test CMAKE_HAVE_LIBC_PTHREAD
[1.695s] -- Performing Test CMAKE_HAVE_LIBC_PTHREAD - Failed
[1.695s] -- Looking for pthread_create in pthreads
[1.809s] -- Looking for pthread_create in pthreads - not found
[1.809s] -- Looking for pthread_create in pthread
[1.963s] -- Looking for pthread_create in pthread - found
[1.965s] -- Found Threads: TRUE  
[3.867s] -- Found Eigen3: TRUE (found version "3.3.7") 
[5.059s] -- Found nav2_common: 0.4.7 (/home/student/sjowmm_ws/install/nav2_common/share/nav2_common/cmake)
[5.062s] -- Found nav_2d_utils: 0.4.7 (/home/student/sjowmm_ws/install/nav_2d_utils/share/nav_2d_utils/cmake)
[5.480s] -- Setting build type to Release as none was specified.
[15.717s] -- Found ament_lint_auto: 0.9.6 (/opt/ros/foxy/share/ament_lint_auto/cmake)
[16.005s] -- Found ament_cmake_gtest: 0.9.8 (/opt/ros/foxy/share/ament_cmake_gtest/cmake)
[16.012s] -- Found gtest sources under '/opt/ros/foxy/src/gtest_vendor': C++ tests using 'Google Test' will be built
[16.029s] -- Check if compiler accepts -pthread
[16.406s] -- Check if compiler accepts -pthread - yes
[19.422s] -- Added test 'cppcheck' to perform static code analysis on C / C++ code
[19.423s] -- Configured cppcheck include dirs: /home/student/sjowmm_ws/src/navigation2/nav2_controller/include
[19.423s] -- Configured cppcheck exclude dirs and/or files: 
[19.425s] -- Added test 'cpplint' to check C / C++ code against the Google style
[19.425s] -- Configured cpplint exclude dirs and/or files: 
[19.427s] -- Added test 'lint_cmake' to check CMake code style
[19.430s] -- Added test 'uncrustify' to check C / C++ code style
[19.430s] -- Configured uncrustify additional arguments: 
[19.432s] -- Added test 'xmllint' to check XML markup files
[19.443s] -- Configuring done
[19.890s] -- Generating done
[19.896s] -- Build files have been written to: /home/student/sjowmm_ws/build/nav2_controller
[19.936s] Invoked command in '/home/student/sjowmm_ws/build/nav2_controller' returned '0': AMENT_PREFIX_PATH=/home/student/sjowmm_ws/install/nav2_core:/home/student/sjowmm_ws/install/nav2_costmap_2d:/home/student/sjowmm_ws/install/nav_2d_utils:/home/student/sjowmm_ws/install/nav2_util:/home/student/sjowmm_ws/install/nav2_voxel_grid:/home/student/sjowmm_ws/install/nav2_msgs:/home/student/sjowmm_ws/install/nav_2d_msgs:/home/student/sjowmm_ws/install/nav2_common:${AMENT_PREFIX_PATH} CMAKE_PREFIX_PATH=/home/student/sjowmm_ws/install/nav2_core:/home/student/sjowmm_ws/install/nav2_costmap_2d:/home/student/sjowmm_ws/install/nav_2d_utils:/home/student/sjowmm_ws/install/nav2_util:/home/student/sjowmm_ws/install/nav2_voxel_grid:/home/student/sjowmm_ws/install/nav2_msgs:/home/student/sjowmm_ws/install/nav_2d_msgs:/home/student/sjowmm_ws/install/nav2_common:/home/student/sjowmm_ws/install/simulation:/home/student/sjowmm_ws/install/dede:/opt/ros/foxy LD_LIBRARY_PATH=/home/student/sjowmm_ws/install/nav2_costmap_2d/lib:/home/student/sjowmm_ws/install/nav_2d_utils/lib:/home/student/sjowmm_ws/install/nav2_util/lib:/home/student/sjowmm_ws/install/nav2_voxel_grid/lib:/home/student/sjowmm_ws/install/nav2_msgs/lib:/home/student/sjowmm_ws/install/nav_2d_msgs/lib:${LD_LIBRARY_PATH} PYTHONPATH=/home/student/sjowmm_ws/install/nav2_msgs/lib/python3.8/site-packages:/home/student/sjowmm_ws/install/nav_2d_msgs/lib/python3.8/site-packages:/home/student/sjowmm_ws/install/nav2_common/lib/python3.8/site-packages:${PYTHONPATH} /usr/bin/cmake /home/student/sjowmm_ws/src/navigation2/nav2_controller -DCMAKE_INSTALL_PREFIX=/home/student/sjowmm_ws/install/nav2_controller
[19.938s] Invoking command in '/home/student/sjowmm_ws/build/nav2_controller': AMENT_PREFIX_PATH=/home/student/sjowmm_ws/install/nav2_core:/home/student/sjowmm_ws/install/nav2_costmap_2d:/home/student/sjowmm_ws/install/nav_2d_utils:/home/student/sjowmm_ws/install/nav2_util:/home/student/sjowmm_ws/install/nav2_voxel_grid:/home/student/sjowmm_ws/install/nav2_msgs:/home/student/sjowmm_ws/install/nav_2d_msgs:/home/student/sjowmm_ws/install/nav2_common:${AMENT_PREFIX_PATH} CMAKE_PREFIX_PATH=/home/student/sjowmm_ws/install/nav2_core:/home/student/sjowmm_ws/install/nav2_costmap_2d:/home/student/sjowmm_ws/install/nav_2d_utils:/home/student/sjowmm_ws/install/nav2_util:/home/student/sjowmm_ws/install/nav2_voxel_grid:/home/student/sjowmm_ws/install/nav2_msgs:/home/student/sjowmm_ws/install/nav_2d_msgs:/home/student/sjowmm_ws/install/nav2_common:/home/student/sjowmm_ws/install/simulation:/home/student/sjowmm_ws/install/dede:/opt/ros/foxy LD_LIBRARY_PATH=/home/student/sjowmm_ws/install/nav2_costmap_2d/lib:/home/student/sjowmm_ws/install/nav_2d_utils/lib:/home/student/sjowmm_ws/install/nav2_util/lib:/home/student/sjowmm_ws/install/nav2_voxel_grid/lib:/home/student/sjowmm_ws/install/nav2_msgs/lib:/home/student/sjowmm_ws/install/nav_2d_msgs/lib:${LD_LIBRARY_PATH} PYTHONPATH=/home/student/sjowmm_ws/install/nav2_msgs/lib/python3.8/site-packages:/home/student/sjowmm_ws/install/nav_2d_msgs/lib/python3.8/site-packages:/home/student/sjowmm_ws/install/nav2_common/lib/python3.8/site-packages:${PYTHONPATH} /usr/bin/cmake --build /home/student/sjowmm_ws/build/nav2_controller -- -j12 -l12
[20.072s] [35m[1mScanning dependencies of target simple_progress_checker[0m
[20.075s] [35m[1mScanning dependencies of target controller_server_core[0m
[20.137s] [35m[1mScanning dependencies of target gtest_main[0m
[20.137s] [35m[1mScanning dependencies of target simple_goal_checker[0m
[20.137s] [35m[1mScanning dependencies of target gtest[0m
[20.186s] [  5%] [32mBuilding CXX object CMakeFiles/simple_progress_checker.dir/plugins/simple_progress_checker.cpp.o[0m
[20.214s] [ 11%] [32mBuilding CXX object gtest/CMakeFiles/gtest_main.dir/src/gtest_main.cc.o[0m
[20.221s] [ 16%] [32mBuilding CXX object gtest/CMakeFiles/gtest.dir/src/gtest-all.cc.o[0m
[20.238s] [ 22%] [32mBuilding CXX object CMakeFiles/controller_server_core.dir/src/nav2_controller.cpp.o[0m
[20.270s] [ 27%] [32mBuilding CXX object CMakeFiles/simple_goal_checker.dir/plugins/simple_goal_checker.cpp.o[0m
[22.320s] [ 33%] [32m[1mLinking CXX static library libgtest_main.a[0m
[22.529s] [ 33%] Built target gtest_main
[25.936s] [ 38%] [32m[1mLinking CXX shared library libsimple_progress_checker.so[0m
[26.216s] [ 44%] [32m[1mLinking CXX shared library libsimple_goal_checker.so[0m
[26.421s] [ 44%] Built target simple_progress_checker
[26.958s] [ 44%] Built target simple_goal_checker
[27.009s] [35m[1mScanning dependencies of target stopped_goal_checker[0m
[27.133s] [ 50%] [32mBuilding CXX object CMakeFiles/stopped_goal_checker.dir/plugins/stopped_goal_checker.cpp.o[0m
[31.028s] [ 55%] [32m[1mLinking CXX shared library libstopped_goal_checker.so[0m
[31.303s] [ 55%] Built target stopped_goal_checker
[34.249s] [ 61%] [32m[1mLinking CXX static library libgtest.a[0m
[34.294s] [ 61%] Built target gtest
[34.308s] [35m[1mScanning dependencies of target gctest[0m
[34.308s] [35m[1mScanning dependencies of target pctest[0m
[34.364s] [ 66%] [32mBuilding CXX object plugins/test/CMakeFiles/gctest.dir/goal_checker.cpp.o[0m
[34.383s] [ 72%] [32mBuilding CXX object plugins/test/CMakeFiles/pctest.dir/progress_checker.cpp.o[0m
[38.199s] [ 77%] [32m[1mLinking CXX executable gctest[0m
[38.665s] [ 83%] [32m[1mLinking CXX executable pctest[0m
[38.841s] [ 83%] Built target gctest
[39.099s] [ 83%] Built target pctest
[53.543s] [ 88%] [32m[1mLinking CXX static library libcontroller_server_core.a[0m
[53.629s] [ 88%] Built target controller_server_core
[53.651s] [35m[1mScanning dependencies of target controller_server[0m
[53.787s] [ 94%] [32mBuilding CXX object CMakeFiles/controller_server.dir/src/main.cpp.o[0m
[66.217s] [100%] [32m[1mLinking CXX executable controller_server[0m
[67.483s] [100%] Built target controller_server
[67.515s] Invoked command in '/home/student/sjowmm_ws/build/nav2_controller' returned '0': AMENT_PREFIX_PATH=/home/student/sjowmm_ws/install/nav2_core:/home/student/sjowmm_ws/install/nav2_costmap_2d:/home/student/sjowmm_ws/install/nav_2d_utils:/home/student/sjowmm_ws/install/nav2_util:/home/student/sjowmm_ws/install/nav2_voxel_grid:/home/student/sjowmm_ws/install/nav2_msgs:/home/student/sjowmm_ws/install/nav_2d_msgs:/home/student/sjowmm_ws/install/nav2_common:${AMENT_PREFIX_PATH} CMAKE_PREFIX_PATH=/home/student/sjowmm_ws/install/nav2_core:/home/student/sjowmm_ws/install/nav2_costmap_2d:/home/student/sjowmm_ws/install/nav_2d_utils:/home/student/sjowmm_ws/install/nav2_util:/home/student/sjowmm_ws/install/nav2_voxel_grid:/home/student/sjowmm_ws/install/nav2_msgs:/home/student/sjowmm_ws/install/nav_2d_msgs:/home/student/sjowmm_ws/install/nav2_common:/home/student/sjowmm_ws/install/simulation:/home/student/sjowmm_ws/install/dede:/opt/ros/foxy LD_LIBRARY_PATH=/home/student/sjowmm_ws/install/nav2_costmap_2d/lib:/home/student/sjowmm_ws/install/nav_2d_utils/lib:/home/student/sjowmm_ws/install/nav2_util/lib:/home/student/sjowmm_ws/install/nav2_voxel_grid/lib:/home/student/sjowmm_ws/install/nav2_msgs/lib:/home/student/sjowmm_ws/install/nav_2d_msgs/lib:${LD_LIBRARY_PATH} PYTHONPATH=/home/student/sjowmm_ws/install/nav2_msgs/lib/python3.8/site-packages:/home/student/sjowmm_ws/install/nav_2d_msgs/lib/python3.8/site-packages:/home/student/sjowmm_ws/install/nav2_common/lib/python3.8/site-packages:${PYTHONPATH} /usr/bin/cmake --build /home/student/sjowmm_ws/build/nav2_controller -- -j12 -l12
[67.597s] Invoking command in '/home/student/sjowmm_ws/build/nav2_controller': AMENT_PREFIX_PATH=/home/student/sjowmm_ws/install/nav2_core:/home/student/sjowmm_ws/install/nav2_costmap_2d:/home/student/sjowmm_ws/install/nav_2d_utils:/home/student/sjowmm_ws/install/nav2_util:/home/student/sjowmm_ws/install/nav2_voxel_grid:/home/student/sjowmm_ws/install/nav2_msgs:/home/student/sjowmm_ws/install/nav_2d_msgs:/home/student/sjowmm_ws/install/nav2_common:${AMENT_PREFIX_PATH} CMAKE_PREFIX_PATH=/home/student/sjowmm_ws/install/nav2_core:/home/student/sjowmm_ws/install/nav2_costmap_2d:/home/student/sjowmm_ws/install/nav_2d_utils:/home/student/sjowmm_ws/install/nav2_util:/home/student/sjowmm_ws/install/nav2_voxel_grid:/home/student/sjowmm_ws/install/nav2_msgs:/home/student/sjowmm_ws/install/nav_2d_msgs:/home/student/sjowmm_ws/install/nav2_common:/home/student/sjowmm_ws/install/simulation:/home/student/sjowmm_ws/install/dede:/opt/ros/foxy LD_LIBRARY_PATH=/home/student/sjowmm_ws/install/nav2_costmap_2d/lib:/home/student/sjowmm_ws/install/nav_2d_utils/lib:/home/student/sjowmm_ws/install/nav2_util/lib:/home/student/sjowmm_ws/install/nav2_voxel_grid/lib:/home/student/sjowmm_ws/install/nav2_msgs/lib:/home/student/sjowmm_ws/install/nav_2d_msgs/lib:${LD_LIBRARY_PATH} PYTHONPATH=/home/student/sjowmm_ws/install/nav2_msgs/lib/python3.8/site-packages:/home/student/sjowmm_ws/install/nav_2d_msgs/lib/python3.8/site-packages:/home/student/sjowmm_ws/install/nav2_common/lib/python3.8/site-packages:${PYTHONPATH} /usr/bin/cmake --install /home/student/sjowmm_ws/build/nav2_controller
[67.625s] -- Install configuration: "Release"
[67.626s] -- Installing: /home/student/sjowmm_ws/install/nav2_controller/lib/libsimple_progress_checker.so
[67.627s] -- Set runtime path of "/home/student/sjowmm_ws/install/nav2_controller/lib/libsimple_progress_checker.so" to ""
[67.627s] -- Installing: /home/student/sjowmm_ws/install/nav2_controller/lib/libsimple_goal_checker.so
[67.627s] -- Set runtime path of "/home/student/sjowmm_ws/install/nav2_controller/lib/libsimple_goal_checker.so" to ""
[67.627s] -- Installing: /home/student/sjowmm_ws/install/nav2_controller/lib/libstopped_goal_checker.so
[67.628s] -- Set runtime path of "/home/student/sjowmm_ws/install/nav2_controller/lib/libstopped_goal_checker.so" to ""
[67.628s] -- Installing: /home/student/sjowmm_ws/install/nav2_controller/lib/libcontroller_server_core.a
[67.638s] -- Installing: /home/student/sjowmm_ws/install/nav2_controller/lib/nav2_controller/controller_server
[67.642s] -- Set runtime path of "/home/student/sjowmm_ws/install/nav2_controller/lib/nav2_controller/controller_server" to ""
[67.642s] -- Installing: /home/student/sjowmm_ws/install/nav2_controller/include/
[67.643s] -- Installing: /home/student/sjowmm_ws/install/nav2_controller/include//nav2_controller
[67.643s] -- Installing: /home/student/sjowmm_ws/install/nav2_controller/include//nav2_controller/nav2_controller.hpp
[67.643s] -- Installing: /home/student/sjowmm_ws/install/nav2_controller/include//nav2_controller/plugins
[67.643s] -- Installing: /home/student/sjowmm_ws/install/nav2_controller/include//nav2_controller/plugins/simple_progress_checker.hpp
[67.643s] -- Installing: /home/student/sjowmm_ws/install/nav2_controller/include//nav2_controller/plugins/simple_goal_checker.hpp
[67.643s] -- Installing: /home/student/sjowmm_ws/install/nav2_controller/include//nav2_controller/plugins/stopped_goal_checker.hpp
[67.643s] -- Installing: /home/student/sjowmm_ws/install/nav2_controller/share/nav2_controller/environment/library_path.sh
[67.644s] -- Installing: /home/student/sjowmm_ws/install/nav2_controller/share/nav2_controller/environment/library_path.dsv
[67.644s] -- Installing: /home/student/sjowmm_ws/install/nav2_controller/share/nav2_controller/plugins.xml
[67.644s] -- Installing: /home/student/sjowmm_ws/install/nav2_controller/share/ament_index/resource_index/package_run_dependencies/nav2_controller
[67.644s] -- Installing: /home/student/sjowmm_ws/install/nav2_controller/share/ament_index/resource_index/parent_prefix_path/nav2_controller
[67.644s] -- Installing: /home/student/sjowmm_ws/install/nav2_controller/share/nav2_controller/environment/ament_prefix_path.sh
[67.645s] -- Installing: /home/student/sjowmm_ws/install/nav2_controller/share/nav2_controller/environment/ament_prefix_path.dsv
[67.646s] -- Installing: /home/student/sjowmm_ws/install/nav2_controller/share/nav2_controller/environment/path.sh
[67.647s] -- Installing: /home/student/sjowmm_ws/install/nav2_controller/share/nav2_controller/environment/path.dsv
[67.647s] -- Installing: /home/student/sjowmm_ws/install/nav2_controller/share/nav2_controller/local_setup.bash
[67.647s] -- Installing: /home/student/sjowmm_ws/install/nav2_controller/share/nav2_controller/local_setup.sh
[67.647s] -- Installing: /home/student/sjowmm_ws/install/nav2_controller/share/nav2_controller/local_setup.zsh
[67.648s] -- Installing: /home/student/sjowmm_ws/install/nav2_controller/share/nav2_controller/local_setup.dsv
[67.648s] -- Installing: /home/student/sjowmm_ws/install/nav2_controller/share/nav2_controller/package.dsv
[67.648s] -- Installing: /home/student/sjowmm_ws/install/nav2_controller/share/ament_index/resource_index/packages/nav2_controller
[67.648s] -- Installing: /home/student/sjowmm_ws/install/nav2_controller/share/ament_index/resource_index/nav2_core__pluginlib__plugin/nav2_controller
[67.648s] -- Installing: /home/student/sjowmm_ws/install/nav2_controller/share/nav2_controller/cmake/ament_cmake_export_include_directories-extras.cmake
[67.649s] -- Installing: /home/student/sjowmm_ws/install/nav2_controller/share/nav2_controller/cmake/ament_cmake_export_libraries-extras.cmake
[67.649s] -- Installing: /home/student/sjowmm_ws/install/nav2_controller/share/nav2_controller/cmake/ament_cmake_export_definitions-extras.cmake
[67.649s] -- Installing: /home/student/sjowmm_ws/install/nav2_controller/share/nav2_controller/cmake/nav2_controllerConfig.cmake
[67.649s] -- Installing: /home/student/sjowmm_ws/install/nav2_controller/share/nav2_controller/cmake/nav2_controllerConfig-version.cmake
[67.649s] -- Installing: /home/student/sjowmm_ws/install/nav2_controller/share/nav2_controller/package.xml
[67.665s] Invoked command in '/home/student/sjowmm_ws/build/nav2_controller' returned '0': AMENT_PREFIX_PATH=/home/student/sjowmm_ws/install/nav2_core:/home/student/sjowmm_ws/install/nav2_costmap_2d:/home/student/sjowmm_ws/install/nav_2d_utils:/home/student/sjowmm_ws/install/nav2_util:/home/student/sjowmm_ws/install/nav2_voxel_grid:/home/student/sjowmm_ws/install/nav2_msgs:/home/student/sjowmm_ws/install/nav_2d_msgs:/home/student/sjowmm_ws/install/nav2_common:${AMENT_PREFIX_PATH} CMAKE_PREFIX_PATH=/home/student/sjowmm_ws/install/nav2_core:/home/student/sjowmm_ws/install/nav2_costmap_2d:/home/student/sjowmm_ws/install/nav_2d_utils:/home/student/sjowmm_ws/install/nav2_util:/home/student/sjowmm_ws/install/nav2_voxel_grid:/home/student/sjowmm_ws/install/nav2_msgs:/home/student/sjowmm_ws/install/nav_2d_msgs:/home/student/sjowmm_ws/install/nav2_common:/home/student/sjowmm_ws/install/simulation:/home/student/sjowmm_ws/install/dede:/opt/ros/foxy LD_LIBRARY_PATH=/home/student/sjowmm_ws/install/nav2_costmap_2d/lib:/home/student/sjowmm_ws/install/nav_2d_utils/lib:/home/student/sjowmm_ws/install/nav2_util/lib:/home/student/sjowmm_ws/install/nav2_voxel_grid/lib:/home/student/sjowmm_ws/install/nav2_msgs/lib:/home/student/sjowmm_ws/install/nav_2d_msgs/lib:${LD_LIBRARY_PATH} PYTHONPATH=/home/student/sjowmm_ws/install/nav2_msgs/lib/python3.8/site-packages:/home/student/sjowmm_ws/install/nav_2d_msgs/lib/python3.8/site-packages:/home/student/sjowmm_ws/install/nav2_common/lib/python3.8/site-packages:${PYTHONPATH} /usr/bin/cmake --install /home/student/sjowmm_ws/build/nav2_controller
