[0.316s] Invoking command in '/home/student/sjowmm_ws/build/turtlebot3_fake_node': CMAKE_PREFIX_PATH=${CMAKE_PREFIX_PATH}:/home/student/sjowmm_ws/install/turtlebot3_teleop:/home/student/sjowmm_ws/install/turtlebot3_example:/home/student/sjowmm_ws/install/simulation:/home/student/sjowmm_ws/install/path_projection:/home/student/sjowmm_ws/install/nav2_gazebo_spawner:/home/student/sjowmm_ws/install/green_turtle:/home/student/sjowmm_ws/install/dede:/opt/ros/foxy /usr/bin/cmake --build /home/student/sjowmm_ws/build/turtlebot3_fake_node -- -j12 -l12
[1.479s] [100%] Built target turtlebot3_fake_node
[1.486s] Invoked command in '/home/student/sjowmm_ws/build/turtlebot3_fake_node' returned '0': CMAKE_PREFIX_PATH=${CMAKE_PREFIX_PATH}:/home/student/sjowmm_ws/install/turtlebot3_teleop:/home/student/sjowmm_ws/install/turtlebot3_example:/home/student/sjowmm_ws/install/simulation:/home/student/sjowmm_ws/install/path_projection:/home/student/sjowmm_ws/install/nav2_gazebo_spawner:/home/student/sjowmm_ws/install/green_turtle:/home/student/sjowmm_ws/install/dede:/opt/ros/foxy /usr/bin/cmake --build /home/student/sjowmm_ws/build/turtlebot3_fake_node -- -j12 -l12
[1.560s] Invoking command in '/home/student/sjowmm_ws/build/turtlebot3_fake_node': CMAKE_PREFIX_PATH=${CMAKE_PREFIX_PATH}:/home/student/sjowmm_ws/install/turtlebot3_teleop:/home/student/sjowmm_ws/install/turtlebot3_example:/home/student/sjowmm_ws/install/simulation:/home/student/sjowmm_ws/install/path_projection:/home/student/sjowmm_ws/install/nav2_gazebo_spawner:/home/student/sjowmm_ws/install/green_turtle:/home/student/sjowmm_ws/install/dede:/opt/ros/foxy /usr/bin/cmake --install /home/student/sjowmm_ws/build/turtlebot3_fake_node
[1.596s] -- Install configuration: ""
[1.596s] -- Up-to-date: /home/student/sjowmm_ws/install/turtlebot3_fake_node/lib/turtlebot3_fake_node/turtlebot3_fake_node
[1.598s] -- Up-to-date: /home/student/sjowmm_ws/install/turtlebot3_fake_node/share/turtlebot3_fake_node/launch
[1.598s] -- Up-to-date: /home/student/sjowmm_ws/install/turtlebot3_fake_node/share/turtlebot3_fake_node/launch/rviz2.launch.py
[1.598s] -- Up-to-date: /home/student/sjowmm_ws/install/turtlebot3_fake_node/share/turtlebot3_fake_node/launch/turtlebot3_fake_node.launch.py
[1.598s] -- Up-to-date: /home/student/sjowmm_ws/install/turtlebot3_fake_node/share/turtlebot3_fake_node/param
[1.598s] -- Up-to-date: /home/student/sjowmm_ws/install/turtlebot3_fake_node/share/turtlebot3_fake_node/param/waffle.yaml
[1.598s] -- Up-to-date: /home/student/sjowmm_ws/install/turtlebot3_fake_node/share/turtlebot3_fake_node/param/waffle_pi.yaml
[1.599s] -- Up-to-date: /home/student/sjowmm_ws/install/turtlebot3_fake_node/share/turtlebot3_fake_node/param/burger.yaml
[1.599s] -- Up-to-date: /home/student/sjowmm_ws/install/turtlebot3_fake_node/share/turtlebot3_fake_node/rviz
[1.599s] -- Up-to-date: /home/student/sjowmm_ws/install/turtlebot3_fake_node/share/turtlebot3_fake_node/rviz/model.rviz
[1.599s] -- Up-to-date: /home/student/sjowmm_ws/install/turtlebot3_fake_node/include/
[1.599s] -- Up-to-date: /home/student/sjowmm_ws/install/turtlebot3_fake_node/include//turtlebot3_fake_node
[1.599s] -- Up-to-date: /home/student/sjowmm_ws/install/turtlebot3_fake_node/include//turtlebot3_fake_node/turtlebot3_fake_node.hpp
[1.599s] -- Up-to-date: /home/student/sjowmm_ws/install/turtlebot3_fake_node/share/ament_index/resource_index/package_run_dependencies/turtlebot3_fake_node
[1.599s] -- Up-to-date: /home/student/sjowmm_ws/install/turtlebot3_fake_node/share/ament_index/resource_index/parent_prefix_path/turtlebot3_fake_node
[1.599s] -- Up-to-date: /home/student/sjowmm_ws/install/turtlebot3_fake_node/share/turtlebot3_fake_node/environment/ament_prefix_path.sh
[1.600s] -- Up-to-date: /home/student/sjowmm_ws/install/turtlebot3_fake_node/share/turtlebot3_fake_node/environment/ament_prefix_path.dsv
[1.600s] -- Up-to-date: /home/student/sjowmm_ws/install/turtlebot3_fake_node/share/turtlebot3_fake_node/environment/path.sh
[1.600s] -- Up-to-date: /home/student/sjowmm_ws/install/turtlebot3_fake_node/share/turtlebot3_fake_node/environment/path.dsv
[1.600s] -- Up-to-date: /home/student/sjowmm_ws/install/turtlebot3_fake_node/share/turtlebot3_fake_node/local_setup.bash
[1.600s] -- Up-to-date: /home/student/sjowmm_ws/install/turtlebot3_fake_node/share/turtlebot3_fake_node/local_setup.sh
[1.600s] -- Up-to-date: /home/student/sjowmm_ws/install/turtlebot3_fake_node/share/turtlebot3_fake_node/local_setup.zsh
[1.600s] -- Up-to-date: /home/student/sjowmm_ws/install/turtlebot3_fake_node/share/turtlebot3_fake_node/local_setup.dsv
[1.600s] -- Installing: /home/student/sjowmm_ws/install/turtlebot3_fake_node/share/turtlebot3_fake_node/package.dsv
[1.600s] -- Up-to-date: /home/student/sjowmm_ws/install/turtlebot3_fake_node/share/ament_index/resource_index/packages/turtlebot3_fake_node
[1.601s] -- Up-to-date: /home/student/sjowmm_ws/install/turtlebot3_fake_node/share/turtlebot3_fake_node/cmake/ament_cmake_export_include_directories-extras.cmake
[1.601s] -- Up-to-date: /home/student/sjowmm_ws/install/turtlebot3_fake_node/share/turtlebot3_fake_node/cmake/ament_cmake_export_dependencies-extras.cmake
[1.601s] -- Up-to-date: /home/student/sjowmm_ws/install/turtlebot3_fake_node/share/turtlebot3_fake_node/cmake/turtlebot3_fake_nodeConfig.cmake
[1.601s] -- Up-to-date: /home/student/sjowmm_ws/install/turtlebot3_fake_node/share/turtlebot3_fake_node/cmake/turtlebot3_fake_nodeConfig-version.cmake
[1.601s] -- Up-to-date: /home/student/sjowmm_ws/install/turtlebot3_fake_node/share/turtlebot3_fake_node/package.xml
[1.636s] Invoked command in '/home/student/sjowmm_ws/build/turtlebot3_fake_node' returned '0': CMAKE_PREFIX_PATH=${CMAKE_PREFIX_PATH}:/home/student/sjowmm_ws/install/turtlebot3_teleop:/home/student/sjowmm_ws/install/turtlebot3_example:/home/student/sjowmm_ws/install/simulation:/home/student/sjowmm_ws/install/path_projection:/home/student/sjowmm_ws/install/nav2_gazebo_spawner:/home/student/sjowmm_ws/install/green_turtle:/home/student/sjowmm_ws/install/dede:/opt/ros/foxy /usr/bin/cmake --install /home/student/sjowmm_ws/build/turtlebot3_fake_node
