[1.459s] Invoking command in '/home/student/sjowmm_ws/src/turtlebot3/turtlebot3_teleop': PYTHONPATH=/home/student/sjowmm_ws/install/turtlebot3_teleop/lib/python3.8/site-packages:${PYTHONPATH} /usr/bin/python3 setup.py egg_info --egg-base ../../../build/turtlebot3_teleop build --build-base /home/student/sjowmm_ws/build/turtlebot3_teleop/build install --prefix /home/student/sjowmm_ws/install/turtlebot3_teleop --record /home/student/sjowmm_ws/build/turtlebot3_teleop/install.log --single-version-externally-managed
[1.781s] running egg_info
[1.782s] creating ../../../build/turtlebot3_teleop/turtlebot3_teleop.egg-info
[1.783s] writing ../../../build/turtlebot3_teleop/turtlebot3_teleop.egg-info/PKG-INFO
[1.783s] writing dependency_links to ../../../build/turtlebot3_teleop/turtlebot3_teleop.egg-info/dependency_links.txt
[1.783s] writing entry points to ../../../build/turtlebot3_teleop/turtlebot3_teleop.egg-info/entry_points.txt
[1.783s] writing requirements to ../../../build/turtlebot3_teleop/turtlebot3_teleop.egg-info/requires.txt
[1.783s] writing top-level names to ../../../build/turtlebot3_teleop/turtlebot3_teleop.egg-info/top_level.txt
[1.785s] writing manifest file '../../../build/turtlebot3_teleop/turtlebot3_teleop.egg-info/SOURCES.txt'
[1.838s] reading manifest file '../../../build/turtlebot3_teleop/turtlebot3_teleop.egg-info/SOURCES.txt'
[1.840s] writing manifest file '../../../build/turtlebot3_teleop/turtlebot3_teleop.egg-info/SOURCES.txt'
[1.840s] running build
[1.841s] running build_py
[1.842s] creating /home/student/sjowmm_ws/build/turtlebot3_teleop/build
[1.842s] creating /home/student/sjowmm_ws/build/turtlebot3_teleop/build/lib
[1.843s] creating /home/student/sjowmm_ws/build/turtlebot3_teleop/build/lib/turtlebot3_teleop
[1.843s] copying turtlebot3_teleop/__init__.py -> /home/student/sjowmm_ws/build/turtlebot3_teleop/build/lib/turtlebot3_teleop
[1.843s] creating /home/student/sjowmm_ws/build/turtlebot3_teleop/build/lib/turtlebot3_teleop/script
[1.844s] copying turtlebot3_teleop/script/teleop_keyboard.py -> /home/student/sjowmm_ws/build/turtlebot3_teleop/build/lib/turtlebot3_teleop/script
[1.844s] copying turtlebot3_teleop/script/__init__.py -> /home/student/sjowmm_ws/build/turtlebot3_teleop/build/lib/turtlebot3_teleop/script
[1.846s] running install
[1.849s] running install_lib
[1.851s] creating /home/student/sjowmm_ws/install/turtlebot3_teleop/lib/python3.8/site-packages/turtlebot3_teleop
[1.851s] creating /home/student/sjowmm_ws/install/turtlebot3_teleop/lib/python3.8/site-packages/turtlebot3_teleop/script
[1.851s] copying /home/student/sjowmm_ws/build/turtlebot3_teleop/build/lib/turtlebot3_teleop/script/teleop_keyboard.py -> /home/student/sjowmm_ws/install/turtlebot3_teleop/lib/python3.8/site-packages/turtlebot3_teleop/script
[1.852s] copying /home/student/sjowmm_ws/build/turtlebot3_teleop/build/lib/turtlebot3_teleop/script/__init__.py -> /home/student/sjowmm_ws/install/turtlebot3_teleop/lib/python3.8/site-packages/turtlebot3_teleop/script
[1.852s] copying /home/student/sjowmm_ws/build/turtlebot3_teleop/build/lib/turtlebot3_teleop/__init__.py -> /home/student/sjowmm_ws/install/turtlebot3_teleop/lib/python3.8/site-packages/turtlebot3_teleop
[1.853s] byte-compiling /home/student/sjowmm_ws/install/turtlebot3_teleop/lib/python3.8/site-packages/turtlebot3_teleop/script/teleop_keyboard.py to teleop_keyboard.cpython-38.pyc
[1.855s] byte-compiling /home/student/sjowmm_ws/install/turtlebot3_teleop/lib/python3.8/site-packages/turtlebot3_teleop/script/__init__.py to __init__.cpython-38.pyc
[1.856s] byte-compiling /home/student/sjowmm_ws/install/turtlebot3_teleop/lib/python3.8/site-packages/turtlebot3_teleop/__init__.py to __init__.cpython-38.pyc
[1.857s] running install_data
[1.858s] creating /home/student/sjowmm_ws/install/turtlebot3_teleop/share/ament_index
[1.858s] creating /home/student/sjowmm_ws/install/turtlebot3_teleop/share/ament_index/resource_index
[1.858s] creating /home/student/sjowmm_ws/install/turtlebot3_teleop/share/ament_index/resource_index/packages
[1.859s] copying resource/turtlebot3_teleop -> /home/student/sjowmm_ws/install/turtlebot3_teleop/share/ament_index/resource_index/packages
[1.859s] copying package.xml -> /home/student/sjowmm_ws/install/turtlebot3_teleop/share/turtlebot3_teleop
[1.859s] running install_egg_info
[1.860s] Copying ../../../build/turtlebot3_teleop/turtlebot3_teleop.egg-info to /home/student/sjowmm_ws/install/turtlebot3_teleop/lib/python3.8/site-packages/turtlebot3_teleop-2.1.4-py3.8.egg-info
[1.860s] running install_scripts
[1.876s] Installing teleop_keyboard script to /home/student/sjowmm_ws/install/turtlebot3_teleop/lib/turtlebot3_teleop
[1.877s] writing list of installed files to '/home/student/sjowmm_ws/build/turtlebot3_teleop/install.log'
[1.923s] Invoked command in '/home/student/sjowmm_ws/src/turtlebot3/turtlebot3_teleop' returned '0': PYTHONPATH=/home/student/sjowmm_ws/install/turtlebot3_teleop/lib/python3.8/site-packages:${PYTHONPATH} /usr/bin/python3 setup.py egg_info --egg-base ../../../build/turtlebot3_teleop build --build-base /home/student/sjowmm_ws/build/turtlebot3_teleop/build install --prefix /home/student/sjowmm_ws/install/turtlebot3_teleop --record /home/student/sjowmm_ws/build/turtlebot3_teleop/install.log --single-version-externally-managed
