[1.568s] Invoking command in '/home/student/sjowmm_ws/src/navigation2/nav2_bringup/nav2_gazebo_spawner': PYTHONPATH=/home/student/sjowmm_ws/install/nav2_gazebo_spawner/lib/python3.8/site-packages:${PYTHONPATH} /usr/bin/python3 setup.py egg_info --egg-base ../../../../build/nav2_gazebo_spawner build --build-base /home/student/sjowmm_ws/build/nav2_gazebo_spawner/build install --prefix /home/student/sjowmm_ws/install/nav2_gazebo_spawner --record /home/student/sjowmm_ws/build/nav2_gazebo_spawner/install.log --single-version-externally-managed
[1.952s] running egg_info
[1.953s] writing ../../../../build/nav2_gazebo_spawner/nav2_gazebo_spawner.egg-info/PKG-INFO
[1.953s] writing dependency_links to ../../../../build/nav2_gazebo_spawner/nav2_gazebo_spawner.egg-info/dependency_links.txt
[1.953s] writing entry points to ../../../../build/nav2_gazebo_spawner/nav2_gazebo_spawner.egg-info/entry_points.txt
[1.954s] writing requirements to ../../../../build/nav2_gazebo_spawner/nav2_gazebo_spawner.egg-info/requires.txt
[1.954s] writing top-level names to ../../../../build/nav2_gazebo_spawner/nav2_gazebo_spawner.egg-info/top_level.txt
[2.018s] reading manifest file '../../../../build/nav2_gazebo_spawner/nav2_gazebo_spawner.egg-info/SOURCES.txt'
[2.019s] writing manifest file '../../../../build/nav2_gazebo_spawner/nav2_gazebo_spawner.egg-info/SOURCES.txt'
[2.019s] running build
[2.020s] running build_py
[2.020s] running install
[2.021s] running install_lib
[2.023s] running install_data
[2.024s] running install_egg_info
[2.026s] removing '/home/student/sjowmm_ws/install/nav2_gazebo_spawner/lib/python3.8/site-packages/nav2_gazebo_spawner-0.3.0-py3.8.egg-info' (and everything under it)
[2.026s] Copying ../../../../build/nav2_gazebo_spawner/nav2_gazebo_spawner.egg-info to /home/student/sjowmm_ws/install/nav2_gazebo_spawner/lib/python3.8/site-packages/nav2_gazebo_spawner-0.3.0-py3.8.egg-info
[2.027s] running install_scripts
[2.051s] Installing nav2_gazebo_spawner script to /home/student/sjowmm_ws/install/nav2_gazebo_spawner/lib/nav2_gazebo_spawner
[2.051s] writing list of installed files to '/home/student/sjowmm_ws/build/nav2_gazebo_spawner/install.log'
[2.227s] Invoked command in '/home/student/sjowmm_ws/src/navigation2/nav2_bringup/nav2_gazebo_spawner' returned '0': PYTHONPATH=/home/student/sjowmm_ws/install/nav2_gazebo_spawner/lib/python3.8/site-packages:${PYTHONPATH} /usr/bin/python3 setup.py egg_info --egg-base ../../../../build/nav2_gazebo_spawner build --build-base /home/student/sjowmm_ws/build/nav2_gazebo_spawner/build install --prefix /home/student/sjowmm_ws/install/nav2_gazebo_spawner --record /home/student/sjowmm_ws/build/nav2_gazebo_spawner/install.log --single-version-externally-managed
