[0.088s] Invoking command in '/home/student/sjowmm_ws/build/turtlebot3_description': CMAKE_PREFIX_PATH=${CMAKE_PREFIX_PATH}:/home/student/sjowmm_ws/install/turtlebot3_teleop:/home/student/sjowmm_ws/install/turtlebot3_example:/home/student/sjowmm_ws/install/simulation:/home/student/sjowmm_ws/install/path_projection:/home/student/sjowmm_ws/install/nav2_gazebo_spawner:/home/student/sjowmm_ws/install/green_turtle:/home/student/sjowmm_ws/install/dede:/opt/ros/foxy /usr/bin/cmake --build /home/student/sjowmm_ws/build/turtlebot3_description -- -j12 -l12
[1.479s] Invoked command in '/home/student/sjowmm_ws/build/turtlebot3_description' returned '0': CMAKE_PREFIX_PATH=${CMAKE_PREFIX_PATH}:/home/student/sjowmm_ws/install/turtlebot3_teleop:/home/student/sjowmm_ws/install/turtlebot3_example:/home/student/sjowmm_ws/install/simulation:/home/student/sjowmm_ws/install/path_projection:/home/student/sjowmm_ws/install/nav2_gazebo_spawner:/home/student/sjowmm_ws/install/green_turtle:/home/student/sjowmm_ws/install/dede:/opt/ros/foxy /usr/bin/cmake --build /home/student/sjowmm_ws/build/turtlebot3_description -- -j12 -l12
[1.550s] Invoking command in '/home/student/sjowmm_ws/build/turtlebot3_description': CMAKE_PREFIX_PATH=${CMAKE_PREFIX_PATH}:/home/student/sjowmm_ws/install/turtlebot3_teleop:/home/student/sjowmm_ws/install/turtlebot3_example:/home/student/sjowmm_ws/install/simulation:/home/student/sjowmm_ws/install/path_projection:/home/student/sjowmm_ws/install/nav2_gazebo_spawner:/home/student/sjowmm_ws/install/green_turtle:/home/student/sjowmm_ws/install/dede:/opt/ros/foxy /usr/bin/cmake --install /home/student/sjowmm_ws/build/turtlebot3_description
[1.575s] -- Install configuration: ""
[1.575s] -- Up-to-date: /home/student/sjowmm_ws/install/turtlebot3_description/share/turtlebot3_description/meshes
[1.575s] -- Up-to-date: /home/student/sjowmm_ws/install/turtlebot3_description/share/turtlebot3_description/meshes/wheels
[1.575s] -- Up-to-date: /home/student/sjowmm_ws/install/turtlebot3_description/share/turtlebot3_description/meshes/wheels/right_tire.stl
[1.575s] -- Up-to-date: /home/student/sjowmm_ws/install/turtlebot3_description/share/turtlebot3_description/meshes/wheels/left_tire.stl
[1.575s] -- Up-to-date: /home/student/sjowmm_ws/install/turtlebot3_description/share/turtlebot3_description/meshes/sensors
[1.576s] -- Up-to-date: /home/student/sjowmm_ws/install/turtlebot3_description/share/turtlebot3_description/meshes/sensors/astra.dae
[1.576s] -- Up-to-date: /home/student/sjowmm_ws/install/turtlebot3_description/share/turtlebot3_description/meshes/sensors/lds.stl
[1.576s] -- Up-to-date: /home/student/sjowmm_ws/install/turtlebot3_description/share/turtlebot3_description/meshes/sensors/r200.dae
[1.576s] -- Up-to-date: /home/student/sjowmm_ws/install/turtlebot3_description/share/turtlebot3_description/meshes/sensors/astra.jpg
[1.576s] -- Up-to-date: /home/student/sjowmm_ws/install/turtlebot3_description/share/turtlebot3_description/meshes/sensors/r200.jpg
[1.576s] -- Up-to-date: /home/student/sjowmm_ws/install/turtlebot3_description/share/turtlebot3_description/meshes/bases
[1.576s] -- Up-to-date: /home/student/sjowmm_ws/install/turtlebot3_description/share/turtlebot3_description/meshes/bases/waffle_base.stl
[1.577s] -- Up-to-date: /home/student/sjowmm_ws/install/turtlebot3_description/share/turtlebot3_description/meshes/bases/waffle_pi_base.stl
[1.577s] -- Up-to-date: /home/student/sjowmm_ws/install/turtlebot3_description/share/turtlebot3_description/meshes/bases/burger_base.stl
[1.577s] -- Up-to-date: /home/student/sjowmm_ws/install/turtlebot3_description/share/turtlebot3_description/rviz
[1.577s] -- Up-to-date: /home/student/sjowmm_ws/install/turtlebot3_description/share/turtlebot3_description/rviz/model.rviz
[1.577s] -- Up-to-date: /home/student/sjowmm_ws/install/turtlebot3_description/share/turtlebot3_description/urdf
[1.577s] -- Up-to-date: /home/student/sjowmm_ws/install/turtlebot3_description/share/turtlebot3_description/urdf/turtlebot3_waffle.urdf
[1.577s] -- Up-to-date: /home/student/sjowmm_ws/install/turtlebot3_description/share/turtlebot3_description/urdf/common_properties.urdf
[1.577s] -- Up-to-date: /home/student/sjowmm_ws/install/turtlebot3_description/share/turtlebot3_description/urdf/turtlebot3_burger.urdf
[1.577s] -- Up-to-date: /home/student/sjowmm_ws/install/turtlebot3_description/share/turtlebot3_description/urdf/turtlebot3_waffle_pi.urdf
[1.578s] -- Up-to-date: /home/student/sjowmm_ws/install/turtlebot3_description/share/ament_index/resource_index/package_run_dependencies/turtlebot3_description
[1.578s] -- Up-to-date: /home/student/sjowmm_ws/install/turtlebot3_description/share/ament_index/resource_index/parent_prefix_path/turtlebot3_description
[1.578s] -- Up-to-date: /home/student/sjowmm_ws/install/turtlebot3_description/share/turtlebot3_description/environment/ament_prefix_path.sh
[1.578s] -- Up-to-date: /home/student/sjowmm_ws/install/turtlebot3_description/share/turtlebot3_description/environment/ament_prefix_path.dsv
[1.578s] -- Up-to-date: /home/student/sjowmm_ws/install/turtlebot3_description/share/turtlebot3_description/environment/path.sh
[1.578s] -- Up-to-date: /home/student/sjowmm_ws/install/turtlebot3_description/share/turtlebot3_description/environment/path.dsv
[1.580s] -- Up-to-date: /home/student/sjowmm_ws/install/turtlebot3_description/share/turtlebot3_description/local_setup.bash
[1.581s] -- Up-to-date: /home/student/sjowmm_ws/install/turtlebot3_description/share/turtlebot3_description/local_setup.sh
[1.581s] -- Up-to-date: /home/student/sjowmm_ws/install/turtlebot3_description/share/turtlebot3_description/local_setup.zsh
[1.581s] -- Up-to-date: /home/student/sjowmm_ws/install/turtlebot3_description/share/turtlebot3_description/local_setup.dsv
[1.581s] -- Installing: /home/student/sjowmm_ws/install/turtlebot3_description/share/turtlebot3_description/package.dsv
[1.582s] -- Up-to-date: /home/student/sjowmm_ws/install/turtlebot3_description/share/ament_index/resource_index/packages/turtlebot3_description
[1.582s] -- Up-to-date: /home/student/sjowmm_ws/install/turtlebot3_description/share/turtlebot3_description/cmake/turtlebot3_descriptionConfig.cmake
[1.582s] -- Up-to-date: /home/student/sjowmm_ws/install/turtlebot3_description/share/turtlebot3_description/cmake/turtlebot3_descriptionConfig-version.cmake
[1.582s] -- Up-to-date: /home/student/sjowmm_ws/install/turtlebot3_description/share/turtlebot3_description/package.xml
[1.593s] Invoked command in '/home/student/sjowmm_ws/build/turtlebot3_description' returned '0': CMAKE_PREFIX_PATH=${CMAKE_PREFIX_PATH}:/home/student/sjowmm_ws/install/turtlebot3_teleop:/home/student/sjowmm_ws/install/turtlebot3_example:/home/student/sjowmm_ws/install/simulation:/home/student/sjowmm_ws/install/path_projection:/home/student/sjowmm_ws/install/nav2_gazebo_spawner:/home/student/sjowmm_ws/install/green_turtle:/home/student/sjowmm_ws/install/dede:/opt/ros/foxy /usr/bin/cmake --install /home/student/sjowmm_ws/build/turtlebot3_description
