[0.092s] Invoking command in '/home/student/sjowmm_ws/build/nav2_common': CMAKE_PREFIX_PATH=${CMAKE_PREFIX_PATH}:/home/student/sjowmm_ws/install/turtlebot3_teleop:/home/student/sjowmm_ws/install/turtlebot3_example:/home/student/sjowmm_ws/install/simulation:/home/student/sjowmm_ws/install/path_projection:/home/student/sjowmm_ws/install/nav2_gazebo_spawner:/home/student/sjowmm_ws/install/green_turtle:/home/student/sjowmm_ws/install/dede:/opt/ros/foxy /usr/bin/cmake --build /home/student/sjowmm_ws/build/nav2_common -- -j12 -l12
[1.489s] Invoked command in '/home/student/sjowmm_ws/build/nav2_common' returned '0': CMAKE_PREFIX_PATH=${CMAKE_PREFIX_PATH}:/home/student/sjowmm_ws/install/turtlebot3_teleop:/home/student/sjowmm_ws/install/turtlebot3_example:/home/student/sjowmm_ws/install/simulation:/home/student/sjowmm_ws/install/path_projection:/home/student/sjowmm_ws/install/nav2_gazebo_spawner:/home/student/sjowmm_ws/install/green_turtle:/home/student/sjowmm_ws/install/dede:/opt/ros/foxy /usr/bin/cmake --build /home/student/sjowmm_ws/build/nav2_common -- -j12 -l12
[1.556s] Invoking command in '/home/student/sjowmm_ws/build/nav2_common': CMAKE_PREFIX_PATH=${CMAKE_PREFIX_PATH}:/home/student/sjowmm_ws/install/turtlebot3_teleop:/home/student/sjowmm_ws/install/turtlebot3_example:/home/student/sjowmm_ws/install/simulation:/home/student/sjowmm_ws/install/path_projection:/home/student/sjowmm_ws/install/nav2_gazebo_spawner:/home/student/sjowmm_ws/install/green_turtle:/home/student/sjowmm_ws/install/dede:/opt/ros/foxy /usr/bin/cmake --install /home/student/sjowmm_ws/build/nav2_common
[1.573s] -- Install configuration: ""
[1.573s] -- Up-to-date: /home/student/sjowmm_ws/install/nav2_common/share/nav2_common/environment/pythonpath.sh
[1.573s] -- Up-to-date: /home/student/sjowmm_ws/install/nav2_common/share/nav2_common/environment/pythonpath.dsv
[1.573s] -- Up-to-date: /home/student/sjowmm_ws/install/nav2_common/lib/python3.8/site-packages/nav2_common
[1.574s] -- Up-to-date: /home/student/sjowmm_ws/install/nav2_common/lib/python3.8/site-packages/nav2_common/launch
[1.574s] -- Up-to-date: /home/student/sjowmm_ws/install/nav2_common/lib/python3.8/site-packages/nav2_common/launch/has_node_params.py
[1.574s] -- Up-to-date: /home/student/sjowmm_ws/install/nav2_common/lib/python3.8/site-packages/nav2_common/launch/rewritten_yaml.py
[1.574s] -- Up-to-date: /home/student/sjowmm_ws/install/nav2_common/lib/python3.8/site-packages/nav2_common/launch/replace_string.py
[1.574s] -- Up-to-date: /home/student/sjowmm_ws/install/nav2_common/lib/python3.8/site-packages/nav2_common/launch/__init__.py
[1.574s] -- Up-to-date: /home/student/sjowmm_ws/install/nav2_common/lib/python3.8/site-packages/nav2_common/__init__.py
[1.633s] Listing '/home/student/sjowmm_ws/install/nav2_common/lib/python3.8/site-packages/nav2_common'...
[1.633s] Listing '/home/student/sjowmm_ws/install/nav2_common/lib/python3.8/site-packages/nav2_common/launch'...
[1.633s] -- Up-to-date: /home/student/sjowmm_ws/install/nav2_common/share/ament_index/resource_index/package_run_dependencies/nav2_common
[1.633s] -- Up-to-date: /home/student/sjowmm_ws/install/nav2_common/share/ament_index/resource_index/parent_prefix_path/nav2_common
[1.633s] -- Up-to-date: /home/student/sjowmm_ws/install/nav2_common/share/nav2_common/environment/ament_prefix_path.sh
[1.634s] -- Up-to-date: /home/student/sjowmm_ws/install/nav2_common/share/nav2_common/environment/ament_prefix_path.dsv
[1.634s] -- Up-to-date: /home/student/sjowmm_ws/install/nav2_common/share/nav2_common/environment/path.sh
[1.634s] -- Up-to-date: /home/student/sjowmm_ws/install/nav2_common/share/nav2_common/environment/path.dsv
[1.635s] -- Up-to-date: /home/student/sjowmm_ws/install/nav2_common/share/nav2_common/local_setup.bash
[1.635s] -- Up-to-date: /home/student/sjowmm_ws/install/nav2_common/share/nav2_common/local_setup.sh
[1.635s] -- Up-to-date: /home/student/sjowmm_ws/install/nav2_common/share/nav2_common/local_setup.zsh
[1.635s] -- Up-to-date: /home/student/sjowmm_ws/install/nav2_common/share/nav2_common/local_setup.dsv
[1.636s] -- Installing: /home/student/sjowmm_ws/install/nav2_common/share/nav2_common/package.dsv
[1.638s] -- Up-to-date: /home/student/sjowmm_ws/install/nav2_common/share/ament_index/resource_index/packages/nav2_common
[1.638s] -- Up-to-date: /home/student/sjowmm_ws/install/nav2_common/share/nav2_common/cmake/nav2_common-extras.cmake
[1.638s] -- Up-to-date: /home/student/sjowmm_ws/install/nav2_common/share/nav2_common/cmake/nav2_commonConfig.cmake
[1.639s] -- Up-to-date: /home/student/sjowmm_ws/install/nav2_common/share/nav2_common/cmake/nav2_commonConfig-version.cmake
[1.643s] -- Up-to-date: /home/student/sjowmm_ws/install/nav2_common/share/nav2_common/package.xml
[1.643s] -- Up-to-date: /home/student/sjowmm_ws/install/nav2_common/share/nav2_common/cmake
[1.643s] -- Up-to-date: /home/student/sjowmm_ws/install/nav2_common/share/nav2_common/cmake/nav2_package.cmake
[1.660s] Invoked command in '/home/student/sjowmm_ws/build/nav2_common' returned '0': CMAKE_PREFIX_PATH=${CMAKE_PREFIX_PATH}:/home/student/sjowmm_ws/install/turtlebot3_teleop:/home/student/sjowmm_ws/install/turtlebot3_example:/home/student/sjowmm_ws/install/simulation:/home/student/sjowmm_ws/install/path_projection:/home/student/sjowmm_ws/install/nav2_gazebo_spawner:/home/student/sjowmm_ws/install/green_turtle:/home/student/sjowmm_ws/install/dede:/opt/ros/foxy /usr/bin/cmake --install /home/student/sjowmm_ws/build/nav2_common
