[0.010s] Invoking command in '/home/student/sjowmm_ws/build/nav2_util': AMENT_PREFIX_PATH=/home/student/sjowmm_ws/install/nav2_msgs:/home/student/sjowmm_ws/install/nav2_common:${AMENT_PREFIX_PATH} CMAKE_PREFIX_PATH=/home/student/sjowmm_ws/install/nav2_msgs:/home/student/sjowmm_ws/install/nav2_common:/opt/ros/foxy LD_LIBRARY_PATH=/home/student/sjowmm_ws/install/nav2_msgs/lib:${LD_LIBRARY_PATH} PYTHONPATH=/home/student/sjowmm_ws/install/nav2_msgs/lib/python3.8/site-packages:/home/student/sjowmm_ws/install/nav2_common/lib/python3.8/site-packages:${PYTHONPATH} /usr/bin/cmake --build /home/student/sjowmm_ws/build/nav2_util -- -j12 -l12
[0.073s] [  5%] Built target gtest
[0.073s] [ 10%] Built target gtest_main
[0.080s] [ 15%] Built target dump_params
[0.092s] [ 20%] Built target test_execution_timer
[0.097s] [ 45%] Built target nav2_util_core
[0.131s] [ 50%] Built target test_string_utils
[0.135s] [ 55%] Built target test_service_client
[0.136s] [ 60%] Built target test_node_utils
[0.137s] [ 65%] Built target test_odometry_utils
[0.138s] [ 75%] Built target lifecycle_bringup
[0.138s] [ 75%] Built target test_lifecycle_node
[0.138s] [ 82%] Built target test_geometry_utils
[0.139s] [ 85%] Built target test_lifecycle_utils
[0.139s] [ 90%] Built target test_lifecycle_cli_node
[0.140s] [ 95%] Built target test_actions
[0.141s] [100%] Built target test_robot_utils
[0.150s] Invoked command in '/home/student/sjowmm_ws/build/nav2_util' returned '0': AMENT_PREFIX_PATH=/home/student/sjowmm_ws/install/nav2_msgs:/home/student/sjowmm_ws/install/nav2_common:${AMENT_PREFIX_PATH} CMAKE_PREFIX_PATH=/home/student/sjowmm_ws/install/nav2_msgs:/home/student/sjowmm_ws/install/nav2_common:/opt/ros/foxy LD_LIBRARY_PATH=/home/student/sjowmm_ws/install/nav2_msgs/lib:${LD_LIBRARY_PATH} PYTHONPATH=/home/student/sjowmm_ws/install/nav2_msgs/lib/python3.8/site-packages:/home/student/sjowmm_ws/install/nav2_common/lib/python3.8/site-packages:${PYTHONPATH} /usr/bin/cmake --build /home/student/sjowmm_ws/build/nav2_util -- -j12 -l12
[0.173s] Invoking command in '/home/student/sjowmm_ws/build/nav2_util': AMENT_PREFIX_PATH=/home/student/sjowmm_ws/install/nav2_msgs:/home/student/sjowmm_ws/install/nav2_common:${AMENT_PREFIX_PATH} CMAKE_PREFIX_PATH=/home/student/sjowmm_ws/install/nav2_msgs:/home/student/sjowmm_ws/install/nav2_common:/opt/ros/foxy LD_LIBRARY_PATH=/home/student/sjowmm_ws/install/nav2_msgs/lib:${LD_LIBRARY_PATH} PYTHONPATH=/home/student/sjowmm_ws/install/nav2_msgs/lib/python3.8/site-packages:/home/student/sjowmm_ws/install/nav2_common/lib/python3.8/site-packages:${PYTHONPATH} /usr/bin/cmake --install /home/student/sjowmm_ws/build/nav2_util
[0.180s] -- Install configuration: "Release"
[0.180s] -- Up-to-date: /home/student/sjowmm_ws/install/nav2_util/include/
[0.181s] -- Up-to-date: /home/student/sjowmm_ws/install/nav2_util/include//nav2_util
[0.181s] -- Up-to-date: /home/student/sjowmm_ws/install/nav2_util/include//nav2_util/lifecycle_node.hpp
[0.181s] -- Up-to-date: /home/student/sjowmm_ws/install/nav2_util/include//nav2_util/lifecycle_service_client.hpp
[0.181s] -- Up-to-date: /home/student/sjowmm_ws/install/nav2_util/include//nav2_util/string_utils.hpp
[0.181s] -- Up-to-date: /home/student/sjowmm_ws/install/nav2_util/include//nav2_util/execution_timer.hpp
[0.181s] -- Up-to-date: /home/student/sjowmm_ws/install/nav2_util/include//nav2_util/node_utils.hpp
[0.181s] -- Up-to-date: /home/student/sjowmm_ws/install/nav2_util/include//nav2_util/line_iterator.hpp
[0.181s] -- Up-to-date: /home/student/sjowmm_ws/install/nav2_util/include//nav2_util/costmap.hpp
[0.181s] -- Up-to-date: /home/student/sjowmm_ws/install/nav2_util/include//nav2_util/service_client.hpp
[0.181s] -- Up-to-date: /home/student/sjowmm_ws/install/nav2_util/include//nav2_util/node_thread.hpp
[0.182s] -- Up-to-date: /home/student/sjowmm_ws/install/nav2_util/include//nav2_util/robot_utils.hpp
[0.182s] -- Up-to-date: /home/student/sjowmm_ws/install/nav2_util/include//nav2_util/clear_entirely_costmap_service_client.hpp
[0.182s] -- Up-to-date: /home/student/sjowmm_ws/install/nav2_util/include//nav2_util/simple_action_server.hpp
[0.182s] -- Up-to-date: /home/student/sjowmm_ws/install/nav2_util/include//nav2_util/lifecycle_utils.hpp
[0.182s] -- Up-to-date: /home/student/sjowmm_ws/install/nav2_util/include//nav2_util/geometry_utils.hpp
[0.182s] -- Up-to-date: /home/student/sjowmm_ws/install/nav2_util/include//nav2_util/odometry_utils.hpp
[0.182s] -- Up-to-date: /home/student/sjowmm_ws/install/nav2_util/share/nav2_util/environment/library_path.sh
[0.182s] -- Up-to-date: /home/student/sjowmm_ws/install/nav2_util/share/nav2_util/environment/library_path.dsv
[0.182s] -- Up-to-date: /home/student/sjowmm_ws/install/nav2_util/share/ament_index/resource_index/package_run_dependencies/nav2_util
[0.182s] -- Up-to-date: /home/student/sjowmm_ws/install/nav2_util/share/ament_index/resource_index/parent_prefix_path/nav2_util
[0.182s] -- Up-to-date: /home/student/sjowmm_ws/install/nav2_util/share/nav2_util/environment/ament_prefix_path.sh
[0.182s] -- Up-to-date: /home/student/sjowmm_ws/install/nav2_util/share/nav2_util/environment/ament_prefix_path.dsv
[0.182s] -- Up-to-date: /home/student/sjowmm_ws/install/nav2_util/share/nav2_util/environment/path.sh
[0.183s] -- Up-to-date: /home/student/sjowmm_ws/install/nav2_util/share/nav2_util/environment/path.dsv
[0.183s] -- Up-to-date: /home/student/sjowmm_ws/install/nav2_util/share/nav2_util/local_setup.bash
[0.183s] -- Up-to-date: /home/student/sjowmm_ws/install/nav2_util/share/nav2_util/local_setup.sh
[0.183s] -- Up-to-date: /home/student/sjowmm_ws/install/nav2_util/share/nav2_util/local_setup.zsh
[0.183s] -- Up-to-date: /home/student/sjowmm_ws/install/nav2_util/share/nav2_util/local_setup.dsv
[0.183s] -- Installing: /home/student/sjowmm_ws/install/nav2_util/share/nav2_util/package.dsv
[0.183s] -- Up-to-date: /home/student/sjowmm_ws/install/nav2_util/share/ament_index/resource_index/packages/nav2_util
[0.183s] -- Up-to-date: /home/student/sjowmm_ws/install/nav2_util/share/nav2_util/cmake/ament_cmake_export_include_directories-extras.cmake
[0.184s] -- Up-to-date: /home/student/sjowmm_ws/install/nav2_util/share/nav2_util/cmake/ament_cmake_export_libraries-extras.cmake
[0.184s] -- Up-to-date: /home/student/sjowmm_ws/install/nav2_util/share/nav2_util/cmake/ament_cmake_export_dependencies-extras.cmake
[0.184s] -- Up-to-date: /home/student/sjowmm_ws/install/nav2_util/share/nav2_util/cmake/nav2_utilConfig.cmake
[0.184s] -- Up-to-date: /home/student/sjowmm_ws/install/nav2_util/share/nav2_util/cmake/nav2_utilConfig-version.cmake
[0.184s] -- Up-to-date: /home/student/sjowmm_ws/install/nav2_util/share/nav2_util/package.xml
[0.186s] -- Up-to-date: /home/student/sjowmm_ws/install/nav2_util/lib/libnav2_util_core.so
[0.187s] -- Up-to-date: /home/student/sjowmm_ws/install/nav2_util/lib/nav2_util/lifecycle_bringup
[0.188s] -- Up-to-date: /home/student/sjowmm_ws/install/nav2_util/lib/nav2_util/dump_params
[0.191s] Invoked command in '/home/student/sjowmm_ws/build/nav2_util' returned '0': AMENT_PREFIX_PATH=/home/student/sjowmm_ws/install/nav2_msgs:/home/student/sjowmm_ws/install/nav2_common:${AMENT_PREFIX_PATH} CMAKE_PREFIX_PATH=/home/student/sjowmm_ws/install/nav2_msgs:/home/student/sjowmm_ws/install/nav2_common:/opt/ros/foxy LD_LIBRARY_PATH=/home/student/sjowmm_ws/install/nav2_msgs/lib:${LD_LIBRARY_PATH} PYTHONPATH=/home/student/sjowmm_ws/install/nav2_msgs/lib/python3.8/site-packages:/home/student/sjowmm_ws/install/nav2_common/lib/python3.8/site-packages:${PYTHONPATH} /usr/bin/cmake --install /home/student/sjowmm_ws/build/nav2_util
