[0.096s] Invoking command in '/home/student/sjowmm_ws/build/nav_2d_msgs': CMAKE_PREFIX_PATH=/opt/ros/foxy /usr/bin/cmake --build /home/student/sjowmm_ws/build/nav_2d_msgs -- -j12 -l12
[1.473s] [  1%] Built target nav_2d_msgs__cpp
[1.474s] [ 12%] Built target nav_2d_msgs__rosidl_generator_c
[1.474s] [ 23%] Built target nav_2d_msgs__rosidl_typesupport_cpp
[1.474s] [ 35%] Built target nav_2d_msgs__rosidl_typesupport_introspection_cpp
[1.474s] [ 46%] Built target nav_2d_msgs__rosidl_typesupport_fastrtps_cpp
[1.475s] [ 57%] Built target nav_2d_msgs__rosidl_typesupport_c
[1.475s] [ 69%] Built target nav_2d_msgs__rosidl_typesupport_introspection_c
[1.476s] [ 80%] Built target nav_2d_msgs__rosidl_typesupport_fastrtps_c
[1.476s] [ 80%] Built target nav_2d_msgs
[1.476s] [ 81%] Built target nav_2d_msgs__py
[1.476s] [ 91%] Built target nav_2d_msgs__python
[1.477s] [ 94%] Built target nav_2d_msgs__rosidl_typesupport_c__pyext
[1.477s] [ 97%] Built target nav_2d_msgs__rosidl_typesupport_introspection_c__pyext
[1.477s] [100%] Built target nav_2d_msgs__rosidl_typesupport_fastrtps_c__pyext
[1.479s] Invoked command in '/home/student/sjowmm_ws/build/nav_2d_msgs' returned '0': CMAKE_PREFIX_PATH=/opt/ros/foxy /usr/bin/cmake --build /home/student/sjowmm_ws/build/nav_2d_msgs -- -j12 -l12
[1.681s] Invoking command in '/home/student/sjowmm_ws/build/nav_2d_msgs': CMAKE_PREFIX_PATH=/opt/ros/foxy /usr/bin/cmake --install /home/student/sjowmm_ws/build/nav_2d_msgs
[1.694s] -- Install configuration: ""
[1.699s] -- Up-to-date: /home/student/sjowmm_ws/install/nav_2d_msgs/share/ament_index/resource_index/rosidl_interfaces/nav_2d_msgs
[1.700s] -- Up-to-date: /home/student/sjowmm_ws/install/nav_2d_msgs/include/nav_2d_msgs
[1.701s] -- Up-to-date: /home/student/sjowmm_ws/install/nav_2d_msgs/include/nav_2d_msgs/msg
[1.701s] -- Up-to-date: /home/student/sjowmm_ws/install/nav_2d_msgs/include/nav_2d_msgs/msg/detail
[1.701s] -- Up-to-date: /home/student/sjowmm_ws/install/nav_2d_msgs/include/nav_2d_msgs/msg/detail/path2_d__functions.c
[1.701s] -- Up-to-date: /home/student/sjowmm_ws/install/nav_2d_msgs/include/nav_2d_msgs/msg/detail/twist2_d32__struct.h
[1.701s] -- Up-to-date: /home/student/sjowmm_ws/install/nav_2d_msgs/include/nav_2d_msgs/msg/detail/twist2_d_stamped__type_support.h
[1.701s] -- Up-to-date: /home/student/sjowmm_ws/install/nav_2d_msgs/include/nav_2d_msgs/msg/detail/pose2_d_stamped__functions.h
[1.702s] -- Up-to-date: /home/student/sjowmm_ws/install/nav_2d_msgs/include/nav_2d_msgs/msg/detail/twist2_d_stamped__struct.h
[1.702s] -- Up-to-date: /home/student/sjowmm_ws/install/nav_2d_msgs/include/nav_2d_msgs/msg/detail/twist2_d__functions.h
[1.702s] -- Up-to-date: /home/student/sjowmm_ws/install/nav_2d_msgs/include/nav_2d_msgs/msg/detail/twist2_d__struct.h
[1.702s] -- Up-to-date: /home/student/sjowmm_ws/install/nav_2d_msgs/include/nav_2d_msgs/msg/detail/twist2_d32__functions.c
[1.703s] -- Up-to-date: /home/student/sjowmm_ws/install/nav_2d_msgs/include/nav_2d_msgs/msg/detail/pose2_d32__functions.h
[1.703s] -- Up-to-date: /home/student/sjowmm_ws/install/nav_2d_msgs/include/nav_2d_msgs/msg/detail/pose2_d32__struct.h
[1.703s] -- Up-to-date: /home/student/sjowmm_ws/install/nav_2d_msgs/include/nav_2d_msgs/msg/detail/twist2_d32__functions.h
[1.703s] -- Up-to-date: /home/student/sjowmm_ws/install/nav_2d_msgs/include/nav_2d_msgs/msg/detail/path2_d__struct.h
[1.703s] -- Up-to-date: /home/student/sjowmm_ws/install/nav_2d_msgs/include/nav_2d_msgs/msg/detail/path2_d__type_support.h
[1.704s] -- Up-to-date: /home/student/sjowmm_ws/install/nav_2d_msgs/include/nav_2d_msgs/msg/detail/twist2_d_stamped__functions.c
[1.704s] -- Up-to-date: /home/student/sjowmm_ws/install/nav_2d_msgs/include/nav_2d_msgs/msg/detail/twist2_d__type_support.h
[1.704s] -- Up-to-date: /home/student/sjowmm_ws/install/nav_2d_msgs/include/nav_2d_msgs/msg/detail/pose2_d32__type_support.h
[1.704s] -- Up-to-date: /home/student/sjowmm_ws/install/nav_2d_msgs/include/nav_2d_msgs/msg/detail/pose2_d32__functions.c
[1.704s] -- Up-to-date: /home/student/sjowmm_ws/install/nav_2d_msgs/include/nav_2d_msgs/msg/detail/pose2_d_stamped__struct.h
[1.705s] -- Up-to-date: /home/student/sjowmm_ws/install/nav_2d_msgs/include/nav_2d_msgs/msg/detail/path2_d__functions.h
[1.706s] -- Up-to-date: /home/student/sjowmm_ws/install/nav_2d_msgs/include/nav_2d_msgs/msg/detail/twist2_d_stamped__functions.h
[1.706s] -- Up-to-date: /home/student/sjowmm_ws/install/nav_2d_msgs/include/nav_2d_msgs/msg/detail/twist2_d__functions.c
[1.707s] -- Up-to-date: /home/student/sjowmm_ws/install/nav_2d_msgs/include/nav_2d_msgs/msg/detail/twist2_d32__type_support.h
[1.707s] -- Up-to-date: /home/student/sjowmm_ws/install/nav_2d_msgs/include/nav_2d_msgs/msg/detail/pose2_d_stamped__type_support.h
[1.707s] -- Up-to-date: /home/student/sjowmm_ws/install/nav_2d_msgs/include/nav_2d_msgs/msg/detail/pose2_d_stamped__functions.c
[1.708s] -- Up-to-date: /home/student/sjowmm_ws/install/nav_2d_msgs/include/nav_2d_msgs/msg/twist2_d.h
[1.709s] -- Up-to-date: /home/student/sjowmm_ws/install/nav_2d_msgs/include/nav_2d_msgs/msg/path2_d.h
[1.709s] -- Up-to-date: /home/student/sjowmm_ws/install/nav_2d_msgs/include/nav_2d_msgs/msg/pose2_d_stamped.h
[1.710s] -- Up-to-date: /home/student/sjowmm_ws/install/nav_2d_msgs/include/nav_2d_msgs/msg/pose2_d32.h
[1.710s] -- Up-to-date: /home/student/sjowmm_ws/install/nav_2d_msgs/include/nav_2d_msgs/msg/rosidl_generator_c__visibility_control.h
[1.711s] -- Up-to-date: /home/student/sjowmm_ws/install/nav_2d_msgs/include/nav_2d_msgs/msg/twist2_d32.h
[1.711s] -- Up-to-date: /home/student/sjowmm_ws/install/nav_2d_msgs/include/nav_2d_msgs/msg/twist2_d_stamped.h
[1.712s] -- Up-to-date: /home/student/sjowmm_ws/install/nav_2d_msgs/share/nav_2d_msgs/environment/library_path.sh
[1.712s] -- Up-to-date: /home/student/sjowmm_ws/install/nav_2d_msgs/share/nav_2d_msgs/environment/library_path.dsv
[1.712s] -- Up-to-date: /home/student/sjowmm_ws/install/nav_2d_msgs/lib/libnav_2d_msgs__rosidl_generator_c.so
[1.713s] -- Up-to-date: /home/student/sjowmm_ws/install/nav_2d_msgs/include/nav_2d_msgs
[1.713s] -- Up-to-date: /home/student/sjowmm_ws/install/nav_2d_msgs/include/nav_2d_msgs/msg
[1.713s] -- Up-to-date: /home/student/sjowmm_ws/install/nav_2d_msgs/include/nav_2d_msgs/msg/detail
[1.714s] -- Up-to-date: /home/student/sjowmm_ws/install/nav_2d_msgs/include/nav_2d_msgs/msg/detail/twist2_d__rosidl_typesupport_fastrtps_c.h
[1.714s] -- Up-to-date: /home/student/sjowmm_ws/install/nav_2d_msgs/include/nav_2d_msgs/msg/detail/twist2_d_stamped__rosidl_typesupport_fastrtps_c.h
[1.714s] -- Up-to-date: /home/student/sjowmm_ws/install/nav_2d_msgs/include/nav_2d_msgs/msg/detail/twist2_d32__rosidl_typesupport_fastrtps_c.h
[1.715s] -- Up-to-date: /home/student/sjowmm_ws/install/nav_2d_msgs/include/nav_2d_msgs/msg/detail/path2_d__rosidl_typesupport_fastrtps_c.h
[1.715s] -- Up-to-date: /home/student/sjowmm_ws/install/nav_2d_msgs/include/nav_2d_msgs/msg/detail/pose2_d_stamped__rosidl_typesupport_fastrtps_c.h
[1.715s] -- Up-to-date: /home/student/sjowmm_ws/install/nav_2d_msgs/include/nav_2d_msgs/msg/detail/pose2_d32__rosidl_typesupport_fastrtps_c.h
[1.717s] -- Up-to-date: /home/student/sjowmm_ws/install/nav_2d_msgs/include/nav_2d_msgs/msg/rosidl_typesupport_fastrtps_c__visibility_control.h
[1.719s] -- Up-to-date: /home/student/sjowmm_ws/install/nav_2d_msgs/lib/libnav_2d_msgs__rosidl_typesupport_fastrtps_c.so
[1.719s] -- Up-to-date: /home/student/sjowmm_ws/install/nav_2d_msgs/include/nav_2d_msgs
[1.719s] -- Up-to-date: /home/student/sjowmm_ws/install/nav_2d_msgs/include/nav_2d_msgs/msg
[1.720s] -- Up-to-date: /home/student/sjowmm_ws/install/nav_2d_msgs/include/nav_2d_msgs/msg/rosidl_typesupport_fastrtps_cpp__visibility_control.h
[1.720s] -- Up-to-date: /home/student/sjowmm_ws/install/nav_2d_msgs/include/nav_2d_msgs/msg/detail
[1.720s] -- Up-to-date: /home/student/sjowmm_ws/install/nav_2d_msgs/include/nav_2d_msgs/msg/detail/dds_fastrtps
[1.720s] -- Up-to-date: /home/student/sjowmm_ws/install/nav_2d_msgs/include/nav_2d_msgs/msg/detail/twist2_d32__rosidl_typesupport_fastrtps_cpp.hpp
[1.720s] -- Up-to-date: /home/student/sjowmm_ws/install/nav_2d_msgs/include/nav_2d_msgs/msg/detail/pose2_d32__rosidl_typesupport_fastrtps_cpp.hpp
[1.720s] -- Up-to-date: /home/student/sjowmm_ws/install/nav_2d_msgs/include/nav_2d_msgs/msg/detail/twist2_d__rosidl_typesupport_fastrtps_cpp.hpp
[1.720s] -- Up-to-date: /home/student/sjowmm_ws/install/nav_2d_msgs/include/nav_2d_msgs/msg/detail/path2_d__rosidl_typesupport_fastrtps_cpp.hpp
[1.720s] -- Up-to-date: /home/student/sjowmm_ws/install/nav_2d_msgs/include/nav_2d_msgs/msg/detail/twist2_d_stamped__rosidl_typesupport_fastrtps_cpp.hpp
[1.721s] -- Up-to-date: /home/student/sjowmm_ws/install/nav_2d_msgs/include/nav_2d_msgs/msg/detail/pose2_d_stamped__rosidl_typesupport_fastrtps_cpp.hpp
[1.721s] -- Up-to-date: /home/student/sjowmm_ws/install/nav_2d_msgs/lib/libnav_2d_msgs__rosidl_typesupport_fastrtps_cpp.so
[1.721s] -- Up-to-date: /home/student/sjowmm_ws/install/nav_2d_msgs/include/nav_2d_msgs
[1.721s] -- Up-to-date: /home/student/sjowmm_ws/install/nav_2d_msgs/include/nav_2d_msgs/msg
[1.721s] -- Up-to-date: /home/student/sjowmm_ws/install/nav_2d_msgs/include/nav_2d_msgs/msg/detail
[1.721s] -- Up-to-date: /home/student/sjowmm_ws/install/nav_2d_msgs/include/nav_2d_msgs/msg/detail/twist2_d__type_support.c
[1.723s] -- Up-to-date: /home/student/sjowmm_ws/install/nav_2d_msgs/include/nav_2d_msgs/msg/detail/pose2_d32__type_support.c
[1.723s] -- Up-to-date: /home/student/sjowmm_ws/install/nav_2d_msgs/include/nav_2d_msgs/msg/detail/pose2_d32__rosidl_typesupport_introspection_c.h
[1.724s] -- Up-to-date: /home/student/sjowmm_ws/install/nav_2d_msgs/include/nav_2d_msgs/msg/detail/path2_d__type_support.c
[1.724s] -- Up-to-date: /home/student/sjowmm_ws/install/nav_2d_msgs/include/nav_2d_msgs/msg/detail/twist2_d32__type_support.c
[1.724s] -- Up-to-date: /home/student/sjowmm_ws/install/nav_2d_msgs/include/nav_2d_msgs/msg/detail/twist2_d_stamped__rosidl_typesupport_introspection_c.h
[1.724s] -- Up-to-date: /home/student/sjowmm_ws/install/nav_2d_msgs/include/nav_2d_msgs/msg/detail/twist2_d__rosidl_typesupport_introspection_c.h
[1.724s] -- Up-to-date: /home/student/sjowmm_ws/install/nav_2d_msgs/include/nav_2d_msgs/msg/detail/pose2_d_stamped__rosidl_typesupport_introspection_c.h
[1.726s] -- Up-to-date: /home/student/sjowmm_ws/install/nav_2d_msgs/include/nav_2d_msgs/msg/detail/pose2_d_stamped__type_support.c
[1.728s] -- Up-to-date: /home/student/sjowmm_ws/install/nav_2d_msgs/include/nav_2d_msgs/msg/detail/twist2_d32__rosidl_typesupport_introspection_c.h
[1.730s] -- Up-to-date: /home/student/sjowmm_ws/install/nav_2d_msgs/include/nav_2d_msgs/msg/detail/twist2_d_stamped__type_support.c
[1.730s] -- Up-to-date: /home/student/sjowmm_ws/install/nav_2d_msgs/include/nav_2d_msgs/msg/detail/path2_d__rosidl_typesupport_introspection_c.h
[1.730s] -- Up-to-date: /home/student/sjowmm_ws/install/nav_2d_msgs/include/nav_2d_msgs/msg/rosidl_typesupport_introspection_c__visibility_control.h
[1.731s] -- Up-to-date: /home/student/sjowmm_ws/install/nav_2d_msgs/lib/libnav_2d_msgs__rosidl_typesupport_introspection_c.so
[1.731s] -- Up-to-date: /home/student/sjowmm_ws/install/nav_2d_msgs/lib/libnav_2d_msgs__rosidl_typesupport_c.so
[1.731s] -- Up-to-date: /home/student/sjowmm_ws/install/nav_2d_msgs/include/nav_2d_msgs
[1.731s] -- Up-to-date: /home/student/sjowmm_ws/install/nav_2d_msgs/include/nav_2d_msgs/msg
[1.732s] -- Up-to-date: /home/student/sjowmm_ws/install/nav_2d_msgs/include/nav_2d_msgs/msg/twist2_d_stamped.hpp
[1.732s] -- Up-to-date: /home/student/sjowmm_ws/install/nav_2d_msgs/include/nav_2d_msgs/msg/detail
[1.732s] -- Up-to-date: /home/student/sjowmm_ws/install/nav_2d_msgs/include/nav_2d_msgs/msg/detail/path2_d__builder.hpp
[1.734s] -- Up-to-date: /home/student/sjowmm_ws/install/nav_2d_msgs/include/nav_2d_msgs/msg/detail/path2_d__struct.hpp
[1.734s] -- Up-to-date: /home/student/sjowmm_ws/install/nav_2d_msgs/include/nav_2d_msgs/msg/detail/twist2_d__traits.hpp
[1.734s] -- Up-to-date: /home/student/sjowmm_ws/install/nav_2d_msgs/include/nav_2d_msgs/msg/detail/twist2_d32__builder.hpp
[1.734s] -- Up-to-date: /home/student/sjowmm_ws/install/nav_2d_msgs/include/nav_2d_msgs/msg/detail/pose2_d_stamped__struct.hpp
[1.734s] -- Up-to-date: /home/student/sjowmm_ws/install/nav_2d_msgs/include/nav_2d_msgs/msg/detail/twist2_d_stamped__struct.hpp
[1.734s] -- Up-to-date: /home/student/sjowmm_ws/install/nav_2d_msgs/include/nav_2d_msgs/msg/detail/pose2_d_stamped__traits.hpp
[1.735s] -- Up-to-date: /home/student/sjowmm_ws/install/nav_2d_msgs/include/nav_2d_msgs/msg/detail/twist2_d__builder.hpp
[1.735s] -- Up-to-date: /home/student/sjowmm_ws/install/nav_2d_msgs/include/nav_2d_msgs/msg/detail/twist2_d32__struct.hpp
[1.735s] -- Up-to-date: /home/student/sjowmm_ws/install/nav_2d_msgs/include/nav_2d_msgs/msg/detail/path2_d__traits.hpp
[1.735s] -- Up-to-date: /home/student/sjowmm_ws/install/nav_2d_msgs/include/nav_2d_msgs/msg/detail/twist2_d_stamped__builder.hpp
[1.738s] -- Up-to-date: /home/student/sjowmm_ws/install/nav_2d_msgs/include/nav_2d_msgs/msg/detail/twist2_d32__traits.hpp
[1.739s] -- Up-to-date: /home/student/sjowmm_ws/install/nav_2d_msgs/include/nav_2d_msgs/msg/detail/twist2_d__struct.hpp
[1.739s] -- Up-to-date: /home/student/sjowmm_ws/install/nav_2d_msgs/include/nav_2d_msgs/msg/detail/twist2_d_stamped__traits.hpp
[1.739s] -- Up-to-date: /home/student/sjowmm_ws/install/nav_2d_msgs/include/nav_2d_msgs/msg/detail/pose2_d32__builder.hpp
[1.739s] -- Up-to-date: /home/student/sjowmm_ws/install/nav_2d_msgs/include/nav_2d_msgs/msg/detail/pose2_d32__traits.hpp
[1.739s] -- Up-to-date: /home/student/sjowmm_ws/install/nav_2d_msgs/include/nav_2d_msgs/msg/detail/pose2_d_stamped__builder.hpp
[1.739s] -- Up-to-date: /home/student/sjowmm_ws/install/nav_2d_msgs/include/nav_2d_msgs/msg/detail/pose2_d32__struct.hpp
[1.739s] -- Up-to-date: /home/student/sjowmm_ws/install/nav_2d_msgs/include/nav_2d_msgs/msg/pose2_d32.hpp
[1.740s] -- Up-to-date: /home/student/sjowmm_ws/install/nav_2d_msgs/include/nav_2d_msgs/msg/path2_d.hpp
[1.740s] -- Up-to-date: /home/student/sjowmm_ws/install/nav_2d_msgs/include/nav_2d_msgs/msg/twist2_d32.hpp
[1.740s] -- Up-to-date: /home/student/sjowmm_ws/install/nav_2d_msgs/include/nav_2d_msgs/msg/pose2_d_stamped.hpp
[1.740s] -- Up-to-date: /home/student/sjowmm_ws/install/nav_2d_msgs/include/nav_2d_msgs/msg/twist2_d.hpp
[1.740s] -- Up-to-date: /home/student/sjowmm_ws/install/nav_2d_msgs/include/nav_2d_msgs
[1.740s] -- Up-to-date: /home/student/sjowmm_ws/install/nav_2d_msgs/include/nav_2d_msgs/msg
[1.740s] -- Up-to-date: /home/student/sjowmm_ws/install/nav_2d_msgs/include/nav_2d_msgs/msg/detail
[1.740s] -- Up-to-date: /home/student/sjowmm_ws/install/nav_2d_msgs/include/nav_2d_msgs/msg/detail/path2_d__type_support.cpp
[1.741s] -- Up-to-date: /home/student/sjowmm_ws/install/nav_2d_msgs/include/nav_2d_msgs/msg/detail/pose2_d_stamped__type_support.cpp
[1.741s] -- Up-to-date: /home/student/sjowmm_ws/install/nav_2d_msgs/include/nav_2d_msgs/msg/detail/twist2_d32__type_support.cpp
[1.741s] -- Up-to-date: /home/student/sjowmm_ws/install/nav_2d_msgs/include/nav_2d_msgs/msg/detail/twist2_d__type_support.cpp
[1.741s] -- Up-to-date: /home/student/sjowmm_ws/install/nav_2d_msgs/include/nav_2d_msgs/msg/detail/twist2_d32__rosidl_typesupport_introspection_cpp.hpp
[1.741s] -- Up-to-date: /home/student/sjowmm_ws/install/nav_2d_msgs/include/nav_2d_msgs/msg/detail/pose2_d32__type_support.cpp
[1.741s] -- Up-to-date: /home/student/sjowmm_ws/install/nav_2d_msgs/include/nav_2d_msgs/msg/detail/pose2_d_stamped__rosidl_typesupport_introspection_cpp.hpp
[1.741s] -- Up-to-date: /home/student/sjowmm_ws/install/nav_2d_msgs/include/nav_2d_msgs/msg/detail/path2_d__rosidl_typesupport_introspection_cpp.hpp
[1.741s] -- Up-to-date: /home/student/sjowmm_ws/install/nav_2d_msgs/include/nav_2d_msgs/msg/detail/twist2_d__rosidl_typesupport_introspection_cpp.hpp
[1.742s] -- Up-to-date: /home/student/sjowmm_ws/install/nav_2d_msgs/include/nav_2d_msgs/msg/detail/pose2_d32__rosidl_typesupport_introspection_cpp.hpp
[1.742s] -- Up-to-date: /home/student/sjowmm_ws/install/nav_2d_msgs/include/nav_2d_msgs/msg/detail/twist2_d_stamped__type_support.cpp
[1.743s] -- Up-to-date: /home/student/sjowmm_ws/install/nav_2d_msgs/include/nav_2d_msgs/msg/detail/twist2_d_stamped__rosidl_typesupport_introspection_cpp.hpp
[1.743s] -- Up-to-date: /home/student/sjowmm_ws/install/nav_2d_msgs/lib/libnav_2d_msgs__rosidl_typesupport_introspection_cpp.so
[1.743s] -- Up-to-date: /home/student/sjowmm_ws/install/nav_2d_msgs/lib/libnav_2d_msgs__rosidl_typesupport_cpp.so
[1.743s] -- Up-to-date: /home/student/sjowmm_ws/install/nav_2d_msgs/share/nav_2d_msgs/environment/pythonpath.sh
[1.744s] -- Up-to-date: /home/student/sjowmm_ws/install/nav_2d_msgs/share/nav_2d_msgs/environment/pythonpath.dsv
[1.744s] -- Up-to-date: /home/student/sjowmm_ws/install/nav_2d_msgs/lib/python3.8/site-packages/nav_2d_msgs/__init__.py
[1.757s] -- Up-to-date: /home/student/sjowmm_ws/install/nav_2d_msgs/lib/python3.8/site-packages/nav_2d_msgs/msg
[1.758s] -- Up-to-date: /home/student/sjowmm_ws/install/nav_2d_msgs/lib/python3.8/site-packages/nav_2d_msgs/msg/_twist2_d_stamped.py
[1.758s] -- Up-to-date: /home/student/sjowmm_ws/install/nav_2d_msgs/lib/python3.8/site-packages/nav_2d_msgs/msg/_twist2_d_s.c
[1.758s] -- Up-to-date: /home/student/sjowmm_ws/install/nav_2d_msgs/lib/python3.8/site-packages/nav_2d_msgs/msg/_pose2_d_stamped.py
[1.759s] -- Up-to-date: /home/student/sjowmm_ws/install/nav_2d_msgs/lib/python3.8/site-packages/nav_2d_msgs/msg/_pose2_d32_s.c
[1.759s] -- Up-to-date: /home/student/sjowmm_ws/install/nav_2d_msgs/lib/python3.8/site-packages/nav_2d_msgs/msg/_twist2_d32.py
[1.759s] -- Up-to-date: /home/student/sjowmm_ws/install/nav_2d_msgs/lib/python3.8/site-packages/nav_2d_msgs/msg/_path2_d.py
[1.760s] -- Up-to-date: /home/student/sjowmm_ws/install/nav_2d_msgs/lib/python3.8/site-packages/nav_2d_msgs/msg/_twist2_d_stamped_s.c
[1.760s] -- Up-to-date: /home/student/sjowmm_ws/install/nav_2d_msgs/lib/python3.8/site-packages/nav_2d_msgs/msg/_path2_d_s.c
[1.761s] -- Up-to-date: /home/student/sjowmm_ws/install/nav_2d_msgs/lib/python3.8/site-packages/nav_2d_msgs/msg/_twist2_d32_s.c
[1.763s] -- Up-to-date: /home/student/sjowmm_ws/install/nav_2d_msgs/lib/python3.8/site-packages/nav_2d_msgs/msg/_twist2_d.py
[1.765s] -- Up-to-date: /home/student/sjowmm_ws/install/nav_2d_msgs/lib/python3.8/site-packages/nav_2d_msgs/msg/_pose2_d_stamped_s.c
[1.765s] -- Up-to-date: /home/student/sjowmm_ws/install/nav_2d_msgs/lib/python3.8/site-packages/nav_2d_msgs/msg/_pose2_d32.py
[1.765s] -- Up-to-date: /home/student/sjowmm_ws/install/nav_2d_msgs/lib/python3.8/site-packages/nav_2d_msgs/msg/__init__.py
[1.765s] -- Up-to-date: /home/student/sjowmm_ws/install/nav_2d_msgs/lib/python3.8/site-packages/nav_2d_msgs/nav_2d_msgs_s__rosidl_typesupport_fastrtps_c.cpython-38-x86_64-linux-gnu.so
[1.765s] -- Up-to-date: /home/student/sjowmm_ws/install/nav_2d_msgs/lib/python3.8/site-packages/nav_2d_msgs/nav_2d_msgs_s__rosidl_typesupport_introspection_c.cpython-38-x86_64-linux-gnu.so
[1.766s] -- Up-to-date: /home/student/sjowmm_ws/install/nav_2d_msgs/lib/python3.8/site-packages/nav_2d_msgs/nav_2d_msgs_s__rosidl_typesupport_c.cpython-38-x86_64-linux-gnu.so
[1.767s] -- Up-to-date: /home/student/sjowmm_ws/install/nav_2d_msgs/lib/libnav_2d_msgs__python.so
[1.767s] -- Up-to-date: /home/student/sjowmm_ws/install/nav_2d_msgs/share/nav_2d_msgs/msg/Path2D.idl
[1.767s] -- Up-to-date: /home/student/sjowmm_ws/install/nav_2d_msgs/share/nav_2d_msgs/msg/Pose2D32.idl
[1.767s] -- Up-to-date: /home/student/sjowmm_ws/install/nav_2d_msgs/share/nav_2d_msgs/msg/Pose2DStamped.idl
[1.767s] -- Up-to-date: /home/student/sjowmm_ws/install/nav_2d_msgs/share/nav_2d_msgs/msg/Twist2D.idl
[1.767s] -- Up-to-date: /home/student/sjowmm_ws/install/nav_2d_msgs/share/nav_2d_msgs/msg/Twist2D32.idl
[1.767s] -- Up-to-date: /home/student/sjowmm_ws/install/nav_2d_msgs/share/nav_2d_msgs/msg/Twist2DStamped.idl
[1.769s] -- Up-to-date: /home/student/sjowmm_ws/install/nav_2d_msgs/share/nav_2d_msgs/msg/Path2D.msg
[1.770s] -- Up-to-date: /home/student/sjowmm_ws/install/nav_2d_msgs/share/nav_2d_msgs/msg/Pose2D32.msg
[1.770s] -- Up-to-date: /home/student/sjowmm_ws/install/nav_2d_msgs/share/nav_2d_msgs/msg/Pose2DStamped.msg
[1.772s] -- Up-to-date: /home/student/sjowmm_ws/install/nav_2d_msgs/share/nav_2d_msgs/msg/Twist2D.msg
[1.775s] -- Up-to-date: /home/student/sjowmm_ws/install/nav_2d_msgs/share/nav_2d_msgs/msg/Twist2D32.msg
[1.775s] -- Up-to-date: /home/student/sjowmm_ws/install/nav_2d_msgs/share/nav_2d_msgs/msg/Twist2DStamped.msg
[1.775s] -- Up-to-date: /home/student/sjowmm_ws/install/nav_2d_msgs/share/ament_index/resource_index/package_run_dependencies/nav_2d_msgs
[1.775s] -- Up-to-date: /home/student/sjowmm_ws/install/nav_2d_msgs/share/ament_index/resource_index/parent_prefix_path/nav_2d_msgs
[1.776s] -- Up-to-date: /home/student/sjowmm_ws/install/nav_2d_msgs/share/nav_2d_msgs/environment/ament_prefix_path.sh
[1.777s] -- Up-to-date: /home/student/sjowmm_ws/install/nav_2d_msgs/share/nav_2d_msgs/environment/ament_prefix_path.dsv
[1.777s] -- Up-to-date: /home/student/sjowmm_ws/install/nav_2d_msgs/share/nav_2d_msgs/environment/path.sh
[1.777s] -- Up-to-date: /home/student/sjowmm_ws/install/nav_2d_msgs/share/nav_2d_msgs/environment/path.dsv
[1.778s] -- Up-to-date: /home/student/sjowmm_ws/install/nav_2d_msgs/share/nav_2d_msgs/local_setup.bash
[1.781s] -- Up-to-date: /home/student/sjowmm_ws/install/nav_2d_msgs/share/nav_2d_msgs/local_setup.sh
[1.781s] -- Up-to-date: /home/student/sjowmm_ws/install/nav_2d_msgs/share/nav_2d_msgs/local_setup.zsh
[1.781s] -- Up-to-date: /home/student/sjowmm_ws/install/nav_2d_msgs/share/nav_2d_msgs/local_setup.dsv
[1.781s] -- Installing: /home/student/sjowmm_ws/install/nav_2d_msgs/share/nav_2d_msgs/package.dsv
[1.782s] -- Up-to-date: /home/student/sjowmm_ws/install/nav_2d_msgs/share/ament_index/resource_index/packages/nav_2d_msgs
[1.782s] -- Up-to-date: /home/student/sjowmm_ws/install/nav_2d_msgs/share/nav_2d_msgs/cmake/nav_2d_msgs__rosidl_generator_cExport.cmake
[1.782s] -- Up-to-date: /home/student/sjowmm_ws/install/nav_2d_msgs/share/nav_2d_msgs/cmake/nav_2d_msgs__rosidl_generator_cExport-noconfig.cmake
[1.782s] -- Up-to-date: /home/student/sjowmm_ws/install/nav_2d_msgs/share/nav_2d_msgs/cmake/nav_2d_msgs__rosidl_typesupport_introspection_cExport.cmake
[1.782s] -- Up-to-date: /home/student/sjowmm_ws/install/nav_2d_msgs/share/nav_2d_msgs/cmake/nav_2d_msgs__rosidl_typesupport_introspection_cExport-noconfig.cmake
[1.782s] -- Up-to-date: /home/student/sjowmm_ws/install/nav_2d_msgs/share/nav_2d_msgs/cmake/nav_2d_msgs__rosidl_typesupport_cExport.cmake
[1.783s] -- Up-to-date: /home/student/sjowmm_ws/install/nav_2d_msgs/share/nav_2d_msgs/cmake/nav_2d_msgs__rosidl_typesupport_cExport-noconfig.cmake
[1.783s] -- Up-to-date: /home/student/sjowmm_ws/install/nav_2d_msgs/share/nav_2d_msgs/cmake/nav_2d_msgs__rosidl_generator_cppExport.cmake
[1.783s] -- Up-to-date: /home/student/sjowmm_ws/install/nav_2d_msgs/share/nav_2d_msgs/cmake/nav_2d_msgs__rosidl_typesupport_introspection_cppExport.cmake
[1.783s] -- Up-to-date: /home/student/sjowmm_ws/install/nav_2d_msgs/share/nav_2d_msgs/cmake/nav_2d_msgs__rosidl_typesupport_introspection_cppExport-noconfig.cmake
[1.785s] -- Up-to-date: /home/student/sjowmm_ws/install/nav_2d_msgs/share/nav_2d_msgs/cmake/nav_2d_msgs__rosidl_typesupport_cppExport.cmake
[1.785s] -- Up-to-date: /home/student/sjowmm_ws/install/nav_2d_msgs/share/nav_2d_msgs/cmake/nav_2d_msgs__rosidl_typesupport_cppExport-noconfig.cmake
[1.786s] -- Up-to-date: /home/student/sjowmm_ws/install/nav_2d_msgs/share/nav_2d_msgs/cmake/rosidl_cmake-extras.cmake
[1.786s] -- Up-to-date: /home/student/sjowmm_ws/install/nav_2d_msgs/share/nav_2d_msgs/cmake/ament_cmake_export_dependencies-extras.cmake
[1.786s] -- Up-to-date: /home/student/sjowmm_ws/install/nav_2d_msgs/share/nav_2d_msgs/cmake/ament_cmake_export_libraries-extras.cmake
[1.786s] -- Up-to-date: /home/student/sjowmm_ws/install/nav_2d_msgs/share/nav_2d_msgs/cmake/ament_cmake_export_targets-extras.cmake
[1.787s] -- Up-to-date: /home/student/sjowmm_ws/install/nav_2d_msgs/share/nav_2d_msgs/cmake/ament_cmake_export_include_directories-extras.cmake
[1.787s] -- Up-to-date: /home/student/sjowmm_ws/install/nav_2d_msgs/share/nav_2d_msgs/cmake/rosidl_cmake_export_typesupport_libraries-extras.cmake
[1.787s] -- Up-to-date: /home/student/sjowmm_ws/install/nav_2d_msgs/share/nav_2d_msgs/cmake/rosidl_cmake_export_typesupport_targets-extras.cmake
[1.787s] -- Up-to-date: /home/student/sjowmm_ws/install/nav_2d_msgs/share/nav_2d_msgs/cmake/nav_2d_msgsConfig.cmake
[1.788s] -- Up-to-date: /home/student/sjowmm_ws/install/nav_2d_msgs/share/nav_2d_msgs/cmake/nav_2d_msgsConfig-version.cmake
[1.788s] -- Up-to-date: /home/student/sjowmm_ws/install/nav_2d_msgs/share/nav_2d_msgs/package.xml
[1.810s] Invoked command in '/home/student/sjowmm_ws/build/nav_2d_msgs' returned '0': CMAKE_PREFIX_PATH=/opt/ros/foxy /usr/bin/cmake --install /home/student/sjowmm_ws/build/nav_2d_msgs
